

================================================================
== Vitis HLS Report for 'conv2d_1'
================================================================
* Date:           Sat Dec  7 11:06:16 2024

* Version:        2023.1 (Build 3854077 on May  4 2023)
* Project:        lenet_proj
* Solution:       lenet_predict (Vivado IP Flow Target)
* Product family: zynquplus
* Target device:  xczu7ev-ffvf1517-3-e


================================================================
== Performance Estimates
================================================================
+ Timing: 
    * Summary: 
    +--------+----------+----------+------------+
    |  Clock |  Target  | Estimated| Uncertainty|
    +--------+----------+----------+------------+
    |ap_clk  |  10.00 ns|  7.300 ns|     2.70 ns|
    +--------+----------+----------+------------+

+ Latency: 
    * Summary: 
    +---------+---------+----------+----------+--------+--------+---------+
    |  Latency (cycles) |  Latency (absolute) |     Interval    | Pipeline|
    |   min   |   max   |    min   |    max   |   min  |   max  |   Type  |
    +---------+---------+----------+----------+--------+--------+---------+
    |   252801|   252801|  2.528 ms|  2.528 ms|  252801|  252801|       no|
    +---------+---------+----------+----------+--------+--------+---------+

    + Detail: 
        * Instance: 
        +-----------------------------------------------+------------------------------------+---------+---------+----------+----------+-----+-----+---------+
        |                                               |                                    |  Latency (cycles) |  Latency (absolute) |  Interval | Pipeline|
        |                    Instance                   |               Module               |   min   |   max   |    min   |    max   | min | max |   Type  |
        +-----------------------------------------------+------------------------------------+---------+---------+----------+----------+-----+-----+---------+
        |grp_conv2d_1_Pipeline_VITIS_LOOP_38_4_fu_161   |conv2d_1_Pipeline_VITIS_LOOP_38_4   |      155|      155|  1.550 us|  1.550 us|  155|  155|       no|
        |grp_conv2d_1_Pipeline_VITIS_LOOP_38_44_fu_176  |conv2d_1_Pipeline_VITIS_LOOP_38_44  |      155|      155|  1.550 us|  1.550 us|  155|  155|       no|
        +-----------------------------------------------+------------------------------------+---------+---------+----------+----------+-----+-----+---------+

        * Loop: 
        +---------------------------------------------------+---------+---------+----------+-----------+-----------+------+----------+
        |                                                   |  Latency (cycles) | Iteration|  Initiation Interval  | Trip |          |
        |                     Loop Name                     |   min   |   max   |  Latency |  achieved |   target  | Count| Pipelined|
        +---------------------------------------------------+---------+---------+----------+-----------+-----------+------+----------+
        |- VITIS_LOOP_32_1_VITIS_LOOP_33_2_VITIS_LOOP_34_3  |   252800|   252800|       316|          -|          -|   800|        no|
        +---------------------------------------------------+---------+---------+----------+-----------+-----------+------+----------+



================================================================
== Utilization Estimates
================================================================
* Summary: 
+-----------------+---------+------+--------+--------+-----+
|       Name      | BRAM_18K|  DSP |   FF   |   LUT  | URAM|
+-----------------+---------+------+--------+--------+-----+
|DSP              |        -|     -|       -|       -|    -|
|Expression       |        -|     -|       0|     520|    -|
|FIFO             |        -|     -|       -|       -|    -|
|Instance         |        -|     0|    1882|    2195|    -|
|Memory           |        -|     -|       -|       -|    -|
|Multiplexer      |        -|     -|       -|     466|    -|
|Register         |        -|     -|     284|       -|    -|
+-----------------+---------+------+--------+--------+-----+
|Total            |        0|     0|    2166|    3181|    0|
+-----------------+---------+------+--------+--------+-----+
|Available        |      624|  1728|  460800|  230400|   96|
+-----------------+---------+------+--------+--------+-----+
|Utilization (%)  |        0|     0|      ~0|       1|    0|
+-----------------+---------+------+--------+--------+-----+

+ Detail: 
    * Instance: 
    +-----------------------------------------------+------------------------------------+---------+----+-----+------+-----+
    |                    Instance                   |               Module               | BRAM_18K| DSP|  FF |  LUT | URAM|
    +-----------------------------------------------+------------------------------------+---------+----+-----+------+-----+
    |grp_conv2d_1_Pipeline_VITIS_LOOP_38_4_fu_161   |conv2d_1_Pipeline_VITIS_LOOP_38_4   |        0|   0|  941|  1039|    0|
    |grp_conv2d_1_Pipeline_VITIS_LOOP_38_44_fu_176  |conv2d_1_Pipeline_VITIS_LOOP_38_44  |        0|   0|  941|  1053|    0|
    |mul_5ns_6ns_9_1_1_U65                          |mul_5ns_6ns_9_1_1                   |        0|   0|    0|    23|    0|
    |mul_5ns_8ns_11_1_1_U64                         |mul_5ns_8ns_11_1_1                  |        0|   0|    0|    40|    0|
    |mul_5ns_8ns_11_1_1_U66                         |mul_5ns_8ns_11_1_1                  |        0|   0|    0|    40|    0|
    +-----------------------------------------------+------------------------------------+---------+----+-----+------+-----+
    |Total                                          |                                    |        0|   0| 1882|  2195|    0|
    +-----------------------------------------------+------------------------------------+---------+----+-----+------+-----+

    * DSP: 
    N/A

    * Memory: 
    N/A

    * FIFO: 
    N/A

    * Expression: 
    +----------------------------+----------+----+---+----+------------+------------+
    |        Variable Name       | Operation| DSP| FF| LUT| Bitwidth P0| Bitwidth P1|
    +----------------------------+----------+----+---+----+------------+------------+
    |add_ln32_1_fu_316_p2        |         +|   0|  0|  12|           5|           1|
    |add_ln32_fu_282_p2          |         +|   0|  0|  17|          10|           1|
    |add_ln33_1_fu_460_p2        |         +|   0|  0|  14|           7|           1|
    |add_ln33_fu_386_p2          |         +|   0|  0|  12|           4|           1|
    |add_ln34_fu_454_p2          |         +|   0|  0|  12|           4|           2|
    |add_ln47_1_fu_584_p2        |         +|   0|  0|  18|          11|          11|
    |add_ln47_fu_571_p2          |         +|   0|  0|  18|          11|          11|
    |empty_70_fu_270_p2          |         +|   0|  0|  17|          11|          11|
    |p_mid1_fu_431_p2            |         +|   0|  0|  17|          11|          11|
    |p_mid216_fu_359_p2          |         +|   0|  0|  16|           9|           3|
    |tmp_fu_264_p2               |         +|   0|  0|  17|          11|          11|
    |tmp_mid1_fu_425_p2          |         +|   0|  0|  17|          11|          11|
    |and_ln7_3_fu_638_p2         |       and|   0|  0|   2|           1|           1|
    |and_ln7_fu_557_p2           |       and|   0|  0|   2|           1|           1|
    |icmp_ln32_fu_276_p2         |      icmp|   0|  0|  17|          10|           9|
    |icmp_ln33_fu_294_p2         |      icmp|   0|  0|  14|           7|           6|
    |icmp_ln34_fu_374_p2         |      icmp|   0|  0|  12|           4|           4|
    |icmp_ln7_6_fu_545_p2        |      icmp|   0|  0|  30|          23|           1|
    |icmp_ln7_7_fu_620_p2        |      icmp|   0|  0|  15|           8|           2|
    |icmp_ln7_8_fu_626_p2        |      icmp|   0|  0|  30|          23|           1|
    |icmp_ln7_fu_539_p2          |      icmp|   0|  0|  15|           8|           2|
    |icmp_ln34_mid234_fu_380_p2  |        or|   0|  0|   2|           1|           1|
    |or_ln34_fu_513_p2           |        or|   0|  0|   4|           4|           1|
    |or_ln7_3_fu_632_p2          |        or|   0|  0|   2|           1|           1|
    |or_ln7_fu_551_p2            |        or|   0|  0|   2|           1|           1|
    |i_mid29_fu_300_p3           |    select|   0|  0|   4|           1|           1|
    |j_mid210_fu_308_p3          |    select|   0|  0|   4|           1|           1|
    |p_cast9_mid2_v_v_fu_326_p3  |    select|   0|  0|   5|           1|           5|
    |p_mid214_fu_351_p3          |    select|   0|  0|  10|           1|          11|
    |p_mid232_fu_366_p3          |    select|   0|  0|  10|           1|          11|
    |select_ln33_1_fu_437_p3     |    select|   0|  0|  10|           1|          11|
    |select_ln33_2_fu_445_p3     |    select|   0|  0|   4|           1|           4|
    |select_ln33_3_fu_466_p3     |    select|   0|  0|   7|           1|           1|
    |select_ln33_fu_392_p3       |    select|   0|  0|   4|           1|           4|
    |select_ln38_1_fu_595_p3     |    select|   0|  0|  32|           1|          32|
    |select_ln38_fu_505_p3       |    select|   0|  0|  32|           1|          32|
    |select_ln7_3_fu_644_p3      |    select|   0|  0|  32|           1|          32|
    |select_ln7_fu_563_p3        |    select|   0|  0|  32|           1|          32|
    +----------------------------+----------+----+---+----+------------+------------+
    |Total                       |          |   0|  0| 520|         210|         283|
    +----------------------------+----------+----+---+----+------------+------------+

    * Multiplexer: 
    +-------------------------+----+-----------+-----+-----------+
    |           Name          | LUT| Input Size| Bits| Total Bits|
    +-------------------------+----+-----------+-----+-----------+
    |ap_NS_fsm                |  43|          8|    1|          8|
    |f_fu_110                 |   9|          2|    5|         10|
    |grp_fu_191_p0            |  14|          3|   32|         96|
    |grp_fu_790_ce            |  14|          3|    1|          3|
    |grp_fu_790_opcode        |  14|          3|    2|          6|
    |grp_fu_790_p0            |  14|          3|   32|         96|
    |grp_fu_790_p1            |  14|          3|   32|         96|
    |grp_fu_794_ce            |  14|          3|    1|          3|
    |grp_fu_794_p0            |  14|          3|   32|         96|
    |grp_fu_794_p1            |  14|          3|   32|         96|
    |i_fu_102                 |   9|          2|    4|          8|
    |indvar_flatten35_fu_114  |   9|          2|   10|         20|
    |indvar_flatten_fu_106    |   9|          2|    7|         14|
    |input_r_address0         |  14|          3|   11|         33|
    |input_r_address1         |  14|          3|   11|         33|
    |input_r_ce0              |  14|          3|    1|          3|
    |input_r_ce1              |  14|          3|    1|          3|
    |j_fu_98                  |   9|          2|    4|          8|
    |m_axi_gmem_ARADDR        |  14|          3|   64|        192|
    |m_axi_gmem_ARBURST       |  14|          3|    2|          6|
    |m_axi_gmem_ARCACHE       |  14|          3|    4|         12|
    |m_axi_gmem_ARID          |  14|          3|    1|          3|
    |m_axi_gmem_ARLEN         |  14|          3|   32|         96|
    |m_axi_gmem_ARLOCK        |  14|          3|    2|          6|
    |m_axi_gmem_ARPROT        |  14|          3|    3|          9|
    |m_axi_gmem_ARQOS         |  14|          3|    4|         12|
    |m_axi_gmem_ARREGION      |  14|          3|    4|         12|
    |m_axi_gmem_ARSIZE        |  14|          3|    3|          9|
    |m_axi_gmem_ARUSER        |  14|          3|    1|          3|
    |m_axi_gmem_ARVALID       |  14|          3|    1|          3|
    |m_axi_gmem_RREADY        |  14|          3|    1|          3|
    |output_r_address0        |  14|          3|   11|         33|
    |output_r_d0              |  14|          3|   32|         96|
    +-------------------------+----+-----------+-----+-----------+
    |Total                    | 466|         99|  384|       1127|
    +-------------------------+----+-----------+-----+-----------+

    * Register: 
    +------------------------------------------------------------+----+----+-----+-----------+
    |                            Name                            | FF | LUT| Bits| Const Bits|
    +------------------------------------------------------------+----+----+-----+-----------+
    |add_ln47_1_reg_778                                          |  11|   0|   11|          0|
    |ap_CS_fsm                                                   |   7|   0|    7|          0|
    |f_fu_110                                                    |   5|   0|    5|          0|
    |grp_conv2d_1_Pipeline_VITIS_LOOP_38_44_fu_176_ap_start_reg  |   1|   0|    1|          0|
    |grp_conv2d_1_Pipeline_VITIS_LOOP_38_4_fu_161_ap_start_reg   |   1|   0|    1|          0|
    |i_fu_102                                                    |   4|   0|    4|          0|
    |indvar_flatten35_fu_114                                     |  10|   0|   10|          0|
    |indvar_flatten_fu_106                                       |   7|   0|    7|          0|
    |j_fu_98                                                     |   4|   0|    4|          0|
    |or_ln34_reg_767                                             |   3|   0|    4|          1|
    |p_cast9_mid2_reg_724                                        |   9|   0|    9|          0|
    |p_mid216_reg_730                                            |   9|   0|    9|          0|
    |select_ln33_1_reg_743                                       |  11|   0|   11|          0|
    |select_ln33_2_reg_749                                       |   4|   0|    4|          0|
    |select_ln33_reg_736                                         |   4|   0|    4|          0|
    |select_ln38_1_reg_783                                       |  32|   0|   32|          0|
    |select_ln38_reg_760                                         |  32|   0|   32|          0|
    |sum_11_loc_fu_122                                           |  32|   0|   32|          0|
    |sum_16_4_loc_fu_126                                         |  32|   0|   32|          0|
    |sum_23_4_loc_fu_118                                         |  32|   0|   32|          0|
    |sum_loc_fu_130                                              |  32|   0|   32|          0|
    |targetBlock1_reg_773                                        |   1|   0|    1|          0|
    |targetBlock_reg_755                                         |   1|   0|    1|          0|
    +------------------------------------------------------------+----+----+-----+-----------+
    |Total                                                       | 284|   0|  285|          1|
    +------------------------------------------------------------+----+----+-----+-----------+



================================================================
== Interface
================================================================
* Summary: 
+---------------------+-----+-----+------------+--------------+--------------+
|      RTL Ports      | Dir | Bits|  Protocol  | Source Object|    C Type    |
+---------------------+-----+-----+------------+--------------+--------------+
|ap_clk               |   in|    1|  ap_ctrl_hs|      conv2d.1|  return value|
|ap_rst               |   in|    1|  ap_ctrl_hs|      conv2d.1|  return value|
|ap_start             |   in|    1|  ap_ctrl_hs|      conv2d.1|  return value|
|ap_done              |  out|    1|  ap_ctrl_hs|      conv2d.1|  return value|
|ap_idle              |  out|    1|  ap_ctrl_hs|      conv2d.1|  return value|
|ap_ready             |  out|    1|  ap_ctrl_hs|      conv2d.1|  return value|
|grp_fu_423_p_din0    |  out|   32|  ap_ctrl_hs|      conv2d.1|  return value|
|grp_fu_423_p_din1    |  out|   32|  ap_ctrl_hs|      conv2d.1|  return value|
|grp_fu_423_p_opcode  |  out|    5|  ap_ctrl_hs|      conv2d.1|  return value|
|grp_fu_423_p_dout0   |   in|    1|  ap_ctrl_hs|      conv2d.1|  return value|
|grp_fu_423_p_ce      |  out|    1|  ap_ctrl_hs|      conv2d.1|  return value|
|grp_fu_909_p_din0    |  out|   32|  ap_ctrl_hs|      conv2d.1|  return value|
|grp_fu_909_p_din1    |  out|   32|  ap_ctrl_hs|      conv2d.1|  return value|
|grp_fu_909_p_opcode  |  out|    1|  ap_ctrl_hs|      conv2d.1|  return value|
|grp_fu_909_p_dout0   |   in|   32|  ap_ctrl_hs|      conv2d.1|  return value|
|grp_fu_909_p_ce      |  out|    1|  ap_ctrl_hs|      conv2d.1|  return value|
|grp_fu_913_p_din0    |  out|   32|  ap_ctrl_hs|      conv2d.1|  return value|
|grp_fu_913_p_din1    |  out|   32|  ap_ctrl_hs|      conv2d.1|  return value|
|grp_fu_913_p_dout0   |   in|   32|  ap_ctrl_hs|      conv2d.1|  return value|
|grp_fu_913_p_ce      |  out|    1|  ap_ctrl_hs|      conv2d.1|  return value|
|input_r_address0     |  out|   11|   ap_memory|       input_r|         array|
|input_r_ce0          |  out|    1|   ap_memory|       input_r|         array|
|input_r_q0           |   in|   32|   ap_memory|       input_r|         array|
|input_r_address1     |  out|   11|   ap_memory|       input_r|         array|
|input_r_ce1          |  out|    1|   ap_memory|       input_r|         array|
|input_r_q1           |   in|   32|   ap_memory|       input_r|         array|
|output_r_address0    |  out|   11|   ap_memory|      output_r|         array|
|output_r_ce0         |  out|    1|   ap_memory|      output_r|         array|
|output_r_we0         |  out|    1|   ap_memory|      output_r|         array|
|output_r_d0          |  out|   32|   ap_memory|      output_r|         array|
|m_axi_gmem_AWVALID   |  out|    1|       m_axi|          gmem|       pointer|
|m_axi_gmem_AWREADY   |   in|    1|       m_axi|          gmem|       pointer|
|m_axi_gmem_AWADDR    |  out|   64|       m_axi|          gmem|       pointer|
|m_axi_gmem_AWID      |  out|    1|       m_axi|          gmem|       pointer|
|m_axi_gmem_AWLEN     |  out|   32|       m_axi|          gmem|       pointer|
|m_axi_gmem_AWSIZE    |  out|    3|       m_axi|          gmem|       pointer|
|m_axi_gmem_AWBURST   |  out|    2|       m_axi|          gmem|       pointer|
|m_axi_gmem_AWLOCK    |  out|    2|       m_axi|          gmem|       pointer|
|m_axi_gmem_AWCACHE   |  out|    4|       m_axi|          gmem|       pointer|
|m_axi_gmem_AWPROT    |  out|    3|       m_axi|          gmem|       pointer|
|m_axi_gmem_AWQOS     |  out|    4|       m_axi|          gmem|       pointer|
|m_axi_gmem_AWREGION  |  out|    4|       m_axi|          gmem|       pointer|
|m_axi_gmem_AWUSER    |  out|    1|       m_axi|          gmem|       pointer|
|m_axi_gmem_WVALID    |  out|    1|       m_axi|          gmem|       pointer|
|m_axi_gmem_WREADY    |   in|    1|       m_axi|          gmem|       pointer|
|m_axi_gmem_WDATA     |  out|   32|       m_axi|          gmem|       pointer|
|m_axi_gmem_WSTRB     |  out|    4|       m_axi|          gmem|       pointer|
|m_axi_gmem_WLAST     |  out|    1|       m_axi|          gmem|       pointer|
|m_axi_gmem_WID       |  out|    1|       m_axi|          gmem|       pointer|
|m_axi_gmem_WUSER     |  out|    1|       m_axi|          gmem|       pointer|
|m_axi_gmem_ARVALID   |  out|    1|       m_axi|          gmem|       pointer|
|m_axi_gmem_ARREADY   |   in|    1|       m_axi|          gmem|       pointer|
|m_axi_gmem_ARADDR    |  out|   64|       m_axi|          gmem|       pointer|
|m_axi_gmem_ARID      |  out|    1|       m_axi|          gmem|       pointer|
|m_axi_gmem_ARLEN     |  out|   32|       m_axi|          gmem|       pointer|
|m_axi_gmem_ARSIZE    |  out|    3|       m_axi|          gmem|       pointer|
|m_axi_gmem_ARBURST   |  out|    2|       m_axi|          gmem|       pointer|
|m_axi_gmem_ARLOCK    |  out|    2|       m_axi|          gmem|       pointer|
|m_axi_gmem_ARCACHE   |  out|    4|       m_axi|          gmem|       pointer|
|m_axi_gmem_ARPROT    |  out|    3|       m_axi|          gmem|       pointer|
|m_axi_gmem_ARQOS     |  out|    4|       m_axi|          gmem|       pointer|
|m_axi_gmem_ARREGION  |  out|    4|       m_axi|          gmem|       pointer|
|m_axi_gmem_ARUSER    |  out|    1|       m_axi|          gmem|       pointer|
|m_axi_gmem_RVALID    |   in|    1|       m_axi|          gmem|       pointer|
|m_axi_gmem_RREADY    |  out|    1|       m_axi|          gmem|       pointer|
|m_axi_gmem_RDATA     |   in|   32|       m_axi|          gmem|       pointer|
|m_axi_gmem_RLAST     |   in|    1|       m_axi|          gmem|       pointer|
|m_axi_gmem_RID       |   in|    1|       m_axi|          gmem|       pointer|
|m_axi_gmem_RFIFONUM  |   in|    9|       m_axi|          gmem|       pointer|
|m_axi_gmem_RUSER     |   in|    1|       m_axi|          gmem|       pointer|
|m_axi_gmem_RRESP     |   in|    2|       m_axi|          gmem|       pointer|
|m_axi_gmem_BVALID    |   in|    1|       m_axi|          gmem|       pointer|
|m_axi_gmem_BREADY    |  out|    1|       m_axi|          gmem|       pointer|
|m_axi_gmem_BRESP     |   in|    2|       m_axi|          gmem|       pointer|
|m_axi_gmem_BID       |   in|    1|       m_axi|          gmem|       pointer|
|m_axi_gmem_BUSER     |   in|    1|       m_axi|          gmem|       pointer|
|filters              |   in|   64|     ap_none|       filters|        scalar|
+---------------------+-----+-----+------------+--------------+--------------+

