

================================================================
== Vitis HLS Report for 'conv2d_3'
================================================================
* Date:           Fri Nov 22 20:01:06 2024

* Version:        2023.1 (Build 3854077 on May  4 2023)
* Project:        lenet_proj
* Solution:       lenet_predict (Vivado IP Flow Target)
* Product family: zynquplus
* Target device:  xczu7ev-ffvf1517-3-e


================================================================
== Performance Estimates
================================================================
+ Timing: 
    * Summary: 
    +--------+----------+----------+------------+
    |  Clock |  Target  | Estimated| Uncertainty|
    +--------+----------+----------+------------+
    |ap_clk  |  10.00 ns|  7.300 ns|     2.70 ns|
    +--------+----------+----------+------------+

+ Latency: 
    * Summary: 
    +---------+---------+----------+----------+--------+--------+---------+
    |  Latency (cycles) |  Latency (absolute) |     Interval    | Pipeline|
    |   min   |   max   |    min   |    max   |   min  |   max  |   Type  |
    +---------+---------+----------+----------+--------+--------+---------+
    |   752641|   752641|  7.526 ms|  7.526 ms|  752641|  752641|       no|
    +---------+---------+----------+----------+--------+--------+---------+

    + Detail: 
        * Instance: 
        +-----------------------------------------------+------------------------------------+---------+---------+----------+----------+-----+-----+---------+
        |                                               |                                    |  Latency (cycles) |  Latency (absolute) |  Interval | Pipeline|
        |                    Instance                   |               Module               |   min   |   max   |    min   |    max   | min | max |   Type  |
        +-----------------------------------------------+------------------------------------+---------+---------+----------+----------+-----+-----+---------+
        |grp_conv2d_3_Pipeline_VITIS_LOOP_35_4_fu_155   |conv2d_3_Pipeline_VITIS_LOOP_35_4   |      155|      155|  1.550 us|  1.550 us|  155|  155|       no|
        |grp_conv2d_3_Pipeline_VITIS_LOOP_35_45_fu_167  |conv2d_3_Pipeline_VITIS_LOOP_35_45  |      155|      155|  1.550 us|  1.550 us|  155|  155|       no|
        +-----------------------------------------------+------------------------------------+---------+---------+----------+----------+-----+-----+---------+

        * Loop: 
        +---------------------------------------------------+---------+---------+----------+-----------+-----------+------+----------+
        |                                                   |  Latency (cycles) | Iteration|  Initiation Interval  | Trip |          |
        |                     Loop Name                     |   min   |   max   |  Latency |  achieved |   target  | Count| Pipelined|
        +---------------------------------------------------+---------+---------+----------+-----------+-----------+------+----------+
        |- VITIS_LOOP_30_1_VITIS_LOOP_31_2_VITIS_LOOP_32_3  |   752640|   752640|       320|          -|          -|  2352|        no|
        +---------------------------------------------------+---------+---------+----------+-----------+-----------+------+----------+



================================================================
== Utilization Estimates
================================================================
* Summary: 
+-----------------+---------+------+--------+--------+-----+
|       Name      | BRAM_18K|  DSP |   FF   |   LUT  | URAM|
+-----------------+---------+------+--------+--------+-----+
|DSP              |        -|     -|       -|       -|    -|
|Expression       |        -|     -|       0|     551|    -|
|FIFO             |        -|     -|       -|       -|    -|
|Instance         |        -|     0|    1208|    1380|    -|
|Memory           |        -|     -|       -|       -|    -|
|Multiplexer      |        -|     -|       -|     432|    -|
|Register         |        -|     -|     254|       -|    -|
+-----------------+---------+------+--------+--------+-----+
|Total            |        0|     0|    1462|    2363|    0|
+-----------------+---------+------+--------+--------+-----+
|Available        |      624|  1728|  460800|  230400|   96|
+-----------------+---------+------+--------+--------+-----+
|Utilization (%)  |        0|     0|      ~0|       1|    0|
+-----------------+---------+------+--------+--------+-----+

+ Detail: 
    * Instance: 
    +-----------------------------------------------+------------------------------------+---------+----+-----+-----+-----+
    |                    Instance                   |               Module               | BRAM_18K| DSP|  FF | LUT | URAM|
    +-----------------------------------------------+------------------------------------+---------+----+-----+-----+-----+
    |grp_conv2d_3_Pipeline_VITIS_LOOP_35_4_fu_155   |conv2d_3_Pipeline_VITIS_LOOP_35_4   |        0|   0|  609|  680|    0|
    |grp_conv2d_3_Pipeline_VITIS_LOOP_35_45_fu_167  |conv2d_3_Pipeline_VITIS_LOOP_35_45  |        0|   0|  599|  690|    0|
    |mul_3ns_11ns_13_1_1_U22                        |mul_3ns_11ns_13_1_1                 |        0|   0|    0|    5|    0|
    |mul_3ns_11ns_13_1_1_U23                        |mul_3ns_11ns_13_1_1                 |        0|   0|    0|    5|    0|
    +-----------------------------------------------+------------------------------------+---------+----+-----+-----+-----+
    |Total                                          |                                    |        0|   0| 1208| 1380|    0|
    +-----------------------------------------------+------------------------------------+---------+----+-----+-----+-----+

    * DSP: 
    N/A

    * Memory: 
    N/A

    * FIFO: 
    N/A

    * Expression: 
    +-------------------------+----------+----+---+----+------------+------------+
    |      Variable Name      | Operation| DSP| FF| LUT| Bitwidth P0| Bitwidth P1|
    +-------------------------+----------+----+---+----+------------+------------+
    |add_ln30_1_fu_319_p2     |         +|   0|  0|  10|           3|           1|
    |add_ln30_fu_285_p2       |         +|   0|  0|  19|          12|           1|
    |add_ln31_1_fu_466_p2     |         +|   0|  0|  16|           9|           1|
    |add_ln31_fu_379_p2       |         +|   0|  0|  12|           5|           1|
    |add_ln32_fu_460_p2       |         +|   0|  0|  12|           5|           2|
    |add_ln42_1_fu_606_p2     |         +|   0|  0|  20|          13|          13|
    |add_ln42_fu_593_p2       |         +|   0|  0|  20|          13|          13|
    |empty_44_fu_273_p2       |         +|   0|  0|  20|          13|          13|
    |p_mid16_fu_437_p2        |         +|   0|  0|  20|          13|          13|
    |empty_43_fu_263_p2       |         -|   0|  0|  18|          11|          11|
    |p_mid14_fu_427_p2        |         -|   0|  0|  18|          11|          11|
    |and_ln6_3_fu_647_p2      |       and|   0|  0|   2|           1|           1|
    |and_ln6_fu_578_p2        |       and|   0|  0|   2|           1|           1|
    |icmp_ln30_fu_279_p2      |      icmp|   0|  0|  19|          12|          12|
    |icmp_ln31_fu_297_p2      |      icmp|   0|  0|  16|           9|           8|
    |icmp_ln32_fu_359_p2      |      icmp|   0|  0|  12|           5|           4|
    |icmp_ln6_6_fu_566_p2     |      icmp|   0|  0|  30|          23|           1|
    |icmp_ln6_7_fu_629_p2     |      icmp|   0|  0|  15|           8|           2|
    |icmp_ln6_8_fu_635_p2     |      icmp|   0|  0|  30|          23|           1|
    |icmp_ln6_fu_560_p2       |      icmp|   0|  0|  15|           8|           2|
    |or_ln30_fu_365_p2        |        or|   0|  0|   2|           1|           1|
    |or_ln32_fu_519_p2        |        or|   0|  0|   5|           5|           1|
    |or_ln6_3_fu_641_p2       |        or|   0|  0|   2|           1|           1|
    |or_ln6_fu_572_p2         |        or|   0|  0|   2|           1|           1|
    |select_ln30_1_fu_311_p3  |    select|   0|  0|   5|           1|           1|
    |select_ln30_2_fu_335_p3  |    select|   0|  0|  13|           1|          13|
    |select_ln30_3_fu_343_p3  |    select|   0|  0|   8|           1|           1|
    |select_ln30_4_fu_351_p3  |    select|   0|  0|  13|           1|          13|
    |select_ln30_5_fu_371_p3  |    select|   0|  0|   3|           1|           3|
    |select_ln30_fu_303_p3    |    select|   0|  0|   5|           1|           1|
    |select_ln31_1_fu_402_p3  |    select|   0|  0|   8|           1|          10|
    |select_ln31_2_fu_443_p3  |    select|   0|  0|  13|           1|          13|
    |select_ln31_3_fu_451_p3  |    select|   0|  0|   5|           1|           5|
    |select_ln31_4_fu_472_p3  |    select|   0|  0|   8|           1|           1|
    |select_ln31_fu_385_p3    |    select|   0|  0|   5|           1|           5|
    |select_ln35_1_fu_531_p3  |    select|   0|  0|  32|           1|          32|
    |select_ln35_fu_511_p3    |    select|   0|  0|  32|           1|          32|
    |select_ln6_1_fu_653_p3   |    select|   0|  0|  32|           1|          32|
    |select_ln6_fu_584_p3     |    select|   0|  0|  32|           1|          32|
    +-------------------------+----------+----+---+----+------------+------------+
    |Total                    |          |   0|  0| 551|         221|         310|
    +-------------------------+----------+----+---+----+------------+------------+

    * Multiplexer: 
    +-------------------------+----+-----------+-----+-----------+
    |           Name          | LUT| Input Size| Bits| Total Bits|
    +-------------------------+----+-----------+-----+-----------+
    |ap_NS_fsm                |  65|         12|    1|         12|
    |f_fu_104                 |   9|          2|    3|          6|
    |grp_fu_180_p0            |  14|          3|   32|         96|
    |grp_fu_791_ce            |  14|          3|    1|          3|
    |grp_fu_791_opcode        |  14|          3|    2|          6|
    |grp_fu_791_p0            |  14|          3|   32|         96|
    |grp_fu_791_p1            |  14|          3|   32|         96|
    |grp_fu_795_ce            |  14|          3|    1|          3|
    |grp_fu_795_p0            |  14|          3|   32|         96|
    |grp_fu_795_p1            |  14|          3|   32|         96|
    |i_fu_96                  |   9|          2|    5|         10|
    |indvar_flatten39_fu_108  |   9|          2|   12|         24|
    |indvar_flatten_fu_100    |   9|          2|    9|         18|
    |j_fu_92                  |   9|          2|    5|         10|
    |m_axi_gmem_ARADDR        |  14|          3|   64|        192|
    |m_axi_gmem_ARBURST       |  14|          3|    2|          6|
    |m_axi_gmem_ARCACHE       |  14|          3|    4|         12|
    |m_axi_gmem_ARID          |  14|          3|    1|          3|
    |m_axi_gmem_ARLEN         |  14|          3|   32|         96|
    |m_axi_gmem_ARLOCK        |  14|          3|    2|          6|
    |m_axi_gmem_ARPROT        |  14|          3|    3|          9|
    |m_axi_gmem_ARQOS         |  14|          3|    4|         12|
    |m_axi_gmem_ARREGION      |  14|          3|    4|         12|
    |m_axi_gmem_ARSIZE        |  14|          3|    3|          9|
    |m_axi_gmem_ARUSER        |  14|          3|    1|          3|
    |m_axi_gmem_ARVALID       |  14|          3|    1|          3|
    |m_axi_gmem_RREADY        |  14|          3|    1|          3|
    |output_r_address0        |  14|          3|   13|         39|
    |output_r_d0              |  14|          3|   32|         96|
    +-------------------------+----+-----------+-----+-----------+
    |Total                    | 432|         91|  366|       1073|
    +-------------------------+----+-----------+-----+-----------+

    * Register: 
    +------------------------------------------------------------+----+----+-----+-----------+
    |                            Name                            | FF | LUT| Bits| Const Bits|
    +------------------------------------------------------------+----+----+-----+-----------+
    |add_ln42_1_reg_786                                          |  13|   0|   13|          0|
    |ap_CS_fsm                                                   |  11|   0|   11|          0|
    |f_fu_104                                                    |   3|   0|    3|          0|
    |grp_conv2d_3_Pipeline_VITIS_LOOP_35_45_fu_167_ap_start_reg  |   1|   0|    1|          0|
    |grp_conv2d_3_Pipeline_VITIS_LOOP_35_4_fu_155_ap_start_reg   |   1|   0|    1|          0|
    |i_fu_96                                                     |   5|   0|    5|          0|
    |indvar_flatten39_fu_108                                     |  12|   0|   12|          0|
    |indvar_flatten_fu_100                                       |   9|   0|    9|          0|
    |j_fu_92                                                     |   5|   0|    5|          0|
    |or_ln32_reg_770                                             |   4|   0|    5|          1|
    |reg_190                                                     |  32|   0|   32|          0|
    |select_ln31_1_reg_742                                       |   5|   0|   10|          5|
    |select_ln31_2_reg_748                                       |  13|   0|   13|          0|
    |select_ln31_3_reg_754                                       |   5|   0|    5|          0|
    |select_ln31_reg_734                                         |   5|   0|    5|          0|
    |sum_16_4_loc_fu_112                                         |  32|   0|   32|          0|
    |sum_8_4_loc_fu_120                                          |  32|   0|   32|          0|
    |sum_9_loc_fu_116                                            |  32|   0|   32|          0|
    |sum_loc_fu_124                                              |  32|   0|   32|          0|
    |targetBlock1_reg_776                                        |   1|   0|    1|          0|
    |targetBlock_reg_760                                         |   1|   0|    1|          0|
    +------------------------------------------------------------+----+----+-----+-----------+
    |Total                                                       | 254|   0|  260|          6|
    +------------------------------------------------------------+----+----+-----+-----------+



================================================================
== Interface
================================================================
* Summary: 
+---------------------+-----+-----+------------+--------------+--------------+
|      RTL Ports      | Dir | Bits|  Protocol  | Source Object|    C Type    |
+---------------------+-----+-----+------------+--------------+--------------+
|ap_clk               |   in|    1|  ap_ctrl_hs|      conv2d.3|  return value|
|ap_rst               |   in|    1|  ap_ctrl_hs|      conv2d.3|  return value|
|ap_start             |   in|    1|  ap_ctrl_hs|      conv2d.3|  return value|
|ap_done              |  out|    1|  ap_ctrl_hs|      conv2d.3|  return value|
|ap_idle              |  out|    1|  ap_ctrl_hs|      conv2d.3|  return value|
|ap_ready             |  out|    1|  ap_ctrl_hs|      conv2d.3|  return value|
|grp_fu_694_p_din0    |  out|   32|  ap_ctrl_hs|      conv2d.3|  return value|
|grp_fu_694_p_din1    |  out|   32|  ap_ctrl_hs|      conv2d.3|  return value|
|grp_fu_694_p_opcode  |  out|    2|  ap_ctrl_hs|      conv2d.3|  return value|
|grp_fu_694_p_dout0   |   in|   32|  ap_ctrl_hs|      conv2d.3|  return value|
|grp_fu_694_p_ce      |  out|    1|  ap_ctrl_hs|      conv2d.3|  return value|
|grp_fu_308_p_din0    |  out|   32|  ap_ctrl_hs|      conv2d.3|  return value|
|grp_fu_308_p_din1    |  out|   32|  ap_ctrl_hs|      conv2d.3|  return value|
|grp_fu_308_p_opcode  |  out|    5|  ap_ctrl_hs|      conv2d.3|  return value|
|grp_fu_308_p_dout0   |   in|    1|  ap_ctrl_hs|      conv2d.3|  return value|
|grp_fu_308_p_ce      |  out|    1|  ap_ctrl_hs|      conv2d.3|  return value|
|grp_fu_303_p_din0    |  out|   32|  ap_ctrl_hs|      conv2d.3|  return value|
|grp_fu_303_p_din1    |  out|   32|  ap_ctrl_hs|      conv2d.3|  return value|
|grp_fu_303_p_opcode  |  out|    1|  ap_ctrl_hs|      conv2d.3|  return value|
|grp_fu_303_p_dout0   |   in|   32|  ap_ctrl_hs|      conv2d.3|  return value|
|grp_fu_303_p_ce      |  out|    1|  ap_ctrl_hs|      conv2d.3|  return value|
|grp_fu_698_p_din0    |  out|   32|  ap_ctrl_hs|      conv2d.3|  return value|
|grp_fu_698_p_din1    |  out|   32|  ap_ctrl_hs|      conv2d.3|  return value|
|grp_fu_698_p_dout0   |   in|   32|  ap_ctrl_hs|      conv2d.3|  return value|
|grp_fu_698_p_ce      |  out|    1|  ap_ctrl_hs|      conv2d.3|  return value|
|m_axi_gmem_AWVALID   |  out|    1|       m_axi|          gmem|       pointer|
|m_axi_gmem_AWREADY   |   in|    1|       m_axi|          gmem|       pointer|
|m_axi_gmem_AWADDR    |  out|   64|       m_axi|          gmem|       pointer|
|m_axi_gmem_AWID      |  out|    1|       m_axi|          gmem|       pointer|
|m_axi_gmem_AWLEN     |  out|   32|       m_axi|          gmem|       pointer|
|m_axi_gmem_AWSIZE    |  out|    3|       m_axi|          gmem|       pointer|
|m_axi_gmem_AWBURST   |  out|    2|       m_axi|          gmem|       pointer|
|m_axi_gmem_AWLOCK    |  out|    2|       m_axi|          gmem|       pointer|
|m_axi_gmem_AWCACHE   |  out|    4|       m_axi|          gmem|       pointer|
|m_axi_gmem_AWPROT    |  out|    3|       m_axi|          gmem|       pointer|
|m_axi_gmem_AWQOS     |  out|    4|       m_axi|          gmem|       pointer|
|m_axi_gmem_AWREGION  |  out|    4|       m_axi|          gmem|       pointer|
|m_axi_gmem_AWUSER    |  out|    1|       m_axi|          gmem|       pointer|
|m_axi_gmem_WVALID    |  out|    1|       m_axi|          gmem|       pointer|
|m_axi_gmem_WREADY    |   in|    1|       m_axi|          gmem|       pointer|
|m_axi_gmem_WDATA     |  out|   32|       m_axi|          gmem|       pointer|
|m_axi_gmem_WSTRB     |  out|    4|       m_axi|          gmem|       pointer|
|m_axi_gmem_WLAST     |  out|    1|       m_axi|          gmem|       pointer|
|m_axi_gmem_WID       |  out|    1|       m_axi|          gmem|       pointer|
|m_axi_gmem_WUSER     |  out|    1|       m_axi|          gmem|       pointer|
|m_axi_gmem_ARVALID   |  out|    1|       m_axi|          gmem|       pointer|
|m_axi_gmem_ARREADY   |   in|    1|       m_axi|          gmem|       pointer|
|m_axi_gmem_ARADDR    |  out|   64|       m_axi|          gmem|       pointer|
|m_axi_gmem_ARID      |  out|    1|       m_axi|          gmem|       pointer|
|m_axi_gmem_ARLEN     |  out|   32|       m_axi|          gmem|       pointer|
|m_axi_gmem_ARSIZE    |  out|    3|       m_axi|          gmem|       pointer|
|m_axi_gmem_ARBURST   |  out|    2|       m_axi|          gmem|       pointer|
|m_axi_gmem_ARLOCK    |  out|    2|       m_axi|          gmem|       pointer|
|m_axi_gmem_ARCACHE   |  out|    4|       m_axi|          gmem|       pointer|
|m_axi_gmem_ARPROT    |  out|    3|       m_axi|          gmem|       pointer|
|m_axi_gmem_ARQOS     |  out|    4|       m_axi|          gmem|       pointer|
|m_axi_gmem_ARREGION  |  out|    4|       m_axi|          gmem|       pointer|
|m_axi_gmem_ARUSER    |  out|    1|       m_axi|          gmem|       pointer|
|m_axi_gmem_RVALID    |   in|    1|       m_axi|          gmem|       pointer|
|m_axi_gmem_RREADY    |  out|    1|       m_axi|          gmem|       pointer|
|m_axi_gmem_RDATA     |   in|   32|       m_axi|          gmem|       pointer|
|m_axi_gmem_RLAST     |   in|    1|       m_axi|          gmem|       pointer|
|m_axi_gmem_RID       |   in|    1|       m_axi|          gmem|       pointer|
|m_axi_gmem_RFIFONUM  |   in|    9|       m_axi|          gmem|       pointer|
|m_axi_gmem_RUSER     |   in|    1|       m_axi|          gmem|       pointer|
|m_axi_gmem_RRESP     |   in|    2|       m_axi|          gmem|       pointer|
|m_axi_gmem_BVALID    |   in|    1|       m_axi|          gmem|       pointer|
|m_axi_gmem_BREADY    |  out|    1|       m_axi|          gmem|       pointer|
|m_axi_gmem_BRESP     |   in|    2|       m_axi|          gmem|       pointer|
|m_axi_gmem_BID       |   in|    1|       m_axi|          gmem|       pointer|
|m_axi_gmem_BUSER     |   in|    1|       m_axi|          gmem|       pointer|
|input_r              |   in|   64|     ap_none|       input_r|        scalar|
|output_r_address0    |  out|   13|   ap_memory|      output_r|         array|
|output_r_ce0         |  out|    1|   ap_memory|      output_r|         array|
|output_r_we0         |  out|    1|   ap_memory|      output_r|         array|
|output_r_d0          |  out|   32|   ap_memory|      output_r|         array|
+---------------------+-----+-----+------------+--------------+--------------+

