

================================================================
== Vitis HLS Report for 'conv2d_3_Pipeline_VITIS_LOOP_35_45'
================================================================
* Date:           Fri Nov 22 20:01:05 2024

* Version:        2023.1 (Build 3854077 on May  4 2023)
* Project:        lenet_proj
* Solution:       lenet_predict (Vivado IP Flow Target)
* Product family: zynquplus
* Target device:  xczu7ev-ffvf1517-3-e


================================================================
== Performance Estimates
================================================================
+ Timing: 
    * Summary: 
    +--------+----------+----------+------------+
    |  Clock |  Target  | Estimated| Uncertainty|
    +--------+----------+----------+------------+
    |ap_clk  |  10.00 ns|  7.300 ns|     2.70 ns|
    +--------+----------+----------+------------+

+ Latency: 
    * Summary: 
    +---------+---------+----------+----------+-----+-----+---------+
    |  Latency (cycles) |  Latency (absolute) |  Interval | Pipeline|
    |   min   |   max   |    min   |    max   | min | max |   Type  |
    +---------+---------+----------+----------+-----+-----+---------+
    |      155|      155|  1.550 us|  1.550 us|  155|  155|       no|
    +---------+---------+----------+----------+-----+-----+---------+

    + Detail: 
        * Instance: 
        N/A

        * Loop: 
        +-------------------+---------+---------+----------+-----------+-----------+------+----------+
        |                   |  Latency (cycles) | Iteration|  Initiation Interval  | Trip |          |
        |     Loop Name     |   min   |   max   |  Latency |  achieved |   target  | Count| Pipelined|
        +-------------------+---------+---------+----------+-----------+-----------+------+----------+
        |- VITIS_LOOP_35_4  |      152|      152|        53|         40|          1|     3|       yes|
        +-------------------+---------+---------+----------+-----------+-----------+------+----------+



================================================================
== Utilization Estimates
================================================================
* Summary: 
+-----------------+---------+------+--------+--------+-----+
|       Name      | BRAM_18K|  DSP |   FF   |   LUT  | URAM|
+-----------------+---------+------+--------+--------+-----+
|DSP              |        -|     -|       -|       -|    -|
|Expression       |        -|     -|       0|     280|    -|
|FIFO             |        -|     -|       -|       -|    -|
|Instance         |        -|     -|       -|       -|    -|
|Memory           |        -|     -|       -|       -|    -|
|Multiplexer      |        -|     -|       -|     410|    -|
|Register         |        -|     -|     599|       -|    -|
+-----------------+---------+------+--------+--------+-----+
|Total            |        0|     0|     599|     690|    0|
+-----------------+---------+------+--------+--------+-----+
|Available        |      624|  1728|  460800|  230400|   96|
+-----------------+---------+------+--------+--------+-----+
|Utilization (%)  |        0|     0|      ~0|      ~0|    0|
+-----------------+---------+------+--------+--------+-----+

+ Detail: 
    * Instance: 
    N/A

    * DSP: 
    N/A

    * Memory: 
    N/A

    * FIFO: 
    N/A

    * Expression: 
    +------------------------------------+----------+----+---+----+------------+------------+
    |            Variable Name           | Operation| DSP| FF| LUT| Bitwidth P0| Bitwidth P1|
    +------------------------------------+----------+----+---+----+------------+------------+
    |add_ln35_1_fu_416_p2                |         +|   0|  0|  10|           3|           2|
    |add_ln35_fu_260_p2                  |         +|   0|  0|   9|           2|           1|
    |empty_35_fu_316_p2                  |         +|   0|  0|  71|          64|          64|
    |empty_37_fu_361_p2                  |         +|   0|  0|  18|          11|          11|
    |empty_38_fu_379_p2                  |         +|   0|  0|  71|          64|          64|
    |tmp3_fu_287_p2                      |         +|   0|  0|  18|          11|          11|
    |ap_block_pp0_stage10_11001          |       and|   0|  0|   2|           1|           1|
    |ap_block_pp0_stage14_11001          |       and|   0|  0|   2|           1|           1|
    |ap_block_pp0_stage15_11001          |       and|   0|  0|   2|           1|           1|
    |ap_block_pp0_stage16_11001          |       and|   0|  0|   2|           1|           1|
    |ap_block_pp0_stage17_00001          |       and|   0|  0|   2|           1|           1|
    |ap_block_pp0_stage18_11001          |       and|   0|  0|   2|           1|           1|
    |ap_block_pp0_stage1_11001           |       and|   0|  0|   2|           1|           1|
    |ap_block_pp0_stage6_11001           |       and|   0|  0|   2|           1|           1|
    |ap_block_state11_pp0_stage9_iter0   |       and|   0|  0|   2|           1|           1|
    |ap_block_state16_pp0_stage14_iter0  |       and|   0|  0|   2|           1|           1|
    |ap_block_state17_pp0_stage15_iter0  |       and|   0|  0|   2|           1|           1|
    |ap_block_state18_pp0_stage16_iter0  |       and|   0|  0|   2|           1|           1|
    |ap_block_state19_pp0_stage17_iter0  |       and|   0|  0|   2|           1|           1|
    |ap_block_state20_pp0_stage18_iter0  |       and|   0|  0|   2|           1|           1|
    |ap_block_state3_io                  |       and|   0|  0|   2|           1|           1|
    |ap_block_state8_io                  |       and|   0|  0|   2|           1|           1|
    |ap_condition_1451                   |       and|   0|  0|   2|           1|           1|
    |ap_condition_1455                   |       and|   0|  0|   2|           1|           1|
    |ap_predicate_op112_readreq_state8   |       and|   0|  0|   2|           1|           1|
    |ap_predicate_tran34to55_state34     |       and|   0|  0|   2|           1|           1|
    |icmp_ln35_2_fu_254_p2               |      icmp|   0|  0|  10|           3|           3|
    |icmp_ln35_fu_390_p2                 |      icmp|   0|  0|  10|           3|           3|
    |or_ln35_1_fu_384_p2                 |        or|   0|  0|   3|           3|           1|
    |or_ln35_fu_266_p2                   |        or|   0|  0|  10|          10|           1|
    |tmp56_fu_351_p2                     |        or|   0|  0|   8|           8|           6|
    |ap_enable_pp0                       |       xor|   0|  0|   2|           1|           2|
    +------------------------------------+----------+----+---+----+------------+------------+
    |Total                               |          |   0|  0| 280|         203|         189|
    +------------------------------------+----------+----+---+----+------------+------------+

    * Multiplexer: 
    +-------------------------+-----+-----------+-----+-----------+
    |           Name          | LUT | Input Size| Bits| Total Bits|
    +-------------------------+-----+-----------+-----+-----------+
    |ap_NS_fsm                |  197|         45|    1|         45|
    |ap_enable_reg_pp0_iter1  |    9|          2|    1|          2|
    |ap_return                |    9|          2|    1|          2|
    |fi_1_fu_106              |    9|          2|    3|          6|
    |gmem_blk_n_AR            |    9|          2|    1|          2|
    |gmem_blk_n_R             |    9|          2|    1|          2|
    |grp_fu_195_p0            |   14|          3|   32|         96|
    |grp_fu_195_p1            |   49|          9|   32|        288|
    |grp_fu_199_p0            |   59|         11|   32|        352|
    |indvar2_fu_110           |    9|          2|    2|          4|
    |m_axi_gmem_ARADDR        |   14|          3|   64|        192|
    |sum_9_out                |   14|          3|   32|         96|
    |sum_fu_102               |    9|          2|   32|         64|
    +-------------------------+-----+-----------+-----+-----------+
    |Total                    |  410|         88|  234|       1151|
    +-------------------------+-----+-----------+-----+-----------+

    * Register: 
    +-------------------------+----+----+-----+-----------+
    |           Name          | FF | LUT| Bits| Const Bits|
    +-------------------------+----+----+-----+-----------+
    |UnifiedRetVal_reg_182    |   1|   0|    1|          0|
    |ap_CS_fsm                |  44|   0|   44|          0|
    |ap_enable_reg_pp0_iter0  |   1|   0|    1|          0|
    |ap_enable_reg_pp0_iter1  |   1|   0|    1|          0|
    |ap_return_preg           |   1|   0|    1|          0|
    |fi_1_fu_106              |   3|   0|    3|          0|
    |gmem_addr_1_reg_548      |  64|   0|   64|          0|
    |gmem_addr_reg_538        |  64|   0|   64|          0|
    |icmp_ln35_2_reg_534      |   1|   0|    1|          0|
    |icmp_ln35_reg_544        |   1|   0|    1|          0|
    |indvar2_fu_110           |   2|   0|    2|          0|
    |mul27_1_1_1_reg_615      |  32|   0|   32|          0|
    |mul27_1_1_2_reg_625      |  32|   0|   32|          0|
    |mul27_1_1_4_reg_635      |  32|   0|   32|          0|
    |mul27_1_1_reg_605        |  32|   0|   32|          0|
    |mul27_1_2_reg_580        |  32|   0|   32|          0|
    |mul27_1_3_reg_590        |  32|   0|   32|          0|
    |reg_209                  |  32|   0|   32|          0|
    |reg_213                  |  32|   0|   32|          0|
    |reg_218                  |  32|   0|   32|          0|
    |reg_223                  |  32|   0|   32|          0|
    |reg_227                  |  32|   0|   32|          0|
    |sum_fu_102               |  32|   0|   32|          0|
    |sum_load_reg_569         |  32|   0|   32|          0|
    +-------------------------+----+----+-----+-----------+
    |Total                    | 599|   0|  599|          0|
    +-------------------------+----+----+-----+-----------+



================================================================
== Interface
================================================================
* Summary: 
+---------------------+-----+-----+------------+------------------------------------+--------------+
|      RTL Ports      | Dir | Bits|  Protocol  |            Source Object           |    C Type    |
+---------------------+-----+-----+------------+------------------------------------+--------------+
|ap_clk               |   in|    1|  ap_ctrl_hs|  conv2d.3_Pipeline_VITIS_LOOP_35_45|  return value|
|ap_rst               |   in|    1|  ap_ctrl_hs|  conv2d.3_Pipeline_VITIS_LOOP_35_45|  return value|
|ap_start             |   in|    1|  ap_ctrl_hs|  conv2d.3_Pipeline_VITIS_LOOP_35_45|  return value|
|ap_done              |  out|    1|  ap_ctrl_hs|  conv2d.3_Pipeline_VITIS_LOOP_35_45|  return value|
|ap_idle              |  out|    1|  ap_ctrl_hs|  conv2d.3_Pipeline_VITIS_LOOP_35_45|  return value|
|ap_ready             |  out|    1|  ap_ctrl_hs|  conv2d.3_Pipeline_VITIS_LOOP_35_45|  return value|
|ap_return            |  out|    1|  ap_ctrl_hs|  conv2d.3_Pipeline_VITIS_LOOP_35_45|  return value|
|grp_fu_791_p_din0    |  out|   32|  ap_ctrl_hs|  conv2d.3_Pipeline_VITIS_LOOP_35_45|  return value|
|grp_fu_791_p_din1    |  out|   32|  ap_ctrl_hs|  conv2d.3_Pipeline_VITIS_LOOP_35_45|  return value|
|grp_fu_791_p_opcode  |  out|    1|  ap_ctrl_hs|  conv2d.3_Pipeline_VITIS_LOOP_35_45|  return value|
|grp_fu_791_p_dout0   |   in|   32|  ap_ctrl_hs|  conv2d.3_Pipeline_VITIS_LOOP_35_45|  return value|
|grp_fu_791_p_ce      |  out|    1|  ap_ctrl_hs|  conv2d.3_Pipeline_VITIS_LOOP_35_45|  return value|
|grp_fu_795_p_din0    |  out|   32|  ap_ctrl_hs|  conv2d.3_Pipeline_VITIS_LOOP_35_45|  return value|
|grp_fu_795_p_din1    |  out|   32|  ap_ctrl_hs|  conv2d.3_Pipeline_VITIS_LOOP_35_45|  return value|
|grp_fu_795_p_dout0   |   in|   32|  ap_ctrl_hs|  conv2d.3_Pipeline_VITIS_LOOP_35_45|  return value|
|grp_fu_795_p_ce      |  out|    1|  ap_ctrl_hs|  conv2d.3_Pipeline_VITIS_LOOP_35_45|  return value|
|m_axi_gmem_AWVALID   |  out|    1|       m_axi|                                gmem|       pointer|
|m_axi_gmem_AWREADY   |   in|    1|       m_axi|                                gmem|       pointer|
|m_axi_gmem_AWADDR    |  out|   64|       m_axi|                                gmem|       pointer|
|m_axi_gmem_AWID      |  out|    1|       m_axi|                                gmem|       pointer|
|m_axi_gmem_AWLEN     |  out|   32|       m_axi|                                gmem|       pointer|
|m_axi_gmem_AWSIZE    |  out|    3|       m_axi|                                gmem|       pointer|
|m_axi_gmem_AWBURST   |  out|    2|       m_axi|                                gmem|       pointer|
|m_axi_gmem_AWLOCK    |  out|    2|       m_axi|                                gmem|       pointer|
|m_axi_gmem_AWCACHE   |  out|    4|       m_axi|                                gmem|       pointer|
|m_axi_gmem_AWPROT    |  out|    3|       m_axi|                                gmem|       pointer|
|m_axi_gmem_AWQOS     |  out|    4|       m_axi|                                gmem|       pointer|
|m_axi_gmem_AWREGION  |  out|    4|       m_axi|                                gmem|       pointer|
|m_axi_gmem_AWUSER    |  out|    1|       m_axi|                                gmem|       pointer|
|m_axi_gmem_WVALID    |  out|    1|       m_axi|                                gmem|       pointer|
|m_axi_gmem_WREADY    |   in|    1|       m_axi|                                gmem|       pointer|
|m_axi_gmem_WDATA     |  out|   32|       m_axi|                                gmem|       pointer|
|m_axi_gmem_WSTRB     |  out|    4|       m_axi|                                gmem|       pointer|
|m_axi_gmem_WLAST     |  out|    1|       m_axi|                                gmem|       pointer|
|m_axi_gmem_WID       |  out|    1|       m_axi|                                gmem|       pointer|
|m_axi_gmem_WUSER     |  out|    1|       m_axi|                                gmem|       pointer|
|m_axi_gmem_ARVALID   |  out|    1|       m_axi|                                gmem|       pointer|
|m_axi_gmem_ARREADY   |   in|    1|       m_axi|                                gmem|       pointer|
|m_axi_gmem_ARADDR    |  out|   64|       m_axi|                                gmem|       pointer|
|m_axi_gmem_ARID      |  out|    1|       m_axi|                                gmem|       pointer|
|m_axi_gmem_ARLEN     |  out|   32|       m_axi|                                gmem|       pointer|
|m_axi_gmem_ARSIZE    |  out|    3|       m_axi|                                gmem|       pointer|
|m_axi_gmem_ARBURST   |  out|    2|       m_axi|                                gmem|       pointer|
|m_axi_gmem_ARLOCK    |  out|    2|       m_axi|                                gmem|       pointer|
|m_axi_gmem_ARCACHE   |  out|    4|       m_axi|                                gmem|       pointer|
|m_axi_gmem_ARPROT    |  out|    3|       m_axi|                                gmem|       pointer|
|m_axi_gmem_ARQOS     |  out|    4|       m_axi|                                gmem|       pointer|
|m_axi_gmem_ARREGION  |  out|    4|       m_axi|                                gmem|       pointer|
|m_axi_gmem_ARUSER    |  out|    1|       m_axi|                                gmem|       pointer|
|m_axi_gmem_RVALID    |   in|    1|       m_axi|                                gmem|       pointer|
|m_axi_gmem_RREADY    |  out|    1|       m_axi|                                gmem|       pointer|
|m_axi_gmem_RDATA     |   in|   32|       m_axi|                                gmem|       pointer|
|m_axi_gmem_RLAST     |   in|    1|       m_axi|                                gmem|       pointer|
|m_axi_gmem_RID       |   in|    1|       m_axi|                                gmem|       pointer|
|m_axi_gmem_RFIFONUM  |   in|    9|       m_axi|                                gmem|       pointer|
|m_axi_gmem_RUSER     |   in|    1|       m_axi|                                gmem|       pointer|
|m_axi_gmem_RRESP     |   in|    2|       m_axi|                                gmem|       pointer|
|m_axi_gmem_BVALID    |   in|    1|       m_axi|                                gmem|       pointer|
|m_axi_gmem_BREADY    |  out|    1|       m_axi|                                gmem|       pointer|
|m_axi_gmem_BRESP     |   in|    2|       m_axi|                                gmem|       pointer|
|m_axi_gmem_BID       |   in|    1|       m_axi|                                gmem|       pointer|
|m_axi_gmem_BUSER     |   in|    1|       m_axi|                                gmem|       pointer|
|select_ln31_1        |   in|   10|     ap_none|                       select_ln31_1|        scalar|
|or_ln32              |   in|    5|     ap_none|                             or_ln32|        scalar|
|input_r              |   in|   64|     ap_none|                             input_r|        scalar|
|select_ln31_4        |   in|    5|     ap_none|                       select_ln31_4|        scalar|
|select_ln31          |   in|    5|     ap_none|                         select_ln31|        scalar|
|sum_9_out            |  out|   32|      ap_vld|                           sum_9_out|       pointer|
|sum_9_out_ap_vld     |  out|    1|      ap_vld|                           sum_9_out|       pointer|
|sum_16_4_out         |  out|   32|      ap_vld|                        sum_16_4_out|       pointer|
|sum_16_4_out_ap_vld  |  out|    1|      ap_vld|                        sum_16_4_out|       pointer|
+---------------------+-----+-----+------------+------------------------------------+--------------+

