

================================================================
== Vitis HLS Report for 'lenet_predict_Pipeline_VITIS_LOOP_16_2'
================================================================
* Date:           Thu Nov 21 22:03:22 2024

* Version:        2023.1 (Build 3854077 on May  4 2023)
* Project:        lenet_proj
* Solution:       lenet_predict (Vivado IP Flow Target)
* Product family: zynquplus
* Target device:  xczu7ev-ffvf1517-3-e


================================================================
== Performance Estimates
================================================================
+ Timing: 
    * Summary: 
    +--------+----------+----------+------------+
    |  Clock |  Target  | Estimated| Uncertainty|
    +--------+----------+----------+------------+
    |ap_clk  |  10.00 ns|  7.181 ns|     2.70 ns|
    +--------+----------+----------+------------+

+ Latency: 
    * Summary: 
    +---------+---------+----------+----------+-----+-----+---------+
    |  Latency (cycles) |  Latency (absolute) |  Interval | Pipeline|
    |   min   |   max   |    min   |    max   | min | max |   Type  |
    +---------+---------+----------+----------+-----+-----+---------+
    |       43|       43|  0.430 us|  0.430 us|   43|   43|       no|
    +---------+---------+----------+----------+-----+-----+---------+

    + Detail: 
        * Instance: 
        N/A

        * Loop: 
        +-------------------+---------+---------+----------+-----------+-----------+------+----------+
        |                   |  Latency (cycles) | Iteration|  Initiation Interval  | Trip |          |
        |     Loop Name     |   min   |   max   |  Latency |  achieved |   target  | Count| Pipelined|
        +-------------------+---------+---------+----------+-----------+-----------+------+----------+
        |- VITIS_LOOP_16_2  |       41|       41|        15|          3|          1|    10|       yes|
        +-------------------+---------+---------+----------+-----------+-----------+------+----------+



================================================================
== Utilization Estimates
================================================================
* Summary: 
+-----------------+---------+------+--------+--------+-----+
|       Name      | BRAM_18K|  DSP |   FF   |   LUT  | URAM|
+-----------------+---------+------+--------+--------+-----+
|DSP              |        -|     -|       -|       -|    -|
|Expression       |        -|     -|       0|      26|    -|
|FIFO             |        -|     -|       -|       -|    -|
|Instance         |        -|     7|     195|     883|    -|
|Memory           |        -|     -|       -|       -|    -|
|Multiplexer      |        -|     -|       -|     139|    -|
|Register         |        -|     -|     245|      64|    -|
+-----------------+---------+------+--------+--------+-----+
|Total            |        0|     7|     440|    1112|    0|
+-----------------+---------+------+--------+--------+-----+
|Available        |      624|  1728|  460800|  230400|   96|
+-----------------+---------+------+--------+--------+-----+
|Utilization (%)  |        0|    ~0|      ~0|      ~0|    0|
+-----------------+---------+------+--------+--------+-----+

+ Detail: 
    * Instance: 
    +------------------------------------+--------------------------------+---------+----+-----+-----+-----+
    |              Instance              |             Module             | BRAM_18K| DSP|  FF | LUT | URAM|
    +------------------------------------+--------------------------------+---------+----+-----+-----+-----+
    |fexp_32ns_32ns_32_6_full_dsp_1_U82  |fexp_32ns_32ns_32_6_full_dsp_1  |        0|   7|  195|  883|    0|
    +------------------------------------+--------------------------------+---------+----+-----+-----+-----+
    |Total                               |                                |        0|   7|  195|  883|    0|
    +------------------------------------+--------------------------------+---------+----+-----+-----+-----+

    * DSP: 
    N/A

    * Memory: 
    N/A

    * FIFO: 
    N/A

    * Expression: 
    +--------------------+----------+----+---+----+------------+------------+
    |    Variable Name   | Operation| DSP| FF| LUT| Bitwidth P0| Bitwidth P1|
    +--------------------+----------+----+---+----+------------+------------+
    |add_ln16_fu_103_p2  |         +|   0|  0|  12|           4|           1|
    |icmp_ln16_fu_97_p2  |      icmp|   0|  0|  12|           4|           4|
    |ap_enable_pp0       |       xor|   0|  0|   2|           1|           2|
    +--------------------+----------+----+---+----+------------+------------+
    |Total               |          |   0|  0|  26|           9|           7|
    +--------------------+----------+----+---+----+------------+------------+

    * Multiplexer: 
    +---------------------------+----+-----------+-----+-----------+
    |            Name           | LUT| Input Size| Bits| Total Bits|
    +---------------------------+----+-----------+-----+-----------+
    |ap_NS_fsm                  |  20|          4|    1|          4|
    |ap_done_int                |   9|          2|    1|          2|
    |ap_enable_reg_pp0_iter0    |   9|          2|    1|          2|
    |ap_enable_reg_pp0_iter1    |   9|          2|    1|          2|
    |ap_sig_allocacmp_i         |   9|          2|    4|          8|
    |ap_sig_allocacmp_sum_load  |   9|          2|   32|         64|
    |fc3_output_address0        |  14|          3|    4|         12|
    |grp_fu_74_opcode           |  14|          3|    2|          6|
    |grp_fu_74_p0               |  14|          3|   32|         96|
    |grp_fu_74_p1               |  14|          3|   32|         96|
    |i_3_fu_44                  |   9|          2|    4|          8|
    |sum_fu_40                  |   9|          2|   32|         64|
    +---------------------------+----+-----------+-----+-----------+
    |Total                      | 139|         30|  146|        364|
    +---------------------------+----+-----------+-----+-----------+

    * Register: 
    +----------------------------------+----+----+-----+-----------+
    |               Name               | FF | LUT| Bits| Const Bits|
    +----------------------------------+----+----+-----+-----------+
    |ap_CS_fsm                         |   3|   0|    3|          0|
    |ap_done_reg                       |   1|   0|    1|          0|
    |ap_enable_reg_pp0_iter0_reg       |   1|   0|    1|          0|
    |ap_enable_reg_pp0_iter1           |   1|   0|    1|          0|
    |ap_enable_reg_pp0_iter2           |   1|   0|    1|          0|
    |ap_enable_reg_pp0_iter3           |   1|   0|    1|          0|
    |ap_enable_reg_pp0_iter4           |   1|   0|    1|          0|
    |ap_loop_exit_ready_pp0_iter1_reg  |   1|   0|    1|          0|
    |ap_loop_exit_ready_pp0_iter2_reg  |   1|   0|    1|          0|
    |ap_loop_exit_ready_pp0_iter3_reg  |   1|   0|    1|          0|
    |fc3_output_addr_reg_156           |   4|   0|    4|          0|
    |i_3_fu_44                         |   4|   0|    4|          0|
    |icmp_ln16_reg_152                 |   1|   0|    1|          0|
    |sum_fu_40                         |  32|   0|   32|          0|
    |tmp_reg_171                       |  32|   0|   32|          0|
    |x_assign_reg_166                  |  32|   0|   32|          0|
    |fc3_output_addr_reg_156           |  64|  32|    4|          0|
    |icmp_ln16_reg_152                 |  64|  32|    1|          0|
    +----------------------------------+----+----+-----+-----------+
    |Total                             | 245|  64|  122|          0|
    +----------------------------------+----+----+-----+-----------+



================================================================
== Interface
================================================================
* Summary: 
+---------------------+-----+-----+------------+----------------------------------------+--------------+
|      RTL Ports      | Dir | Bits|  Protocol  |              Source Object             |    C Type    |
+---------------------+-----+-----+------------+----------------------------------------+--------------+
|ap_clk               |   in|    1|  ap_ctrl_hs|  lenet_predict_Pipeline_VITIS_LOOP_16_2|  return value|
|ap_rst               |   in|    1|  ap_ctrl_hs|  lenet_predict_Pipeline_VITIS_LOOP_16_2|  return value|
|ap_start             |   in|    1|  ap_ctrl_hs|  lenet_predict_Pipeline_VITIS_LOOP_16_2|  return value|
|ap_done              |  out|    1|  ap_ctrl_hs|  lenet_predict_Pipeline_VITIS_LOOP_16_2|  return value|
|ap_idle              |  out|    1|  ap_ctrl_hs|  lenet_predict_Pipeline_VITIS_LOOP_16_2|  return value|
|ap_ready             |  out|    1|  ap_ctrl_hs|  lenet_predict_Pipeline_VITIS_LOOP_16_2|  return value|
|grp_fu_303_p_din0    |  out|   32|  ap_ctrl_hs|  lenet_predict_Pipeline_VITIS_LOOP_16_2|  return value|
|grp_fu_303_p_din1    |  out|   32|  ap_ctrl_hs|  lenet_predict_Pipeline_VITIS_LOOP_16_2|  return value|
|grp_fu_303_p_opcode  |  out|    2|  ap_ctrl_hs|  lenet_predict_Pipeline_VITIS_LOOP_16_2|  return value|
|grp_fu_303_p_dout0   |   in|   32|  ap_ctrl_hs|  lenet_predict_Pipeline_VITIS_LOOP_16_2|  return value|
|grp_fu_303_p_ce      |  out|    1|  ap_ctrl_hs|  lenet_predict_Pipeline_VITIS_LOOP_16_2|  return value|
|fc3_output_address0  |  out|    4|   ap_memory|                              fc3_output|         array|
|fc3_output_ce0       |  out|    1|   ap_memory|                              fc3_output|         array|
|fc3_output_we0       |  out|    1|   ap_memory|                              fc3_output|         array|
|fc3_output_d0        |  out|   32|   ap_memory|                              fc3_output|         array|
|fc3_output_q0        |   in|   32|   ap_memory|                              fc3_output|         array|
|max_1_reload         |   in|   32|     ap_none|                            max_1_reload|        scalar|
|sum_out              |  out|   32|      ap_vld|                                 sum_out|       pointer|
|sum_out_ap_vld       |  out|    1|      ap_vld|                                 sum_out|       pointer|
+---------------------+-----+-----+------------+----------------------------------------+--------------+

