

================================================================
== Vitis HLS Report for 'lenet_predict_Pipeline_VITIS_LOOP_52_1_VITIS_LOOP_53_2'
================================================================
* Date:           Fri Nov 22 20:01:07 2024

* Version:        2023.1 (Build 3854077 on May  4 2023)
* Project:        lenet_proj
* Solution:       lenet_predict (Vivado IP Flow Target)
* Product family: zynquplus
* Target device:  xczu7ev-ffvf1517-3-e


================================================================
== Performance Estimates
================================================================
+ Timing: 
    * Summary: 
    +--------+----------+----------+------------+
    |  Clock |  Target  | Estimated| Uncertainty|
    +--------+----------+----------+------------+
    |ap_clk  |  10.00 ns|  5.816 ns|     2.70 ns|
    +--------+----------+----------+------------+

+ Latency: 
    * Summary: 
    +---------+---------+----------+----------+-----+-----+---------+
    |  Latency (cycles) |  Latency (absolute) |  Interval | Pipeline|
    |   min   |   max   |    min   |    max   | min | max |   Type  |
    +---------+---------+----------+----------+-----+-----+---------+
    |      202|      202|  2.020 us|  2.020 us|  202|  202|       no|
    +---------+---------+----------+----------+-----+-----+---------+

    + Detail: 
        * Instance: 
        N/A

        * Loop: 
        +-----------------------------------+---------+---------+----------+-----------+-----------+------+----------+
        |                                   |  Latency (cycles) | Iteration|  Initiation Interval  | Trip |          |
        |             Loop Name             |   min   |   max   |  Latency |  achieved |   target  | Count| Pipelined|
        +-----------------------------------+---------+---------+----------+-----------+-----------+------+----------+
        |- VITIS_LOOP_52_1_VITIS_LOOP_53_2  |      200|      200|         6|          1|          1|   196|       yes|
        +-----------------------------------+---------+---------+----------+-----------+-----------+------+----------+



================================================================
== Utilization Estimates
================================================================
* Summary: 
+-----------------+---------+------+--------+--------+-----+
|       Name      | BRAM_18K|  DSP |   FF   |   LUT  | URAM|
+-----------------+---------+------+--------+--------+-----+
|DSP              |        -|     -|       -|       -|    -|
|Expression       |        -|     -|       0|     720|    -|
|FIFO             |        -|     -|       -|       -|    -|
|Instance         |        -|     -|       -|       -|    -|
|Memory           |        -|     -|       -|       -|    -|
|Multiplexer      |        -|     -|       -|      72|    -|
|Register         |        -|     -|     484|      96|    -|
+-----------------+---------+------+--------+--------+-----+
|Total            |        0|     0|     484|     888|    0|
+-----------------+---------+------+--------+--------+-----+
|Available        |      624|  1728|  460800|  230400|   96|
+-----------------+---------+------+--------+--------+-----+
|Utilization (%)  |        0|     0|      ~0|      ~0|    0|
+-----------------+---------+------+--------+--------+-----+

+ Detail: 
    * Instance: 
    N/A

    * DSP: 
    N/A

    * Memory: 
    N/A

    * FIFO: 
    N/A

    * Expression: 
    +-------------------------+----------+----+---+----+------------+------------+
    |      Variable Name      | Operation| DSP| FF| LUT| Bitwidth P0| Bitwidth P1|
    +-------------------------+----------+----+---+----+------------+------------+
    |add_ln52_1_fu_247_p2     |         +|   0|  0|  15|           8|           1|
    |add_ln52_fu_270_p2       |         +|   0|  0|  12|           4|           1|
    |add_ln53_fu_440_p2       |         +|   0|  0|  12|           4|           1|
    |add_ln58_1_fu_412_p2     |         +|   0|  0|  18|          11|          11|
    |add_ln58_3_fu_402_p2     |         +|   0|  0|  13|           6|           5|
    |add_ln58_fu_380_p2       |         +|   0|  0|  18|          11|          11|
    |add_ln62_fu_434_p2       |         +|   0|  0|  16|           9|           9|
    |empty_28_fu_235_p2       |         -|   0|  0|  18|          11|          11|
    |empty_fu_205_p2          |         -|   0|  0|  16|           9|           9|
    |p_mid13_fu_338_p2        |         -|   0|  0|  18|          11|          11|
    |p_mid1_fu_300_p2         |         -|   0|  0|  16|           9|           9|
    |and_ln59_1_fu_580_p2     |       and|   0|  0|   2|           1|           1|
    |and_ln59_2_fu_586_p2     |       and|   0|  0|   2|           1|           1|
    |and_ln59_3_fu_669_p2     |       and|   0|  0|   2|           1|           1|
    |and_ln59_4_fu_675_p2     |       and|   0|  0|   2|           1|           1|
    |and_ln59_5_fu_758_p2     |       and|   0|  0|   2|           1|           1|
    |and_ln59_6_fu_764_p2     |       and|   0|  0|   2|           1|           1|
    |and_ln59_fu_496_p2       |       and|   0|  0|   2|           1|           1|
    |icmp_ln52_fu_241_p2      |      icmp|   0|  0|  15|           8|           7|
    |icmp_ln53_fu_256_p2      |      icmp|   0|  0|  12|           4|           3|
    |icmp_ln59_10_fu_722_p2   |      icmp|   0|  0|  15|           8|           2|
    |icmp_ln59_11_fu_728_p2   |      icmp|   0|  0|  30|          23|           1|
    |icmp_ln59_12_fu_740_p2   |      icmp|   0|  0|  15|           8|           2|
    |icmp_ln59_13_fu_746_p2   |      icmp|   0|  0|  30|          23|           1|
    |icmp_ln59_1_fu_484_p2    |      icmp|   0|  0|  30|          23|           1|
    |icmp_ln59_2_fu_544_p2    |      icmp|   0|  0|  15|           8|           2|
    |icmp_ln59_3_fu_550_p2    |      icmp|   0|  0|  30|          23|           1|
    |icmp_ln59_4_fu_562_p2    |      icmp|   0|  0|  15|           8|           2|
    |icmp_ln59_5_fu_568_p2    |      icmp|   0|  0|  30|          23|           1|
    |icmp_ln59_6_fu_633_p2    |      icmp|   0|  0|  15|           8|           2|
    |icmp_ln59_7_fu_639_p2    |      icmp|   0|  0|  30|          23|           1|
    |icmp_ln59_8_fu_651_p2    |      icmp|   0|  0|  15|           8|           2|
    |icmp_ln59_9_fu_657_p2    |      icmp|   0|  0|  30|          23|           1|
    |icmp_ln59_fu_478_p2      |      icmp|   0|  0|  15|           8|           2|
    |or_ln58_1_fu_423_p2      |        or|   0|  0|  11|           1|          11|
    |or_ln58_fu_391_p2        |        or|   0|  0|  11|           1|          11|
    |or_ln59_1_fu_556_p2      |        or|   0|  0|   2|           1|           1|
    |or_ln59_2_fu_574_p2      |        or|   0|  0|   2|           1|           1|
    |or_ln59_3_fu_645_p2      |        or|   0|  0|   2|           1|           1|
    |or_ln59_4_fu_663_p2      |        or|   0|  0|   2|           1|           1|
    |or_ln59_5_fu_734_p2      |        or|   0|  0|   2|           1|           1|
    |or_ln59_6_fu_752_p2      |        or|   0|  0|   2|           1|           1|
    |or_ln59_fu_490_p2        |        or|   0|  0|   2|           1|           1|
    |pool1_output_d0          |    select|   0|  0|  32|           1|          32|
    |select_ln52_1_fu_262_p3  |    select|   0|  0|   4|           1|           1|
    |select_ln52_2_fu_306_p3  |    select|   0|  0|   8|           1|           9|
    |select_ln52_3_fu_344_p3  |    select|   0|  0|  10|           1|          11|
    |select_ln52_fu_352_p3    |    select|   0|  0|   4|           1|           4|
    |select_ln59_1_fu_592_p3  |    select|   0|  0|  32|           1|          32|
    |select_ln59_2_fu_681_p3  |    select|   0|  0|  32|           1|          32|
    |select_ln59_fu_502_p3    |    select|   0|  0|  32|           1|          32|
    |ap_enable_pp0            |       xor|   0|  0|   2|           1|           2|
    +-------------------------+----------+----+---+----+------------+------------+
    |Total                    |          |   0|  0| 720|         347|         301|
    +-------------------------+----------+----+---+----+------------+------------+

    * Multiplexer: 
    +--------------------------------------+----+-----------+-----+-----------+
    |                 Name                 | LUT| Input Size| Bits| Total Bits|
    +--------------------------------------+----+-----------+-----+-----------+
    |ap_done_int                           |   9|          2|    1|          2|
    |ap_enable_reg_pp0_iter1               |   9|          2|    1|          2|
    |ap_sig_allocacmp_i_2                  |   9|          2|    4|          8|
    |ap_sig_allocacmp_indvar_flatten_load  |   9|          2|    8|         16|
    |ap_sig_allocacmp_j_load               |   9|          2|    4|          8|
    |i_fu_72                               |   9|          2|    4|          8|
    |indvar_flatten_fu_76                  |   9|          2|    8|         16|
    |j_fu_68                               |   9|          2|    4|          8|
    +--------------------------------------+----+-----------+-----+-----------+
    |Total                                 |  72|         16|   34|         68|
    +--------------------------------------+----+-----------+-----+-----------+

    * Register: 
    +-------------------------------------------+----+----+-----+-----------+
    |                    Name                   | FF | LUT| Bits| Const Bits|
    +-------------------------------------------+----+----+-----+-----------+
    |add_ln62_reg_826                           |   9|   0|    9|          0|
    |ap_CS_fsm                                  |   1|   0|    1|          0|
    |ap_done_reg                                |   1|   0|    1|          0|
    |ap_enable_reg_pp0_iter1                    |   1|   0|    1|          0|
    |ap_enable_reg_pp0_iter2                    |   1|   0|    1|          0|
    |ap_enable_reg_pp0_iter3                    |   1|   0|    1|          0|
    |ap_enable_reg_pp0_iter4                    |   1|   0|    1|          0|
    |ap_enable_reg_pp0_iter5                    |   1|   0|    1|          0|
    |ap_loop_exit_ready_pp0_iter1_reg           |   1|   0|    1|          0|
    |ap_loop_exit_ready_pp0_iter2_reg           |   1|   0|    1|          0|
    |ap_loop_exit_ready_pp0_iter3_reg           |   1|   0|    1|          0|
    |ap_loop_exit_ready_pp0_iter4_reg           |   1|   0|    1|          0|
    |conv1_output_load_1_reg_838                |  32|   0|   32|          0|
    |conv1_output_load_1_reg_838_pp0_iter2_reg  |  32|   0|   32|          0|
    |conv1_output_load_2_reg_845                |  32|   0|   32|          0|
    |conv1_output_load_3_reg_852                |  32|   0|   32|          0|
    |conv1_output_load_reg_831                  |  32|   0|   32|          0|
    |i_fu_72                                    |   4|   0|    4|          0|
    |indvar_flatten_fu_76                       |   8|   0|    8|          0|
    |j_fu_68                                    |   4|   0|    4|          0|
    |select_ln59_1_reg_866                      |  32|   0|   32|          0|
    |select_ln59_2_reg_873                      |  32|   0|   32|          0|
    |select_ln59_reg_859                        |  32|   0|   32|          0|
    |add_ln62_reg_826                           |  64|  32|    9|          0|
    |conv1_output_load_2_reg_845                |  64|  32|   32|          0|
    |conv1_output_load_3_reg_852                |  64|  32|   32|          0|
    +-------------------------------------------+----+----+-----+-----------+
    |Total                                      | 484|  96|  365|          0|
    +-------------------------------------------+----+----+-----+-----------+



================================================================
== Interface
================================================================
* Summary: 
+-----------------------+-----+-----+------------+--------------------------------------------------------+--------------+
|       RTL Ports       | Dir | Bits|  Protocol  |                      Source Object                     |    C Type    |
+-----------------------+-----+-----+------------+--------------------------------------------------------+--------------+
|ap_clk                 |   in|    1|  ap_ctrl_hs|  lenet_predict_Pipeline_VITIS_LOOP_52_1_VITIS_LOOP_53_2|  return value|
|ap_rst                 |   in|    1|  ap_ctrl_hs|  lenet_predict_Pipeline_VITIS_LOOP_52_1_VITIS_LOOP_53_2|  return value|
|ap_start               |   in|    1|  ap_ctrl_hs|  lenet_predict_Pipeline_VITIS_LOOP_52_1_VITIS_LOOP_53_2|  return value|
|ap_done                |  out|    1|  ap_ctrl_hs|  lenet_predict_Pipeline_VITIS_LOOP_52_1_VITIS_LOOP_53_2|  return value|
|ap_idle                |  out|    1|  ap_ctrl_hs|  lenet_predict_Pipeline_VITIS_LOOP_52_1_VITIS_LOOP_53_2|  return value|
|ap_ready               |  out|    1|  ap_ctrl_hs|  lenet_predict_Pipeline_VITIS_LOOP_52_1_VITIS_LOOP_53_2|  return value|
|grp_fu_308_p_din0      |  out|   32|  ap_ctrl_hs|  lenet_predict_Pipeline_VITIS_LOOP_52_1_VITIS_LOOP_53_2|  return value|
|grp_fu_308_p_din1      |  out|   32|  ap_ctrl_hs|  lenet_predict_Pipeline_VITIS_LOOP_52_1_VITIS_LOOP_53_2|  return value|
|grp_fu_308_p_opcode    |  out|    5|  ap_ctrl_hs|  lenet_predict_Pipeline_VITIS_LOOP_52_1_VITIS_LOOP_53_2|  return value|
|grp_fu_308_p_dout0     |   in|    1|  ap_ctrl_hs|  lenet_predict_Pipeline_VITIS_LOOP_52_1_VITIS_LOOP_53_2|  return value|
|grp_fu_308_p_ce        |  out|    1|  ap_ctrl_hs|  lenet_predict_Pipeline_VITIS_LOOP_52_1_VITIS_LOOP_53_2|  return value|
|grp_fu_702_p_din0      |  out|   32|  ap_ctrl_hs|  lenet_predict_Pipeline_VITIS_LOOP_52_1_VITIS_LOOP_53_2|  return value|
|grp_fu_702_p_din1      |  out|   32|  ap_ctrl_hs|  lenet_predict_Pipeline_VITIS_LOOP_52_1_VITIS_LOOP_53_2|  return value|
|grp_fu_702_p_opcode    |  out|    5|  ap_ctrl_hs|  lenet_predict_Pipeline_VITIS_LOOP_52_1_VITIS_LOOP_53_2|  return value|
|grp_fu_702_p_dout0     |   in|    1|  ap_ctrl_hs|  lenet_predict_Pipeline_VITIS_LOOP_52_1_VITIS_LOOP_53_2|  return value|
|grp_fu_702_p_ce        |  out|    1|  ap_ctrl_hs|  lenet_predict_Pipeline_VITIS_LOOP_52_1_VITIS_LOOP_53_2|  return value|
|grp_fu_706_p_din0      |  out|   32|  ap_ctrl_hs|  lenet_predict_Pipeline_VITIS_LOOP_52_1_VITIS_LOOP_53_2|  return value|
|grp_fu_706_p_din1      |  out|   32|  ap_ctrl_hs|  lenet_predict_Pipeline_VITIS_LOOP_52_1_VITIS_LOOP_53_2|  return value|
|grp_fu_706_p_opcode    |  out|    5|  ap_ctrl_hs|  lenet_predict_Pipeline_VITIS_LOOP_52_1_VITIS_LOOP_53_2|  return value|
|grp_fu_706_p_dout0     |   in|    1|  ap_ctrl_hs|  lenet_predict_Pipeline_VITIS_LOOP_52_1_VITIS_LOOP_53_2|  return value|
|grp_fu_706_p_ce        |  out|    1|  ap_ctrl_hs|  lenet_predict_Pipeline_VITIS_LOOP_52_1_VITIS_LOOP_53_2|  return value|
|grp_fu_710_p_din0      |  out|   32|  ap_ctrl_hs|  lenet_predict_Pipeline_VITIS_LOOP_52_1_VITIS_LOOP_53_2|  return value|
|grp_fu_710_p_din1      |  out|   32|  ap_ctrl_hs|  lenet_predict_Pipeline_VITIS_LOOP_52_1_VITIS_LOOP_53_2|  return value|
|grp_fu_710_p_opcode    |  out|    5|  ap_ctrl_hs|  lenet_predict_Pipeline_VITIS_LOOP_52_1_VITIS_LOOP_53_2|  return value|
|grp_fu_710_p_dout0     |   in|    1|  ap_ctrl_hs|  lenet_predict_Pipeline_VITIS_LOOP_52_1_VITIS_LOOP_53_2|  return value|
|grp_fu_710_p_ce        |  out|    1|  ap_ctrl_hs|  lenet_predict_Pipeline_VITIS_LOOP_52_1_VITIS_LOOP_53_2|  return value|
|conv1_output_address0  |  out|   13|   ap_memory|                                            conv1_output|         array|
|conv1_output_ce0       |  out|    1|   ap_memory|                                            conv1_output|         array|
|conv1_output_q0        |   in|   32|   ap_memory|                                            conv1_output|         array|
|conv1_output_address1  |  out|   13|   ap_memory|                                            conv1_output|         array|
|conv1_output_ce1       |  out|    1|   ap_memory|                                            conv1_output|         array|
|conv1_output_q1        |   in|   32|   ap_memory|                                            conv1_output|         array|
|conv1_output_address2  |  out|   13|   ap_memory|                                            conv1_output|         array|
|conv1_output_ce2       |  out|    1|   ap_memory|                                            conv1_output|         array|
|conv1_output_q2        |   in|   32|   ap_memory|                                            conv1_output|         array|
|conv1_output_address3  |  out|   13|   ap_memory|                                            conv1_output|         array|
|conv1_output_ce3       |  out|    1|   ap_memory|                                            conv1_output|         array|
|conv1_output_q3        |   in|   32|   ap_memory|                                            conv1_output|         array|
|pool1_output_address0  |  out|   11|   ap_memory|                                            pool1_output|         array|
|pool1_output_ce0       |  out|    1|   ap_memory|                                            pool1_output|         array|
|pool1_output_we0       |  out|    1|   ap_memory|                                            pool1_output|         array|
|pool1_output_d0        |  out|   32|   ap_memory|                                            pool1_output|         array|
+-----------------------+-----+-----+------------+--------------------------------------------------------+--------------+

