INFO: [SIM 2] *************** CSIM start ***************
INFO: [SIM 4] CSIM will launch GCC as the compiler.
   Compiling(apcc) ../../../../HLS_Code/neuron_int_float_test.c in debug mode
ECHO is off.
ECHO is off.
INFO: [HLS 200-10] Running 'Z:/Xilinx/Vitis_HLS/2023.1/bin/unwrapped/win64.o/apcc.exe'
INFO: [HLS 200-10] For user 'Baron' on host 'desktop-d2nna1u' (Windows NT_amd64 version 6.2) on Mon Oct 07 23:23:46 -0700 2024
INFO: [HLS 200-10] In directory 'C:/Users/Baron/Desktop/EE_278_Repo/EE_278/vivado_projects/HLS/neuron_int_float/neuron_int_float/csim/build'
INFO: [APCC 202-3] Tmp directory is apcc_db
INFO: [APCC 202-1] APCC is done.
INFO: [HLS 200-112] Total CPU user time: 0 seconds. Total CPU system time: 0 seconds. Total elapsed time: 1.027 seconds; peak allocated memory: 6.652 MB.
   Generating csim.exe
RMSE between int and float outputs: 0.000000
int_output[0] = 0, float_output[0] = 0.000000
int_output[1] = -10, float_output[1] = -10.000000
int_output[2] = -29, float_output[2] = -29.000000
int_output[3] = -25, float_output[3] = -25.000000
int_output[4] = 35, float_output[4] = 35.000000
int_output[5] = 158, float_output[5] = 158.000000
int_output[6] = 337, float_output[6] = 337.000000
int_output[7] = 539, float_output[7] = 539.000000
int_output[8] = 732, float_output[8] = 732.000000
int_output[9] = 915, float_output[9] = 915.000000
TEST PASSED: RMSE is within acceptable range.
INFO: [SIM 1] CSim done with 0 errors.
INFO: [SIM 3] *************** CSIM finish ***************
