ECHO is off.
ECHO is off.
NOTE: Using modified tcl85t.dll from https://gitenterprise.xilinx.com/ACT/vitis_hls_tcl
INFO: [HLS 200-10] Running 'Z:/Xilinx/Vitis_HLS/2023.1/bin/unwrapped/win64.o/vitis_hls.exe'
INFO: [HLS 200-10] For user 'Baron' on host 'desktop-d2nna1u' (Windows NT_amd64 version 6.2) on Mon Oct 07 23:23:42 -0700 2024
INFO: [HLS 200-10] In directory 'C:/Users/Baron/Desktop/EE_278_Repo/EE_278/vivado_projects/HLS'
Sourcing Tcl script 'C:/Users/Baron/Desktop/EE_278_Repo/EE_278/vivado_projects/HLS/neuron_int_float/neuron_int_float/csim.tcl'
INFO: [HLS 200-1510] Running: source C:/Users/Baron/Desktop/EE_278_Repo/EE_278/vivado_projects/HLS/neuron_int_float/neuron_int_float/csim.tcl
INFO: [HLS 200-1510] Running: open_project neuron_int_float 
INFO: [HLS 200-10] Opening project 'C:/Users/Baron/Desktop/EE_278_Repo/EE_278/vivado_projects/HLS/neuron_int_float'.
INFO: [HLS 200-1510] Running: add_files HLS_Code/neuron_int_float.c 
INFO: [HLS 200-10] Adding design file 'HLS_Code/neuron_int_float.c' to the project
INFO: [HLS 200-1510] Running: add_files HLS_Code/neuron_int_float.h 
INFO: [HLS 200-10] Adding design file 'HLS_Code/neuron_int_float.h' to the project
INFO: [HLS 200-1510] Running: add_files -tb HLS_Code/neuron_int_float_test.c 
INFO: [HLS 200-10] Adding test bench file 'HLS_Code/neuron_int_float_test.c' to the project
INFO: [HLS 200-1510] Running: open_solution neuron_int_float -flow_target vivado 
INFO: [HLS 200-10] Opening solution 'C:/Users/Baron/Desktop/EE_278_Repo/EE_278/vivado_projects/HLS/neuron_int_float/neuron_int_float'.
INFO: [SYN 201-201] Setting up clock 'default' with a period of 10ns.
INFO: [HLS 200-1611] Setting target device to 'xa7a100t-fgg484-1Q'
INFO: [HLS 200-1505] Using flow_target 'vivado'
Resolution: For help on HLS 200-1505 see www.xilinx.com/cgi-bin/docs/rdoc?v=2023.1;t=hls+guidance;d=200-1505.html
INFO: [HLS 200-1510] Running: set_part xa7a100tfgg484-1Q 
INFO: [HLS 200-1510] Running: create_clock -period 10 -name default 
INFO: [HLS 200-1510] Running: csim_design -quiet 
INFO: [SIM 211-2] *************** CSIM start ***************
INFO: [SIM 211-4] CSIM will launch GCC as the compiler.
INFO: [HLS 200-2036] Building debug C Simulation binaries
   Compiling(apcc) ../../../../HLS_Code/neuron_int_float_test.c in debug mode
ECHO is off.
ECHO is off.
INFO: [HLS 200-10] Running 'Z:/Xilinx/Vitis_HLS/2023.1/bin/unwrapped/win64.o/apcc.exe'
INFO: [HLS 200-10] For user 'Baron' on host 'desktop-d2nna1u' (Windows NT_amd64 version 6.2) on Mon Oct 07 23:23:46 -0700 2024
INFO: [HLS 200-10] In directory 'C:/Users/Baron/Desktop/EE_278_Repo/EE_278/vivado_projects/HLS/neuron_int_float/neuron_int_float/csim/build'
INFO: [APCC 202-3] Tmp directory is apcc_db
INFO: [APCC 202-1] APCC is done.
INFO: [HLS 200-112] Total CPU user time: 0 seconds. Total CPU system time: 0 seconds. Total elapsed time: 1.027 seconds; peak allocated memory: 6.652 MB.
   Generating csim.exe
RMSE between int and float outputs: 0.000000
int_output[0] = 0, float_output[0] = 0.000000
int_output[1] = -10, float_output[1] = -10.000000
int_output[2] = -29, float_output[2] = -29.000000
int_output[3] = -25, float_output[3] = -25.000000
int_output[4] = 35, float_output[4] = 35.000000
int_output[5] = 158, float_output[5] = 158.000000
int_output[6] = 337, float_output[6] = 337.000000
int_output[7] = 539, float_output[7] = 539.000000
int_output[8] = 732, float_output[8] = 732.000000
int_output[9] = 915, float_output[9] = 915.000000
TEST PASSED: RMSE is within acceptable range.
INFO: [SIM 211-1] CSim done with 0 errors.
INFO: [SIM 211-3] *************** CSIM finish ***************
INFO: [HLS 200-111] Finished Command csim_design CPU user time: 0 seconds. CPU system time: 0 seconds. Elapsed time: 3.518 seconds; current allocated memory: 0.449 MB.
INFO: [HLS 200-112] Total CPU user time: 2 seconds. Total CPU system time: 1 seconds. Total elapsed time: 5.507 seconds; peak allocated memory: 106.477 MB.
