

================================================================
== Vitis HLS Report for 'softmax'
================================================================
* Date:           Tue Nov 26 16:16:00 2024

* Version:        2023.1 (Build 3854077 on May  4 2023)
* Project:        lenet_proj
* Solution:       lenet_predict (Vivado IP Flow Target)
* Product family: zynquplus
* Target device:  xczu7ev-ffvf1517-3-e


================================================================
== Performance Estimates
================================================================
+ Timing: 
    * Summary: 
    +--------+----------+----------+------------+
    |  Clock |  Target  | Estimated| Uncertainty|
    +--------+----------+----------+------------+
    |ap_clk  |  10.00 ns|  7.246 ns|     2.70 ns|
    +--------+----------+----------+------------+

+ Latency: 
    * Summary: 
    +---------+---------+----------+----------+-----+-----+---------+
    |  Latency (cycles) |  Latency (absolute) |  Interval | Pipeline|
    |   min   |   max   |    min   |    max   | min | max |   Type  |
    +---------+---------+----------+----------+-----+-----+---------+
    |       82|       82|  0.820 us|  0.820 us|   82|   82|       no|
    +---------+---------+----------+----------+-----+-----+---------+

    + Detail: 
        * Instance: 
        +--------------------------------------------+----------------------------------+---------+---------+----------+----------+-----+-----+---------+
        |                                            |                                  |  Latency (cycles) |  Latency (absolute) |  Interval | Pipeline|
        |                  Instance                  |              Module              |   min   |   max   |    min   |    max   | min | max |   Type  |
        +--------------------------------------------+----------------------------------+---------+---------+----------+----------+-----+-----+---------+
        |grp_softmax_Pipeline_VITIS_LOOP_68_1_fu_18  |softmax_Pipeline_VITIS_LOOP_68_1  |       13|       13|  0.130 us|  0.130 us|   13|   13|       no|
        |grp_softmax_Pipeline_VITIS_LOOP_75_2_fu_25  |softmax_Pipeline_VITIS_LOOP_75_2  |       43|       43|  0.430 us|  0.430 us|   43|   43|       no|
        |grp_softmax_Pipeline_VITIS_LOOP_80_3_fu_33  |softmax_Pipeline_VITIS_LOOP_80_3  |       21|       21|  0.210 us|  0.210 us|   21|   21|       no|
        +--------------------------------------------+----------------------------------+---------+---------+----------+----------+-----+-----+---------+

        * Loop: 
        N/A



================================================================
== Utilization Estimates
================================================================
* Summary: 
+-----------------+---------+------+--------+--------+-----+
|       Name      | BRAM_18K|  DSP |   FF   |   LUT  | URAM|
+-----------------+---------+------+--------+--------+-----+
|DSP              |        -|     -|       -|       -|    -|
|Expression       |        -|     -|       -|       -|    -|
|FIFO             |        -|     -|       -|       -|    -|
|Instance         |        -|     7|     703|    1416|    -|
|Memory           |        -|     -|       -|       -|    -|
|Multiplexer      |        -|     -|       -|     132|    -|
|Register         |        -|     -|       9|       -|    -|
+-----------------+---------+------+--------+--------+-----+
|Total            |        0|     7|     712|    1548|    0|
+-----------------+---------+------+--------+--------+-----+
|Available        |      624|  1728|  460800|  230400|   96|
+-----------------+---------+------+--------+--------+-----+
|Utilization (%)  |        0|    ~0|      ~0|      ~0|    0|
+-----------------+---------+------+--------+--------+-----+

+ Detail: 
    * Instance: 
    +--------------------------------------------+----------------------------------+---------+----+-----+------+-----+
    |                  Instance                  |              Module              | BRAM_18K| DSP|  FF |  LUT | URAM|
    +--------------------------------------------+----------------------------------+---------+----+-----+------+-----+
    |grp_softmax_Pipeline_VITIS_LOOP_68_1_fu_18  |softmax_Pipeline_VITIS_LOOP_68_1  |        0|   0|  106|   210|    0|
    |grp_softmax_Pipeline_VITIS_LOOP_75_2_fu_25  |softmax_Pipeline_VITIS_LOOP_75_2  |        0|   7|  440|  1112|    0|
    |grp_softmax_Pipeline_VITIS_LOOP_80_3_fu_33  |softmax_Pipeline_VITIS_LOOP_80_3  |        0|   0|  157|    94|    0|
    +--------------------------------------------+----------------------------------+---------+----+-----+------+-----+
    |Total                                       |                                  |        0|   7|  703|  1416|    0|
    +--------------------------------------------+----------------------------------+---------+----+-----+------+-----+

    * DSP: 
    N/A

    * Memory: 
    N/A

    * FIFO: 
    N/A

    * Expression: 
    N/A

    * Multiplexer: 
    +------------------+----+-----------+-----+-----------+
    |       Name       | LUT| Input Size| Bits| Total Bits|
    +------------------+----+-----------+-----+-----------+
    |ap_NS_fsm         |  37|          7|    1|          7|
    |grp_fu_66_ce      |   9|          2|    1|          2|
    |grp_fu_70_ce      |   9|          2|    1|          2|
    |input_r_address0  |  20|          4|    4|         16|
    |input_r_ce0       |  20|          4|    1|          4|
    |input_r_ce1       |   9|          2|    1|          2|
    |input_r_d0        |  14|          3|   32|         96|
    |input_r_we0       |  14|          3|    1|          3|
    +------------------+----+-----------+-----+-----------+
    |Total             | 132|         27|   42|        132|
    +------------------+----+-----------+-----+-----------+

    * Register: 
    +---------------------------------------------------------+---+----+-----+-----------+
    |                           Name                          | FF| LUT| Bits| Const Bits|
    +---------------------------------------------------------+---+----+-----+-----------+
    |ap_CS_fsm                                                |  6|   0|    6|          0|
    |grp_softmax_Pipeline_VITIS_LOOP_68_1_fu_18_ap_start_reg  |  1|   0|    1|          0|
    |grp_softmax_Pipeline_VITIS_LOOP_75_2_fu_25_ap_start_reg  |  1|   0|    1|          0|
    |grp_softmax_Pipeline_VITIS_LOOP_80_3_fu_33_ap_start_reg  |  1|   0|    1|          0|
    +---------------------------------------------------------+---+----+-----+-----------+
    |Total                                                    |  9|   0|    9|          0|
    +---------------------------------------------------------+---+----+-----+-----------+



================================================================
== Interface
================================================================
* Summary: 
+---------------------+-----+-----+------------+--------------+--------------+
|      RTL Ports      | Dir | Bits|  Protocol  | Source Object|    C Type    |
+---------------------+-----+-----+------------+--------------+--------------+
|ap_clk               |   in|    1|  ap_ctrl_hs|       softmax|  return value|
|ap_rst               |   in|    1|  ap_ctrl_hs|       softmax|  return value|
|ap_start             |   in|    1|  ap_ctrl_hs|       softmax|  return value|
|ap_done              |  out|    1|  ap_ctrl_hs|       softmax|  return value|
|ap_idle              |  out|    1|  ap_ctrl_hs|       softmax|  return value|
|ap_ready             |  out|    1|  ap_ctrl_hs|       softmax|  return value|
|grp_fu_413_p_din0    |  out|   32|  ap_ctrl_hs|       softmax|  return value|
|grp_fu_413_p_din1    |  out|   32|  ap_ctrl_hs|       softmax|  return value|
|grp_fu_413_p_opcode  |  out|    5|  ap_ctrl_hs|       softmax|  return value|
|grp_fu_413_p_dout0   |   in|    1|  ap_ctrl_hs|       softmax|  return value|
|grp_fu_413_p_ce      |  out|    1|  ap_ctrl_hs|       softmax|  return value|
|grp_fu_405_p_din0    |  out|   32|  ap_ctrl_hs|       softmax|  return value|
|grp_fu_405_p_din1    |  out|   32|  ap_ctrl_hs|       softmax|  return value|
|grp_fu_405_p_opcode  |  out|    2|  ap_ctrl_hs|       softmax|  return value|
|grp_fu_405_p_dout0   |   in|   32|  ap_ctrl_hs|       softmax|  return value|
|grp_fu_405_p_ce      |  out|    1|  ap_ctrl_hs|       softmax|  return value|
|input_r_address0     |  out|    4|   ap_memory|       input_r|         array|
|input_r_ce0          |  out|    1|   ap_memory|       input_r|         array|
|input_r_we0          |  out|    1|   ap_memory|       input_r|         array|
|input_r_d0           |  out|   32|   ap_memory|       input_r|         array|
|input_r_q0           |   in|   32|   ap_memory|       input_r|         array|
|input_r_address1     |  out|    4|   ap_memory|       input_r|         array|
|input_r_ce1          |  out|    1|   ap_memory|       input_r|         array|
|input_r_q1           |   in|   32|   ap_memory|       input_r|         array|
+---------------------+-----+-----+------------+--------------+--------------+

