

================================================================
== Vitis HLS Report for 'fully_connected_6'
================================================================
* Date:           Tue Nov 26 16:15:34 2024

* Version:        2023.1 (Build 3854077 on May  4 2023)
* Project:        lenet_proj
* Solution:       lenet_predict (Vivado IP Flow Target)
* Product family: zynquplus
* Target device:  xczu7ev-ffvf1517-3-e


================================================================
== Performance Estimates
================================================================
+ Timing: 
    * Summary: 
    +--------+----------+----------+------------+
    |  Clock |  Target  | Estimated| Uncertainty|
    +--------+----------+----------+------------+
    |ap_clk  |  10.00 ns|  7.300 ns|     2.70 ns|
    +--------+----------+----------+------------+

+ Latency: 
    * Summary: 
    +---------+---------+----------+----------+-------+-------+---------+
    |  Latency (cycles) |  Latency (absolute) |    Interval   | Pipeline|
    |   min   |   max   |    min   |    max   |  min  |  max  |   Type  |
    +---------+---------+----------+----------+-------+-------+---------+
    |    32509|    32509|  0.325 ms|  0.325 ms|  32509|  32509|       no|
    +---------+---------+----------+----------+-------+-------+---------+

    + Detail: 
        * Instance: 
        N/A

        * Loop: 
        +-------------------+---------+---------+----------+-----------+-----------+------+----------+
        |                   |  Latency (cycles) | Iteration|  Initiation Interval  | Trip |          |
        |     Loop Name     |   min   |   max   |  Latency |  achieved |   target  | Count| Pipelined|
        +-------------------+---------+---------+----------+-----------+-----------+------+----------+
        |- VITIS_LOOP_56_1  |    32508|    32508|       387|          -|          -|    84|        no|
        +-------------------+---------+---------+----------+-----------+-----------+------+----------+

============================================================
+ Verbose Summary: Synthesis Manager
============================================================
InlineROM: 1
ExposeGlobal: 0
============================================================
+ Verbose Summary: CDFG Model
============================================================
IsTopModel: 0
ResetActiveHigh: 1
IsCombinational: 0
IsDatapathOnly: 0
HasWiredReturn: 1
HasMFsm: 0
HasVarLatency: 1
IsPipeline: 0
IsRtlPipelined: 0
IsInstanceOverlapped: 0
IsDontTouch: 0
HasImplIP: 0
IsGatedGlobalClock: 0


============================================================
+ Verbose Summary: Schedule
============================================================
* Number of FSM states : 13
* Pipeline : 0
* Dataflow Pipeline: 0

* FSM state transitions: 
1 --> 2 
2 --> 3 
3 --> 4 
4 --> 5 
5 --> 6 
6 --> 7 
7 --> 8 
8 --> 9 
9 --> 10 
10 --> 11 
11 --> 12 
12 --> 13 
13 --> 2 

* FSM state operations: 

State 1 <SV = 0> <Delay = 0.40>
ST_1 : Operation 14 [1/1] (0.00ns)   --->   "%i = alloca i32 1"   --->   Operation 14 'alloca' 'i' <Predicate = true> <Delay = 0.00>
ST_1 : Operation 15 [1/1] (0.00ns)   --->   "%specinterface_ln0 = specinterface void @_ssdm_op_SpecInterface, i32 %gmem, void @empty_9, i32 0, i32 0, void @empty_21, i32 0, i32 0, void @empty_22, void @empty_24, void @empty_21, i32 16, i32 16, i32 16, i32 16, void @empty_21, void @empty_21, i32 4294967295, i32 0"   --->   Operation 15 'specinterface' 'specinterface_ln0' <Predicate = true> <Delay = 0.00>
ST_1 : Operation 16 [1/1] (0.00ns)   --->   "%bias_read = read i64 @_ssdm_op_Read.ap_auto.i64, i64 %bias" [lenet_proj/lenet_support_1.cpp:56]   --->   Operation 16 'read' 'bias_read' <Predicate = true> <Delay = 0.00>
ST_1 : Operation 17 [1/1] (0.00ns)   --->   "%weights_read = read i64 @_ssdm_op_Read.ap_auto.i64, i64 %weights" [lenet_proj/lenet_support_1.cpp:56]   --->   Operation 17 'read' 'weights_read' <Predicate = true> <Delay = 0.00>
ST_1 : Operation 18 [1/1] (0.00ns)   --->   "%trunc_ln = partselect i62 @_ssdm_op_PartSelect.i62.i64.i32.i32, i64 %weights_read, i32 2, i32 63" [lenet_proj/lenet_support_1.cpp:56]   --->   Operation 18 'partselect' 'trunc_ln' <Predicate = true> <Delay = 0.00>
ST_1 : Operation 19 [1/1] (0.00ns)   --->   "%trunc_ln56_2 = partselect i62 @_ssdm_op_PartSelect.i62.i64.i32.i32, i64 %bias_read, i32 2, i32 63" [lenet_proj/lenet_support_1.cpp:56]   --->   Operation 19 'partselect' 'trunc_ln56_2' <Predicate = true> <Delay = 0.00>
ST_1 : Operation 20 [1/1] (0.00ns)   --->   "%sext_ln56 = sext i62 %trunc_ln56_2" [lenet_proj/lenet_support_1.cpp:56]   --->   Operation 20 'sext' 'sext_ln56' <Predicate = true> <Delay = 0.00>
ST_1 : Operation 21 [1/1] (0.40ns)   --->   "%store_ln56 = store i7 0, i7 %i" [lenet_proj/lenet_support_1.cpp:56]   --->   Operation 21 'store' 'store_ln56' <Predicate = true> <Delay = 0.40>
ST_1 : Operation 22 [1/1] (0.00ns)   --->   "%br_ln56 = br void %VITIS_LOOP_58_2" [lenet_proj/lenet_support_1.cpp:56]   --->   Operation 22 'br' 'br_ln56' <Predicate = true> <Delay = 0.00>

State 2 <SV = 1> <Delay = 1.10>
ST_2 : Operation 23 [1/1] (0.00ns)   --->   "%i_11 = load i7 %i" [lenet_proj/lenet_support_1.cpp:56]   --->   Operation 23 'load' 'i_11' <Predicate = true> <Delay = 0.00>
ST_2 : Operation 24 [1/1] (0.70ns)   --->   "%icmp_ln56 = icmp_eq  i7 %i_11, i7 84" [lenet_proj/lenet_support_1.cpp:56]   --->   Operation 24 'icmp' 'icmp_ln56' <Predicate = true> <Delay = 0.70> <CoreInst = "Cmp">   --->   Core 9 'Cmp' <Latency = 0> <II = 1> <Delay = 0.70> <FuncUnit> <Opcode : 'icmp'> <InPorts = 2> <OutPorts = 1>
ST_2 : Operation 25 [1/1] (0.00ns)   --->   "%speclooptripcount_ln0 = speclooptripcount void @_ssdm_op_SpecLoopTripCount, i64 84, i64 84, i64 84"   --->   Operation 25 'speclooptripcount' 'speclooptripcount_ln0' <Predicate = true> <Delay = 0.00>
ST_2 : Operation 26 [1/1] (0.70ns)   --->   "%add_ln56 = add i7 %i_11, i7 1" [lenet_proj/lenet_support_1.cpp:56]   --->   Operation 26 'add' 'add_ln56' <Predicate = true> <Delay = 0.70> <CoreInst = "Adder">   --->   Core 1 'Adder' <Latency = 0> <II = 1> <Delay = 0.70> <FuncUnit> <Opcode : 'add' 'sub'> <InPorts = 2> <OutPorts = 1>
ST_2 : Operation 27 [1/1] (0.00ns)   --->   "%br_ln56 = br i1 %icmp_ln56, void %VITIS_LOOP_58_2.split, void %for.end15" [lenet_proj/lenet_support_1.cpp:56]   --->   Operation 27 'br' 'br_ln56' <Predicate = true> <Delay = 0.00>
ST_2 : Operation 28 [1/1] (0.00ns)   --->   "%zext_ln56 = zext i7 %i_11" [lenet_proj/lenet_support_1.cpp:56]   --->   Operation 28 'zext' 'zext_ln56' <Predicate = (!icmp_ln56)> <Delay = 0.00>
ST_2 : Operation 29 [1/1] (1.10ns)   --->   "%add_ln57 = add i63 %zext_ln56, i63 %sext_ln56" [lenet_proj/lenet_support_1.cpp:57]   --->   Operation 29 'add' 'add_ln57' <Predicate = (!icmp_ln56)> <Delay = 1.10> <CoreInst = "Adder">   --->   Core 1 'Adder' <Latency = 0> <II = 1> <Delay = 1.10> <FuncUnit> <Opcode : 'add' 'sub'> <InPorts = 2> <OutPorts = 1>
ST_2 : Operation 30 [1/1] (0.00ns)   --->   "%sext_ln57 = sext i63 %add_ln57" [lenet_proj/lenet_support_1.cpp:57]   --->   Operation 30 'sext' 'sext_ln57' <Predicate = (!icmp_ln56)> <Delay = 0.00>
ST_2 : Operation 31 [1/1] (0.00ns)   --->   "%gmem_addr = getelementptr i32 %gmem, i64 %sext_ln57" [lenet_proj/lenet_support_1.cpp:57]   --->   Operation 31 'getelementptr' 'gmem_addr' <Predicate = (!icmp_ln56)> <Delay = 0.00>
ST_2 : Operation 32 [1/1] (0.40ns)   --->   "%store_ln56 = store i7 %add_ln56, i7 %i" [lenet_proj/lenet_support_1.cpp:56]   --->   Operation 32 'store' 'store_ln56' <Predicate = (!icmp_ln56)> <Delay = 0.40>
ST_2 : Operation 33 [1/1] (0.00ns)   --->   "%ret_ln63 = ret" [lenet_proj/lenet_support_1.cpp:63]   --->   Operation 33 'ret' 'ret_ln63' <Predicate = (icmp_ln56)> <Delay = 0.00>

State 3 <SV = 2> <Delay = 7.30>
ST_3 : Operation 34 [8/8] (7.30ns)   --->   "%gmem_load_req = readreq i1 @_ssdm_op_ReadReq.m_axi.i32P1A, i32 %gmem_addr, i32 1" [lenet_proj/lenet_support_1.cpp:57]   --->   Operation 34 'readreq' 'gmem_load_req' <Predicate = true> <Delay = 7.30> <CoreInst = "m_axi">   --->   Core 121 'm_axi' <Latency = 0> <II = 1> <Delay = 1.00> <Adapter> <Opcode : 'read' 'write' 'readreq' 'writereq' 'writeresp'>

State 4 <SV = 3> <Delay = 7.30>
ST_4 : Operation 35 [7/8] (7.30ns)   --->   "%gmem_load_req = readreq i1 @_ssdm_op_ReadReq.m_axi.i32P1A, i32 %gmem_addr, i32 1" [lenet_proj/lenet_support_1.cpp:57]   --->   Operation 35 'readreq' 'gmem_load_req' <Predicate = true> <Delay = 7.30> <CoreInst = "m_axi">   --->   Core 121 'm_axi' <Latency = 0> <II = 1> <Delay = 1.00> <Adapter> <Opcode : 'read' 'write' 'readreq' 'writereq' 'writeresp'>

State 5 <SV = 4> <Delay = 7.30>
ST_5 : Operation 36 [6/8] (7.30ns)   --->   "%gmem_load_req = readreq i1 @_ssdm_op_ReadReq.m_axi.i32P1A, i32 %gmem_addr, i32 1" [lenet_proj/lenet_support_1.cpp:57]   --->   Operation 36 'readreq' 'gmem_load_req' <Predicate = true> <Delay = 7.30> <CoreInst = "m_axi">   --->   Core 121 'm_axi' <Latency = 0> <II = 1> <Delay = 1.00> <Adapter> <Opcode : 'read' 'write' 'readreq' 'writereq' 'writeresp'>

State 6 <SV = 5> <Delay = 7.30>
ST_6 : Operation 37 [5/8] (7.30ns)   --->   "%gmem_load_req = readreq i1 @_ssdm_op_ReadReq.m_axi.i32P1A, i32 %gmem_addr, i32 1" [lenet_proj/lenet_support_1.cpp:57]   --->   Operation 37 'readreq' 'gmem_load_req' <Predicate = true> <Delay = 7.30> <CoreInst = "m_axi">   --->   Core 121 'm_axi' <Latency = 0> <II = 1> <Delay = 1.00> <Adapter> <Opcode : 'read' 'write' 'readreq' 'writereq' 'writeresp'>

State 7 <SV = 6> <Delay = 7.30>
ST_7 : Operation 38 [4/8] (7.30ns)   --->   "%gmem_load_req = readreq i1 @_ssdm_op_ReadReq.m_axi.i32P1A, i32 %gmem_addr, i32 1" [lenet_proj/lenet_support_1.cpp:57]   --->   Operation 38 'readreq' 'gmem_load_req' <Predicate = true> <Delay = 7.30> <CoreInst = "m_axi">   --->   Core 121 'm_axi' <Latency = 0> <II = 1> <Delay = 1.00> <Adapter> <Opcode : 'read' 'write' 'readreq' 'writereq' 'writeresp'>

State 8 <SV = 7> <Delay = 7.30>
ST_8 : Operation 39 [3/8] (7.30ns)   --->   "%gmem_load_req = readreq i1 @_ssdm_op_ReadReq.m_axi.i32P1A, i32 %gmem_addr, i32 1" [lenet_proj/lenet_support_1.cpp:57]   --->   Operation 39 'readreq' 'gmem_load_req' <Predicate = true> <Delay = 7.30> <CoreInst = "m_axi">   --->   Core 121 'm_axi' <Latency = 0> <II = 1> <Delay = 1.00> <Adapter> <Opcode : 'read' 'write' 'readreq' 'writereq' 'writeresp'>

State 9 <SV = 8> <Delay = 7.30>
ST_9 : Operation 40 [2/8] (7.30ns)   --->   "%gmem_load_req = readreq i1 @_ssdm_op_ReadReq.m_axi.i32P1A, i32 %gmem_addr, i32 1" [lenet_proj/lenet_support_1.cpp:57]   --->   Operation 40 'readreq' 'gmem_load_req' <Predicate = true> <Delay = 7.30> <CoreInst = "m_axi">   --->   Core 121 'm_axi' <Latency = 0> <II = 1> <Delay = 1.00> <Adapter> <Opcode : 'read' 'write' 'readreq' 'writereq' 'writeresp'>

State 10 <SV = 9> <Delay = 7.30>
ST_10 : Operation 41 [1/8] (7.30ns)   --->   "%gmem_load_req = readreq i1 @_ssdm_op_ReadReq.m_axi.i32P1A, i32 %gmem_addr, i32 1" [lenet_proj/lenet_support_1.cpp:57]   --->   Operation 41 'readreq' 'gmem_load_req' <Predicate = true> <Delay = 7.30> <CoreInst = "m_axi">   --->   Core 121 'm_axi' <Latency = 0> <II = 1> <Delay = 1.00> <Adapter> <Opcode : 'read' 'write' 'readreq' 'writereq' 'writeresp'>

State 11 <SV = 10> <Delay = 7.30>
ST_11 : Operation 42 [1/1] (7.30ns)   --->   "%gmem_addr_read = read i32 @_ssdm_op_Read.m_axi.i32P1A, i32 %gmem_addr" [lenet_proj/lenet_support_1.cpp:57]   --->   Operation 42 'read' 'gmem_addr_read' <Predicate = true> <Delay = 7.30> <CoreInst = "m_axi">   --->   Core 121 'm_axi' <Latency = 0> <II = 1> <Delay = 1.00> <Adapter> <Opcode : 'read' 'write' 'readreq' 'writereq' 'writeresp'>

State 12 <SV = 11> <Delay = 1.53>
ST_12 : Operation 43 [1/1] (0.00ns)   --->   "%shl_ln = bitconcatenate i14 @_ssdm_op_BitConcatenate.i14.i7.i7, i7 %i_11, i7 0" [lenet_proj/lenet_support_1.cpp:57]   --->   Operation 43 'bitconcatenate' 'shl_ln' <Predicate = true> <Delay = 0.00>
ST_12 : Operation 44 [1/1] (0.00ns)   --->   "%zext_ln57 = zext i14 %shl_ln" [lenet_proj/lenet_support_1.cpp:57]   --->   Operation 44 'zext' 'zext_ln57' <Predicate = true> <Delay = 0.00>
ST_12 : Operation 45 [1/1] (0.00ns)   --->   "%shl_ln57_1 = bitconcatenate i10 @_ssdm_op_BitConcatenate.i10.i7.i3, i7 %i_11, i3 0" [lenet_proj/lenet_support_1.cpp:57]   --->   Operation 45 'bitconcatenate' 'shl_ln57_1' <Predicate = true> <Delay = 0.00>
ST_12 : Operation 46 [1/1] (0.00ns)   --->   "%zext_ln57_1 = zext i10 %shl_ln57_1" [lenet_proj/lenet_support_1.cpp:57]   --->   Operation 46 'zext' 'zext_ln57_1' <Predicate = true> <Delay = 0.00>
ST_12 : Operation 47 [1/1] (0.80ns)   --->   "%sub_ln57 = sub i15 %zext_ln57, i15 %zext_ln57_1" [lenet_proj/lenet_support_1.cpp:57]   --->   Operation 47 'sub' 'sub_ln57' <Predicate = true> <Delay = 0.80> <CoreInst = "Adder">   --->   Core 1 'Adder' <Latency = 0> <II = 1> <Delay = 0.80> <FuncUnit> <Opcode : 'add' 'sub'> <InPorts = 2> <OutPorts = 1>
ST_12 : Operation 48 [1/1] (0.00ns)   --->   "%sum = bitcast i32 %gmem_addr_read" [lenet_proj/lenet_support_1.cpp:57]   --->   Operation 48 'bitcast' 'sum' <Predicate = true> <Delay = 0.00>
ST_12 : Operation 49 [2/2] (0.72ns)   --->   "%call_ln57 = call void @fully_connected.6_Pipeline_VITIS_LOOP_58_2, i32 %sum, i32 %output_r, i7 %i_11, i32 %input_r, i62 %trunc_ln, i15 %sub_ln57, i32 %gmem" [lenet_proj/lenet_support_1.cpp:57]   --->   Operation 49 'call' 'call_ln57' <Predicate = true> <Delay = 0.72> <CoreType = "Generic">   --->   Core 0 '' <Latency = 0> <II = 1> <Delay = 1.00> <Generic> <Opcode : >

State 13 <SV = 12> <Delay = 0.00>
ST_13 : Operation 50 [1/1] (0.00ns)   --->   "%specloopname_ln56 = specloopname void @_ssdm_op_SpecLoopName, void @empty_19" [lenet_proj/lenet_support_1.cpp:56]   --->   Operation 50 'specloopname' 'specloopname_ln56' <Predicate = true> <Delay = 0.00>
ST_13 : Operation 51 [1/2] (0.00ns)   --->   "%call_ln57 = call void @fully_connected.6_Pipeline_VITIS_LOOP_58_2, i32 %sum, i32 %output_r, i7 %i_11, i32 %input_r, i62 %trunc_ln, i15 %sub_ln57, i32 %gmem" [lenet_proj/lenet_support_1.cpp:57]   --->   Operation 51 'call' 'call_ln57' <Predicate = true> <Delay = 0.00> <CoreType = "Generic">   --->   Core 0 '' <Latency = 0> <II = 1> <Delay = 1.00> <Generic> <Opcode : >
ST_13 : Operation 52 [1/1] (0.00ns)   --->   "%br_ln56 = br void %VITIS_LOOP_58_2" [lenet_proj/lenet_support_1.cpp:56]   --->   Operation 52 'br' 'br_ln56' <Predicate = true> <Delay = 0.00>


============================================================
+ Verbose Summary: Timing violations
============================================================
Target clock period: 10.000ns, clock uncertainty: 2.700ns.

 <State 1>: 0.402ns
The critical path consists of the following:
	'alloca' operation ('i') [6]  (0.000 ns)
	'store' operation ('store_ln56', lenet_proj/lenet_support_1.cpp:56) of constant 0 on local variable 'i' [13]  (0.402 ns)

 <State 2>: 1.109ns
The critical path consists of the following:
	'load' operation ('i', lenet_proj/lenet_support_1.cpp:56) on local variable 'i' [16]  (0.000 ns)
	'add' operation ('add_ln56', lenet_proj/lenet_support_1.cpp:56) [19]  (0.707 ns)
	'store' operation ('store_ln56', lenet_proj/lenet_support_1.cpp:56) of variable 'add_ln56', lenet_proj/lenet_support_1.cpp:56 on local variable 'i' [36]  (0.402 ns)

 <State 3>: 7.300ns
The critical path consists of the following:
	bus request operation ('gmem_load_req', lenet_proj/lenet_support_1.cpp:57) on port 'gmem' (lenet_proj/lenet_support_1.cpp:57) [32]  (7.300 ns)

 <State 4>: 7.300ns
The critical path consists of the following:
	bus request operation ('gmem_load_req', lenet_proj/lenet_support_1.cpp:57) on port 'gmem' (lenet_proj/lenet_support_1.cpp:57) [32]  (7.300 ns)

 <State 5>: 7.300ns
The critical path consists of the following:
	bus request operation ('gmem_load_req', lenet_proj/lenet_support_1.cpp:57) on port 'gmem' (lenet_proj/lenet_support_1.cpp:57) [32]  (7.300 ns)

 <State 6>: 7.300ns
The critical path consists of the following:
	bus request operation ('gmem_load_req', lenet_proj/lenet_support_1.cpp:57) on port 'gmem' (lenet_proj/lenet_support_1.cpp:57) [32]  (7.300 ns)

 <State 7>: 7.300ns
The critical path consists of the following:
	bus request operation ('gmem_load_req', lenet_proj/lenet_support_1.cpp:57) on port 'gmem' (lenet_proj/lenet_support_1.cpp:57) [32]  (7.300 ns)

 <State 8>: 7.300ns
The critical path consists of the following:
	bus request operation ('gmem_load_req', lenet_proj/lenet_support_1.cpp:57) on port 'gmem' (lenet_proj/lenet_support_1.cpp:57) [32]  (7.300 ns)

 <State 9>: 7.300ns
The critical path consists of the following:
	bus request operation ('gmem_load_req', lenet_proj/lenet_support_1.cpp:57) on port 'gmem' (lenet_proj/lenet_support_1.cpp:57) [32]  (7.300 ns)

 <State 10>: 7.300ns
The critical path consists of the following:
	bus request operation ('gmem_load_req', lenet_proj/lenet_support_1.cpp:57) on port 'gmem' (lenet_proj/lenet_support_1.cpp:57) [32]  (7.300 ns)

 <State 11>: 7.300ns
The critical path consists of the following:
	bus read operation ('gmem_addr_read', lenet_proj/lenet_support_1.cpp:57) on port 'gmem' (lenet_proj/lenet_support_1.cpp:57) [33]  (7.300 ns)

 <State 12>: 1.531ns
The critical path consists of the following:
	'sub' operation ('sub_ln57', lenet_proj/lenet_support_1.cpp:57) [28]  (0.804 ns)
	'call' operation ('call_ln57', lenet_proj/lenet_support_1.cpp:57) to 'fully_connected.6_Pipeline_VITIS_LOOP_58_2' [35]  (0.727 ns)

 <State 13>: 0.000ns
The critical path consists of the following:


============================================================
+ Verbose Summary: Binding
============================================================
N/A
* FSMD analyzer results:
  - Output states:
 - Input state : 
  - Chain level:
	State 1
	State 2
	State 3
	State 4
	State 5
	State 6
	State 7
	State 8
	State 9
	State 10
	State 11
	State 12
	State 13


============================================================
+ Verbose Summary: Datapath Resource usage 
============================================================
N/A
