

================================================================
== Vitis HLS Report for 'lenet_predict'
================================================================
* Date:           Tue Nov 26 16:15:43 2024

* Version:        2023.1 (Build 3854077 on May  4 2023)
* Project:        lenet_proj
* Solution:       lenet_predict (Vivado IP Flow Target)
* Product family: zynquplus
* Target device:  xczu7ev-ffvf1517-3-e


================================================================
== Performance Estimates
================================================================
+ Timing: 
    * Summary: 
    +--------+----------+----------+------------+
    |  Clock |  Target  | Estimated| Uncertainty|
    +--------+----------+----------+------------+
    |ap_clk  |  10.00 ns|  7.300 ns|     2.70 ns|
    +--------+----------+----------+------------+

+ Latency: 
    * Summary: 
    +---------+---------+----------+----------+--------+--------+---------+
    |  Latency (cycles) |  Latency (absolute) |     Interval    | Pipeline|
    |   min   |   max   |    min   |    max   |   min  |   max  |   Type  |
    +---------+---------+----------+----------+--------+--------+---------+
    |   472233|   472233|  4.722 ms|  4.722 ms|  472234|  472234|       no|
    +---------+---------+----------+----------+--------+--------+---------+

    + Detail: 
        * Instance: 
        +---------------------------------------------------+----------------------------------------+---------+---------+-----------+-----------+--------+--------+---------+
        |                                                   |                                        |  Latency (cycles) |   Latency (absolute)  |     Interval    | Pipeline|
        |                      Instance                     |                 Module                 |   min   |   max   |    min    |    max    |   min  |   max  |   Type  |
        +---------------------------------------------------+----------------------------------------+---------+---------+-----------+-----------+--------+--------+---------+
        |grp_conv2d_fu_232                                  |conv2d                                  |   240016|   240016|   2.400 ms|   2.400 ms|  240016|  240016|       no|
        |grp_relu_fu_246                                    |relu                                    |     4707|     4707|  47.070 us|  47.070 us|    4707|    4707|       no|
        |grp_maxpool2d_fu_251                               |maxpool2d                               |     1185|     1185|  11.850 us|  11.850 us|    1185|    1185|       no|
        |grp_conv2d_5_fu_257                                |conv2d_5                                |    41690|    41690|   0.417 ms|   0.417 ms|   41690|   41690|       no|
        |grp_relu_1_fu_267                                  |relu_1                                  |     1603|     1603|  16.030 us|  16.030 us|    1603|    1603|       no|
        |grp_maxpool2d_2_fu_272                             |maxpool2d_2                             |      159|      159|   1.590 us|   1.590 us|     159|     159|       no|
        |grp_fully_connected_fu_278                         |fully_connected                         |   147241|   147241|   1.472 ms|   1.472 ms|  147241|  147241|       no|
        |grp_relu_3_fu_288                                  |relu_3                                  |      123|      123|   1.230 us|   1.230 us|     123|     123|       no|
        |grp_fully_connected_6_fu_293                       |fully_connected_6                       |    32509|    32509|   0.325 ms|   0.325 ms|   32509|   32509|       no|
        |grp_relu_4_fu_303                                  |relu_4                                  |       87|       87|   0.870 us|   0.870 us|      87|      87|       no|
        |grp_fully_connected_7_fu_308                       |fully_connected_7                       |     2791|     2791|  27.910 us|  27.910 us|    2791|    2791|       no|
        |grp_softmax_fu_318                                 |softmax                                 |       82|       82|   0.820 us|   0.820 us|      82|      82|       no|
        |grp_lenet_predict_Pipeline_VITIS_LOOP_67_1_fu_323  |lenet_predict_Pipeline_VITIS_LOOP_67_1  |       12|       12|   0.120 us|   0.120 us|      12|      12|       no|
        +---------------------------------------------------+----------------------------------------+---------+---------+-----------+-----------+--------+--------+---------+

        * Loop: 
        N/A

============================================================
+ Verbose Summary: Synthesis Manager
============================================================
InlineROM: 1
ExposeGlobal: 0
============================================================
+ Verbose Summary: CDFG Model
============================================================
IsTopModel: 1
ResetActiveHigh: 1
IsCombinational: 0
IsDatapathOnly: 0
HasWiredReturn: 1
HasMFsm: 0
HasVarLatency: 1
IsPipeline: 0
IsRtlPipelined: 0
IsInstanceOverlapped: 0
IsDontTouch: 0
HasImplIP: 0
IsGatedGlobalClock: 0


============================================================
+ Verbose Summary: Schedule
============================================================
* Number of FSM states : 29
* Pipeline : 0
* Dataflow Pipeline: 0

* FSM state transitions: 
1 --> 2 
2 --> 3 
3 --> 4 
4 --> 5 
5 --> 6 
6 --> 7 
7 --> 8 
8 --> 9 
9 --> 10 
10 --> 11 
11 --> 12 
12 --> 13 
13 --> 14 
14 --> 15 
15 --> 16 
16 --> 17 
17 --> 18 
18 --> 19 
19 --> 20 
20 --> 21 
21 --> 22 
22 --> 23 
23 --> 24 
24 --> 25 
25 --> 26 
26 --> 27 
27 --> 28 
28 --> 29 
29 --> 

* FSM state operations: 

State 1 <SV = 0> <Delay = 2.19>
ST_1 : Operation 30 [1/1] (1.00ns)   --->   "%fc3_bias_read = read i64 @_ssdm_op_Read.s_axilite.i64, i64 %fc3_bias"   --->   Operation 30 'read' 'fc3_bias_read' <Predicate = true> <Delay = 1.00> <CoreInst = "s_axilite">   --->   Core 122 's_axilite' <Latency = 0> <II = 1> <Delay = 1.00> <Adapter> <Opcode : 'read' 'write'>
ST_1 : Operation 31 [1/1] (1.00ns)   --->   "%fc3_weights_read = read i64 @_ssdm_op_Read.s_axilite.i64, i64 %fc3_weights"   --->   Operation 31 'read' 'fc3_weights_read' <Predicate = true> <Delay = 1.00> <CoreInst = "s_axilite">   --->   Core 122 's_axilite' <Latency = 0> <II = 1> <Delay = 1.00> <Adapter> <Opcode : 'read' 'write'>
ST_1 : Operation 32 [1/1] (1.00ns)   --->   "%fc2_bias_read = read i64 @_ssdm_op_Read.s_axilite.i64, i64 %fc2_bias"   --->   Operation 32 'read' 'fc2_bias_read' <Predicate = true> <Delay = 1.00> <CoreInst = "s_axilite">   --->   Core 122 's_axilite' <Latency = 0> <II = 1> <Delay = 1.00> <Adapter> <Opcode : 'read' 'write'>
ST_1 : Operation 33 [1/1] (1.00ns)   --->   "%fc2_weights_read = read i64 @_ssdm_op_Read.s_axilite.i64, i64 %fc2_weights"   --->   Operation 33 'read' 'fc2_weights_read' <Predicate = true> <Delay = 1.00> <CoreInst = "s_axilite">   --->   Core 122 's_axilite' <Latency = 0> <II = 1> <Delay = 1.00> <Adapter> <Opcode : 'read' 'write'>
ST_1 : Operation 34 [1/1] (1.00ns)   --->   "%fc1_bias_read = read i64 @_ssdm_op_Read.s_axilite.i64, i64 %fc1_bias"   --->   Operation 34 'read' 'fc1_bias_read' <Predicate = true> <Delay = 1.00> <CoreInst = "s_axilite">   --->   Core 122 's_axilite' <Latency = 0> <II = 1> <Delay = 1.00> <Adapter> <Opcode : 'read' 'write'>
ST_1 : Operation 35 [1/1] (1.00ns)   --->   "%fc1_weights_read = read i64 @_ssdm_op_Read.s_axilite.i64, i64 %fc1_weights"   --->   Operation 35 'read' 'fc1_weights_read' <Predicate = true> <Delay = 1.00> <CoreInst = "s_axilite">   --->   Core 122 's_axilite' <Latency = 0> <II = 1> <Delay = 1.00> <Adapter> <Opcode : 'read' 'write'>
ST_1 : Operation 36 [1/1] (1.00ns)   --->   "%conv2_bias_read = read i64 @_ssdm_op_Read.s_axilite.i64, i64 %conv2_bias"   --->   Operation 36 'read' 'conv2_bias_read' <Predicate = true> <Delay = 1.00> <CoreInst = "s_axilite">   --->   Core 122 's_axilite' <Latency = 0> <II = 1> <Delay = 1.00> <Adapter> <Opcode : 'read' 'write'>
ST_1 : Operation 37 [1/1] (1.00ns)   --->   "%conv2_filters_read = read i64 @_ssdm_op_Read.s_axilite.i64, i64 %conv2_filters"   --->   Operation 37 'read' 'conv2_filters_read' <Predicate = true> <Delay = 1.00> <CoreInst = "s_axilite">   --->   Core 122 's_axilite' <Latency = 0> <II = 1> <Delay = 1.00> <Adapter> <Opcode : 'read' 'write'>
ST_1 : Operation 38 [1/1] (1.00ns)   --->   "%conv1_bias_read = read i64 @_ssdm_op_Read.s_axilite.i64, i64 %conv1_bias"   --->   Operation 38 'read' 'conv1_bias_read' <Predicate = true> <Delay = 1.00> <CoreInst = "s_axilite">   --->   Core 122 's_axilite' <Latency = 0> <II = 1> <Delay = 1.00> <Adapter> <Opcode : 'read' 'write'>
ST_1 : Operation 39 [1/1] (1.00ns)   --->   "%conv1_filters_read = read i64 @_ssdm_op_Read.s_axilite.i64, i64 %conv1_filters"   --->   Operation 39 'read' 'conv1_filters_read' <Predicate = true> <Delay = 1.00> <CoreInst = "s_axilite">   --->   Core 122 's_axilite' <Latency = 0> <II = 1> <Delay = 1.00> <Adapter> <Opcode : 'read' 'write'>
ST_1 : Operation 40 [1/1] (1.00ns)   --->   "%input_r_read = read i64 @_ssdm_op_Read.s_axilite.i64, i64 %input_r"   --->   Operation 40 'read' 'input_r_read' <Predicate = true> <Delay = 1.00> <CoreInst = "s_axilite">   --->   Core 122 's_axilite' <Latency = 0> <II = 1> <Delay = 1.00> <Adapter> <Opcode : 'read' 'write'>
ST_1 : Operation 41 [1/1] (0.00ns)   --->   "%i_023_loc = alloca i64 1"   --->   Operation 41 'alloca' 'i_023_loc' <Predicate = true> <Delay = 0.00>
ST_1 : Operation 42 [1/1] (1.09ns)   --->   "%conv1_output = alloca i64 1" [lenet_proj/lenet_main_1.cpp:36]   --->   Operation 42 'alloca' 'conv1_output' <Predicate = true> <Delay = 1.09>
ST_1 : Operation 43 [1/1] (1.09ns)   --->   "%pool1_output = alloca i64 1" [lenet_proj/lenet_main_1.cpp:37]   --->   Operation 43 'alloca' 'pool1_output' <Predicate = true> <Delay = 1.09>
ST_1 : Operation 44 [1/1] (1.09ns)   --->   "%conv2_output = alloca i64 1" [lenet_proj/lenet_main_1.cpp:38]   --->   Operation 44 'alloca' 'conv2_output' <Predicate = true> <Delay = 1.09>
ST_1 : Operation 45 [1/1] (1.09ns)   --->   "%pool2_output = alloca i64 1" [lenet_proj/lenet_main_1.cpp:39]   --->   Operation 45 'alloca' 'pool2_output' <Predicate = true> <Delay = 1.09>
ST_1 : Operation 46 [1/1] (1.09ns)   --->   "%fc1_output = alloca i64 1" [lenet_proj/lenet_main_1.cpp:40]   --->   Operation 46 'alloca' 'fc1_output' <Predicate = true> <Delay = 1.09>
ST_1 : Operation 47 [1/1] (1.09ns)   --->   "%fc2_output = alloca i64 1" [lenet_proj/lenet_main_1.cpp:41]   --->   Operation 47 'alloca' 'fc2_output' <Predicate = true> <Delay = 1.09>
ST_1 : Operation 48 [1/1] (0.61ns)   --->   "%fc3_output = alloca i64 1" [lenet_proj/lenet_main_1.cpp:42]   --->   Operation 48 'alloca' 'fc3_output' <Predicate = true> <Delay = 0.61> <CoreInst = "RAM">   --->   Core 83 'RAM' <Latency = 1> <II = 1> <Delay = 0.61> <Storage> <Opcode : 'load' 'store'> <Ports = 2> <Width = 32> <Depth = 10> <RAM>
ST_1 : Operation 49 [2/2] (1.10ns)   --->   "%call_ln45 = call void @conv2d, i32 %gmem, i64 %input_r_read, i32 %conv1_output, i64 %conv1_filters_read, i64 %conv1_bias_read" [lenet_proj/lenet_main_1.cpp:45]   --->   Operation 49 'call' 'call_ln45' <Predicate = true> <Delay = 1.10> <CoreType = "Generic">   --->   Core 0 '' <Latency = 0> <II = 1> <Delay = 1.00> <Generic> <Opcode : >

State 2 <SV = 1> <Delay = 0.00>
ST_2 : Operation 50 [1/2] (0.00ns)   --->   "%call_ln45 = call void @conv2d, i32 %gmem, i64 %input_r_read, i32 %conv1_output, i64 %conv1_filters_read, i64 %conv1_bias_read" [lenet_proj/lenet_main_1.cpp:45]   --->   Operation 50 'call' 'call_ln45' <Predicate = true> <Delay = 0.00> <CoreType = "Generic">   --->   Core 0 '' <Latency = 0> <II = 1> <Delay = 1.00> <Generic> <Opcode : >

State 3 <SV = 2> <Delay = 0.00>
ST_3 : Operation 51 [2/2] (0.00ns)   --->   "%call_ln46 = call void @relu, i32 %conv1_output" [lenet_proj/lenet_main_1.cpp:46]   --->   Operation 51 'call' 'call_ln46' <Predicate = true> <Delay = 0.00> <CoreType = "Generic">   --->   Core 0 '' <Latency = 0> <II = 1> <Delay = 1.00> <Generic> <Opcode : >

State 4 <SV = 3> <Delay = 0.00>
ST_4 : Operation 52 [1/2] (0.00ns)   --->   "%call_ln46 = call void @relu, i32 %conv1_output" [lenet_proj/lenet_main_1.cpp:46]   --->   Operation 52 'call' 'call_ln46' <Predicate = true> <Delay = 0.00> <CoreType = "Generic">   --->   Core 0 '' <Latency = 0> <II = 1> <Delay = 1.00> <Generic> <Opcode : >

State 5 <SV = 4> <Delay = 0.00>
ST_5 : Operation 53 [2/2] (0.00ns)   --->   "%call_ln47 = call void @maxpool2d, i32 %conv1_output, i32 %pool1_output" [lenet_proj/lenet_main_1.cpp:47]   --->   Operation 53 'call' 'call_ln47' <Predicate = true> <Delay = 0.00> <CoreType = "Generic">   --->   Core 0 '' <Latency = 0> <II = 1> <Delay = 1.00> <Generic> <Opcode : >

State 6 <SV = 5> <Delay = 0.00>
ST_6 : Operation 54 [1/2] (0.00ns)   --->   "%call_ln47 = call void @maxpool2d, i32 %conv1_output, i32 %pool1_output" [lenet_proj/lenet_main_1.cpp:47]   --->   Operation 54 'call' 'call_ln47' <Predicate = true> <Delay = 0.00> <CoreType = "Generic">   --->   Core 0 '' <Latency = 0> <II = 1> <Delay = 1.00> <Generic> <Opcode : >

State 7 <SV = 6> <Delay = 1.10>
ST_7 : Operation 55 [2/2] (1.10ns)   --->   "%call_ln49 = call void @conv2d.5, i32 %pool1_output, i32 %conv2_output, i32 %gmem, i64 %conv2_filters_read, i64 %conv2_bias_read" [lenet_proj/lenet_main_1.cpp:49]   --->   Operation 55 'call' 'call_ln49' <Predicate = true> <Delay = 1.10> <CoreType = "Generic">   --->   Core 0 '' <Latency = 0> <II = 1> <Delay = 1.00> <Generic> <Opcode : >

State 8 <SV = 7> <Delay = 0.00>
ST_8 : Operation 56 [1/2] (0.00ns)   --->   "%call_ln49 = call void @conv2d.5, i32 %pool1_output, i32 %conv2_output, i32 %gmem, i64 %conv2_filters_read, i64 %conv2_bias_read" [lenet_proj/lenet_main_1.cpp:49]   --->   Operation 56 'call' 'call_ln49' <Predicate = true> <Delay = 0.00> <CoreType = "Generic">   --->   Core 0 '' <Latency = 0> <II = 1> <Delay = 1.00> <Generic> <Opcode : >

State 9 <SV = 8> <Delay = 0.00>
ST_9 : Operation 57 [2/2] (0.00ns)   --->   "%call_ln50 = call void @relu.1, i32 %conv2_output" [lenet_proj/lenet_main_1.cpp:50]   --->   Operation 57 'call' 'call_ln50' <Predicate = true> <Delay = 0.00> <CoreType = "Generic">   --->   Core 0 '' <Latency = 0> <II = 1> <Delay = 1.00> <Generic> <Opcode : >

State 10 <SV = 9> <Delay = 0.00>
ST_10 : Operation 58 [1/2] (0.00ns)   --->   "%call_ln50 = call void @relu.1, i32 %conv2_output" [lenet_proj/lenet_main_1.cpp:50]   --->   Operation 58 'call' 'call_ln50' <Predicate = true> <Delay = 0.00> <CoreType = "Generic">   --->   Core 0 '' <Latency = 0> <II = 1> <Delay = 1.00> <Generic> <Opcode : >

State 11 <SV = 10> <Delay = 0.00>
ST_11 : Operation 59 [2/2] (0.00ns)   --->   "%call_ln51 = call void @maxpool2d.2, i32 %conv2_output, i32 %pool2_output" [lenet_proj/lenet_main_1.cpp:51]   --->   Operation 59 'call' 'call_ln51' <Predicate = true> <Delay = 0.00> <CoreType = "Generic">   --->   Core 0 '' <Latency = 0> <II = 1> <Delay = 1.00> <Generic> <Opcode : >

State 12 <SV = 11> <Delay = 0.00>
ST_12 : Operation 60 [1/2] (0.00ns)   --->   "%call_ln51 = call void @maxpool2d.2, i32 %conv2_output, i32 %pool2_output" [lenet_proj/lenet_main_1.cpp:51]   --->   Operation 60 'call' 'call_ln51' <Predicate = true> <Delay = 0.00> <CoreType = "Generic">   --->   Core 0 '' <Latency = 0> <II = 1> <Delay = 1.00> <Generic> <Opcode : >

State 13 <SV = 12> <Delay = 0.00>
ST_13 : Operation 61 [2/2] (0.00ns)   --->   "%call_ln53 = call void @fully_connected, i32 %pool2_output, i32 %fc1_output, i32 %gmem, i64 %fc1_weights_read, i64 %fc1_bias_read" [lenet_proj/lenet_main_1.cpp:53]   --->   Operation 61 'call' 'call_ln53' <Predicate = true> <Delay = 0.00> <CoreType = "Generic">   --->   Core 0 '' <Latency = 0> <II = 1> <Delay = 1.00> <Generic> <Opcode : >

State 14 <SV = 13> <Delay = 0.00>
ST_14 : Operation 62 [1/2] (0.00ns)   --->   "%call_ln53 = call void @fully_connected, i32 %pool2_output, i32 %fc1_output, i32 %gmem, i64 %fc1_weights_read, i64 %fc1_bias_read" [lenet_proj/lenet_main_1.cpp:53]   --->   Operation 62 'call' 'call_ln53' <Predicate = true> <Delay = 0.00> <CoreType = "Generic">   --->   Core 0 '' <Latency = 0> <II = 1> <Delay = 1.00> <Generic> <Opcode : >

State 15 <SV = 14> <Delay = 0.00>
ST_15 : Operation 63 [2/2] (0.00ns)   --->   "%call_ln54 = call void @relu.3, i32 %fc1_output" [lenet_proj/lenet_main_1.cpp:54]   --->   Operation 63 'call' 'call_ln54' <Predicate = true> <Delay = 0.00> <CoreType = "Generic">   --->   Core 0 '' <Latency = 0> <II = 1> <Delay = 1.00> <Generic> <Opcode : >

State 16 <SV = 15> <Delay = 0.00>
ST_16 : Operation 64 [1/2] (0.00ns)   --->   "%call_ln54 = call void @relu.3, i32 %fc1_output" [lenet_proj/lenet_main_1.cpp:54]   --->   Operation 64 'call' 'call_ln54' <Predicate = true> <Delay = 0.00> <CoreType = "Generic">   --->   Core 0 '' <Latency = 0> <II = 1> <Delay = 1.00> <Generic> <Opcode : >

State 17 <SV = 16> <Delay = 0.00>
ST_17 : Operation 65 [2/2] (0.00ns)   --->   "%call_ln56 = call void @fully_connected.6, i32 %fc1_output, i32 %fc2_output, i32 %gmem, i64 %fc2_weights_read, i64 %fc2_bias_read" [lenet_proj/lenet_main_1.cpp:56]   --->   Operation 65 'call' 'call_ln56' <Predicate = true> <Delay = 0.00> <CoreType = "Generic">   --->   Core 0 '' <Latency = 0> <II = 1> <Delay = 1.00> <Generic> <Opcode : >

State 18 <SV = 17> <Delay = 0.00>
ST_18 : Operation 66 [1/2] (0.00ns)   --->   "%call_ln56 = call void @fully_connected.6, i32 %fc1_output, i32 %fc2_output, i32 %gmem, i64 %fc2_weights_read, i64 %fc2_bias_read" [lenet_proj/lenet_main_1.cpp:56]   --->   Operation 66 'call' 'call_ln56' <Predicate = true> <Delay = 0.00> <CoreType = "Generic">   --->   Core 0 '' <Latency = 0> <II = 1> <Delay = 1.00> <Generic> <Opcode : >

State 19 <SV = 18> <Delay = 0.00>
ST_19 : Operation 67 [2/2] (0.00ns)   --->   "%call_ln57 = call void @relu.4, i32 %fc2_output" [lenet_proj/lenet_main_1.cpp:57]   --->   Operation 67 'call' 'call_ln57' <Predicate = true> <Delay = 0.00> <CoreType = "Generic">   --->   Core 0 '' <Latency = 0> <II = 1> <Delay = 1.00> <Generic> <Opcode : >

State 20 <SV = 19> <Delay = 0.00>
ST_20 : Operation 68 [1/2] (0.00ns)   --->   "%call_ln57 = call void @relu.4, i32 %fc2_output" [lenet_proj/lenet_main_1.cpp:57]   --->   Operation 68 'call' 'call_ln57' <Predicate = true> <Delay = 0.00> <CoreType = "Generic">   --->   Core 0 '' <Latency = 0> <II = 1> <Delay = 1.00> <Generic> <Opcode : >

State 21 <SV = 20> <Delay = 0.00>
ST_21 : Operation 69 [2/2] (0.00ns)   --->   "%call_ln59 = call void @fully_connected.7, i32 %fc2_output, i32 %fc3_output, i32 %gmem, i64 %fc3_weights_read, i64 %fc3_bias_read" [lenet_proj/lenet_main_1.cpp:59]   --->   Operation 69 'call' 'call_ln59' <Predicate = true> <Delay = 0.00> <CoreType = "Generic">   --->   Core 0 '' <Latency = 0> <II = 1> <Delay = 1.00> <Generic> <Opcode : >

State 22 <SV = 21> <Delay = 0.00>
ST_22 : Operation 70 [1/2] (0.00ns)   --->   "%call_ln59 = call void @fully_connected.7, i32 %fc2_output, i32 %fc3_output, i32 %gmem, i64 %fc3_weights_read, i64 %fc3_bias_read" [lenet_proj/lenet_main_1.cpp:59]   --->   Operation 70 'call' 'call_ln59' <Predicate = true> <Delay = 0.00> <CoreType = "Generic">   --->   Core 0 '' <Latency = 0> <II = 1> <Delay = 1.00> <Generic> <Opcode : >

State 23 <SV = 22> <Delay = 0.00>
ST_23 : Operation 71 [2/2] (0.00ns)   --->   "%call_ln62 = call void @softmax, i32 %fc3_output" [lenet_proj/lenet_main_1.cpp:62]   --->   Operation 71 'call' 'call_ln62' <Predicate = true> <Delay = 0.00> <CoreType = "Generic">   --->   Core 0 '' <Latency = 0> <II = 1> <Delay = 1.00> <Generic> <Opcode : >

State 24 <SV = 23> <Delay = 0.00>
ST_24 : Operation 72 [1/2] (0.00ns)   --->   "%call_ln62 = call void @softmax, i32 %fc3_output" [lenet_proj/lenet_main_1.cpp:62]   --->   Operation 72 'call' 'call_ln62' <Predicate = true> <Delay = 0.00> <CoreType = "Generic">   --->   Core 0 '' <Latency = 0> <II = 1> <Delay = 1.00> <Generic> <Opcode : >

State 25 <SV = 24> <Delay = 0.61>
ST_25 : Operation 73 [1/1] (0.00ns)   --->   "%fc3_output_addr = getelementptr i32 %fc3_output, i64 0, i64 0" [lenet_proj/lenet_main_1.cpp:59]   --->   Operation 73 'getelementptr' 'fc3_output_addr' <Predicate = true> <Delay = 0.00>
ST_25 : Operation 74 [2/2] (0.61ns)   --->   "%max_prob = load i4 %fc3_output_addr" [lenet_proj/lenet_main_1.cpp:66]   --->   Operation 74 'load' 'max_prob' <Predicate = true> <Delay = 0.61> <CoreInst = "RAM">   --->   Core 83 'RAM' <Latency = 1> <II = 1> <Delay = 0.61> <Storage> <Opcode : 'load' 'store'> <Ports = 2> <Width = 32> <Depth = 10> <RAM>

State 26 <SV = 25> <Delay = 0.61>
ST_26 : Operation 75 [1/2] (0.61ns)   --->   "%max_prob = load i4 %fc3_output_addr" [lenet_proj/lenet_main_1.cpp:66]   --->   Operation 75 'load' 'max_prob' <Predicate = true> <Delay = 0.61> <CoreInst = "RAM">   --->   Core 83 'RAM' <Latency = 1> <II = 1> <Delay = 0.61> <Storage> <Opcode : 'load' 'store'> <Ports = 2> <Width = 32> <Depth = 10> <RAM>

State 27 <SV = 26> <Delay = 0.40>
ST_27 : Operation 76 [2/2] (0.40ns)   --->   "%call_ln66 = call void @lenet_predict_Pipeline_VITIS_LOOP_67_1, i32 %max_prob, i32 %fc3_output, i32 %i_023_loc" [lenet_proj/lenet_main_1.cpp:66]   --->   Operation 76 'call' 'call_ln66' <Predicate = true> <Delay = 0.40> <CoreType = "Generic">   --->   Core 0 '' <Latency = 0> <II = 1> <Delay = 1.00> <Generic> <Opcode : >

State 28 <SV = 27> <Delay = 0.00>
ST_28 : Operation 77 [1/2] (0.00ns)   --->   "%call_ln66 = call void @lenet_predict_Pipeline_VITIS_LOOP_67_1, i32 %max_prob, i32 %fc3_output, i32 %i_023_loc" [lenet_proj/lenet_main_1.cpp:66]   --->   Operation 77 'call' 'call_ln66' <Predicate = true> <Delay = 0.00> <CoreType = "Generic">   --->   Core 0 '' <Latency = 0> <II = 1> <Delay = 1.00> <Generic> <Opcode : >

State 29 <SV = 28> <Delay = 1.00>
ST_29 : Operation 78 [1/1] (0.00ns)   --->   "%spectopmodule_ln7 = spectopmodule void @_ssdm_op_SpecTopModule, void @empty_11" [lenet_proj/lenet_main_1.cpp:7]   --->   Operation 78 'spectopmodule' 'spectopmodule_ln7' <Predicate = true> <Delay = 0.00>
ST_29 : Operation 79 [1/1] (0.00ns)   --->   "%specinterface_ln0 = specinterface void @_ssdm_op_SpecInterface, i32 %gmem, void @empty_9, i32 0, i32 0, void @empty_21, i32 0, i32 0, void @empty_22, void @empty_24, void @empty_21, i32 16, i32 16, i32 16, i32 16, void @empty_21, void @empty_21, i32 4294967295, i32 0"   --->   Operation 79 'specinterface' 'specinterface_ln0' <Predicate = true> <Delay = 0.00>
ST_29 : Operation 80 [1/1] (0.00ns)   --->   "%specbitsmap_ln0 = specbitsmap void @_ssdm_op_SpecBitsMap, i32 %gmem"   --->   Operation 80 'specbitsmap' 'specbitsmap_ln0' <Predicate = true> <Delay = 0.00>
ST_29 : Operation 81 [1/1] (0.00ns)   --->   "%specinterface_ln0 = specinterface void @_ssdm_op_SpecInterface, i64 %input_r, void @empty_25, i32 0, i32 0, void @empty_21, i32 0, i32 0, void @empty_26, void @empty_27, void @empty_21, i32 0, i32 0, i32 0, i32 0, void @empty_21, void @empty, i32 4294967295, i32 0"   --->   Operation 81 'specinterface' 'specinterface_ln0' <Predicate = true> <Delay = 0.00>
ST_29 : Operation 82 [1/1] (0.00ns)   --->   "%specinterface_ln0 = specinterface void @_ssdm_op_SpecInterface, i64 %input_r, void @empty_0, i32 0, i32 0, void @empty_21, i32 0, i32 0, void @empty_21, void @empty_21, void @empty_21, i32 0, i32 0, i32 0, i32 0, void @empty_21, void @empty, i32 4294967295, i32 0"   --->   Operation 82 'specinterface' 'specinterface_ln0' <Predicate = true> <Delay = 0.00>
ST_29 : Operation 83 [1/1] (0.00ns)   --->   "%specbitsmap_ln0 = specbitsmap void @_ssdm_op_SpecBitsMap, i32 %predicted_class"   --->   Operation 83 'specbitsmap' 'specbitsmap_ln0' <Predicate = true> <Delay = 0.00>
ST_29 : Operation 84 [1/1] (0.00ns)   --->   "%specinterface_ln0 = specinterface void @_ssdm_op_SpecInterface, i32 %predicted_class, void @empty_25, i32 0, i32 0, void @empty_21, i32 0, i32 0, void @empty_1, void @empty_27, void @empty_21, i32 0, i32 0, i32 0, i32 0, void @empty_21, void @empty_21, i32 4294967295, i32 0"   --->   Operation 84 'specinterface' 'specinterface_ln0' <Predicate = true> <Delay = 0.00>
ST_29 : Operation 85 [1/1] (0.00ns)   --->   "%specinterface_ln0 = specinterface void @_ssdm_op_SpecInterface, i32 %predicted_class, void @empty_0, i32 0, i32 0, void @empty_21, i32 0, i32 0, void @empty_21, void @empty_21, void @empty_21, i32 0, i32 0, i32 0, i32 0, void @empty_21, void @empty_21, i32 4294967295, i32 0"   --->   Operation 85 'specinterface' 'specinterface_ln0' <Predicate = true> <Delay = 0.00>
ST_29 : Operation 86 [1/1] (0.00ns)   --->   "%specinterface_ln0 = specinterface void @_ssdm_op_SpecInterface, i64 %conv1_filters, void @empty_25, i32 0, i32 0, void @empty_21, i32 0, i32 0, void @empty_26, void @empty_2, void @empty_21, i32 0, i32 0, i32 0, i32 0, void @empty_21, void @empty, i32 4294967295, i32 0"   --->   Operation 86 'specinterface' 'specinterface_ln0' <Predicate = true> <Delay = 0.00>
ST_29 : Operation 87 [1/1] (0.00ns)   --->   "%specinterface_ln0 = specinterface void @_ssdm_op_SpecInterface, i64 %conv1_filters, void @empty_0, i32 0, i32 0, void @empty_21, i32 0, i32 0, void @empty_21, void @empty_21, void @empty_21, i32 0, i32 0, i32 0, i32 0, void @empty_21, void @empty, i32 4294967295, i32 0"   --->   Operation 87 'specinterface' 'specinterface_ln0' <Predicate = true> <Delay = 0.00>
ST_29 : Operation 88 [1/1] (0.00ns)   --->   "%specinterface_ln0 = specinterface void @_ssdm_op_SpecInterface, i64 %conv1_bias, void @empty_25, i32 0, i32 0, void @empty_21, i32 0, i32 0, void @empty_26, void @empty_3, void @empty_21, i32 0, i32 0, i32 0, i32 0, void @empty_21, void @empty, i32 4294967295, i32 0"   --->   Operation 88 'specinterface' 'specinterface_ln0' <Predicate = true> <Delay = 0.00>
ST_29 : Operation 89 [1/1] (0.00ns)   --->   "%specinterface_ln0 = specinterface void @_ssdm_op_SpecInterface, i64 %conv1_bias, void @empty_0, i32 0, i32 0, void @empty_21, i32 0, i32 0, void @empty_21, void @empty_21, void @empty_21, i32 0, i32 0, i32 0, i32 0, void @empty_21, void @empty, i32 4294967295, i32 0"   --->   Operation 89 'specinterface' 'specinterface_ln0' <Predicate = true> <Delay = 0.00>
ST_29 : Operation 90 [1/1] (0.00ns)   --->   "%specinterface_ln0 = specinterface void @_ssdm_op_SpecInterface, i64 %conv2_filters, void @empty_25, i32 0, i32 0, void @empty_21, i32 0, i32 0, void @empty_26, void @empty_4, void @empty_21, i32 0, i32 0, i32 0, i32 0, void @empty_21, void @empty, i32 4294967295, i32 0"   --->   Operation 90 'specinterface' 'specinterface_ln0' <Predicate = true> <Delay = 0.00>
ST_29 : Operation 91 [1/1] (0.00ns)   --->   "%specinterface_ln0 = specinterface void @_ssdm_op_SpecInterface, i64 %conv2_filters, void @empty_0, i32 0, i32 0, void @empty_21, i32 0, i32 0, void @empty_21, void @empty_21, void @empty_21, i32 0, i32 0, i32 0, i32 0, void @empty_21, void @empty, i32 4294967295, i32 0"   --->   Operation 91 'specinterface' 'specinterface_ln0' <Predicate = true> <Delay = 0.00>
ST_29 : Operation 92 [1/1] (0.00ns)   --->   "%specinterface_ln0 = specinterface void @_ssdm_op_SpecInterface, i64 %conv2_bias, void @empty_25, i32 0, i32 0, void @empty_21, i32 0, i32 0, void @empty_26, void @empty_5, void @empty_21, i32 0, i32 0, i32 0, i32 0, void @empty_21, void @empty, i32 4294967295, i32 0"   --->   Operation 92 'specinterface' 'specinterface_ln0' <Predicate = true> <Delay = 0.00>
ST_29 : Operation 93 [1/1] (0.00ns)   --->   "%specinterface_ln0 = specinterface void @_ssdm_op_SpecInterface, i64 %conv2_bias, void @empty_0, i32 0, i32 0, void @empty_21, i32 0, i32 0, void @empty_21, void @empty_21, void @empty_21, i32 0, i32 0, i32 0, i32 0, void @empty_21, void @empty, i32 4294967295, i32 0"   --->   Operation 93 'specinterface' 'specinterface_ln0' <Predicate = true> <Delay = 0.00>
ST_29 : Operation 94 [1/1] (0.00ns)   --->   "%specinterface_ln0 = specinterface void @_ssdm_op_SpecInterface, i64 %fc1_weights, void @empty_25, i32 0, i32 0, void @empty_21, i32 0, i32 0, void @empty_26, void @empty_6, void @empty_21, i32 0, i32 0, i32 0, i32 0, void @empty_21, void @empty, i32 4294967295, i32 0"   --->   Operation 94 'specinterface' 'specinterface_ln0' <Predicate = true> <Delay = 0.00>
ST_29 : Operation 95 [1/1] (0.00ns)   --->   "%specinterface_ln0 = specinterface void @_ssdm_op_SpecInterface, i64 %fc1_weights, void @empty_0, i32 0, i32 0, void @empty_21, i32 0, i32 0, void @empty_21, void @empty_21, void @empty_21, i32 0, i32 0, i32 0, i32 0, void @empty_21, void @empty, i32 4294967295, i32 0"   --->   Operation 95 'specinterface' 'specinterface_ln0' <Predicate = true> <Delay = 0.00>
ST_29 : Operation 96 [1/1] (0.00ns)   --->   "%specinterface_ln0 = specinterface void @_ssdm_op_SpecInterface, i64 %fc1_bias, void @empty_25, i32 0, i32 0, void @empty_21, i32 0, i32 0, void @empty_26, void @empty_7, void @empty_21, i32 0, i32 0, i32 0, i32 0, void @empty_21, void @empty, i32 4294967295, i32 0"   --->   Operation 96 'specinterface' 'specinterface_ln0' <Predicate = true> <Delay = 0.00>
ST_29 : Operation 97 [1/1] (0.00ns)   --->   "%specinterface_ln0 = specinterface void @_ssdm_op_SpecInterface, i64 %fc1_bias, void @empty_0, i32 0, i32 0, void @empty_21, i32 0, i32 0, void @empty_21, void @empty_21, void @empty_21, i32 0, i32 0, i32 0, i32 0, void @empty_21, void @empty, i32 4294967295, i32 0"   --->   Operation 97 'specinterface' 'specinterface_ln0' <Predicate = true> <Delay = 0.00>
ST_29 : Operation 98 [1/1] (0.00ns)   --->   "%specinterface_ln0 = specinterface void @_ssdm_op_SpecInterface, i64 %fc2_weights, void @empty_25, i32 0, i32 0, void @empty_21, i32 0, i32 0, void @empty_26, void @empty_8, void @empty_21, i32 0, i32 0, i32 0, i32 0, void @empty_21, void @empty, i32 4294967295, i32 0"   --->   Operation 98 'specinterface' 'specinterface_ln0' <Predicate = true> <Delay = 0.00>
ST_29 : Operation 99 [1/1] (0.00ns)   --->   "%specinterface_ln0 = specinterface void @_ssdm_op_SpecInterface, i64 %fc2_weights, void @empty_0, i32 0, i32 0, void @empty_21, i32 0, i32 0, void @empty_21, void @empty_21, void @empty_21, i32 0, i32 0, i32 0, i32 0, void @empty_21, void @empty, i32 4294967295, i32 0"   --->   Operation 99 'specinterface' 'specinterface_ln0' <Predicate = true> <Delay = 0.00>
ST_29 : Operation 100 [1/1] (0.00ns)   --->   "%specinterface_ln0 = specinterface void @_ssdm_op_SpecInterface, i64 %fc2_bias, void @empty_25, i32 0, i32 0, void @empty_21, i32 0, i32 0, void @empty_26, void @empty_20, void @empty_21, i32 0, i32 0, i32 0, i32 0, void @empty_21, void @empty, i32 4294967295, i32 0"   --->   Operation 100 'specinterface' 'specinterface_ln0' <Predicate = true> <Delay = 0.00>
ST_29 : Operation 101 [1/1] (0.00ns)   --->   "%specinterface_ln0 = specinterface void @_ssdm_op_SpecInterface, i64 %fc2_bias, void @empty_0, i32 0, i32 0, void @empty_21, i32 0, i32 0, void @empty_21, void @empty_21, void @empty_21, i32 0, i32 0, i32 0, i32 0, void @empty_21, void @empty, i32 4294967295, i32 0"   --->   Operation 101 'specinterface' 'specinterface_ln0' <Predicate = true> <Delay = 0.00>
ST_29 : Operation 102 [1/1] (0.00ns)   --->   "%specinterface_ln0 = specinterface void @_ssdm_op_SpecInterface, i64 %fc3_weights, void @empty_25, i32 0, i32 0, void @empty_21, i32 0, i32 0, void @empty_26, void @empty_10, void @empty_21, i32 0, i32 0, i32 0, i32 0, void @empty_21, void @empty, i32 4294967295, i32 0"   --->   Operation 102 'specinterface' 'specinterface_ln0' <Predicate = true> <Delay = 0.00>
ST_29 : Operation 103 [1/1] (0.00ns)   --->   "%specinterface_ln0 = specinterface void @_ssdm_op_SpecInterface, i64 %fc3_weights, void @empty_0, i32 0, i32 0, void @empty_21, i32 0, i32 0, void @empty_21, void @empty_21, void @empty_21, i32 0, i32 0, i32 0, i32 0, void @empty_21, void @empty, i32 4294967295, i32 0"   --->   Operation 103 'specinterface' 'specinterface_ln0' <Predicate = true> <Delay = 0.00>
ST_29 : Operation 104 [1/1] (0.00ns)   --->   "%specinterface_ln0 = specinterface void @_ssdm_op_SpecInterface, i64 %fc3_bias, void @empty_25, i32 0, i32 0, void @empty_21, i32 0, i32 0, void @empty_26, void @empty_23, void @empty_21, i32 0, i32 0, i32 0, i32 0, void @empty_21, void @empty, i32 4294967295, i32 0"   --->   Operation 104 'specinterface' 'specinterface_ln0' <Predicate = true> <Delay = 0.00>
ST_29 : Operation 105 [1/1] (0.00ns)   --->   "%specinterface_ln0 = specinterface void @_ssdm_op_SpecInterface, i64 %fc3_bias, void @empty_0, i32 0, i32 0, void @empty_21, i32 0, i32 0, void @empty_21, void @empty_21, void @empty_21, i32 0, i32 0, i32 0, i32 0, void @empty_21, void @empty, i32 4294967295, i32 0"   --->   Operation 105 'specinterface' 'specinterface_ln0' <Predicate = true> <Delay = 0.00>
ST_29 : Operation 106 [1/1] (0.00ns)   --->   "%specinterface_ln0 = specinterface void @_ssdm_op_SpecInterface, i32 0, void @empty_25, i32 0, i32 0, void @empty_21, i32 0, i32 0, void @empty_1, void @empty_21, void @empty_21, i32 0, i32 0, i32 0, i32 0, void @empty_21, void @empty_21, i32 4294967295, i32 0"   --->   Operation 106 'specinterface' 'specinterface_ln0' <Predicate = true> <Delay = 0.00>
ST_29 : Operation 107 [1/1] (0.00ns)   --->   "%i_023_loc_load = load i32 %i_023_loc"   --->   Operation 107 'load' 'i_023_loc_load' <Predicate = true> <Delay = 0.00>
ST_29 : Operation 108 [1/1] (1.00ns)   --->   "%write_ln70 = write void @_ssdm_op_Write.s_axilite.i32P0A, i32 %predicted_class, i32 %i_023_loc_load" [lenet_proj/lenet_main_1.cpp:70]   --->   Operation 108 'write' 'write_ln70' <Predicate = true> <Delay = 1.00> <CoreInst = "s_axilite">   --->   Core 122 's_axilite' <Latency = 0> <II = 1> <Delay = 1.00> <Adapter> <Opcode : 'read' 'write'>
ST_29 : Operation 109 [1/1] (0.00ns)   --->   "%ret_ln73 = ret" [lenet_proj/lenet_main_1.cpp:73]   --->   Operation 109 'ret' 'ret_ln73' <Predicate = true> <Delay = 0.00>


============================================================
+ Verbose Summary: Binding
============================================================
STG Binding: 
---------------- STG Properties BEGIN ----------------
- Is combinational: 0
- Is one-state seq: 0
- Is datapath-only: 0
- Is pipelined: 0
- Is top level: 1
Port [ Return ] is wired: 1; IO mode=ap_ctrl_hs:ce=0
Port [ gmem]:  wired=1; compound=1; hidden=0; nouse=0; global=0; static=0; extern=0; dir=0; type=4; pingpong=0; private_global=0; IO mode=m_axi:ce=0
Port [ input_r]:  wired=1; compound=0; hidden=0; nouse=0; global=0; static=0; extern=0; dir=0; type=0; pingpong=0; private_global=0; IO mode=ap_none:ce=0
Port [ predicted_class]:  wired=1; compound=0; hidden=0; nouse=0; global=0; static=0; extern=0; dir=1; type=0; pingpong=0; private_global=0; IO mode=ap_vld:ce=0
Port [ conv1_filters]:  wired=1; compound=0; hidden=0; nouse=0; global=0; static=0; extern=0; dir=0; type=0; pingpong=0; private_global=0; IO mode=ap_none:ce=0
Port [ conv1_bias]:  wired=1; compound=0; hidden=0; nouse=0; global=0; static=0; extern=0; dir=0; type=0; pingpong=0; private_global=0; IO mode=ap_none:ce=0
Port [ conv2_filters]:  wired=1; compound=0; hidden=0; nouse=0; global=0; static=0; extern=0; dir=0; type=0; pingpong=0; private_global=0; IO mode=ap_none:ce=0
Port [ conv2_bias]:  wired=1; compound=0; hidden=0; nouse=0; global=0; static=0; extern=0; dir=0; type=0; pingpong=0; private_global=0; IO mode=ap_none:ce=0
Port [ fc1_weights]:  wired=1; compound=0; hidden=0; nouse=0; global=0; static=0; extern=0; dir=0; type=0; pingpong=0; private_global=0; IO mode=ap_none:ce=0
Port [ fc1_bias]:  wired=1; compound=0; hidden=0; nouse=0; global=0; static=0; extern=0; dir=0; type=0; pingpong=0; private_global=0; IO mode=ap_none:ce=0
Port [ fc2_weights]:  wired=1; compound=0; hidden=0; nouse=0; global=0; static=0; extern=0; dir=0; type=0; pingpong=0; private_global=0; IO mode=ap_none:ce=0
Port [ fc2_bias]:  wired=1; compound=0; hidden=0; nouse=0; global=0; static=0; extern=0; dir=0; type=0; pingpong=0; private_global=0; IO mode=ap_none:ce=0
Port [ fc3_weights]:  wired=1; compound=0; hidden=0; nouse=0; global=0; static=0; extern=0; dir=0; type=0; pingpong=0; private_global=0; IO mode=ap_none:ce=0
Port [ fc3_bias]:  wired=1; compound=0; hidden=0; nouse=0; global=0; static=0; extern=0; dir=0; type=0; pingpong=0; private_global=0; IO mode=ap_none:ce=0
---------------- STG Properties END ------------------

---------------- Datapath Model BEGIN ----------------

<LifeTime>
<method=bitvector/>
fc3_bias_read      (read         ) [ 001111111111111111111110000000]
fc3_weights_read   (read         ) [ 001111111111111111111110000000]
fc2_bias_read      (read         ) [ 001111111111111111100000000000]
fc2_weights_read   (read         ) [ 001111111111111111100000000000]
fc1_bias_read      (read         ) [ 001111111111111000000000000000]
fc1_weights_read   (read         ) [ 001111111111111000000000000000]
conv2_bias_read    (read         ) [ 001111111000000000000000000000]
conv2_filters_read (read         ) [ 001111111000000000000000000000]
conv1_bias_read    (read         ) [ 001000000000000000000000000000]
conv1_filters_read (read         ) [ 001000000000000000000000000000]
input_r_read       (read         ) [ 001000000000000000000000000000]
i_023_loc          (alloca       ) [ 001111111111111111111111111111]
conv1_output       (alloca       ) [ 001111100000000000000000000000]
pool1_output       (alloca       ) [ 001111111000000000000000000000]
conv2_output       (alloca       ) [ 001111111111100000000000000000]
pool2_output       (alloca       ) [ 001111111111111000000000000000]
fc1_output         (alloca       ) [ 001111111111111111100000000000]
fc2_output         (alloca       ) [ 001111111111111111111110000000]
fc3_output         (alloca       ) [ 001111111111111111111111111110]
call_ln45          (call         ) [ 000000000000000000000000000000]
call_ln46          (call         ) [ 000000000000000000000000000000]
call_ln47          (call         ) [ 000000000000000000000000000000]
call_ln49          (call         ) [ 000000000000000000000000000000]
call_ln50          (call         ) [ 000000000000000000000000000000]
call_ln51          (call         ) [ 000000000000000000000000000000]
call_ln53          (call         ) [ 000000000000000000000000000000]
call_ln54          (call         ) [ 000000000000000000000000000000]
call_ln56          (call         ) [ 000000000000000000000000000000]
call_ln57          (call         ) [ 000000000000000000000000000000]
call_ln59          (call         ) [ 000000000000000000000000000000]
call_ln62          (call         ) [ 000000000000000000000000000000]
fc3_output_addr    (getelementptr) [ 000000000000000000000000001000]
max_prob           (load         ) [ 000000000000000000000000000110]
call_ln66          (call         ) [ 000000000000000000000000000000]
spectopmodule_ln7  (spectopmodule) [ 000000000000000000000000000000]
specinterface_ln0  (specinterface) [ 000000000000000000000000000000]
specbitsmap_ln0    (specbitsmap  ) [ 000000000000000000000000000000]
specinterface_ln0  (specinterface) [ 000000000000000000000000000000]
specinterface_ln0  (specinterface) [ 000000000000000000000000000000]
specbitsmap_ln0    (specbitsmap  ) [ 000000000000000000000000000000]
specinterface_ln0  (specinterface) [ 000000000000000000000000000000]
specinterface_ln0  (specinterface) [ 000000000000000000000000000000]
specinterface_ln0  (specinterface) [ 000000000000000000000000000000]
specinterface_ln0  (specinterface) [ 000000000000000000000000000000]
specinterface_ln0  (specinterface) [ 000000000000000000000000000000]
specinterface_ln0  (specinterface) [ 000000000000000000000000000000]
specinterface_ln0  (specinterface) [ 000000000000000000000000000000]
specinterface_ln0  (specinterface) [ 000000000000000000000000000000]
specinterface_ln0  (specinterface) [ 000000000000000000000000000000]
specinterface_ln0  (specinterface) [ 000000000000000000000000000000]
specinterface_ln0  (specinterface) [ 000000000000000000000000000000]
specinterface_ln0  (specinterface) [ 000000000000000000000000000000]
specinterface_ln0  (specinterface) [ 000000000000000000000000000000]
specinterface_ln0  (specinterface) [ 000000000000000000000000000000]
specinterface_ln0  (specinterface) [ 000000000000000000000000000000]
specinterface_ln0  (specinterface) [ 000000000000000000000000000000]
specinterface_ln0  (specinterface) [ 000000000000000000000000000000]
specinterface_ln0  (specinterface) [ 000000000000000000000000000000]
specinterface_ln0  (specinterface) [ 000000000000000000000000000000]
specinterface_ln0  (specinterface) [ 000000000000000000000000000000]
specinterface_ln0  (specinterface) [ 000000000000000000000000000000]
specinterface_ln0  (specinterface) [ 000000000000000000000000000000]
specinterface_ln0  (specinterface) [ 000000000000000000000000000000]
i_023_loc_load     (load         ) [ 000000000000000000000000000000]
write_ln70         (write        ) [ 000000000000000000000000000000]
ret_ln73           (ret          ) [ 000000000000000000000000000000]
</LifeTime>

<model>

<comp_list>
<comp id="0" class="1000" name="gmem">
<pin_list>
<pin id="1" dir="1" index="0" bw="1" slack="0"/>
</pin_list>
<bind>
<StgValue><ssdm name="gmem"/></StgValue>
</bind>
</comp>

<comp id="2" class="1000" name="input_r">
<pin_list>
<pin id="3" dir="1" index="0" bw="1" slack="0"/>
</pin_list>
<bind>
<StgValue><ssdm name="input_r"/></StgValue>
</bind>
</comp>

<comp id="4" class="1000" name="predicted_class">
<pin_list>
<pin id="5" dir="1" index="0" bw="1" slack="0"/>
</pin_list>
<bind>
<StgValue><ssdm name="predicted_class"/></StgValue>
</bind>
</comp>

<comp id="6" class="1000" name="conv1_filters">
<pin_list>
<pin id="7" dir="1" index="0" bw="1" slack="0"/>
</pin_list>
<bind>
<StgValue><ssdm name="conv1_filters"/></StgValue>
</bind>
</comp>

<comp id="8" class="1000" name="conv1_bias">
<pin_list>
<pin id="9" dir="1" index="0" bw="1" slack="0"/>
</pin_list>
<bind>
<StgValue><ssdm name="conv1_bias"/></StgValue>
</bind>
</comp>

<comp id="10" class="1000" name="conv2_filters">
<pin_list>
<pin id="11" dir="1" index="0" bw="1" slack="0"/>
</pin_list>
<bind>
<StgValue><ssdm name="conv2_filters"/></StgValue>
</bind>
</comp>

<comp id="12" class="1000" name="conv2_bias">
<pin_list>
<pin id="13" dir="1" index="0" bw="1" slack="0"/>
</pin_list>
<bind>
<StgValue><ssdm name="conv2_bias"/></StgValue>
</bind>
</comp>

<comp id="14" class="1000" name="fc1_weights">
<pin_list>
<pin id="15" dir="1" index="0" bw="1" slack="0"/>
</pin_list>
<bind>
<StgValue><ssdm name="fc1_weights"/></StgValue>
</bind>
</comp>

<comp id="16" class="1000" name="fc1_bias">
<pin_list>
<pin id="17" dir="1" index="0" bw="1" slack="0"/>
</pin_list>
<bind>
<StgValue><ssdm name="fc1_bias"/></StgValue>
</bind>
</comp>

<comp id="18" class="1000" name="fc2_weights">
<pin_list>
<pin id="19" dir="1" index="0" bw="1" slack="0"/>
</pin_list>
<bind>
<StgValue><ssdm name="fc2_weights"/></StgValue>
</bind>
</comp>

<comp id="20" class="1000" name="fc2_bias">
<pin_list>
<pin id="21" dir="1" index="0" bw="1" slack="0"/>
</pin_list>
<bind>
<StgValue><ssdm name="fc2_bias"/></StgValue>
</bind>
</comp>

<comp id="22" class="1000" name="fc3_weights">
<pin_list>
<pin id="23" dir="1" index="0" bw="1" slack="0"/>
</pin_list>
<bind>
<StgValue><ssdm name="fc3_weights"/></StgValue>
</bind>
</comp>

<comp id="24" class="1000" name="fc3_bias">
<pin_list>
<pin id="25" dir="1" index="0" bw="1" slack="0"/>
</pin_list>
<bind>
<StgValue><ssdm name="fc3_bias"/></StgValue>
</bind>
</comp>

<comp id="26" class="1001" name="const_26">
<pin_list>
<pin id="27" dir="1" index="0" bw="1" slack="0"/>
</pin_list>
<bind>
<StgValue><ssdm name="_ssdm_op_Read.s_axilite.i64"/></StgValue>
</bind>
</comp>

<comp id="28" class="1001" name="const_28">
<pin_list>
<pin id="29" dir="1" index="0" bw="1" slack="0"/>
</pin_list>
<bind>
<StgValue><ssdm name=""/></StgValue>
</bind>
</comp>

<comp id="30" class="1001" name="const_30">
<pin_list>
<pin id="31" dir="1" index="0" bw="1" slack="0"/>
</pin_list>
<bind>
<StgValue><ssdm name="conv2d"/></StgValue>
</bind>
</comp>

<comp id="32" class="1001" name="const_32">
<pin_list>
<pin id="33" dir="1" index="0" bw="1" slack="0"/>
</pin_list>
<bind>
<StgValue><ssdm name="relu"/></StgValue>
</bind>
</comp>

<comp id="34" class="1001" name="const_34">
<pin_list>
<pin id="35" dir="1" index="0" bw="1" slack="0"/>
</pin_list>
<bind>
<StgValue><ssdm name="maxpool2d"/></StgValue>
</bind>
</comp>

<comp id="36" class="1001" name="const_36">
<pin_list>
<pin id="37" dir="1" index="0" bw="1" slack="0"/>
</pin_list>
<bind>
<StgValue><ssdm name="conv2d.5"/></StgValue>
</bind>
</comp>

<comp id="38" class="1001" name="const_38">
<pin_list>
<pin id="39" dir="1" index="0" bw="1" slack="0"/>
</pin_list>
<bind>
<StgValue><ssdm name="relu.1"/></StgValue>
</bind>
</comp>

<comp id="40" class="1001" name="const_40">
<pin_list>
<pin id="41" dir="1" index="0" bw="1" slack="0"/>
</pin_list>
<bind>
<StgValue><ssdm name="maxpool2d.2"/></StgValue>
</bind>
</comp>

<comp id="42" class="1001" name="const_42">
<pin_list>
<pin id="43" dir="1" index="0" bw="1" slack="0"/>
</pin_list>
<bind>
<StgValue><ssdm name="fully_connected"/></StgValue>
</bind>
</comp>

<comp id="44" class="1001" name="const_44">
<pin_list>
<pin id="45" dir="1" index="0" bw="1" slack="0"/>
</pin_list>
<bind>
<StgValue><ssdm name="relu.3"/></StgValue>
</bind>
</comp>

<comp id="46" class="1001" name="const_46">
<pin_list>
<pin id="47" dir="1" index="0" bw="1" slack="0"/>
</pin_list>
<bind>
<StgValue><ssdm name="fully_connected.6"/></StgValue>
</bind>
</comp>

<comp id="48" class="1001" name="const_48">
<pin_list>
<pin id="49" dir="1" index="0" bw="1" slack="0"/>
</pin_list>
<bind>
<StgValue><ssdm name="relu.4"/></StgValue>
</bind>
</comp>

<comp id="50" class="1001" name="const_50">
<pin_list>
<pin id="51" dir="1" index="0" bw="1" slack="0"/>
</pin_list>
<bind>
<StgValue><ssdm name="fully_connected.7"/></StgValue>
</bind>
</comp>

<comp id="52" class="1001" name="const_52">
<pin_list>
<pin id="53" dir="1" index="0" bw="1" slack="0"/>
</pin_list>
<bind>
<StgValue><ssdm name="softmax"/></StgValue>
</bind>
</comp>

<comp id="54" class="1001" name="const_54">
<pin_list>
<pin id="55" dir="1" index="0" bw="1" slack="0"/>
</pin_list>
<bind>
<StgValue><ssdm name=""/></StgValue>
</bind>
</comp>

<comp id="56" class="1001" name="const_56">
<pin_list>
<pin id="57" dir="1" index="0" bw="1" slack="0"/>
</pin_list>
<bind>
<StgValue><ssdm name="lenet_predict_Pipeline_VITIS_LOOP_67_1"/></StgValue>
</bind>
</comp>

<comp id="58" class="1001" name="const_58">
<pin_list>
<pin id="59" dir="1" index="0" bw="1" slack="2147483647"/>
</pin_list>
<bind>
<StgValue><ssdm name="_ssdm_op_SpecTopModule"/></StgValue>
</bind>
</comp>

<comp id="60" class="1001" name="const_60">
<pin_list>
<pin id="61" dir="1" index="0" bw="1" slack="2147483647"/>
</pin_list>
<bind>
<StgValue><ssdm name="empty_11"/></StgValue>
</bind>
</comp>

<comp id="62" class="1001" name="const_62">
<pin_list>
<pin id="63" dir="1" index="0" bw="1" slack="2147483647"/>
</pin_list>
<bind>
<StgValue><ssdm name="_ssdm_op_SpecInterface"/></StgValue>
</bind>
</comp>

<comp id="64" class="1001" name="const_64">
<pin_list>
<pin id="65" dir="1" index="0" bw="1" slack="2147483647"/>
</pin_list>
<bind>
<StgValue><ssdm name="empty_9"/></StgValue>
</bind>
</comp>

<comp id="66" class="1001" name="const_66">
<pin_list>
<pin id="67" dir="1" index="0" bw="1" slack="2147483647"/>
</pin_list>
<bind>
<StgValue><ssdm name=""/></StgValue>
</bind>
</comp>

<comp id="68" class="1001" name="const_68">
<pin_list>
<pin id="69" dir="1" index="0" bw="1" slack="2147483647"/>
</pin_list>
<bind>
<StgValue><ssdm name="empty_21"/></StgValue>
</bind>
</comp>

<comp id="70" class="1001" name="const_70">
<pin_list>
<pin id="71" dir="1" index="0" bw="1" slack="2147483647"/>
</pin_list>
<bind>
<StgValue><ssdm name="empty_22"/></StgValue>
</bind>
</comp>

<comp id="72" class="1001" name="const_72">
<pin_list>
<pin id="73" dir="1" index="0" bw="1" slack="2147483647"/>
</pin_list>
<bind>
<StgValue><ssdm name="empty_24"/></StgValue>
</bind>
</comp>

<comp id="74" class="1001" name="const_74">
<pin_list>
<pin id="75" dir="1" index="0" bw="1" slack="2147483647"/>
</pin_list>
<bind>
<StgValue><ssdm name=""/></StgValue>
</bind>
</comp>

<comp id="76" class="1001" name="const_76">
<pin_list>
<pin id="77" dir="1" index="0" bw="1" slack="2147483647"/>
</pin_list>
<bind>
<StgValue><ssdm name=""/></StgValue>
</bind>
</comp>

<comp id="78" class="1001" name="const_78">
<pin_list>
<pin id="79" dir="1" index="0" bw="1" slack="2147483647"/>
</pin_list>
<bind>
<StgValue><ssdm name="_ssdm_op_SpecBitsMap"/></StgValue>
</bind>
</comp>

<comp id="80" class="1001" name="const_80">
<pin_list>
<pin id="81" dir="1" index="0" bw="1" slack="2147483647"/>
</pin_list>
<bind>
<StgValue><ssdm name="empty_25"/></StgValue>
</bind>
</comp>

<comp id="82" class="1001" name="const_82">
<pin_list>
<pin id="83" dir="1" index="0" bw="1" slack="2147483647"/>
</pin_list>
<bind>
<StgValue><ssdm name="empty_26"/></StgValue>
</bind>
</comp>

<comp id="84" class="1001" name="const_84">
<pin_list>
<pin id="85" dir="1" index="0" bw="1" slack="2147483647"/>
</pin_list>
<bind>
<StgValue><ssdm name="empty_27"/></StgValue>
</bind>
</comp>

<comp id="86" class="1001" name="const_86">
<pin_list>
<pin id="87" dir="1" index="0" bw="1" slack="2147483647"/>
</pin_list>
<bind>
<StgValue><ssdm name="empty"/></StgValue>
</bind>
</comp>

<comp id="88" class="1001" name="const_88">
<pin_list>
<pin id="89" dir="1" index="0" bw="1" slack="2147483647"/>
</pin_list>
<bind>
<StgValue><ssdm name="empty_0"/></StgValue>
</bind>
</comp>

<comp id="90" class="1001" name="const_90">
<pin_list>
<pin id="91" dir="1" index="0" bw="1" slack="2147483647"/>
</pin_list>
<bind>
<StgValue><ssdm name="empty_1"/></StgValue>
</bind>
</comp>

<comp id="92" class="1001" name="const_92">
<pin_list>
<pin id="93" dir="1" index="0" bw="1" slack="2147483647"/>
</pin_list>
<bind>
<StgValue><ssdm name="empty_2"/></StgValue>
</bind>
</comp>

<comp id="94" class="1001" name="const_94">
<pin_list>
<pin id="95" dir="1" index="0" bw="1" slack="2147483647"/>
</pin_list>
<bind>
<StgValue><ssdm name="empty_3"/></StgValue>
</bind>
</comp>

<comp id="96" class="1001" name="const_96">
<pin_list>
<pin id="97" dir="1" index="0" bw="1" slack="2147483647"/>
</pin_list>
<bind>
<StgValue><ssdm name="empty_4"/></StgValue>
</bind>
</comp>

<comp id="98" class="1001" name="const_98">
<pin_list>
<pin id="99" dir="1" index="0" bw="1" slack="2147483647"/>
</pin_list>
<bind>
<StgValue><ssdm name="empty_5"/></StgValue>
</bind>
</comp>

<comp id="100" class="1001" name="const_100">
<pin_list>
<pin id="101" dir="1" index="0" bw="1" slack="2147483647"/>
</pin_list>
<bind>
<StgValue><ssdm name="empty_6"/></StgValue>
</bind>
</comp>

<comp id="102" class="1001" name="const_102">
<pin_list>
<pin id="103" dir="1" index="0" bw="1" slack="2147483647"/>
</pin_list>
<bind>
<StgValue><ssdm name="empty_7"/></StgValue>
</bind>
</comp>

<comp id="104" class="1001" name="const_104">
<pin_list>
<pin id="105" dir="1" index="0" bw="1" slack="2147483647"/>
</pin_list>
<bind>
<StgValue><ssdm name="empty_8"/></StgValue>
</bind>
</comp>

<comp id="106" class="1001" name="const_106">
<pin_list>
<pin id="107" dir="1" index="0" bw="1" slack="2147483647"/>
</pin_list>
<bind>
<StgValue><ssdm name="empty_20"/></StgValue>
</bind>
</comp>

<comp id="108" class="1001" name="const_108">
<pin_list>
<pin id="109" dir="1" index="0" bw="1" slack="2147483647"/>
</pin_list>
<bind>
<StgValue><ssdm name="empty_10"/></StgValue>
</bind>
</comp>

<comp id="110" class="1001" name="const_110">
<pin_list>
<pin id="111" dir="1" index="0" bw="1" slack="2147483647"/>
</pin_list>
<bind>
<StgValue><ssdm name="empty_23"/></StgValue>
</bind>
</comp>

<comp id="112" class="1001" name="const_112">
<pin_list>
<pin id="113" dir="1" index="0" bw="1" slack="0"/>
</pin_list>
<bind>
<StgValue><ssdm name="_ssdm_op_Write.s_axilite.i32P0A"/></StgValue>
</bind>
</comp>

<comp id="114" class="1004" name="i_023_loc_fu_114">
<pin_list>
<pin id="115" dir="0" index="0" bw="1" slack="0"/>
<pin id="116" dir="1" index="1" bw="32" slack="26"/>
</pin_list>
<bind>
<opcode="alloca(26) " fcode="alloca"/>
<opset="i_023_loc/1 "/>
</bind>
</comp>

<comp id="118" class="1004" name="conv1_output_alloca_fu_118">
<pin_list>
<pin id="119" dir="0" index="0" bw="1" slack="0"/>
<pin id="120" dir="1" index="1" bw="32" slack="0"/>
</pin_list>
<bind>
<opcode="alloca(26) " fcode="alloca"/>
<opset="conv1_output/1 "/>
</bind>
</comp>

<comp id="122" class="1004" name="pool1_output_alloca_fu_122">
<pin_list>
<pin id="123" dir="0" index="0" bw="1" slack="0"/>
<pin id="124" dir="1" index="1" bw="32" slack="2147483647"/>
</pin_list>
<bind>
<opcode="alloca(26) " fcode="alloca"/>
<opset="pool1_output/1 "/>
</bind>
</comp>

<comp id="126" class="1004" name="conv2_output_alloca_fu_126">
<pin_list>
<pin id="127" dir="0" index="0" bw="1" slack="0"/>
<pin id="128" dir="1" index="1" bw="32" slack="2147483647"/>
</pin_list>
<bind>
<opcode="alloca(26) " fcode="alloca"/>
<opset="conv2_output/1 "/>
</bind>
</comp>

<comp id="130" class="1004" name="pool2_output_alloca_fu_130">
<pin_list>
<pin id="131" dir="0" index="0" bw="1" slack="0"/>
<pin id="132" dir="1" index="1" bw="32" slack="2147483647"/>
</pin_list>
<bind>
<opcode="alloca(26) " fcode="alloca"/>
<opset="pool2_output/1 "/>
</bind>
</comp>

<comp id="134" class="1004" name="fc1_output_alloca_fu_134">
<pin_list>
<pin id="135" dir="0" index="0" bw="1" slack="0"/>
<pin id="136" dir="1" index="1" bw="32" slack="2147483647"/>
</pin_list>
<bind>
<opcode="alloca(26) " fcode="alloca"/>
<opset="fc1_output/1 "/>
</bind>
</comp>

<comp id="138" class="1004" name="fc2_output_alloca_fu_138">
<pin_list>
<pin id="139" dir="0" index="0" bw="1" slack="0"/>
<pin id="140" dir="1" index="1" bw="32" slack="2147483647"/>
</pin_list>
<bind>
<opcode="alloca(26) " fcode="alloca"/>
<opset="fc2_output/1 "/>
</bind>
</comp>

<comp id="142" class="1004" name="fc3_output_alloca_fu_142">
<pin_list>
<pin id="143" dir="0" index="0" bw="1" slack="0"/>
<pin id="144" dir="1" index="1" bw="32" slack="2147483647"/>
</pin_list>
<bind>
<opcode="alloca(26) " fcode="alloca"/>
<opset="fc3_output/1 "/>
</bind>
</comp>

<comp id="146" class="1004" name="fc3_bias_read_read_fu_146">
<pin_list>
<pin id="147" dir="0" index="0" bw="64" slack="0"/>
<pin id="148" dir="0" index="1" bw="64" slack="0"/>
<pin id="149" dir="1" index="2" bw="64" slack="20"/>
</pin_list>
<bind>
<opcode="read(1150) " fcode="read"/>
<opset="fc3_bias_read/1 "/>
</bind>
</comp>

<comp id="152" class="1004" name="fc3_weights_read_read_fu_152">
<pin_list>
<pin id="153" dir="0" index="0" bw="64" slack="0"/>
<pin id="154" dir="0" index="1" bw="64" slack="0"/>
<pin id="155" dir="1" index="2" bw="64" slack="20"/>
</pin_list>
<bind>
<opcode="read(1150) " fcode="read"/>
<opset="fc3_weights_read/1 "/>
</bind>
</comp>

<comp id="158" class="1004" name="fc2_bias_read_read_fu_158">
<pin_list>
<pin id="159" dir="0" index="0" bw="64" slack="0"/>
<pin id="160" dir="0" index="1" bw="64" slack="0"/>
<pin id="161" dir="1" index="2" bw="64" slack="16"/>
</pin_list>
<bind>
<opcode="read(1150) " fcode="read"/>
<opset="fc2_bias_read/1 "/>
</bind>
</comp>

<comp id="164" class="1004" name="fc2_weights_read_read_fu_164">
<pin_list>
<pin id="165" dir="0" index="0" bw="64" slack="0"/>
<pin id="166" dir="0" index="1" bw="64" slack="0"/>
<pin id="167" dir="1" index="2" bw="64" slack="16"/>
</pin_list>
<bind>
<opcode="read(1150) " fcode="read"/>
<opset="fc2_weights_read/1 "/>
</bind>
</comp>

<comp id="170" class="1004" name="fc1_bias_read_read_fu_170">
<pin_list>
<pin id="171" dir="0" index="0" bw="64" slack="0"/>
<pin id="172" dir="0" index="1" bw="64" slack="0"/>
<pin id="173" dir="1" index="2" bw="64" slack="12"/>
</pin_list>
<bind>
<opcode="read(1150) " fcode="read"/>
<opset="fc1_bias_read/1 "/>
</bind>
</comp>

<comp id="176" class="1004" name="fc1_weights_read_read_fu_176">
<pin_list>
<pin id="177" dir="0" index="0" bw="64" slack="0"/>
<pin id="178" dir="0" index="1" bw="64" slack="0"/>
<pin id="179" dir="1" index="2" bw="64" slack="12"/>
</pin_list>
<bind>
<opcode="read(1150) " fcode="read"/>
<opset="fc1_weights_read/1 "/>
</bind>
</comp>

<comp id="182" class="1004" name="conv2_bias_read_read_fu_182">
<pin_list>
<pin id="183" dir="0" index="0" bw="64" slack="0"/>
<pin id="184" dir="0" index="1" bw="64" slack="0"/>
<pin id="185" dir="1" index="2" bw="64" slack="6"/>
</pin_list>
<bind>
<opcode="read(1150) " fcode="read"/>
<opset="conv2_bias_read/1 "/>
</bind>
</comp>

<comp id="188" class="1004" name="conv2_filters_read_read_fu_188">
<pin_list>
<pin id="189" dir="0" index="0" bw="64" slack="0"/>
<pin id="190" dir="0" index="1" bw="64" slack="0"/>
<pin id="191" dir="1" index="2" bw="64" slack="6"/>
</pin_list>
<bind>
<opcode="read(1150) " fcode="read"/>
<opset="conv2_filters_read/1 "/>
</bind>
</comp>

<comp id="194" class="1004" name="conv1_bias_read_read_fu_194">
<pin_list>
<pin id="195" dir="0" index="0" bw="64" slack="0"/>
<pin id="196" dir="0" index="1" bw="64" slack="0"/>
<pin id="197" dir="1" index="2" bw="64" slack="0"/>
</pin_list>
<bind>
<opcode="read(1150) " fcode="read"/>
<opset="conv1_bias_read/1 "/>
</bind>
</comp>

<comp id="200" class="1004" name="conv1_filters_read_read_fu_200">
<pin_list>
<pin id="201" dir="0" index="0" bw="64" slack="0"/>
<pin id="202" dir="0" index="1" bw="64" slack="0"/>
<pin id="203" dir="1" index="2" bw="64" slack="0"/>
</pin_list>
<bind>
<opcode="read(1150) " fcode="read"/>
<opset="conv1_filters_read/1 "/>
</bind>
</comp>

<comp id="206" class="1004" name="input_r_read_read_fu_206">
<pin_list>
<pin id="207" dir="0" index="0" bw="64" slack="0"/>
<pin id="208" dir="0" index="1" bw="64" slack="0"/>
<pin id="209" dir="1" index="2" bw="64" slack="0"/>
</pin_list>
<bind>
<opcode="read(1150) " fcode="read"/>
<opset="input_r_read/1 "/>
</bind>
</comp>

<comp id="212" class="1004" name="write_ln70_write_fu_212">
<pin_list>
<pin id="213" dir="0" index="0" bw="0" slack="0"/>
<pin id="214" dir="0" index="1" bw="32" slack="0"/>
<pin id="215" dir="0" index="2" bw="32" slack="0"/>
<pin id="216" dir="1" index="3" bw="0" slack="2147483647"/>
</pin_list>
<bind>
<opcode="write(1151) " fcode="write"/>
<opset="write_ln70/29 "/>
</bind>
</comp>

<comp id="219" class="1004" name="fc3_output_addr_gep_fu_219">
<pin_list>
<pin id="220" dir="0" index="0" bw="32" slack="2147483647"/>
<pin id="221" dir="0" index="1" bw="1" slack="0"/>
<pin id="222" dir="0" index="2" bw="1" slack="0"/>
<pin id="223" dir="1" index="3" bw="4" slack="0"/>
</pin_list>
<bind>
<opcode="getelementptr(29) " fcode="getelementptr"/>
<opset="fc3_output_addr/25 "/>
</bind>
</comp>

<comp id="226" class="1004" name="grp_access_fu_226">
<pin_list>
<pin id="227" dir="0" index="0" bw="4" slack="0"/>
<pin id="228" dir="0" index="1" bw="32" slack="2147483647"/>
<pin id="229" dir="0" index="2" bw="0" slack="2147483647"/>
<pin id="230" dir="1" index="3" bw="32" slack="1"/>
</pin_list>
<bind>
<opcode="load(27) " fcode="load"/>
<opset="max_prob/25 "/>
</bind>
</comp>

<comp id="232" class="1004" name="grp_conv2d_fu_232">
<pin_list>
<pin id="233" dir="0" index="0" bw="0" slack="0"/>
<pin id="234" dir="0" index="1" bw="32" slack="0"/>
<pin id="235" dir="0" index="2" bw="64" slack="0"/>
<pin id="236" dir="0" index="3" bw="32" slack="0"/>
<pin id="237" dir="0" index="4" bw="64" slack="0"/>
<pin id="238" dir="0" index="5" bw="64" slack="0"/>
<pin id="239" dir="1" index="6" bw="0" slack="2147483647"/>
</pin_list>
<bind>
<opcode="call(48) " fcode="call"/>
<opset="call_ln45/1 "/>
</bind>
</comp>

<comp id="246" class="1004" name="grp_relu_fu_246">
<pin_list>
<pin id="247" dir="0" index="0" bw="0" slack="0"/>
<pin id="248" dir="0" index="1" bw="32" slack="2147483647"/>
<pin id="249" dir="1" index="2" bw="0" slack="2147483647"/>
</pin_list>
<bind>
<opcode="call(48) " fcode="call"/>
<opset="call_ln46/3 "/>
</bind>
</comp>

<comp id="251" class="1004" name="grp_maxpool2d_fu_251">
<pin_list>
<pin id="252" dir="0" index="0" bw="0" slack="0"/>
<pin id="253" dir="0" index="1" bw="32" slack="2147483647"/>
<pin id="254" dir="0" index="2" bw="32" slack="2147483647"/>
<pin id="255" dir="1" index="3" bw="0" slack="2147483647"/>
</pin_list>
<bind>
<opcode="call(48) " fcode="call"/>
<opset="call_ln47/5 "/>
</bind>
</comp>

<comp id="257" class="1004" name="grp_conv2d_5_fu_257">
<pin_list>
<pin id="258" dir="0" index="0" bw="0" slack="0"/>
<pin id="259" dir="0" index="1" bw="32" slack="2147483647"/>
<pin id="260" dir="0" index="2" bw="32" slack="2147483647"/>
<pin id="261" dir="0" index="3" bw="32" slack="0"/>
<pin id="262" dir="0" index="4" bw="64" slack="6"/>
<pin id="263" dir="0" index="5" bw="64" slack="6"/>
<pin id="264" dir="1" index="6" bw="0" slack="2147483647"/>
</pin_list>
<bind>
<opcode="call(48) " fcode="call"/>
<opset="call_ln49/7 "/>
</bind>
</comp>

<comp id="267" class="1004" name="grp_relu_1_fu_267">
<pin_list>
<pin id="268" dir="0" index="0" bw="0" slack="0"/>
<pin id="269" dir="0" index="1" bw="32" slack="2147483647"/>
<pin id="270" dir="1" index="2" bw="0" slack="2147483647"/>
</pin_list>
<bind>
<opcode="call(48) " fcode="call"/>
<opset="call_ln50/9 "/>
</bind>
</comp>

<comp id="272" class="1004" name="grp_maxpool2d_2_fu_272">
<pin_list>
<pin id="273" dir="0" index="0" bw="0" slack="0"/>
<pin id="274" dir="0" index="1" bw="32" slack="2147483647"/>
<pin id="275" dir="0" index="2" bw="32" slack="2147483647"/>
<pin id="276" dir="1" index="3" bw="0" slack="2147483647"/>
</pin_list>
<bind>
<opcode="call(48) " fcode="call"/>
<opset="call_ln51/11 "/>
</bind>
</comp>

<comp id="278" class="1004" name="grp_fully_connected_fu_278">
<pin_list>
<pin id="279" dir="0" index="0" bw="0" slack="0"/>
<pin id="280" dir="0" index="1" bw="32" slack="2147483647"/>
<pin id="281" dir="0" index="2" bw="32" slack="2147483647"/>
<pin id="282" dir="0" index="3" bw="32" slack="0"/>
<pin id="283" dir="0" index="4" bw="64" slack="12"/>
<pin id="284" dir="0" index="5" bw="64" slack="12"/>
<pin id="285" dir="1" index="6" bw="0" slack="2147483647"/>
</pin_list>
<bind>
<opcode="call(48) " fcode="call"/>
<opset="call_ln53/13 "/>
</bind>
</comp>

<comp id="288" class="1004" name="grp_relu_3_fu_288">
<pin_list>
<pin id="289" dir="0" index="0" bw="0" slack="0"/>
<pin id="290" dir="0" index="1" bw="32" slack="2147483647"/>
<pin id="291" dir="1" index="2" bw="0" slack="2147483647"/>
</pin_list>
<bind>
<opcode="call(48) " fcode="call"/>
<opset="call_ln54/15 "/>
</bind>
</comp>

<comp id="293" class="1004" name="grp_fully_connected_6_fu_293">
<pin_list>
<pin id="294" dir="0" index="0" bw="0" slack="0"/>
<pin id="295" dir="0" index="1" bw="32" slack="2147483647"/>
<pin id="296" dir="0" index="2" bw="32" slack="2147483647"/>
<pin id="297" dir="0" index="3" bw="32" slack="0"/>
<pin id="298" dir="0" index="4" bw="64" slack="16"/>
<pin id="299" dir="0" index="5" bw="64" slack="16"/>
<pin id="300" dir="1" index="6" bw="0" slack="2147483647"/>
</pin_list>
<bind>
<opcode="call(48) " fcode="call"/>
<opset="call_ln56/17 "/>
</bind>
</comp>

<comp id="303" class="1004" name="grp_relu_4_fu_303">
<pin_list>
<pin id="304" dir="0" index="0" bw="0" slack="0"/>
<pin id="305" dir="0" index="1" bw="32" slack="2147483647"/>
<pin id="306" dir="1" index="2" bw="0" slack="2147483647"/>
</pin_list>
<bind>
<opcode="call(48) " fcode="call"/>
<opset="call_ln57/19 "/>
</bind>
</comp>

<comp id="308" class="1004" name="grp_fully_connected_7_fu_308">
<pin_list>
<pin id="309" dir="0" index="0" bw="0" slack="0"/>
<pin id="310" dir="0" index="1" bw="32" slack="2147483647"/>
<pin id="311" dir="0" index="2" bw="32" slack="2147483647"/>
<pin id="312" dir="0" index="3" bw="32" slack="0"/>
<pin id="313" dir="0" index="4" bw="64" slack="20"/>
<pin id="314" dir="0" index="5" bw="64" slack="20"/>
<pin id="315" dir="1" index="6" bw="0" slack="2147483647"/>
</pin_list>
<bind>
<opcode="call(48) " fcode="call"/>
<opset="call_ln59/21 "/>
</bind>
</comp>

<comp id="318" class="1004" name="grp_softmax_fu_318">
<pin_list>
<pin id="319" dir="0" index="0" bw="0" slack="0"/>
<pin id="320" dir="0" index="1" bw="32" slack="2147483647"/>
<pin id="321" dir="1" index="2" bw="0" slack="2147483647"/>
</pin_list>
<bind>
<opcode="call(48) " fcode="call"/>
<opset="call_ln62/23 "/>
</bind>
</comp>

<comp id="323" class="1004" name="grp_lenet_predict_Pipeline_VITIS_LOOP_67_1_fu_323">
<pin_list>
<pin id="324" dir="0" index="0" bw="0" slack="0"/>
<pin id="325" dir="0" index="1" bw="32" slack="1"/>
<pin id="326" dir="0" index="2" bw="32" slack="2147483647"/>
<pin id="327" dir="0" index="3" bw="32" slack="26"/>
<pin id="328" dir="1" index="4" bw="0" slack="2147483647"/>
</pin_list>
<bind>
<opcode="call(48) " fcode="call"/>
<opset="call_ln66/27 "/>
</bind>
</comp>

<comp id="330" class="1004" name="i_023_loc_load_load_fu_330">
<pin_list>
<pin id="331" dir="0" index="0" bw="32" slack="28"/>
<pin id="332" dir="1" index="1" bw="32" slack="0"/>
</pin_list>
<bind>
<opcode="load(27) " fcode="load"/>
<opset="i_023_loc_load/29 "/>
</bind>
</comp>

<comp id="334" class="1005" name="fc3_bias_read_reg_334">
<pin_list>
<pin id="335" dir="0" index="0" bw="64" slack="20"/>
<pin id="336" dir="1" index="1" bw="64" slack="20"/>
</pin_list>
<bind>
<opset="fc3_bias_read "/>
</bind>
</comp>

<comp id="339" class="1005" name="fc3_weights_read_reg_339">
<pin_list>
<pin id="340" dir="0" index="0" bw="64" slack="20"/>
<pin id="341" dir="1" index="1" bw="64" slack="20"/>
</pin_list>
<bind>
<opset="fc3_weights_read "/>
</bind>
</comp>

<comp id="344" class="1005" name="fc2_bias_read_reg_344">
<pin_list>
<pin id="345" dir="0" index="0" bw="64" slack="16"/>
<pin id="346" dir="1" index="1" bw="64" slack="16"/>
</pin_list>
<bind>
<opset="fc2_bias_read "/>
</bind>
</comp>

<comp id="349" class="1005" name="fc2_weights_read_reg_349">
<pin_list>
<pin id="350" dir="0" index="0" bw="64" slack="16"/>
<pin id="351" dir="1" index="1" bw="64" slack="16"/>
</pin_list>
<bind>
<opset="fc2_weights_read "/>
</bind>
</comp>

<comp id="354" class="1005" name="fc1_bias_read_reg_354">
<pin_list>
<pin id="355" dir="0" index="0" bw="64" slack="12"/>
<pin id="356" dir="1" index="1" bw="64" slack="12"/>
</pin_list>
<bind>
<opset="fc1_bias_read "/>
</bind>
</comp>

<comp id="359" class="1005" name="fc1_weights_read_reg_359">
<pin_list>
<pin id="360" dir="0" index="0" bw="64" slack="12"/>
<pin id="361" dir="1" index="1" bw="64" slack="12"/>
</pin_list>
<bind>
<opset="fc1_weights_read "/>
</bind>
</comp>

<comp id="364" class="1005" name="conv2_bias_read_reg_364">
<pin_list>
<pin id="365" dir="0" index="0" bw="64" slack="6"/>
<pin id="366" dir="1" index="1" bw="64" slack="6"/>
</pin_list>
<bind>
<opset="conv2_bias_read "/>
</bind>
</comp>

<comp id="369" class="1005" name="conv2_filters_read_reg_369">
<pin_list>
<pin id="370" dir="0" index="0" bw="64" slack="6"/>
<pin id="371" dir="1" index="1" bw="64" slack="6"/>
</pin_list>
<bind>
<opset="conv2_filters_read "/>
</bind>
</comp>

<comp id="374" class="1005" name="conv1_bias_read_reg_374">
<pin_list>
<pin id="375" dir="0" index="0" bw="64" slack="1"/>
<pin id="376" dir="1" index="1" bw="64" slack="1"/>
</pin_list>
<bind>
<opset="conv1_bias_read "/>
</bind>
</comp>

<comp id="379" class="1005" name="conv1_filters_read_reg_379">
<pin_list>
<pin id="380" dir="0" index="0" bw="64" slack="1"/>
<pin id="381" dir="1" index="1" bw="64" slack="1"/>
</pin_list>
<bind>
<opset="conv1_filters_read "/>
</bind>
</comp>

<comp id="384" class="1005" name="input_r_read_reg_384">
<pin_list>
<pin id="385" dir="0" index="0" bw="64" slack="1"/>
<pin id="386" dir="1" index="1" bw="64" slack="1"/>
</pin_list>
<bind>
<opset="input_r_read "/>
</bind>
</comp>

<comp id="389" class="1005" name="i_023_loc_reg_389">
<pin_list>
<pin id="390" dir="0" index="0" bw="32" slack="26"/>
<pin id="391" dir="1" index="1" bw="32" slack="26"/>
</pin_list>
<bind>
<opset="i_023_loc "/>
</bind>
</comp>

<comp id="395" class="1005" name="fc3_output_addr_reg_395">
<pin_list>
<pin id="396" dir="0" index="0" bw="4" slack="1"/>
<pin id="397" dir="1" index="1" bw="4" slack="1"/>
</pin_list>
<bind>
<opset="fc3_output_addr "/>
</bind>
</comp>

<comp id="400" class="1005" name="max_prob_reg_400">
<pin_list>
<pin id="401" dir="0" index="0" bw="32" slack="1"/>
<pin id="402" dir="1" index="1" bw="32" slack="1"/>
</pin_list>
<bind>
<opset="max_prob "/>
</bind>
</comp>

</comp_list>

<net_list>
<net id="117"><net_src comp="28" pin="0"/><net_sink comp="114" pin=0"/></net>

<net id="121"><net_src comp="28" pin="0"/><net_sink comp="118" pin=0"/></net>

<net id="125"><net_src comp="28" pin="0"/><net_sink comp="122" pin=0"/></net>

<net id="129"><net_src comp="28" pin="0"/><net_sink comp="126" pin=0"/></net>

<net id="133"><net_src comp="28" pin="0"/><net_sink comp="130" pin=0"/></net>

<net id="137"><net_src comp="28" pin="0"/><net_sink comp="134" pin=0"/></net>

<net id="141"><net_src comp="28" pin="0"/><net_sink comp="138" pin=0"/></net>

<net id="145"><net_src comp="28" pin="0"/><net_sink comp="142" pin=0"/></net>

<net id="150"><net_src comp="26" pin="0"/><net_sink comp="146" pin=0"/></net>

<net id="151"><net_src comp="24" pin="0"/><net_sink comp="146" pin=1"/></net>

<net id="156"><net_src comp="26" pin="0"/><net_sink comp="152" pin=0"/></net>

<net id="157"><net_src comp="22" pin="0"/><net_sink comp="152" pin=1"/></net>

<net id="162"><net_src comp="26" pin="0"/><net_sink comp="158" pin=0"/></net>

<net id="163"><net_src comp="20" pin="0"/><net_sink comp="158" pin=1"/></net>

<net id="168"><net_src comp="26" pin="0"/><net_sink comp="164" pin=0"/></net>

<net id="169"><net_src comp="18" pin="0"/><net_sink comp="164" pin=1"/></net>

<net id="174"><net_src comp="26" pin="0"/><net_sink comp="170" pin=0"/></net>

<net id="175"><net_src comp="16" pin="0"/><net_sink comp="170" pin=1"/></net>

<net id="180"><net_src comp="26" pin="0"/><net_sink comp="176" pin=0"/></net>

<net id="181"><net_src comp="14" pin="0"/><net_sink comp="176" pin=1"/></net>

<net id="186"><net_src comp="26" pin="0"/><net_sink comp="182" pin=0"/></net>

<net id="187"><net_src comp="12" pin="0"/><net_sink comp="182" pin=1"/></net>

<net id="192"><net_src comp="26" pin="0"/><net_sink comp="188" pin=0"/></net>

<net id="193"><net_src comp="10" pin="0"/><net_sink comp="188" pin=1"/></net>

<net id="198"><net_src comp="26" pin="0"/><net_sink comp="194" pin=0"/></net>

<net id="199"><net_src comp="8" pin="0"/><net_sink comp="194" pin=1"/></net>

<net id="204"><net_src comp="26" pin="0"/><net_sink comp="200" pin=0"/></net>

<net id="205"><net_src comp="6" pin="0"/><net_sink comp="200" pin=1"/></net>

<net id="210"><net_src comp="26" pin="0"/><net_sink comp="206" pin=0"/></net>

<net id="211"><net_src comp="2" pin="0"/><net_sink comp="206" pin=1"/></net>

<net id="217"><net_src comp="112" pin="0"/><net_sink comp="212" pin=0"/></net>

<net id="218"><net_src comp="4" pin="0"/><net_sink comp="212" pin=1"/></net>

<net id="224"><net_src comp="54" pin="0"/><net_sink comp="219" pin=1"/></net>

<net id="225"><net_src comp="54" pin="0"/><net_sink comp="219" pin=2"/></net>

<net id="231"><net_src comp="219" pin="3"/><net_sink comp="226" pin=0"/></net>

<net id="240"><net_src comp="30" pin="0"/><net_sink comp="232" pin=0"/></net>

<net id="241"><net_src comp="0" pin="0"/><net_sink comp="232" pin=1"/></net>

<net id="242"><net_src comp="206" pin="2"/><net_sink comp="232" pin=2"/></net>

<net id="243"><net_src comp="118" pin="1"/><net_sink comp="232" pin=3"/></net>

<net id="244"><net_src comp="200" pin="2"/><net_sink comp="232" pin=4"/></net>

<net id="245"><net_src comp="194" pin="2"/><net_sink comp="232" pin=5"/></net>

<net id="250"><net_src comp="32" pin="0"/><net_sink comp="246" pin=0"/></net>

<net id="256"><net_src comp="34" pin="0"/><net_sink comp="251" pin=0"/></net>

<net id="265"><net_src comp="36" pin="0"/><net_sink comp="257" pin=0"/></net>

<net id="266"><net_src comp="0" pin="0"/><net_sink comp="257" pin=3"/></net>

<net id="271"><net_src comp="38" pin="0"/><net_sink comp="267" pin=0"/></net>

<net id="277"><net_src comp="40" pin="0"/><net_sink comp="272" pin=0"/></net>

<net id="286"><net_src comp="42" pin="0"/><net_sink comp="278" pin=0"/></net>

<net id="287"><net_src comp="0" pin="0"/><net_sink comp="278" pin=3"/></net>

<net id="292"><net_src comp="44" pin="0"/><net_sink comp="288" pin=0"/></net>

<net id="301"><net_src comp="46" pin="0"/><net_sink comp="293" pin=0"/></net>

<net id="302"><net_src comp="0" pin="0"/><net_sink comp="293" pin=3"/></net>

<net id="307"><net_src comp="48" pin="0"/><net_sink comp="303" pin=0"/></net>

<net id="316"><net_src comp="50" pin="0"/><net_sink comp="308" pin=0"/></net>

<net id="317"><net_src comp="0" pin="0"/><net_sink comp="308" pin=3"/></net>

<net id="322"><net_src comp="52" pin="0"/><net_sink comp="318" pin=0"/></net>

<net id="329"><net_src comp="56" pin="0"/><net_sink comp="323" pin=0"/></net>

<net id="333"><net_src comp="330" pin="1"/><net_sink comp="212" pin=2"/></net>

<net id="337"><net_src comp="146" pin="2"/><net_sink comp="334" pin=0"/></net>

<net id="338"><net_src comp="334" pin="1"/><net_sink comp="308" pin=5"/></net>

<net id="342"><net_src comp="152" pin="2"/><net_sink comp="339" pin=0"/></net>

<net id="343"><net_src comp="339" pin="1"/><net_sink comp="308" pin=4"/></net>

<net id="347"><net_src comp="158" pin="2"/><net_sink comp="344" pin=0"/></net>

<net id="348"><net_src comp="344" pin="1"/><net_sink comp="293" pin=5"/></net>

<net id="352"><net_src comp="164" pin="2"/><net_sink comp="349" pin=0"/></net>

<net id="353"><net_src comp="349" pin="1"/><net_sink comp="293" pin=4"/></net>

<net id="357"><net_src comp="170" pin="2"/><net_sink comp="354" pin=0"/></net>

<net id="358"><net_src comp="354" pin="1"/><net_sink comp="278" pin=5"/></net>

<net id="362"><net_src comp="176" pin="2"/><net_sink comp="359" pin=0"/></net>

<net id="363"><net_src comp="359" pin="1"/><net_sink comp="278" pin=4"/></net>

<net id="367"><net_src comp="182" pin="2"/><net_sink comp="364" pin=0"/></net>

<net id="368"><net_src comp="364" pin="1"/><net_sink comp="257" pin=5"/></net>

<net id="372"><net_src comp="188" pin="2"/><net_sink comp="369" pin=0"/></net>

<net id="373"><net_src comp="369" pin="1"/><net_sink comp="257" pin=4"/></net>

<net id="377"><net_src comp="194" pin="2"/><net_sink comp="374" pin=0"/></net>

<net id="378"><net_src comp="374" pin="1"/><net_sink comp="232" pin=5"/></net>

<net id="382"><net_src comp="200" pin="2"/><net_sink comp="379" pin=0"/></net>

<net id="383"><net_src comp="379" pin="1"/><net_sink comp="232" pin=4"/></net>

<net id="387"><net_src comp="206" pin="2"/><net_sink comp="384" pin=0"/></net>

<net id="388"><net_src comp="384" pin="1"/><net_sink comp="232" pin=2"/></net>

<net id="392"><net_src comp="114" pin="1"/><net_sink comp="389" pin=0"/></net>

<net id="393"><net_src comp="389" pin="1"/><net_sink comp="323" pin=3"/></net>

<net id="394"><net_src comp="389" pin="1"/><net_sink comp="330" pin=0"/></net>

<net id="398"><net_src comp="219" pin="3"/><net_sink comp="395" pin=0"/></net>

<net id="399"><net_src comp="395" pin="1"/><net_sink comp="226" pin=0"/></net>

<net id="403"><net_src comp="226" pin="3"/><net_sink comp="400" pin=0"/></net>

<net id="404"><net_src comp="400" pin="1"/><net_sink comp="323" pin=1"/></net>

</net_list>

</model> 
---------------- Datapath Model END ------------------

* FSMD analyzer results:
  - Output states:
	Port: predicted_class | {29 }
 - Input state : 
	Port: lenet_predict : gmem | {1 2 7 8 13 14 17 18 21 22 }
	Port: lenet_predict : input_r | {1 }
	Port: lenet_predict : conv1_filters | {1 }
	Port: lenet_predict : conv1_bias | {1 }
	Port: lenet_predict : conv2_filters | {1 }
	Port: lenet_predict : conv2_bias | {1 }
	Port: lenet_predict : fc1_weights | {1 }
	Port: lenet_predict : fc1_bias | {1 }
	Port: lenet_predict : fc2_weights | {1 }
	Port: lenet_predict : fc2_bias | {1 }
	Port: lenet_predict : fc3_weights | {1 }
	Port: lenet_predict : fc3_bias | {1 }
  - Chain level:
	State 1
		call_ln45 : 1
	State 2
	State 3
	State 4
	State 5
	State 6
	State 7
	State 8
	State 9
	State 10
	State 11
	State 12
	State 13
	State 14
	State 15
	State 16
	State 17
	State 18
	State 19
	State 20
	State 21
	State 22
	State 23
	State 24
	State 25
		max_prob : 1
	State 26
	State 27
	State 28
	State 29
		write_ln70 : 1


============================================================
+ Verbose Summary: Datapath Resource usage 
============================================================

* Functional unit list:
|----------|---------------------------------------------------|---------|---------|---------|---------|
| Operation|                  Functional Unit                  |   DSP   |  Delay  |    FF   |   LUT   |
|----------|---------------------------------------------------|---------|---------|---------|---------|
|          |                 grp_conv2d_fu_232                 |    6    |  6.0195 |   6913  |   4985  |
|          |                  grp_relu_fu_246                  |    0    |  0.804  |    59   |   139   |
|          |                grp_maxpool2d_fu_251               |    2    | 4.46629 |   364   |   861   |
|          |                grp_conv2d_5_fu_257                |    5    | 4.71648 |   5147  |   3876  |
|          |                 grp_relu_1_fu_267                 |    0    |  0.804  |    55   |   135   |
|          |               grp_maxpool2d_2_fu_272              |    2    | 4.46629 |   336   |   812   |
|   call   |             grp_fully_connected_fu_278            |    5    |   2.01  |   882   |   693   |
|          |                 grp_relu_3_fu_288                 |    0    |  0.804  |    47   |   127   |
|          |            grp_fully_connected_6_fu_293           |    5    |  2.412  |   859   |   694   |
|          |                 grp_relu_4_fu_303                 |    0    |  0.804  |    47   |   127   |
|          |            grp_fully_connected_7_fu_308           |    5    |   2.01  |   855   |   677   |
|          |                 grp_softmax_fu_318                |    9    | 2.90257 |   897   |   1377  |
|          | grp_lenet_predict_Pipeline_VITIS_LOOP_67_1_fu_323 |    0    |  1.206  |   141   |   213   |
|----------|---------------------------------------------------|---------|---------|---------|---------|
|          |             fc3_bias_read_read_fu_146             |    0    |    0    |    0    |    0    |
|          |            fc3_weights_read_read_fu_152           |    0    |    0    |    0    |    0    |
|          |             fc2_bias_read_read_fu_158             |    0    |    0    |    0    |    0    |
|          |            fc2_weights_read_read_fu_164           |    0    |    0    |    0    |    0    |
|          |             fc1_bias_read_read_fu_170             |    0    |    0    |    0    |    0    |
|   read   |            fc1_weights_read_read_fu_176           |    0    |    0    |    0    |    0    |
|          |            conv2_bias_read_read_fu_182            |    0    |    0    |    0    |    0    |
|          |           conv2_filters_read_read_fu_188          |    0    |    0    |    0    |    0    |
|          |            conv1_bias_read_read_fu_194            |    0    |    0    |    0    |    0    |
|          |           conv1_filters_read_read_fu_200          |    0    |    0    |    0    |    0    |
|          |              input_r_read_read_fu_206             |    0    |    0    |    0    |    0    |
|----------|---------------------------------------------------|---------|---------|---------|---------|
|   write  |              write_ln70_write_fu_212              |    0    |    0    |    0    |    0    |
|----------|---------------------------------------------------|---------|---------|---------|---------|
|   Total  |                                                   |    39   | 33.4251 |  16602  |  14716  |
|----------|---------------------------------------------------|---------|---------|---------|---------|

Memories:
+------------+--------+--------+--------+--------+
|            |  BRAM  |   FF   |   LUT  |  URAM  |
+------------+--------+--------+--------+--------+
|conv1_output|   42   |    0   |    0   |    0   |
|conv2_output|   12   |    0   |    0   |    0   |
| fc1_output |    2   |    0   |    0   |    0   |
| fc2_output |    2   |    0   |    0   |    0   |
| fc3_output |    0   |   64   |    5   |    0   |
|pool1_output|    4   |    0   |    0   |    0   |
|pool2_output|    1   |    0   |    0   |    0   |
+------------+--------+--------+--------+--------+
|    Total   |   63   |   64   |    5   |    0   |
+------------+--------+--------+--------+--------+

* Register list:
+--------------------------+--------+
|                          |   FF   |
+--------------------------+--------+
|  conv1_bias_read_reg_374 |   64   |
|conv1_filters_read_reg_379|   64   |
|  conv2_bias_read_reg_364 |   64   |
|conv2_filters_read_reg_369|   64   |
|   fc1_bias_read_reg_354  |   64   |
| fc1_weights_read_reg_359 |   64   |
|   fc2_bias_read_reg_344  |   64   |
| fc2_weights_read_reg_349 |   64   |
|   fc3_bias_read_reg_334  |   64   |
|  fc3_output_addr_reg_395 |    4   |
| fc3_weights_read_reg_339 |   64   |
|     i_023_loc_reg_389    |   32   |
|   input_r_read_reg_384   |   64   |
|     max_prob_reg_400     |   32   |
+--------------------------+--------+
|           Total          |   772  |
+--------------------------+--------+

* Multiplexer (MUX) list: 
|-------------------|------|------|------|--------||---------||---------|
|        Comp       |  Pin | Size |  BW  | S x BW ||  Delay  ||   LUT   |
|-------------------|------|------|------|--------||---------||---------|
| grp_access_fu_226 |  p0  |   2  |   4  |    8   ||    9    |
| grp_conv2d_fu_232 |  p2  |   2  |  64  |   128  ||    9    |
| grp_conv2d_fu_232 |  p4  |   2  |  64  |   128  ||    9    |
| grp_conv2d_fu_232 |  p5  |   2  |  64  |   128  ||    9    |
|-------------------|------|------|------|--------||---------||---------|
|       Total       |      |      |      |   392  ||  1.608  ||    36   |
|-------------------|------|------|------|--------||---------||---------|



* Summary:
+-----------+--------+--------+--------+--------+--------+--------+
|           |  BRAM  |   DSP  |  Delay |   FF   |   LUT  |  URAM  |
+-----------+--------+--------+--------+--------+--------+--------+
|  Function |    -   |   39   |   33   |  16602 |  14716 |    -   |
|   Memory  |   63   |    -   |    -   |   64   |    5   |    0   |
|Multiplexer|    -   |    -   |    1   |    -   |   36   |    -   |
|  Register |    -   |    -   |    -   |   772  |    -   |    -   |
+-----------+--------+--------+--------+--------+--------+--------+
|   Total   |   63   |   39   |   35   |  17438 |  14757 |    0   |
+-----------+--------+--------+--------+--------+--------+--------+
