C:\Users\Baron\Desktop\EE_278_Repo\EE_278\vivado_projects\HLS\lenet_proj\lenet_predict\.autopilot\db\lenet_support_1.pp.0.cpp:29952:7: warning: Added loop label VITIS_LOOP_1213_1:   [xilinx-label-all-loops]
      for (i = 0; i < __N - 1; ++i) {
      ^~~
      VITIS_LOOP_1213_1: 
C:\Users\Baron\Desktop\EE_278_Repo\EE_278\vivado_projects\HLS\lenet_proj\lenet_predict\.autopilot\db\lenet_support_1.pp.0.cpp:29952:7: note: FIX-IT applied suggested code changes
C:\Users\Baron\Desktop\EE_278_Repo\EE_278\vivado_projects\HLS\lenet_proj\lenet_predict\.autopilot\db\lenet_support_1.pp.0.cpp:30926:5: warning: Added loop label VITIS_LOOP_676_1:   [xilinx-label-all-loops]
    for (unsigned i = low; i != high; ++i) {
    ^~~
    VITIS_LOOP_676_1: 
C:\Users\Baron\Desktop\EE_278_Repo\EE_278\vivado_projects\HLS\lenet_proj\lenet_predict\.autopilot\db\lenet_support_1.pp.0.cpp:30926:5: note: FIX-IT applied suggested code changes
C:\Users\Baron\Desktop\EE_278_Repo\EE_278\vivado_projects\HLS\lenet_proj\lenet_predict\.autopilot\db\lenet_support_1.pp.0.cpp:30940:5: warning: Added loop label VITIS_LOOP_690_1:   [xilinx-label-all-loops]
    for (unsigned i = low; i != high; ++i) {
    ^~~
    VITIS_LOOP_690_1: 
C:\Users\Baron\Desktop\EE_278_Repo\EE_278\vivado_projects\HLS\lenet_proj\lenet_predict\.autopilot\db\lenet_support_1.pp.0.cpp:30940:5: note: FIX-IT applied suggested code changes
C:\Users\Baron\Desktop\EE_278_Repo\EE_278\vivado_projects\HLS\lenet_proj\lenet_predict\.autopilot\db\lenet_support_1.pp.0.cpp:30954:5: warning: Added loop label VITIS_LOOP_704_1:   [xilinx-label-all-loops]
    for (unsigned i = low; i != high; ++i) {
    ^~~
    VITIS_LOOP_704_1: 
C:\Users\Baron\Desktop\EE_278_Repo\EE_278\vivado_projects\HLS\lenet_proj\lenet_predict\.autopilot\db\lenet_support_1.pp.0.cpp:30954:5: note: FIX-IT applied suggested code changes
C:\Users\Baron\Desktop\EE_278_Repo\EE_278\vivado_projects\HLS\lenet_proj\lenet_predict\.autopilot\db\lenet_support_1.pp.0.cpp:32553:7: warning: Added loop label VITIS_LOOP_1247_1:   [xilinx-label-all-loops]
      for (i = 0; i < __N - 1; ++i) {
      ^~~
      VITIS_LOOP_1247_1: 
C:\Users\Baron\Desktop\EE_278_Repo\EE_278\vivado_projects\HLS\lenet_proj\lenet_predict\.autopilot\db\lenet_support_1.pp.0.cpp:32553:7: note: FIX-IT applied suggested code changes
C:\Users\Baron\Desktop\EE_278_Repo\EE_278\vivado_projects\HLS\lenet_proj\lenet_predict\.autopilot\db\lenet_support_1.pp.0.cpp:36689:72: error: Invalid Directive: for current device, ROM_1P + LUTRAM is invalid combination for BIND_STORAGE's option 'type + impl' [clang-diagnostic-error]
#pragma HLS BIND_STORAGE variable=fourth_order_double::sin_cos_K0 type=ROM_1P impl=LUTRAM
                                                                       ^
C:\Users\Baron\Desktop\EE_278_Repo\EE_278\vivado_projects\HLS\lenet_proj\lenet_predict\.autopilot\db\lenet_support_1.pp.0.cpp:36690:72: error: Invalid Directive: for current device, ROM_1P + LUTRAM is invalid combination for BIND_STORAGE's option 'type + impl' [clang-diagnostic-error]
#pragma HLS BIND_STORAGE variable=fourth_order_double::sin_cos_K1 type=ROM_1P impl=LUTRAM
                                                                       ^
C:\Users\Baron\Desktop\EE_278_Repo\EE_278\vivado_projects\HLS\lenet_proj\lenet_predict\.autopilot\db\lenet_support_1.pp.0.cpp:36691:72: error: Invalid Directive: for current device, ROM_1P + LUTRAM is invalid combination for BIND_STORAGE's option 'type + impl' [clang-diagnostic-error]
#pragma HLS BIND_STORAGE variable=fourth_order_double::sin_cos_K2 type=ROM_1P impl=LUTRAM
                                                                       ^
C:\Users\Baron\Desktop\EE_278_Repo\EE_278\vivado_projects\HLS\lenet_proj\lenet_predict\.autopilot\db\lenet_support_1.pp.0.cpp:36692:72: error: Invalid Directive: for current device, ROM_1P + LUTRAM is invalid combination for BIND_STORAGE's option 'type + impl' [clang-diagnostic-error]
#pragma HLS BIND_STORAGE variable=fourth_order_double::sin_cos_K3 type=ROM_1P impl=LUTRAM
                                                                       ^
C:\Users\Baron\Desktop\EE_278_Repo\EE_278\vivado_projects\HLS\lenet_proj\lenet_predict\.autopilot\db\lenet_support_1.pp.0.cpp:36693:72: error: Invalid Directive: for current device, ROM_1P + LUTRAM is invalid combination for BIND_STORAGE's option 'type + impl' [clang-diagnostic-error]
#pragma HLS BIND_STORAGE variable=fourth_order_double::sin_cos_K4 type=ROM_1P impl=LUTRAM
                                                                       ^
C:\Users\Baron\Desktop\EE_278_Repo\EE_278\vivado_projects\HLS\lenet_proj\lenet_predict\.autopilot\db\lenet_support_1.pp.0.cpp:36723:68: error: Invalid Directive: for current device, ROM_1P + LUTRAM is invalid combination for BIND_STORAGE's option 'type + impl' [clang-diagnostic-error]
#pragma HLS BIND_STORAGE variable=fourth_order_double::cos_K0 type=ROM_1P impl=LUTRAM
                                                                   ^
C:\Users\Baron\Desktop\EE_278_Repo\EE_278\vivado_projects\HLS\lenet_proj\lenet_predict\.autopilot\db\lenet_support_1.pp.0.cpp:36724:68: error: Invalid Directive: for current device, ROM_1P + LUTRAM is invalid combination for BIND_STORAGE's option 'type + impl' [clang-diagnostic-error]
#pragma HLS BIND_STORAGE variable=fourth_order_double::cos_K1 type=ROM_1P impl=LUTRAM
                                                                   ^
C:\Users\Baron\Desktop\EE_278_Repo\EE_278\vivado_projects\HLS\lenet_proj\lenet_predict\.autopilot\db\lenet_support_1.pp.0.cpp:36725:68: error: Invalid Directive: for current device, ROM_1P + LUTRAM is invalid combination for BIND_STORAGE's option 'type + impl' [clang-diagnostic-error]
#pragma HLS BIND_STORAGE variable=fourth_order_double::cos_K2 type=ROM_1P impl=LUTRAM
                                                                   ^
C:\Users\Baron\Desktop\EE_278_Repo\EE_278\vivado_projects\HLS\lenet_proj\lenet_predict\.autopilot\db\lenet_support_1.pp.0.cpp:36726:68: error: Invalid Directive: for current device, ROM_1P + LUTRAM is invalid combination for BIND_STORAGE's option 'type + impl' [clang-diagnostic-error]
#pragma HLS BIND_STORAGE variable=fourth_order_double::cos_K3 type=ROM_1P impl=LUTRAM
                                                                   ^
C:\Users\Baron\Desktop\EE_278_Repo\EE_278\vivado_projects\HLS\lenet_proj\lenet_predict\.autopilot\db\lenet_support_1.pp.0.cpp:36727:68: error: Invalid Directive: for current device, ROM_1P + LUTRAM is invalid combination for BIND_STORAGE's option 'type + impl' [clang-diagnostic-error]
#pragma HLS BIND_STORAGE variable=fourth_order_double::cos_K4 type=ROM_1P impl=LUTRAM
                                                                   ^
C:\Users\Baron\Desktop\EE_278_Repo\EE_278\vivado_projects\HLS\lenet_proj\lenet_predict\.autopilot\db\lenet_support_1.pp.0.cpp:36728:68: error: Invalid Directive: for current device, ROM_1P + LUTRAM is invalid combination for BIND_STORAGE's option 'type + impl' [clang-diagnostic-error]
#pragma HLS BIND_STORAGE variable=fourth_order_double::sin_K0 type=ROM_1P impl=LUTRAM
                                                                   ^
C:\Users\Baron\Desktop\EE_278_Repo\EE_278\vivado_projects\HLS\lenet_proj\lenet_predict\.autopilot\db\lenet_support_1.pp.0.cpp:36729:68: error: Invalid Directive: for current device, ROM_1P + LUTRAM is invalid combination for BIND_STORAGE's option 'type + impl' [clang-diagnostic-error]
#pragma HLS BIND_STORAGE variable=fourth_order_double::sin_K1 type=ROM_1P impl=LUTRAM
                                                                   ^
C:\Users\Baron\Desktop\EE_278_Repo\EE_278\vivado_projects\HLS\lenet_proj\lenet_predict\.autopilot\db\lenet_support_1.pp.0.cpp:36730:68: error: Invalid Directive: for current device, ROM_1P + LUTRAM is invalid combination for BIND_STORAGE's option 'type + impl' [clang-diagnostic-error]
#pragma HLS BIND_STORAGE variable=fourth_order_double::sin_K2 type=ROM_1P impl=LUTRAM
                                                                   ^
C:\Users\Baron\Desktop\EE_278_Repo\EE_278\vivado_projects\HLS\lenet_proj\lenet_predict\.autopilot\db\lenet_support_1.pp.0.cpp:36731:68: error: Invalid Directive: for current device, ROM_1P + LUTRAM is invalid combination for BIND_STORAGE's option 'type + impl' [clang-diagnostic-error]
#pragma HLS BIND_STORAGE variable=fourth_order_double::sin_K3 type=ROM_1P impl=LUTRAM
                                                                   ^
C:\Users\Baron\Desktop\EE_278_Repo\EE_278\vivado_projects\HLS\lenet_proj\lenet_predict\.autopilot\db\lenet_support_1.pp.0.cpp:36732:68: error: Invalid Directive: for current device, ROM_1P + LUTRAM is invalid combination for BIND_STORAGE's option 'type + impl' [clang-diagnostic-error]
#pragma HLS BIND_STORAGE variable=fourth_order_double::sin_K4 type=ROM_1P impl=LUTRAM
                                                                   ^
C:\Users\Baron\Desktop\EE_278_Repo\EE_278\vivado_projects\HLS\lenet_proj\lenet_predict\.autopilot\db\lenet_support_1.pp.0.cpp:36782:71: error: Invalid Directive: for current device, ROM_1P + LUTRAM is invalid combination for BIND_STORAGE's option 'type + impl' [clang-diagnostic-error]
#pragma HLS BIND_STORAGE variable=second_order_float::sin_cos_K0 type=ROM_1P impl=LUTRAM
                                                                      ^
C:\Users\Baron\Desktop\EE_278_Repo\EE_278\vivado_projects\HLS\lenet_proj\lenet_predict\.autopilot\db\lenet_support_1.pp.0.cpp:36783:71: error: Invalid Directive: for current device, ROM_1P + LUTRAM is invalid combination for BIND_STORAGE's option 'type + impl' [clang-diagnostic-error]
#pragma HLS BIND_STORAGE variable=second_order_float::sin_cos_K1 type=ROM_1P impl=LUTRAM
                                                                      ^
C:\Users\Baron\Desktop\EE_278_Repo\EE_278\vivado_projects\HLS\lenet_proj\lenet_predict\.autopilot\db\lenet_support_1.pp.0.cpp:36784:71: error: Invalid Directive: for current device, ROM_1P + LUTRAM is invalid combination for BIND_STORAGE's option 'type + impl' [clang-diagnostic-error]
#pragma HLS BIND_STORAGE variable=second_order_float::sin_cos_K2 type=ROM_1P impl=LUTRAM
                                                                      ^
C:\Users\Baron\Desktop\EE_278_Repo\EE_278\vivado_projects\HLS\lenet_proj\lenet_predict\.autopilot\db\lenet_support_1.pp.0.cpp:36811:67: error: Invalid Directive: for current device, ROM_1P + LUTRAM is invalid combination for BIND_STORAGE's option 'type + impl' [clang-diagnostic-error]
#pragma HLS BIND_STORAGE variable=second_order_float::cos_K0 type=ROM_1P impl=LUTRAM
                                                                  ^
C:\Users\Baron\Desktop\EE_278_Repo\EE_278\vivado_projects\HLS\lenet_proj\lenet_predict\.autopilot\db\lenet_support_1.pp.0.cpp:36812:67: error: Invalid Directive: for current device, ROM_1P + LUTRAM is invalid combination for BIND_STORAGE's option 'type + impl' [clang-diagnostic-error]
#pragma HLS BIND_STORAGE variable=second_order_float::cos_K1 type=ROM_1P impl=LUTRAM
                                                                  ^
C:\Users\Baron\Desktop\EE_278_Repo\EE_278\vivado_projects\HLS\lenet_proj\lenet_predict\.autopilot\db\lenet_support_1.pp.0.cpp:36813:67: error: Invalid Directive: for current device, ROM_1P + LUTRAM is invalid combination for BIND_STORAGE's option 'type + impl' [clang-diagnostic-error]
#pragma HLS BIND_STORAGE variable=second_order_float::cos_K2 type=ROM_1P impl=LUTRAM
                                                                  ^
C:\Users\Baron\Desktop\EE_278_Repo\EE_278\vivado_projects\HLS\lenet_proj\lenet_predict\.autopilot\db\lenet_support_1.pp.0.cpp:36814:67: error: Invalid Directive: for current device, ROM_1P + LUTRAM is invalid combination for BIND_STORAGE's option 'type + impl' [clang-diagnostic-error]
#pragma HLS BIND_STORAGE variable=second_order_float::sin_K0 type=ROM_1P impl=LUTRAM
                                                                  ^
C:\Users\Baron\Desktop\EE_278_Repo\EE_278\vivado_projects\HLS\lenet_proj\lenet_predict\.autopilot\db\lenet_support_1.pp.0.cpp:36815:67: error: Invalid Directive: for current device, ROM_1P + LUTRAM is invalid combination for BIND_STORAGE's option 'type + impl' [clang-diagnostic-error]
#pragma HLS BIND_STORAGE variable=second_order_float::sin_K1 type=ROM_1P impl=LUTRAM
                                                                  ^
C:\Users\Baron\Desktop\EE_278_Repo\EE_278\vivado_projects\HLS\lenet_proj\lenet_predict\.autopilot\db\lenet_support_1.pp.0.cpp:36816:67: error: Invalid Directive: for current device, ROM_1P + LUTRAM is invalid combination for BIND_STORAGE's option 'type + impl' [clang-diagnostic-error]
#pragma HLS BIND_STORAGE variable=second_order_float::sin_K2 type=ROM_1P impl=LUTRAM
                                                                  ^
C:\Users\Baron\Desktop\EE_278_Repo\EE_278\vivado_projects\HLS\lenet_proj\lenet_predict\.autopilot\db\lenet_support_1.pp.0.cpp:36852:73: error: Invalid Directive: for current device, ROM_1P + LUTRAM is invalid combination for BIND_STORAGE's option 'type + impl' [clang-diagnostic-error]
#pragma HLS BIND_STORAGE variable=first_order_fixed_16::sin_cos_K0 type=ROM_1P impl=LUTRAM
                                                                        ^
C:\Users\Baron\Desktop\EE_278_Repo\EE_278\vivado_projects\HLS\lenet_proj\lenet_predict\.autopilot\db\lenet_support_1.pp.0.cpp:36853:73: error: Invalid Directive: for current device, ROM_1P + LUTRAM is invalid combination for BIND_STORAGE's option 'type + impl' [clang-diagnostic-error]
#pragma HLS BIND_STORAGE variable=first_order_fixed_16::sin_cos_K1 type=ROM_1P impl=LUTRAM
                                                                        ^
C:\Users\Baron\Desktop\EE_278_Repo\EE_278\vivado_projects\HLS\lenet_proj\lenet_predict\.autopilot\db\lenet_support_1.pp.0.cpp:37127:5: warning: Added loop label VITIS_LOOP_87_1:   [xilinx-label-all-loops]
    for (int n=0; n<Nmax; n++){
    ^~~
    VITIS_LOOP_87_1: 
C:\Users\Baron\Desktop\EE_278_Repo\EE_278\vivado_projects\HLS\lenet_proj\lenet_predict\.autopilot\db\lenet_support_1.pp.0.cpp:37127:5: note: FIX-IT applied suggested code changes
C:\Users\Baron\Desktop\EE_278_Repo\EE_278\vivado_projects\HLS\lenet_proj\lenet_predict\.autopilot\db\lenet_support_1.pp.0.cpp:37173:5: warning: Added loop label VITIS_LOOP_143_1:   [xilinx-label-all-loops]
    for (int n=0; n<Nmax; n++){
    ^~~
    VITIS_LOOP_143_1: 
C:\Users\Baron\Desktop\EE_278_Repo\EE_278\vivado_projects\HLS\lenet_proj\lenet_predict\.autopilot\db\lenet_support_1.pp.0.cpp:37173:5: note: FIX-IT applied suggested code changes
C:\Users\Baron\Desktop\EE_278_Repo\EE_278\vivado_projects\HLS\lenet_proj\lenet_predict\.autopilot\db\lenet_support_1.pp.0.cpp:37336:9: warning: Added loop label VITIS_LOOP_315_1:   [xilinx-label-all-loops]
        for(int i=0;i<W-1;i++){
        ^~~
        VITIS_LOOP_315_1: 
C:\Users\Baron\Desktop\EE_278_Repo\EE_278\vivado_projects\HLS\lenet_proj\lenet_predict\.autopilot\db\lenet_support_1.pp.0.cpp:37336:9: note: FIX-IT applied suggested code changes
C:\Users\Baron\Desktop\EE_278_Repo\EE_278\vivado_projects\HLS\lenet_proj\lenet_predict\.autopilot\db\lenet_support_1.pp.0.cpp:37488:9: warning: Added loop label VITIS_LOOP_475_1:   [xilinx-label-all-loops]
        for(int i=0;i<W-1;i++){
        ^~~
        VITIS_LOOP_475_1: 
C:\Users\Baron\Desktop\EE_278_Repo\EE_278\vivado_projects\HLS\lenet_proj\lenet_predict\.autopilot\db\lenet_support_1.pp.0.cpp:37488:9: note: FIX-IT applied suggested code changes
C:\Users\Baron\Desktop\EE_278_Repo\EE_278\vivado_projects\HLS\lenet_proj\lenet_predict\.autopilot\db\lenet_support_1.pp.0.cpp:37668:5: warning: Added loop label VITIS_LOOP_655_1:   [xilinx-label-all-loops]
    for(int i=0;i<W+1;i++){
    ^~~
    VITIS_LOOP_655_1: 
C:\Users\Baron\Desktop\EE_278_Repo\EE_278\vivado_projects\HLS\lenet_proj\lenet_predict\.autopilot\db\lenet_support_1.pp.0.cpp:37668:5: note: FIX-IT applied suggested code changes
C:\Users\Baron\Desktop\EE_278_Repo\EE_278\vivado_projects\HLS\lenet_proj\lenet_predict\.autopilot\db\lenet_support_1.pp.0.cpp:37672:5: warning: Added loop label VITIS_LOOP_659_2:   [xilinx-label-all-loops]
    for(int i=0;i<W+1;i++){
    ^~~
    VITIS_LOOP_659_2: 
C:\Users\Baron\Desktop\EE_278_Repo\EE_278\vivado_projects\HLS\lenet_proj\lenet_predict\.autopilot\db\lenet_support_1.pp.0.cpp:37672:5: note: FIX-IT applied suggested code changes
C:\Users\Baron\Desktop\EE_278_Repo\EE_278\vivado_projects\HLS\lenet_proj\lenet_predict\.autopilot\db\lenet_support_1.pp.0.cpp:37782:5: warning: Added loop label VITIS_LOOP_769_1:   [xilinx-label-all-loops]
    for (int n=0; n<Nmax; n++){
    ^~~
    VITIS_LOOP_769_1: 
C:\Users\Baron\Desktop\EE_278_Repo\EE_278\vivado_projects\HLS\lenet_proj\lenet_predict\.autopilot\db\lenet_support_1.pp.0.cpp:37782:5: note: FIX-IT applied suggested code changes
C:\Users\Baron\Desktop\EE_278_Repo\EE_278\vivado_projects\HLS\lenet_proj\lenet_predict\.autopilot\db\lenet_support_1.pp.0.cpp:37872:7: warning: Added loop label VITIS_LOOP_866_1:   [xilinx-label-all-loops]
      for(int i=0;i<W-1;i++){
      ^~~
      VITIS_LOOP_866_1: 
C:\Users\Baron\Desktop\EE_278_Repo\EE_278\vivado_projects\HLS\lenet_proj\lenet_predict\.autopilot\db\lenet_support_1.pp.0.cpp:37872:7: note: FIX-IT applied suggested code changes
C:\Users\Baron\Desktop\EE_278_Repo\EE_278\vivado_projects\HLS\lenet_proj\lenet_predict\.autopilot\db\lenet_support_1.pp.0.cpp:37891:7: warning: Added loop label VITIS_LOOP_885_2:   [xilinx-label-all-loops]
      for(int i=0;i<W-1;i++){
      ^~~
      VITIS_LOOP_885_2: 
C:\Users\Baron\Desktop\EE_278_Repo\EE_278\vivado_projects\HLS\lenet_proj\lenet_predict\.autopilot\db\lenet_support_1.pp.0.cpp:37891:7: note: FIX-IT applied suggested code changes
C:\Users\Baron\Desktop\EE_278_Repo\EE_278\vivado_projects\HLS\lenet_proj\lenet_predict\.autopilot\db\lenet_support_1.pp.0.cpp:38181:5: warning: Added loop label VITIS_LOOP_1199_1:   [xilinx-label-all-loops]
    for(int i=0; i<Nmax; i++) {
    ^~~
    VITIS_LOOP_1199_1: 
C:\Users\Baron\Desktop\EE_278_Repo\EE_278\vivado_projects\HLS\lenet_proj\lenet_predict\.autopilot\db\lenet_support_1.pp.0.cpp:38181:5: note: FIX-IT applied suggested code changes
C:\Users\Baron\Desktop\EE_278_Repo\EE_278\vivado_projects\HLS\lenet_proj\lenet_predict\.autopilot\db\lenet_support_1.pp.0.cpp:38264:5: warning: Added loop label VITIS_LOOP_1282_1:   [xilinx-label-all-loops]
    for(int i=0; i<Nmax; i++) {
    ^~~
    VITIS_LOOP_1282_1: 
C:\Users\Baron\Desktop\EE_278_Repo\EE_278\vivado_projects\HLS\lenet_proj\lenet_predict\.autopilot\db\lenet_support_1.pp.0.cpp:38264:5: note: FIX-IT applied suggested code changes
C:\Users\Baron\Desktop\EE_278_Repo\EE_278\vivado_projects\HLS\lenet_proj\lenet_predict\.autopilot\db\lenet_support_1.pp.0.cpp:38670:13: warning: Added loop label VITIS_LOOP_94_1:   [xilinx-label-all-loops]
            for (int j = 3; j >= I_+1; j--) {
            ^~~
            VITIS_LOOP_94_1: 
C:\Users\Baron\Desktop\EE_278_Repo\EE_278\vivado_projects\HLS\lenet_proj\lenet_predict\.autopilot\db\lenet_support_1.pp.0.cpp:38670:13: note: FIX-IT applied suggested code changes
C:\Users\Baron\Desktop\EE_278_Repo\EE_278\vivado_projects\HLS\lenet_proj\lenet_predict\.autopilot\db\lenet_support_1.pp.0.cpp:38676:17: warning: Added loop label VITIS_LOOP_100_2:   [xilinx-label-all-loops]
                for (int j = 3; j >= I_+1; j--){
                ^~~
                VITIS_LOOP_100_2: 
C:\Users\Baron\Desktop\EE_278_Repo\EE_278\vivado_projects\HLS\lenet_proj\lenet_predict\.autopilot\db\lenet_support_1.pp.0.cpp:38676:17: note: FIX-IT applied suggested code changes
C:\Users\Baron\Desktop\EE_278_Repo\EE_278\vivado_projects\HLS\lenet_proj\lenet_predict\.autopilot\db\lenet_support_1.pp.0.cpp:38680:17: warning: Added loop label VITIS_LOOP_104_3:   [xilinx-label-all-loops]
                for (int j = I_; j >= 0; j--){
                ^~~
                VITIS_LOOP_104_3: 
C:\Users\Baron\Desktop\EE_278_Repo\EE_278\vivado_projects\HLS\lenet_proj\lenet_predict\.autopilot\db\lenet_support_1.pp.0.cpp:38680:17: note: FIX-IT applied suggested code changes
C:\Users\Baron\Desktop\EE_278_Repo\EE_278\vivado_projects\HLS\lenet_proj\lenet_predict\.autopilot\db\lenet_support_1.pp.0.cpp:38728:13: warning: Added loop label VITIS_LOOP_171_4:   [xilinx-label-all-loops]
            for (int j = 9; j >= I_+4; j--) {
            ^~~
            VITIS_LOOP_171_4: 
C:\Users\Baron\Desktop\EE_278_Repo\EE_278\vivado_projects\HLS\lenet_proj\lenet_predict\.autopilot\db\lenet_support_1.pp.0.cpp:38728:13: note: FIX-IT applied suggested code changes
C:\Users\Baron\Desktop\EE_278_Repo\EE_278\vivado_projects\HLS\lenet_proj\lenet_predict\.autopilot\db\lenet_support_1.pp.0.cpp:38734:17: warning: Added loop label VITIS_LOOP_177_5:   [xilinx-label-all-loops]
                for (int j = 9; j >= I_+4; j--){
                ^~~
                VITIS_LOOP_177_5: 
C:\Users\Baron\Desktop\EE_278_Repo\EE_278\vivado_projects\HLS\lenet_proj\lenet_predict\.autopilot\db\lenet_support_1.pp.0.cpp:38734:17: note: FIX-IT applied suggested code changes
C:\Users\Baron\Desktop\EE_278_Repo\EE_278\vivado_projects\HLS\lenet_proj\lenet_predict\.autopilot\db\lenet_support_1.pp.0.cpp:38738:17: warning: Added loop label VITIS_LOOP_181_6:   [xilinx-label-all-loops]
                for (int j = I_+3; j >= 0; j--){
                ^~~
                VITIS_LOOP_181_6: 
C:\Users\Baron\Desktop\EE_278_Repo\EE_278\vivado_projects\HLS\lenet_proj\lenet_predict\.autopilot\db\lenet_support_1.pp.0.cpp:38738:17: note: FIX-IT applied suggested code changes
C:\Users\Baron\Desktop\EE_278_Repo\EE_278\vivado_projects\HLS\lenet_proj\lenet_predict\.autopilot\db\lenet_support_1.pp.0.cpp:38753:9: warning: Added loop label VITIS_LOOP_196_7:   [xilinx-label-all-loops]
        for (int j = 14; j < 22; j++){
        ^~~
        VITIS_LOOP_196_7: 
C:\Users\Baron\Desktop\EE_278_Repo\EE_278\vivado_projects\HLS\lenet_proj\lenet_predict\.autopilot\db\lenet_support_1.pp.0.cpp:38753:9: note: FIX-IT applied suggested code changes
C:\Users\Baron\Desktop\EE_278_Repo\EE_278\vivado_projects\HLS\lenet_proj\lenet_predict\.autopilot\db\lenet_support_1.pp.0.cpp:38761:17: warning: Added loop label VITIS_LOOP_204_8:   [xilinx-label-all-loops]
                for (int j = 0; j < 22; j++){
                ^~~
                VITIS_LOOP_204_8: 
C:\Users\Baron\Desktop\EE_278_Repo\EE_278\vivado_projects\HLS\lenet_proj\lenet_predict\.autopilot\db\lenet_support_1.pp.0.cpp:38761:17: note: FIX-IT applied suggested code changes
C:\Users\Baron\Desktop\EE_278_Repo\EE_278\vivado_projects\HLS\lenet_proj\lenet_predict\.autopilot\db\lenet_support_1.pp.0.cpp:38826:13: warning: Added loop label VITIS_LOOP_269_9:   [xilinx-label-all-loops]
            for (int j = 21; j >= I_+10; j--) {
            ^~~
            VITIS_LOOP_269_9: 
C:\Users\Baron\Desktop\EE_278_Repo\EE_278\vivado_projects\HLS\lenet_proj\lenet_predict\.autopilot\db\lenet_support_1.pp.0.cpp:38826:13: note: FIX-IT applied suggested code changes
C:\Users\Baron\Desktop\EE_278_Repo\EE_278\vivado_projects\HLS\lenet_proj\lenet_predict\.autopilot\db\lenet_support_1.pp.0.cpp:38832:17: warning: Added loop label VITIS_LOOP_275_10:   [xilinx-label-all-loops]
                for (int j = 21; j >= I_+10; j--) {
                ^~~
                VITIS_LOOP_275_10: 
C:\Users\Baron\Desktop\EE_278_Repo\EE_278\vivado_projects\HLS\lenet_proj\lenet_predict\.autopilot\db\lenet_support_1.pp.0.cpp:38832:17: note: FIX-IT applied suggested code changes
C:\Users\Baron\Desktop\EE_278_Repo\EE_278\vivado_projects\HLS\lenet_proj\lenet_predict\.autopilot\db\lenet_support_1.pp.0.cpp:38836:17: warning: Added loop label VITIS_LOOP_279_11:   [xilinx-label-all-loops]
                for (int j = I_+9; j >= 0; j--) {
                ^~~
                VITIS_LOOP_279_11: 
C:\Users\Baron\Desktop\EE_278_Repo\EE_278\vivado_projects\HLS\lenet_proj\lenet_predict\.autopilot\db\lenet_support_1.pp.0.cpp:38836:17: note: FIX-IT applied suggested code changes
C:\Users\Baron\Desktop\EE_278_Repo\EE_278\vivado_projects\HLS\lenet_proj\lenet_predict\.autopilot\db\lenet_support_1.pp.0.cpp:38851:9: warning: Added loop label VITIS_LOOP_294_12:   [xilinx-label-all-loops]
        for (int j = 27; j < 46; j++){
        ^~~
        VITIS_LOOP_294_12: 
C:\Users\Baron\Desktop\EE_278_Repo\EE_278\vivado_projects\HLS\lenet_proj\lenet_predict\.autopilot\db\lenet_support_1.pp.0.cpp:38851:9: note: FIX-IT applied suggested code changes
C:\Users\Baron\Desktop\EE_278_Repo\EE_278\vivado_projects\HLS\lenet_proj\lenet_predict\.autopilot\db\lenet_support_1.pp.0.cpp:38859:17: warning: Added loop label VITIS_LOOP_302_13:   [xilinx-label-all-loops]
                for (int j = 0; j < 46; j++) {
                ^~~
                VITIS_LOOP_302_13: 
C:\Users\Baron\Desktop\EE_278_Repo\EE_278\vivado_projects\HLS\lenet_proj\lenet_predict\.autopilot\db\lenet_support_1.pp.0.cpp:38859:17: note: FIX-IT applied suggested code changes
C:\Users\Baron\Desktop\EE_278_Repo\EE_278\vivado_projects\HLS\lenet_proj\lenet_predict\.autopilot\db\lenet_support_1.pp.0.cpp:39088:13: warning: Added loop label VITIS_LOOP_531_14:   [xilinx-label-all-loops]
            for (int j = 45; j >= I_+22; j--) {
            ^~~
            VITIS_LOOP_531_14: 
C:\Users\Baron\Desktop\EE_278_Repo\EE_278\vivado_projects\HLS\lenet_proj\lenet_predict\.autopilot\db\lenet_support_1.pp.0.cpp:39088:13: note: FIX-IT applied suggested code changes
C:\Users\Baron\Desktop\EE_278_Repo\EE_278\vivado_projects\HLS\lenet_proj\lenet_predict\.autopilot\db\lenet_support_1.pp.0.cpp:39094:17: warning: Added loop label VITIS_LOOP_537_15:   [xilinx-label-all-loops]
                for (int j = 45; j >= I_+22; j--){
                ^~~
                VITIS_LOOP_537_15: 
C:\Users\Baron\Desktop\EE_278_Repo\EE_278\vivado_projects\HLS\lenet_proj\lenet_predict\.autopilot\db\lenet_support_1.pp.0.cpp:39094:17: note: FIX-IT applied suggested code changes
C:\Users\Baron\Desktop\EE_278_Repo\EE_278\vivado_projects\HLS\lenet_proj\lenet_predict\.autopilot\db\lenet_support_1.pp.0.cpp:39098:17: warning: Added loop label VITIS_LOOP_541_16:   [xilinx-label-all-loops]
                for (int j = I_+21; j >= 0; j--) {
                ^~~
                VITIS_LOOP_541_16: 
C:\Users\Baron\Desktop\EE_278_Repo\EE_278\vivado_projects\HLS\lenet_proj\lenet_predict\.autopilot\db\lenet_support_1.pp.0.cpp:39098:17: note: FIX-IT applied suggested code changes
C:\Users\Baron\Desktop\EE_278_Repo\EE_278\vivado_projects\HLS\lenet_proj\lenet_predict\.autopilot\db\lenet_support_1.pp.0.cpp:39108:9: warning: Added loop label VITIS_LOOP_551_17:   [xilinx-label-all-loops]
        for (int j = 32-F_; j < 32+I_; j++){
        ^~~
        VITIS_LOOP_551_17: 
C:\Users\Baron\Desktop\EE_278_Repo\EE_278\vivado_projects\HLS\lenet_proj\lenet_predict\.autopilot\db\lenet_support_1.pp.0.cpp:39108:9: note: FIX-IT applied suggested code changes
C:\Users\Baron\Desktop\EE_278_Repo\EE_278\vivado_projects\HLS\lenet_proj\lenet_predict\.autopilot\db\lenet_support_1.pp.0.cpp:39112:9: warning: Added loop label VITIS_LOOP_555_18:   [xilinx-label-all-loops]
        for (int j = 32+I_; j <= 64; j++){
        ^~~
        VITIS_LOOP_555_18: 
C:\Users\Baron\Desktop\EE_278_Repo\EE_278\vivado_projects\HLS\lenet_proj\lenet_predict\.autopilot\db\lenet_support_1.pp.0.cpp:39112:9: note: FIX-IT applied suggested code changes
C:\Users\Baron\Desktop\EE_278_Repo\EE_278\vivado_projects\HLS\lenet_proj\lenet_predict\.autopilot\db\lenet_support_1.pp.0.cpp:39122:9: warning: Added loop label VITIS_LOOP_565_19:   [xilinx-label-all-loops]
        for (int j = 37; j < 64; j++) {
        ^~~
        VITIS_LOOP_565_19: 
C:\Users\Baron\Desktop\EE_278_Repo\EE_278\vivado_projects\HLS\lenet_proj\lenet_predict\.autopilot\db\lenet_support_1.pp.0.cpp:39122:9: note: FIX-IT applied suggested code changes
C:\Users\Baron\Desktop\EE_278_Repo\EE_278\vivado_projects\HLS\lenet_proj\lenet_predict\.autopilot\db\lenet_support_1.pp.0.cpp:39130:17: warning: Added loop label VITIS_LOOP_573_20:   [xilinx-label-all-loops]
                for (int j = 0; j < 64; j++){
                ^~~
                VITIS_LOOP_573_20: 
C:\Users\Baron\Desktop\EE_278_Repo\EE_278\vivado_projects\HLS\lenet_proj\lenet_predict\.autopilot\db\lenet_support_1.pp.0.cpp:39130:17: note: FIX-IT applied suggested code changes
C:\Users\Baron\Desktop\EE_278_Repo\EE_278\vivado_projects\HLS\lenet_proj\lenet_predict\.autopilot\db\lenet_support_1.pp.0.cpp:39491:13: warning: Added loop label VITIS_LOOP_934_21:   [xilinx-label-all-loops]
            for (int j = 63; j >= I_+31; j--) {
            ^~~
            VITIS_LOOP_934_21: 
C:\Users\Baron\Desktop\EE_278_Repo\EE_278\vivado_projects\HLS\lenet_proj\lenet_predict\.autopilot\db\lenet_support_1.pp.0.cpp:39491:13: note: FIX-IT applied suggested code changes
C:\Users\Baron\Desktop\EE_278_Repo\EE_278\vivado_projects\HLS\lenet_proj\lenet_predict\.autopilot\db\lenet_support_1.pp.0.cpp:39497:17: warning: Added loop label VITIS_LOOP_940_22:   [xilinx-label-all-loops]
                for (int j = 63; j >= I_+31; j--) {
                ^~~
                VITIS_LOOP_940_22: 
C:\Users\Baron\Desktop\EE_278_Repo\EE_278\vivado_projects\HLS\lenet_proj\lenet_predict\.autopilot\db\lenet_support_1.pp.0.cpp:39497:17: note: FIX-IT applied suggested code changes
C:\Users\Baron\Desktop\EE_278_Repo\EE_278\vivado_projects\HLS\lenet_proj\lenet_predict\.autopilot\db\lenet_support_1.pp.0.cpp:39501:17: warning: Added loop label VITIS_LOOP_944_23:   [xilinx-label-all-loops]
                for (int j = I_+30; j >= 0; j--) {
                ^~~
                VITIS_LOOP_944_23: 
C:\Users\Baron\Desktop\EE_278_Repo\EE_278\vivado_projects\HLS\lenet_proj\lenet_predict\.autopilot\db\lenet_support_1.pp.0.cpp:39501:17: note: FIX-IT applied suggested code changes
C:\Users\Baron\Desktop\EE_278_Repo\EE_278\vivado_projects\HLS\lenet_proj\lenet_predict\.autopilot\db\lenet_support_1.pp.0.cpp:39617:13: warning: Added loop label VITIS_LOOP_1060_1:   [xilinx-label-all-loops]
            for (int j = 4; j >= I_+1; j--) {
            ^~~
            VITIS_LOOP_1060_1: 
C:\Users\Baron\Desktop\EE_278_Repo\EE_278\vivado_projects\HLS\lenet_proj\lenet_predict\.autopilot\db\lenet_support_1.pp.0.cpp:39617:13: note: FIX-IT applied suggested code changes
C:\Users\Baron\Desktop\EE_278_Repo\EE_278\vivado_projects\HLS\lenet_proj\lenet_predict\.autopilot\db\lenet_support_1.pp.0.cpp:39623:17: warning: Added loop label VITIS_LOOP_1066_2:   [xilinx-label-all-loops]
                for (int j = 4; j >= I_+1; j--) {
                ^~~
                VITIS_LOOP_1066_2: 
C:\Users\Baron\Desktop\EE_278_Repo\EE_278\vivado_projects\HLS\lenet_proj\lenet_predict\.autopilot\db\lenet_support_1.pp.0.cpp:39623:17: note: FIX-IT applied suggested code changes
C:\Users\Baron\Desktop\EE_278_Repo\EE_278\vivado_projects\HLS\lenet_proj\lenet_predict\.autopilot\db\lenet_support_1.pp.0.cpp:39627:17: warning: Added loop label VITIS_LOOP_1070_3:   [xilinx-label-all-loops]
                for (int j = I_; j >= 0; j--) {
                ^~~
                VITIS_LOOP_1070_3: 
C:\Users\Baron\Desktop\EE_278_Repo\EE_278\vivado_projects\HLS\lenet_proj\lenet_predict\.autopilot\db\lenet_support_1.pp.0.cpp:39627:17: note: FIX-IT applied suggested code changes
C:\Users\Baron\Desktop\EE_278_Repo\EE_278\vivado_projects\HLS\lenet_proj\lenet_predict\.autopilot\db\lenet_support_1.pp.0.cpp:39714:13: warning: Added loop label VITIS_LOOP_1157_4:   [xilinx-label-all-loops]
            for (int j = 10; j >= I_+4; j--) {
            ^~~
            VITIS_LOOP_1157_4: 
C:\Users\Baron\Desktop\EE_278_Repo\EE_278\vivado_projects\HLS\lenet_proj\lenet_predict\.autopilot\db\lenet_support_1.pp.0.cpp:39714:13: note: FIX-IT applied suggested code changes
C:\Users\Baron\Desktop\EE_278_Repo\EE_278\vivado_projects\HLS\lenet_proj\lenet_predict\.autopilot\db\lenet_support_1.pp.0.cpp:39720:17: warning: Added loop label VITIS_LOOP_1163_5:   [xilinx-label-all-loops]
                for (int j = 10; j >= I_+4; j--) {
                ^~~
                VITIS_LOOP_1163_5: 
C:\Users\Baron\Desktop\EE_278_Repo\EE_278\vivado_projects\HLS\lenet_proj\lenet_predict\.autopilot\db\lenet_support_1.pp.0.cpp:39720:17: note: FIX-IT applied suggested code changes
C:\Users\Baron\Desktop\EE_278_Repo\EE_278\vivado_projects\HLS\lenet_proj\lenet_predict\.autopilot\db\lenet_support_1.pp.0.cpp:39724:17: warning: Added loop label VITIS_LOOP_1167_6:   [xilinx-label-all-loops]
                for (int j = I_+3; j >= 0; j--) {
                ^~~
                VITIS_LOOP_1167_6: 
C:\Users\Baron\Desktop\EE_278_Repo\EE_278\vivado_projects\HLS\lenet_proj\lenet_predict\.autopilot\db\lenet_support_1.pp.0.cpp:39724:17: note: FIX-IT applied suggested code changes
C:\Users\Baron\Desktop\EE_278_Repo\EE_278\vivado_projects\HLS\lenet_proj\lenet_predict\.autopilot\db\lenet_support_1.pp.0.cpp:39743:9: warning: Added loop label VITIS_LOOP_1186_7:   [xilinx-label-all-loops]
        for (int j = wf+3; j < w-1; j++) {
        ^~~
        VITIS_LOOP_1186_7: 
C:\Users\Baron\Desktop\EE_278_Repo\EE_278\vivado_projects\HLS\lenet_proj\lenet_predict\.autopilot\db\lenet_support_1.pp.0.cpp:39743:9: note: FIX-IT applied suggested code changes
C:\Users\Baron\Desktop\EE_278_Repo\EE_278\vivado_projects\HLS\lenet_proj\lenet_predict\.autopilot\db\lenet_support_1.pp.0.cpp:39750:17: warning: Added loop label VITIS_LOOP_1193_8:   [xilinx-label-all-loops]
                for (int j = 0; j < 22; j++) {
                ^~~
                VITIS_LOOP_1193_8: 
C:\Users\Baron\Desktop\EE_278_Repo\EE_278\vivado_projects\HLS\lenet_proj\lenet_predict\.autopilot\db\lenet_support_1.pp.0.cpp:39750:17: note: FIX-IT applied suggested code changes
C:\Users\Baron\Desktop\EE_278_Repo\EE_278\vivado_projects\HLS\lenet_proj\lenet_predict\.autopilot\db\lenet_support_1.pp.0.cpp:39866:13: warning: Added loop label VITIS_LOOP_1309_9:   [xilinx-label-all-loops]
            for (int j = 22; j >= I_+10; j--) {
            ^~~
            VITIS_LOOP_1309_9: 
C:\Users\Baron\Desktop\EE_278_Repo\EE_278\vivado_projects\HLS\lenet_proj\lenet_predict\.autopilot\db\lenet_support_1.pp.0.cpp:39866:13: note: FIX-IT applied suggested code changes
C:\Users\Baron\Desktop\EE_278_Repo\EE_278\vivado_projects\HLS\lenet_proj\lenet_predict\.autopilot\db\lenet_support_1.pp.0.cpp:39872:17: warning: Added loop label VITIS_LOOP_1315_10:   [xilinx-label-all-loops]
                for (int j = 22; j >= I_+10; j--){
                ^~~
                VITIS_LOOP_1315_10: 
C:\Users\Baron\Desktop\EE_278_Repo\EE_278\vivado_projects\HLS\lenet_proj\lenet_predict\.autopilot\db\lenet_support_1.pp.0.cpp:39872:17: note: FIX-IT applied suggested code changes
C:\Users\Baron\Desktop\EE_278_Repo\EE_278\vivado_projects\HLS\lenet_proj\lenet_predict\.autopilot\db\lenet_support_1.pp.0.cpp:39876:17: warning: Added loop label VITIS_LOOP_1319_11:   [xilinx-label-all-loops]
                for (int j = I_+9; j >= 0; j--) {
                ^~~
                VITIS_LOOP_1319_11: 
C:\Users\Baron\Desktop\EE_278_Repo\EE_278\vivado_projects\HLS\lenet_proj\lenet_predict\.autopilot\db\lenet_support_1.pp.0.cpp:39876:17: note: FIX-IT applied suggested code changes
C:\Users\Baron\Desktop\EE_278_Repo\EE_278\vivado_projects\HLS\lenet_proj\lenet_predict\.autopilot\db\lenet_support_1.pp.0.cpp:39896:9: warning: Added loop label VITIS_LOOP_1339_12:   [xilinx-label-all-loops]
        for (int j = wf+4; j < w-1; j++){
        ^~~
        VITIS_LOOP_1339_12: 
C:\Users\Baron\Desktop\EE_278_Repo\EE_278\vivado_projects\HLS\lenet_proj\lenet_predict\.autopilot\db\lenet_support_1.pp.0.cpp:39896:9: note: FIX-IT applied suggested code changes
C:\Users\Baron\Desktop\EE_278_Repo\EE_278\vivado_projects\HLS\lenet_proj\lenet_predict\.autopilot\db\lenet_support_1.pp.0.cpp:39903:17: warning: Added loop label VITIS_LOOP_1346_13:   [xilinx-label-all-loops]
                for (int j = 0; j < 46; j++) {
                ^~~
                VITIS_LOOP_1346_13: 
C:\Users\Baron\Desktop\EE_278_Repo\EE_278\vivado_projects\HLS\lenet_proj\lenet_predict\.autopilot\db\lenet_support_1.pp.0.cpp:39903:17: note: FIX-IT applied suggested code changes
C:\Users\Baron\Desktop\EE_278_Repo\EE_278\vivado_projects\HLS\lenet_proj\lenet_predict\.autopilot\db\lenet_support_1.pp.0.cpp:40165:13: warning: Added loop label VITIS_LOOP_1608_14:   [xilinx-label-all-loops]
            for (int j = 46; j >= I_+22; j--) {
            ^~~
            VITIS_LOOP_1608_14: 
C:\Users\Baron\Desktop\EE_278_Repo\EE_278\vivado_projects\HLS\lenet_proj\lenet_predict\.autopilot\db\lenet_support_1.pp.0.cpp:40165:13: note: FIX-IT applied suggested code changes
C:\Users\Baron\Desktop\EE_278_Repo\EE_278\vivado_projects\HLS\lenet_proj\lenet_predict\.autopilot\db\lenet_support_1.pp.0.cpp:40171:17: warning: Added loop label VITIS_LOOP_1614_15:   [xilinx-label-all-loops]
                for (int j = 46; j >= I_+22; j--) {
                ^~~
                VITIS_LOOP_1614_15: 
C:\Users\Baron\Desktop\EE_278_Repo\EE_278\vivado_projects\HLS\lenet_proj\lenet_predict\.autopilot\db\lenet_support_1.pp.0.cpp:40171:17: note: FIX-IT applied suggested code changes
C:\Users\Baron\Desktop\EE_278_Repo\EE_278\vivado_projects\HLS\lenet_proj\lenet_predict\.autopilot\db\lenet_support_1.pp.0.cpp:40175:17: warning: Added loop label VITIS_LOOP_1618_16:   [xilinx-label-all-loops]
                for (int j = I_+21; j >= 0; j--) {
                ^~~
                VITIS_LOOP_1618_16: 
C:\Users\Baron\Desktop\EE_278_Repo\EE_278\vivado_projects\HLS\lenet_proj\lenet_predict\.autopilot\db\lenet_support_1.pp.0.cpp:40175:17: note: FIX-IT applied suggested code changes
C:\Users\Baron\Desktop\EE_278_Repo\EE_278\vivado_projects\HLS\lenet_proj\lenet_predict\.autopilot\db\lenet_support_1.pp.0.cpp:40199:9: warning: Added loop label VITIS_LOOP_1642_17:   [xilinx-label-all-loops]
        for (int j = wf+5; j < w-1; j++){
        ^~~
        VITIS_LOOP_1642_17: 
C:\Users\Baron\Desktop\EE_278_Repo\EE_278\vivado_projects\HLS\lenet_proj\lenet_predict\.autopilot\db\lenet_support_1.pp.0.cpp:40199:9: note: FIX-IT applied suggested code changes
C:\Users\Baron\Desktop\EE_278_Repo\EE_278\vivado_projects\HLS\lenet_proj\lenet_predict\.autopilot\db\lenet_support_1.pp.0.cpp:40206:17: warning: Added loop label VITIS_LOOP_1649_18:   [xilinx-label-all-loops]
                for (int j = 0; j < 64; j++) {
                ^~~
                VITIS_LOOP_1649_18: 
C:\Users\Baron\Desktop\EE_278_Repo\EE_278\vivado_projects\HLS\lenet_proj\lenet_predict\.autopilot\db\lenet_support_1.pp.0.cpp:40206:17: note: FIX-IT applied suggested code changes
C:\Users\Baron\Desktop\EE_278_Repo\EE_278\vivado_projects\HLS\lenet_proj\lenet_predict\.autopilot\db\lenet_support_1.pp.0.cpp:40636:13: warning: Added loop label VITIS_LOOP_2079_19:   [xilinx-label-all-loops]
            for (int j = 64; j >= I_+31; j--) {
            ^~~
            VITIS_LOOP_2079_19: 
C:\Users\Baron\Desktop\EE_278_Repo\EE_278\vivado_projects\HLS\lenet_proj\lenet_predict\.autopilot\db\lenet_support_1.pp.0.cpp:40636:13: note: FIX-IT applied suggested code changes
C:\Users\Baron\Desktop\EE_278_Repo\EE_278\vivado_projects\HLS\lenet_proj\lenet_predict\.autopilot\db\lenet_support_1.pp.0.cpp:40642:17: warning: Added loop label VITIS_LOOP_2085_20:   [xilinx-label-all-loops]
                for (int j = 64; j >= I_+31; j--) {
                ^~~
                VITIS_LOOP_2085_20: 
C:\Users\Baron\Desktop\EE_278_Repo\EE_278\vivado_projects\HLS\lenet_proj\lenet_predict\.autopilot\db\lenet_support_1.pp.0.cpp:40642:17: note: FIX-IT applied suggested code changes
C:\Users\Baron\Desktop\EE_278_Repo\EE_278\vivado_projects\HLS\lenet_proj\lenet_predict\.autopilot\db\lenet_support_1.pp.0.cpp:40646:17: warning: Added loop label VITIS_LOOP_2089_21:   [xilinx-label-all-loops]
                for (int j = I_+30; j >= 0; j--) {
                ^~~
                VITIS_LOOP_2089_21: 
C:\Users\Baron\Desktop\EE_278_Repo\EE_278\vivado_projects\HLS\lenet_proj\lenet_predict\.autopilot\db\lenet_support_1.pp.0.cpp:40646:17: note: FIX-IT applied suggested code changes
C:\Users\Baron\Desktop\EE_278_Repo\EE_278\vivado_projects\HLS\lenet_proj\lenet_predict\.autopilot\db\lenet_support_1.pp.0.cpp:40776:13: warning: Added loop label VITIS_LOOP_2219_1:   [xilinx-label-all-loops]
            for(int j=3; j>=I+1; j--) {
            ^~~
            VITIS_LOOP_2219_1: 
C:\Users\Baron\Desktop\EE_278_Repo\EE_278\vivado_projects\HLS\lenet_proj\lenet_predict\.autopilot\db\lenet_support_1.pp.0.cpp:40776:13: note: FIX-IT applied suggested code changes
C:\Users\Baron\Desktop\EE_278_Repo\EE_278\vivado_projects\HLS\lenet_proj\lenet_predict\.autopilot\db\lenet_support_1.pp.0.cpp:40783:17: warning: Added loop label VITIS_LOOP_2226_2:   [xilinx-label-all-loops]
                for(int j=3; j>=I+1; j--) {
                ^~~
                VITIS_LOOP_2226_2: 
C:\Users\Baron\Desktop\EE_278_Repo\EE_278\vivado_projects\HLS\lenet_proj\lenet_predict\.autopilot\db\lenet_support_1.pp.0.cpp:40783:17: note: FIX-IT applied suggested code changes
C:\Users\Baron\Desktop\EE_278_Repo\EE_278\vivado_projects\HLS\lenet_proj\lenet_predict\.autopilot\db\lenet_support_1.pp.0.cpp:40787:17: warning: Added loop label VITIS_LOOP_2230_3:   [xilinx-label-all-loops]
                for(int j=I; j>=0; j--) {
                ^~~
                VITIS_LOOP_2230_3: 
C:\Users\Baron\Desktop\EE_278_Repo\EE_278\vivado_projects\HLS\lenet_proj\lenet_predict\.autopilot\db\lenet_support_1.pp.0.cpp:40787:17: note: FIX-IT applied suggested code changes
C:\Users\Baron\Desktop\EE_278_Repo\EE_278\vivado_projects\HLS\lenet_proj\lenet_predict\.autopilot\db\lenet_support_1.pp.0.cpp:40834:13: warning: Added loop label VITIS_LOOP_2277_4:   [xilinx-label-all-loops]
            for(int j=7; j>=3+I; j--) {
            ^~~
            VITIS_LOOP_2277_4: 
C:\Users\Baron\Desktop\EE_278_Repo\EE_278\vivado_projects\HLS\lenet_proj\lenet_predict\.autopilot\db\lenet_support_1.pp.0.cpp:40834:13: note: FIX-IT applied suggested code changes
C:\Users\Baron\Desktop\EE_278_Repo\EE_278\vivado_projects\HLS\lenet_proj\lenet_predict\.autopilot\db\lenet_support_1.pp.0.cpp:40841:17: warning: Added loop label VITIS_LOOP_2284_5:   [xilinx-label-all-loops]
                for(int j=7; j>=3+I; j--) {
                ^~~
                VITIS_LOOP_2284_5: 
C:\Users\Baron\Desktop\EE_278_Repo\EE_278\vivado_projects\HLS\lenet_proj\lenet_predict\.autopilot\db\lenet_support_1.pp.0.cpp:40841:17: note: FIX-IT applied suggested code changes
C:\Users\Baron\Desktop\EE_278_Repo\EE_278\vivado_projects\HLS\lenet_proj\lenet_predict\.autopilot\db\lenet_support_1.pp.0.cpp:40845:17: warning: Added loop label VITIS_LOOP_2288_6:   [xilinx-label-all-loops]
                for(int j=I+2; j>=0; j--) {
                ^~~
                VITIS_LOOP_2288_6: 
C:\Users\Baron\Desktop\EE_278_Repo\EE_278\vivado_projects\HLS\lenet_proj\lenet_predict\.autopilot\db\lenet_support_1.pp.0.cpp:40845:17: note: FIX-IT applied suggested code changes
C:\Users\Baron\Desktop\EE_278_Repo\EE_278\vivado_projects\HLS\lenet_proj\lenet_predict\.autopilot\db\lenet_support_1.pp.0.cpp:40863:9: warning: Added loop label VITIS_LOOP_2306_7:   [xilinx-label-all-loops]
        for(int j=11; j<16; j++) {
        ^~~
        VITIS_LOOP_2306_7: 
C:\Users\Baron\Desktop\EE_278_Repo\EE_278\vivado_projects\HLS\lenet_proj\lenet_predict\.autopilot\db\lenet_support_1.pp.0.cpp:40863:9: note: FIX-IT applied suggested code changes
C:\Users\Baron\Desktop\EE_278_Repo\EE_278\vivado_projects\HLS\lenet_proj\lenet_predict\.autopilot\db\lenet_support_1.pp.0.cpp:40918:13: warning: Added loop label VITIS_LOOP_2361_8:   [xilinx-label-all-loops]
            for(int j=15; j>=7+I; j--) {
            ^~~
            VITIS_LOOP_2361_8: 
C:\Users\Baron\Desktop\EE_278_Repo\EE_278\vivado_projects\HLS\lenet_proj\lenet_predict\.autopilot\db\lenet_support_1.pp.0.cpp:40918:13: note: FIX-IT applied suggested code changes
C:\Users\Baron\Desktop\EE_278_Repo\EE_278\vivado_projects\HLS\lenet_proj\lenet_predict\.autopilot\db\lenet_support_1.pp.0.cpp:40925:17: warning: Added loop label VITIS_LOOP_2368_9:   [xilinx-label-all-loops]
                for(int j=15; j>=7+I; j--) {
                ^~~
                VITIS_LOOP_2368_9: 
C:\Users\Baron\Desktop\EE_278_Repo\EE_278\vivado_projects\HLS\lenet_proj\lenet_predict\.autopilot\db\lenet_support_1.pp.0.cpp:40925:17: note: FIX-IT applied suggested code changes
C:\Users\Baron\Desktop\EE_278_Repo\EE_278\vivado_projects\HLS\lenet_proj\lenet_predict\.autopilot\db\lenet_support_1.pp.0.cpp:40929:17: warning: Added loop label VITIS_LOOP_2372_10:   [xilinx-label-all-loops]
                for(int j=6+I; j>=0; j--) {
                ^~~
                VITIS_LOOP_2372_10: 
C:\Users\Baron\Desktop\EE_278_Repo\EE_278\vivado_projects\HLS\lenet_proj\lenet_predict\.autopilot\db\lenet_support_1.pp.0.cpp:40929:17: note: FIX-IT applied suggested code changes
C:\Users\Baron\Desktop\EE_278_Repo\EE_278\vivado_projects\HLS\lenet_proj\lenet_predict\.autopilot\db\lenet_support_1.pp.0.cpp:40947:9: warning: Added loop label VITIS_LOOP_2390_11:   [xilinx-label-all-loops]
        for(int j=20; j<32; j++) {
        ^~~
        VITIS_LOOP_2390_11: 
C:\Users\Baron\Desktop\EE_278_Repo\EE_278\vivado_projects\HLS\lenet_proj\lenet_predict\.autopilot\db\lenet_support_1.pp.0.cpp:40947:9: note: FIX-IT applied suggested code changes
C:\Users\Baron\Desktop\EE_278_Repo\EE_278\vivado_projects\HLS\lenet_proj\lenet_predict\.autopilot\db\lenet_support_1.pp.0.cpp:41036:13: warning: Added loop label VITIS_LOOP_2479_12:   [xilinx-label-all-loops]
            for(int j=31; j>=I+15; j--) {
            ^~~
            VITIS_LOOP_2479_12: 
C:\Users\Baron\Desktop\EE_278_Repo\EE_278\vivado_projects\HLS\lenet_proj\lenet_predict\.autopilot\db\lenet_support_1.pp.0.cpp:41036:13: note: FIX-IT applied suggested code changes
C:\Users\Baron\Desktop\EE_278_Repo\EE_278\vivado_projects\HLS\lenet_proj\lenet_predict\.autopilot\db\lenet_support_1.pp.0.cpp:41043:17: warning: Added loop label VITIS_LOOP_2486_13:   [xilinx-label-all-loops]
                for(int j=31; j>=I+15; j--) {
                ^~~
                VITIS_LOOP_2486_13: 
C:\Users\Baron\Desktop\EE_278_Repo\EE_278\vivado_projects\HLS\lenet_proj\lenet_predict\.autopilot\db\lenet_support_1.pp.0.cpp:41043:17: note: FIX-IT applied suggested code changes
C:\Users\Baron\Desktop\EE_278_Repo\EE_278\vivado_projects\HLS\lenet_proj\lenet_predict\.autopilot\db\lenet_support_1.pp.0.cpp:41047:17: warning: Added loop label VITIS_LOOP_2490_14:   [xilinx-label-all-loops]
                for(int j=I+14; j>=0; j--) {
                ^~~
                VITIS_LOOP_2490_14: 
C:\Users\Baron\Desktop\EE_278_Repo\EE_278\vivado_projects\HLS\lenet_proj\lenet_predict\.autopilot\db\lenet_support_1.pp.0.cpp:41047:17: note: FIX-IT applied suggested code changes
C:\Users\Baron\Desktop\EE_278_Repo\EE_278\vivado_projects\HLS\lenet_proj\lenet_predict\.autopilot\db\lenet_support_1.pp.0.cpp:41057:9: warning: Added loop label VITIS_LOOP_2500_15:   [xilinx-label-all-loops]
        for(int j=32-F; j<32+I; j++) {
        ^~~
        VITIS_LOOP_2500_15: 
C:\Users\Baron\Desktop\EE_278_Repo\EE_278\vivado_projects\HLS\lenet_proj\lenet_predict\.autopilot\db\lenet_support_1.pp.0.cpp:41057:9: note: FIX-IT applied suggested code changes
C:\Users\Baron\Desktop\EE_278_Repo\EE_278\vivado_projects\HLS\lenet_proj\lenet_predict\.autopilot\db\lenet_support_1.pp.0.cpp:41061:9: warning: Added loop label VITIS_LOOP_2504_16:   [xilinx-label-all-loops]
        for(int j=32+I; j<=64; j++) {
        ^~~
        VITIS_LOOP_2504_16: 
C:\Users\Baron\Desktop\EE_278_Repo\EE_278\vivado_projects\HLS\lenet_proj\lenet_predict\.autopilot\db\lenet_support_1.pp.0.cpp:41061:9: note: FIX-IT applied suggested code changes
C:\Users\Baron\Desktop\EE_278_Repo\EE_278\vivado_projects\HLS\lenet_proj\lenet_predict\.autopilot\db\lenet_support_1.pp.0.cpp:41072:9: warning: Added loop label VITIS_LOOP_2515_17:   [xilinx-label-all-loops]
        for(int j=37; j<64; j++) {
        ^~~
        VITIS_LOOP_2515_17: 
C:\Users\Baron\Desktop\EE_278_Repo\EE_278\vivado_projects\HLS\lenet_proj\lenet_predict\.autopilot\db\lenet_support_1.pp.0.cpp:41072:9: note: FIX-IT applied suggested code changes
C:\Users\Baron\Desktop\EE_278_Repo\EE_278\vivado_projects\HLS\lenet_proj\lenet_predict\.autopilot\db\lenet_support_1.pp.0.cpp:41080:17: warning: Added loop label VITIS_LOOP_2523_18:   [xilinx-label-all-loops]
                for(int j=0; j<64; j++) {
                ^~~
                VITIS_LOOP_2523_18: 
C:\Users\Baron\Desktop\EE_278_Repo\EE_278\vivado_projects\HLS\lenet_proj\lenet_predict\.autopilot\db\lenet_support_1.pp.0.cpp:41080:17: note: FIX-IT applied suggested code changes
C:\Users\Baron\Desktop\EE_278_Repo\EE_278\vivado_projects\HLS\lenet_proj\lenet_predict\.autopilot\db\lenet_support_1.pp.0.cpp:41405:13: warning: Added loop label VITIS_LOOP_2848_19:   [xilinx-label-all-loops]
            for(int j=63; j>=I+31; j--) {
            ^~~
            VITIS_LOOP_2848_19: 
C:\Users\Baron\Desktop\EE_278_Repo\EE_278\vivado_projects\HLS\lenet_proj\lenet_predict\.autopilot\db\lenet_support_1.pp.0.cpp:41405:13: note: FIX-IT applied suggested code changes
C:\Users\Baron\Desktop\EE_278_Repo\EE_278\vivado_projects\HLS\lenet_proj\lenet_predict\.autopilot\db\lenet_support_1.pp.0.cpp:41412:17: warning: Added loop label VITIS_LOOP_2855_20:   [xilinx-label-all-loops]
                for(int j=63; j>=I+31; j--) {
                ^~~
                VITIS_LOOP_2855_20: 
C:\Users\Baron\Desktop\EE_278_Repo\EE_278\vivado_projects\HLS\lenet_proj\lenet_predict\.autopilot\db\lenet_support_1.pp.0.cpp:41412:17: note: FIX-IT applied suggested code changes
C:\Users\Baron\Desktop\EE_278_Repo\EE_278\vivado_projects\HLS\lenet_proj\lenet_predict\.autopilot\db\lenet_support_1.pp.0.cpp:41416:17: warning: Added loop label VITIS_LOOP_2859_21:   [xilinx-label-all-loops]
                for(int j=I+30; j>=0; j--) {
                ^~~
                VITIS_LOOP_2859_21: 
C:\Users\Baron\Desktop\EE_278_Repo\EE_278\vivado_projects\HLS\lenet_proj\lenet_predict\.autopilot\db\lenet_support_1.pp.0.cpp:41416:17: note: FIX-IT applied suggested code changes
C:\Users\Baron\Desktop\EE_278_Repo\EE_278\vivado_projects\HLS\lenet_proj\lenet_predict\.autopilot\db\lenet_support_1.pp.0.cpp:41504:4: warning: Added loop label VITIS_LOOP_2947_1:   [xilinx-label-all-loops]
   for(int j = 5; j>=I_+2; j--) {
   ^~~
   VITIS_LOOP_2947_1: 
C:\Users\Baron\Desktop\EE_278_Repo\EE_278\vivado_projects\HLS\lenet_proj\lenet_predict\.autopilot\db\lenet_support_1.pp.0.cpp:41504:4: note: FIX-IT applied suggested code changes
C:\Users\Baron\Desktop\EE_278_Repo\EE_278\vivado_projects\HLS\lenet_proj\lenet_predict\.autopilot\db\lenet_support_1.pp.0.cpp:41511:5: warning: Added loop label VITIS_LOOP_2954_2:   [xilinx-label-all-loops]
    for(int j = 5; j>=I_+2; j--) {
    ^~~
    VITIS_LOOP_2954_2: 
C:\Users\Baron\Desktop\EE_278_Repo\EE_278\vivado_projects\HLS\lenet_proj\lenet_predict\.autopilot\db\lenet_support_1.pp.0.cpp:41511:5: note: FIX-IT applied suggested code changes
C:\Users\Baron\Desktop\EE_278_Repo\EE_278\vivado_projects\HLS\lenet_proj\lenet_predict\.autopilot\db\lenet_support_1.pp.0.cpp:41515:5: warning: Added loop label VITIS_LOOP_2958_3:   [xilinx-label-all-loops]
    for(int j = I_+1; j>=0; j--) {
    ^~~
    VITIS_LOOP_2958_3: 
C:\Users\Baron\Desktop\EE_278_Repo\EE_278\vivado_projects\HLS\lenet_proj\lenet_predict\.autopilot\db\lenet_support_1.pp.0.cpp:41515:5: note: FIX-IT applied suggested code changes
C:\Users\Baron\Desktop\EE_278_Repo\EE_278\vivado_projects\HLS\lenet_proj\lenet_predict\.autopilot\db\lenet_support_1.pp.0.cpp:41530:3: warning: Added loop label VITIS_LOOP_2973_4:   [xilinx-label-all-loops]
  for(int j = 11; j >=7; j--) {
  ^~~
  VITIS_LOOP_2973_4: 
C:\Users\Baron\Desktop\EE_278_Repo\EE_278\vivado_projects\HLS\lenet_proj\lenet_predict\.autopilot\db\lenet_support_1.pp.0.cpp:41530:3: note: FIX-IT applied suggested code changes
C:\Users\Baron\Desktop\EE_278_Repo\EE_278\vivado_projects\HLS\lenet_proj\lenet_predict\.autopilot\db\lenet_support_1.pp.0.cpp:41562:4: warning: Added loop label VITIS_LOOP_3005_5:   [xilinx-label-all-loops]
   for(int j = 11; j >= I_+5; j--) {
   ^~~
   VITIS_LOOP_3005_5: 
C:\Users\Baron\Desktop\EE_278_Repo\EE_278\vivado_projects\HLS\lenet_proj\lenet_predict\.autopilot\db\lenet_support_1.pp.0.cpp:41562:4: note: FIX-IT applied suggested code changes
C:\Users\Baron\Desktop\EE_278_Repo\EE_278\vivado_projects\HLS\lenet_proj\lenet_predict\.autopilot\db\lenet_support_1.pp.0.cpp:41569:5: warning: Added loop label VITIS_LOOP_3012_6:   [xilinx-label-all-loops]
    for(int j = 11; j>= I_+5; j--) {
    ^~~
    VITIS_LOOP_3012_6: 
C:\Users\Baron\Desktop\EE_278_Repo\EE_278\vivado_projects\HLS\lenet_proj\lenet_predict\.autopilot\db\lenet_support_1.pp.0.cpp:41569:5: note: FIX-IT applied suggested code changes
C:\Users\Baron\Desktop\EE_278_Repo\EE_278\vivado_projects\HLS\lenet_proj\lenet_predict\.autopilot\db\lenet_support_1.pp.0.cpp:41573:5: warning: Added loop label VITIS_LOOP_3016_7:   [xilinx-label-all-loops]
    for(int j = I_+4; j>=0; j--) {
    ^~~
    VITIS_LOOP_3016_7: 
C:\Users\Baron\Desktop\EE_278_Repo\EE_278\vivado_projects\HLS\lenet_proj\lenet_predict\.autopilot\db\lenet_support_1.pp.0.cpp:41573:5: note: FIX-IT applied suggested code changes
C:\Users\Baron\Desktop\EE_278_Repo\EE_278\vivado_projects\HLS\lenet_proj\lenet_predict\.autopilot\db\lenet_support_1.pp.0.cpp:41588:3: warning: Added loop label VITIS_LOOP_3031_8:   [xilinx-label-all-loops]
  for(int j = 25; j>=15; j--) {
  ^~~
  VITIS_LOOP_3031_8: 
C:\Users\Baron\Desktop\EE_278_Repo\EE_278\vivado_projects\HLS\lenet_proj\lenet_predict\.autopilot\db\lenet_support_1.pp.0.cpp:41588:3: note: FIX-IT applied suggested code changes
C:\Users\Baron\Desktop\EE_278_Repo\EE_278\vivado_projects\HLS\lenet_proj\lenet_predict\.autopilot\db\lenet_support_1.pp.0.cpp:41638:4: warning: Added loop label VITIS_LOOP_3081_9:   [xilinx-label-all-loops]
   for(int j = 25; j>= I_+12; j--) {
   ^~~
   VITIS_LOOP_3081_9: 
C:\Users\Baron\Desktop\EE_278_Repo\EE_278\vivado_projects\HLS\lenet_proj\lenet_predict\.autopilot\db\lenet_support_1.pp.0.cpp:41638:4: note: FIX-IT applied suggested code changes
C:\Users\Baron\Desktop\EE_278_Repo\EE_278\vivado_projects\HLS\lenet_proj\lenet_predict\.autopilot\db\lenet_support_1.pp.0.cpp:41645:5: warning: Added loop label VITIS_LOOP_3088_10:   [xilinx-label-all-loops]
    for(int j = 25; j>=I_+12; j--) {
    ^~~
    VITIS_LOOP_3088_10: 
C:\Users\Baron\Desktop\EE_278_Repo\EE_278\vivado_projects\HLS\lenet_proj\lenet_predict\.autopilot\db\lenet_support_1.pp.0.cpp:41645:5: note: FIX-IT applied suggested code changes
C:\Users\Baron\Desktop\EE_278_Repo\EE_278\vivado_projects\HLS\lenet_proj\lenet_predict\.autopilot\db\lenet_support_1.pp.0.cpp:41649:5: warning: Added loop label VITIS_LOOP_3092_11:   [xilinx-label-all-loops]
    for(int j = I_+11; j>=0; j--) {
    ^~~
    VITIS_LOOP_3092_11: 
C:\Users\Baron\Desktop\EE_278_Repo\EE_278\vivado_projects\HLS\lenet_proj\lenet_predict\.autopilot\db\lenet_support_1.pp.0.cpp:41649:5: note: FIX-IT applied suggested code changes
C:\Users\Baron\Desktop\EE_278_Repo\EE_278\vivado_projects\HLS\lenet_proj\lenet_predict\.autopilot\db\lenet_support_1.pp.0.cpp:41664:3: warning: Added loop label VITIS_LOOP_3107_12:   [xilinx-label-all-loops]
  for(int j = 51; j >= 29; j--) {
  ^~~
  VITIS_LOOP_3107_12: 
C:\Users\Baron\Desktop\EE_278_Repo\EE_278\vivado_projects\HLS\lenet_proj\lenet_predict\.autopilot\db\lenet_support_1.pp.0.cpp:41664:3: note: FIX-IT applied suggested code changes
C:\Users\Baron\Desktop\EE_278_Repo\EE_278\vivado_projects\HLS\lenet_proj\lenet_predict\.autopilot\db\lenet_support_1.pp.0.cpp:41801:4: warning: Added loop label VITIS_LOOP_3244_13:   [xilinx-label-all-loops]
   for(int j = 51; j >= 25 + I_; j--) {
   ^~~
   VITIS_LOOP_3244_13: 
C:\Users\Baron\Desktop\EE_278_Repo\EE_278\vivado_projects\HLS\lenet_proj\lenet_predict\.autopilot\db\lenet_support_1.pp.0.cpp:41801:4: note: FIX-IT applied suggested code changes
C:\Users\Baron\Desktop\EE_278_Repo\EE_278\vivado_projects\HLS\lenet_proj\lenet_predict\.autopilot\db\lenet_support_1.pp.0.cpp:41808:5: warning: Added loop label VITIS_LOOP_3251_14:   [xilinx-label-all-loops]
    for(int j = 51; j>=25 + I_; j--) {
    ^~~
    VITIS_LOOP_3251_14: 
C:\Users\Baron\Desktop\EE_278_Repo\EE_278\vivado_projects\HLS\lenet_proj\lenet_predict\.autopilot\db\lenet_support_1.pp.0.cpp:41808:5: note: FIX-IT applied suggested code changes
C:\Users\Baron\Desktop\EE_278_Repo\EE_278\vivado_projects\HLS\lenet_proj\lenet_predict\.autopilot\db\lenet_support_1.pp.0.cpp:41812:5: warning: Added loop label VITIS_LOOP_3255_15:   [xilinx-label-all-loops]
    for(int j = 24 + I_; j >= 0; j--) {
    ^~~
    VITIS_LOOP_3255_15: 
C:\Users\Baron\Desktop\EE_278_Repo\EE_278\vivado_projects\HLS\lenet_proj\lenet_predict\.autopilot\db\lenet_support_1.pp.0.cpp:41812:5: note: FIX-IT applied suggested code changes
C:\Users\Baron\Desktop\EE_278_Repo\EE_278\vivado_projects\HLS\lenet_proj\lenet_predict\.autopilot\db\lenet_support_1.pp.0.cpp:41827:3: warning: Added loop label VITIS_LOOP_3270_16:   [xilinx-label-all-loops]
  for(int j = 63; j >= 36; j--) {
  ^~~
  VITIS_LOOP_3270_16: 
C:\Users\Baron\Desktop\EE_278_Repo\EE_278\vivado_projects\HLS\lenet_proj\lenet_predict\.autopilot\db\lenet_support_1.pp.0.cpp:41827:3: note: FIX-IT applied suggested code changes
C:\Users\Baron\Desktop\EE_278_Repo\EE_278\vivado_projects\HLS\lenet_proj\lenet_predict\.autopilot\db\lenet_support_1.pp.0.cpp:41987:4: warning: Added loop label VITIS_LOOP_3430_17:   [xilinx-label-all-loops]
   for(int j = 63; j >= 31 + I_; j--) {
   ^~~
   VITIS_LOOP_3430_17: 
C:\Users\Baron\Desktop\EE_278_Repo\EE_278\vivado_projects\HLS\lenet_proj\lenet_predict\.autopilot\db\lenet_support_1.pp.0.cpp:41987:4: note: FIX-IT applied suggested code changes
C:\Users\Baron\Desktop\EE_278_Repo\EE_278\vivado_projects\HLS\lenet_proj\lenet_predict\.autopilot\db\lenet_support_1.pp.0.cpp:41994:5: warning: Added loop label VITIS_LOOP_3437_18:   [xilinx-label-all-loops]
    for(int j = 63; j >= 31 + I_; j--) {
    ^~~
    VITIS_LOOP_3437_18: 
C:\Users\Baron\Desktop\EE_278_Repo\EE_278\vivado_projects\HLS\lenet_proj\lenet_predict\.autopilot\db\lenet_support_1.pp.0.cpp:41994:5: note: FIX-IT applied suggested code changes
C:\Users\Baron\Desktop\EE_278_Repo\EE_278\vivado_projects\HLS\lenet_proj\lenet_predict\.autopilot\db\lenet_support_1.pp.0.cpp:41998:5: warning: Added loop label VITIS_LOOP_3441_19:   [xilinx-label-all-loops]
    for(int j = 30 + I_; j >= 0; j--) {
    ^~~
    VITIS_LOOP_3441_19: 
C:\Users\Baron\Desktop\EE_278_Repo\EE_278\vivado_projects\HLS\lenet_proj\lenet_predict\.autopilot\db\lenet_support_1.pp.0.cpp:41998:5: note: FIX-IT applied suggested code changes
C:\Users\Baron\Desktop\EE_278_Repo\EE_278\vivado_projects\HLS\lenet_proj\lenet_predict\.autopilot\db\lenet_support_1.pp.0.cpp:42713:13: warning: Added loop label VITIS_LOOP_729_1:   [xilinx-label-all-loops]
            for (b_exp = I_-1; b_exp >= -F_; b_exp--) {
            ^~~
            VITIS_LOOP_729_1: 
C:\Users\Baron\Desktop\EE_278_Repo\EE_278\vivado_projects\HLS\lenet_proj\lenet_predict\.autopilot\db\lenet_support_1.pp.0.cpp:42713:13: note: FIX-IT applied suggested code changes
C:\Users\Baron\Desktop\EE_278_Repo\EE_278\vivado_projects\HLS\lenet_proj\lenet_predict\.autopilot\db\lenet_support_1.pp.0.cpp:42931:13: warning: Added loop label VITIS_LOOP_947_1:   [xilinx-label-all-loops]
            for (b_exp = I_-1; b_exp >= -F_; b_exp--) {
            ^~~
            VITIS_LOOP_947_1: 
C:\Users\Baron\Desktop\EE_278_Repo\EE_278\vivado_projects\HLS\lenet_proj\lenet_predict\.autopilot\db\lenet_support_1.pp.0.cpp:42931:13: note: FIX-IT applied suggested code changes
C:\Users\Baron\Desktop\EE_278_Repo\EE_278\vivado_projects\HLS\lenet_proj\lenet_predict\.autopilot\db\lenet_support_1.pp.0.cpp:43348:13: warning: Added loop label VITIS_LOOP_1371_1:   [xilinx-label-all-loops]
            for (b_exp = I_-1; b_exp >= -F_; b_exp--) {
            ^~~
            VITIS_LOOP_1371_1: 
C:\Users\Baron\Desktop\EE_278_Repo\EE_278\vivado_projects\HLS\lenet_proj\lenet_predict\.autopilot\db\lenet_support_1.pp.0.cpp:43348:13: note: FIX-IT applied suggested code changes
C:\Users\Baron\Desktop\EE_278_Repo\EE_278\vivado_projects\HLS\lenet_proj\lenet_predict\.autopilot\db\lenet_support_1.pp.0.cpp:43662:9: warning: Added loop label VITIS_LOOP_266_1:   [xilinx-label-all-loops]
        for ( int pos = msbr-1; pos >= 0; pos-- ) {
        ^~~
        VITIS_LOOP_266_1: 
C:\Users\Baron\Desktop\EE_278_Repo\EE_278\vivado_projects\HLS\lenet_proj\lenet_predict\.autopilot\db\lenet_support_1.pp.0.cpp:43662:9: note: FIX-IT applied suggested code changes
C:\Users\Baron\Desktop\EE_278_Repo\EE_278\vivado_projects\HLS\lenet_proj\lenet_predict\.autopilot\db\lenet_support_1.pp.0.cpp:43690:9: warning: Added loop label VITIS_LOOP_294_2:   [xilinx-label-all-loops]
        for ( int pos = -1; pos >= -F_-1; pos-- ) {
        ^~~
        VITIS_LOOP_294_2: 
C:\Users\Baron\Desktop\EE_278_Repo\EE_278\vivado_projects\HLS\lenet_proj\lenet_predict\.autopilot\db\lenet_support_1.pp.0.cpp:43690:9: note: FIX-IT applied suggested code changes
C:\Users\Baron\Desktop\EE_278_Repo\EE_278\vivado_projects\HLS\lenet_proj\lenet_predict\.autopilot\db\lenet_support_1.pp.0.cpp:44385:13: warning: Added loop label VITIS_LOOP_74_1:   [xilinx-label-all-loops]
            for (int j = 0; j < W_-1; j++){
            ^~~
            VITIS_LOOP_74_1: 
C:\Users\Baron\Desktop\EE_278_Repo\EE_278\vivado_projects\HLS\lenet_proj\lenet_predict\.autopilot\db\lenet_support_1.pp.0.cpp:44385:13: note: FIX-IT applied suggested code changes
C:\Users\Baron\Desktop\EE_278_Repo\EE_278\vivado_projects\HLS\lenet_proj\lenet_predict\.autopilot\db\lenet_support_1.pp.0.cpp:44438:5: warning: Added loop label VITIS_LOOP_135_2:   [xilinx-label-all-loops]
    for (int j = F_l+F_+I_m-1; j < F_l+W_+5; j++){
    ^~~
    VITIS_LOOP_135_2: 
C:\Users\Baron\Desktop\EE_278_Repo\EE_278\vivado_projects\HLS\lenet_proj\lenet_predict\.autopilot\db\lenet_support_1.pp.0.cpp:44438:5: note: FIX-IT applied suggested code changes
C:\Users\Baron\Desktop\EE_278_Repo\EE_278\vivado_projects\HLS\lenet_proj\lenet_predict\.autopilot\db\lenet_support_1.pp.0.cpp:44452:13: warning: Added loop label VITIS_LOOP_149_3:   [xilinx-label-all-loops]
            for (int j = WO_m-1; j >= W_-1; j--) {
            ^~~
            VITIS_LOOP_149_3: 
C:\Users\Baron\Desktop\EE_278_Repo\EE_278\vivado_projects\HLS\lenet_proj\lenet_predict\.autopilot\db\lenet_support_1.pp.0.cpp:44452:13: note: FIX-IT applied suggested code changes
C:\Users\Baron\Desktop\EE_278_Repo\EE_278\vivado_projects\HLS\lenet_proj\lenet_predict\.autopilot\db\lenet_support_1.pp.0.cpp:44482:13: warning: Added loop label VITIS_LOOP_179_4:   [xilinx-label-all-loops]
            for (int j = W_-2; j >= 0; j--){
            ^~~
            VITIS_LOOP_179_4: 
C:\Users\Baron\Desktop\EE_278_Repo\EE_278\vivado_projects\HLS\lenet_proj\lenet_predict\.autopilot\db\lenet_support_1.pp.0.cpp:44482:13: note: FIX-IT applied suggested code changes
C:\Users\Baron\Desktop\EE_278_Repo\EE_278\vivado_projects\HLS\lenet_proj\lenet_predict\.autopilot\db\lenet_support_1.pp.0.cpp:44567:12: warning: Added loop label VITIS_LOOP_307_1:   [xilinx-label-all-loops]
           for(int i = wf_log+we_log-2; i > WI_e - 2; --i) {
           ^~~
           VITIS_LOOP_307_1: 
C:\Users\Baron\Desktop\EE_278_Repo\EE_278\vivado_projects\HLS\lenet_proj\lenet_predict\.autopilot\db\lenet_support_1.pp.0.cpp:44567:12: note: FIX-IT applied suggested code changes
C:\Users\Baron\Desktop\EE_278_Repo\EE_278\vivado_projects\HLS\lenet_proj\lenet_predict\.autopilot\db\lenet_support_1.pp.0.cpp:44587:16: warning: Added loop label VITIS_LOOP_327_2:   [xilinx-label-all-loops]
               for (int j = WO_e-1; j >= W_-1; j--) {
               ^~~
               VITIS_LOOP_327_2: 
C:\Users\Baron\Desktop\EE_278_Repo\EE_278\vivado_projects\HLS\lenet_proj\lenet_predict\.autopilot\db\lenet_support_1.pp.0.cpp:44587:16: note: FIX-IT applied suggested code changes
C:\Users\Baron\Desktop\EE_278_Repo\EE_278\vivado_projects\HLS\lenet_proj\lenet_predict\.autopilot\db\lenet_support_1.pp.0.cpp:44601:20: warning: Added loop label VITIS_LOOP_341_3:   [xilinx-label-all-loops]
                   for(int i = 0; i < W_-1; ++i) {
                   ^~~
                   VITIS_LOOP_341_3: 
C:\Users\Baron\Desktop\EE_278_Repo\EE_278\vivado_projects\HLS\lenet_proj\lenet_predict\.autopilot\db\lenet_support_1.pp.0.cpp:44601:20: note: FIX-IT applied suggested code changes
C:\Users\Baron\Desktop\EE_278_Repo\EE_278\vivado_projects\HLS\lenet_proj\lenet_predict\.autopilot\db\lenet_support_1.pp.0.cpp:44694:12: warning: Added loop label VITIS_LOOP_459_1:   [xilinx-label-all-loops]
           for (int j =WO_d-1; j >= W_-1; j--) {
           ^~~
           VITIS_LOOP_459_1: 
C:\Users\Baron\Desktop\EE_278_Repo\EE_278\vivado_projects\HLS\lenet_proj\lenet_predict\.autopilot\db\lenet_support_1.pp.0.cpp:44694:12: note: FIX-IT applied suggested code changes
C:\Users\Baron\Desktop\EE_278_Repo\EE_278\vivado_projects\HLS\lenet_proj\lenet_predict\.autopilot\db\lenet_support_1.pp.0.cpp:44708:15: warning: Added loop label VITIS_LOOP_473_2:   [xilinx-label-all-loops]
              for(int i = 0; i < W_-1; ++i) {
              ^~~
              VITIS_LOOP_473_2: 
C:\Users\Baron\Desktop\EE_278_Repo\EE_278\vivado_projects\HLS\lenet_proj\lenet_predict\.autopilot\db\lenet_support_1.pp.0.cpp:44708:15: note: FIX-IT applied suggested code changes
C:\Users\Baron\Desktop\EE_278_Repo\EE_278\vivado_projects\HLS\lenet_proj\lenet_predict\.autopilot\db\lenet_support_1.pp.0.cpp:44821:13: warning: Added loop label VITIS_LOOP_59_1:   [xilinx-label-all-loops]
            for (int i = 0; i < W_-1; i++){
            ^~~
            VITIS_LOOP_59_1: 
C:\Users\Baron\Desktop\EE_278_Repo\EE_278\vivado_projects\HLS\lenet_proj\lenet_predict\.autopilot\db\lenet_support_1.pp.0.cpp:44821:13: note: FIX-IT applied suggested code changes
C:\Users\Baron\Desktop\EE_278_Repo\EE_278\vivado_projects\HLS\lenet_proj\lenet_predict\.autopilot\db\lenet_support_1.pp.0.cpp:44945:13: warning: Added loop label VITIS_LOOP_209_1:   [xilinx-label-all-loops]
            for (int i = 0; i < W_-1; i++){
            ^~~
            VITIS_LOOP_209_1: 
C:\Users\Baron\Desktop\EE_278_Repo\EE_278\vivado_projects\HLS\lenet_proj\lenet_predict\.autopilot\db\lenet_support_1.pp.0.cpp:44945:13: note: FIX-IT applied suggested code changes
C:\Users\Baron\Desktop\EE_278_Repo\EE_278\vivado_projects\HLS\lenet_proj\lenet_predict\.autopilot\db\lenet_support_1.pp.0.cpp:45000:13: warning: Added loop label VITIS_LOOP_274_1:   [xilinx-label-all-loops]
            for (int i = 0; i < W_-1; i++){
            ^~~
            VITIS_LOOP_274_1: 
C:\Users\Baron\Desktop\EE_278_Repo\EE_278\vivado_projects\HLS\lenet_proj\lenet_predict\.autopilot\db\lenet_support_1.pp.0.cpp:45000:13: note: FIX-IT applied suggested code changes
C:\Users\Baron\Desktop\EE_278_Repo\EE_278\vivado_projects\HLS\lenet_proj\lenet_predict\.autopilot\db\lenet_support_1.pp.0.cpp:45505:2: warning: Added loop label VITIS_LOOP_42_1:   [xilinx-label-all-loops]
 for (int i=0; i<W_;i++)
 ^~~
 VITIS_LOOP_42_1: 
C:\Users\Baron\Desktop\EE_278_Repo\EE_278\vivado_projects\HLS\lenet_proj\lenet_predict\.autopilot\db\lenet_support_1.pp.0.cpp:45505:2: note: FIX-IT applied suggested code changes
C:\Users\Baron\Desktop\EE_278_Repo\EE_278\vivado_projects\HLS\lenet_proj\lenet_predict\.autopilot\db\lenet_support_1.pp.0.cpp:45516:2: warning: Added loop label VITIS_LOOP_53_1:   [xilinx-label-all-loops]
 for (int i=0; i<W_;i++)
 ^~~
 VITIS_LOOP_53_1: 
C:\Users\Baron\Desktop\EE_278_Repo\EE_278\vivado_projects\HLS\lenet_proj\lenet_predict\.autopilot\db\lenet_support_1.pp.0.cpp:45516:2: note: FIX-IT applied suggested code changes
C:\Users\Baron\Desktop\EE_278_Repo\EE_278\vivado_projects\HLS\lenet_proj\lenet_predict\.autopilot\db\lenet_support_1.pp.0.cpp:45527:2: warning: Added loop label VITIS_LOOP_64_1:   [xilinx-label-all-loops]
 for (int i=0; i<I_;i++)
 ^~~
 VITIS_LOOP_64_1: 
C:\Users\Baron\Desktop\EE_278_Repo\EE_278\vivado_projects\HLS\lenet_proj\lenet_predict\.autopilot\db\lenet_support_1.pp.0.cpp:45527:2: note: FIX-IT applied suggested code changes
C:\Users\Baron\Desktop\EE_278_Repo\EE_278\vivado_projects\HLS\lenet_proj\lenet_predict\.autopilot\db\lenet_support_1.pp.0.cpp:45538:2: warning: Added loop label VITIS_LOOP_75_1:   [xilinx-label-all-loops]
 for (int i=0; i<I_;i++)
 ^~~
 VITIS_LOOP_75_1: 
C:\Users\Baron\Desktop\EE_278_Repo\EE_278\vivado_projects\HLS\lenet_proj\lenet_predict\.autopilot\db\lenet_support_1.pp.0.cpp:45538:2: note: FIX-IT applied suggested code changes
C:\Users\Baron\Desktop\EE_278_Repo\EE_278\vivado_projects\HLS\lenet_proj\lenet_predict\.autopilot\db\lenet_support_1.pp.0.cpp:45549:2: warning: Added loop label VITIS_LOOP_86_1:   [xilinx-label-all-loops]
 for (int i=0; i<W_;i++)
 ^~~
 VITIS_LOOP_86_1: 
C:\Users\Baron\Desktop\EE_278_Repo\EE_278\vivado_projects\HLS\lenet_proj\lenet_predict\.autopilot\db\lenet_support_1.pp.0.cpp:45549:2: note: FIX-IT applied suggested code changes
C:\Users\Baron\Desktop\EE_278_Repo\EE_278\vivado_projects\HLS\lenet_proj\lenet_predict\.autopilot\db\lenet_support_1.pp.0.cpp:45560:2: warning: Added loop label VITIS_LOOP_97_1:   [xilinx-label-all-loops]
 for (int i=0; i<W_;i++)
 ^~~
 VITIS_LOOP_97_1: 
C:\Users\Baron\Desktop\EE_278_Repo\EE_278\vivado_projects\HLS\lenet_proj\lenet_predict\.autopilot\db\lenet_support_1.pp.0.cpp:45560:2: note: FIX-IT applied suggested code changes
C:\Users\Baron\Desktop\EE_278_Repo\EE_278\vivado_projects\HLS\lenet_proj\lenet_predict\.autopilot\db\lenet_support_1.pp.0.cpp:45571:2: warning: Added loop label VITIS_LOOP_108_1:   [xilinx-label-all-loops]
 for (int i=0; i<I_;i++)
 ^~~
 VITIS_LOOP_108_1: 
C:\Users\Baron\Desktop\EE_278_Repo\EE_278\vivado_projects\HLS\lenet_proj\lenet_predict\.autopilot\db\lenet_support_1.pp.0.cpp:45571:2: note: FIX-IT applied suggested code changes
C:\Users\Baron\Desktop\EE_278_Repo\EE_278\vivado_projects\HLS\lenet_proj\lenet_predict\.autopilot\db\lenet_support_1.pp.0.cpp:45582:2: warning: Added loop label VITIS_LOOP_119_1:   [xilinx-label-all-loops]
 for (int i=0; i<I_;i++)
 ^~~
 VITIS_LOOP_119_1: 
C:\Users\Baron\Desktop\EE_278_Repo\EE_278\vivado_projects\HLS\lenet_proj\lenet_predict\.autopilot\db\lenet_support_1.pp.0.cpp:45582:2: note: FIX-IT applied suggested code changes
C:\Users\Baron\Desktop\EE_278_Repo\EE_278\vivado_projects\HLS\lenet_proj\lenet_predict\.autopilot\db\lenet_support_1.pp.0.cpp:47883:12: warning: Added loop label VITIS_LOOP_23_1:   [xilinx-label-all-loops]
           for(int i = 0; i < W_-1; ++i) {
           ^~~
           VITIS_LOOP_23_1: 
C:\Users\Baron\Desktop\EE_278_Repo\EE_278\vivado_projects\HLS\lenet_proj\lenet_predict\.autopilot\db\lenet_support_1.pp.0.cpp:47883:12: note: FIX-IT applied suggested code changes
C:\Users\Baron\Desktop\EE_278_Repo\EE_278\vivado_projects\HLS\lenet_proj\lenet_predict\.autopilot\db\lenet_support_1.pp.0.cpp:47947:7: warning: Added loop label VITIS_LOOP_66_1:   [xilinx-label-all-loops]
      for(int pos = msbr - 1 ; pos >= -F-1; pos--) {
      ^~~
      VITIS_LOOP_66_1: 
C:\Users\Baron\Desktop\EE_278_Repo\EE_278\vivado_projects\HLS\lenet_proj\lenet_predict\.autopilot\db\lenet_support_1.pp.0.cpp:47947:7: note: FIX-IT applied suggested code changes
C:\Users\Baron\Desktop\EE_278_Repo\EE_278\vivado_projects\HLS\lenet_proj\lenet_predict\.autopilot\db\lenet_support_1.pp.0.cpp:48064:9: warning: Added loop label VITIS_LOOP_75_1:   [xilinx-label-all-loops]
        for(int pos = msbr - 1; pos >= 0; pos--) {
        ^~~
        VITIS_LOOP_75_1: 
C:\Users\Baron\Desktop\EE_278_Repo\EE_278\vivado_projects\HLS\lenet_proj\lenet_predict\.autopilot\db\lenet_support_1.pp.0.cpp:48064:9: note: FIX-IT applied suggested code changes
C:\Users\Baron\Desktop\EE_278_Repo\EE_278\vivado_projects\HLS\lenet_proj\lenet_predict\.autopilot\db\lenet_support_1.pp.0.cpp:48089:5: warning: Added loop label VITIS_LOOP_107_2:   [xilinx-label-all-loops]
    for(int pos = -1; pos >= -F-1; pos--) {
    ^~~
    VITIS_LOOP_107_2: 
C:\Users\Baron\Desktop\EE_278_Repo\EE_278\vivado_projects\HLS\lenet_proj\lenet_predict\.autopilot\db\lenet_support_1.pp.0.cpp:48089:5: note: FIX-IT applied suggested code changes
C:\Users\Baron\Desktop\EE_278_Repo\EE_278\vivado_projects\HLS\lenet_proj\lenet_predict\.autopilot\db\lenet_support_1.pp.0.cpp:48159:8: warning: Added loop label VITIS_LOOP_195_3:   [xilinx-label-all-loops]
       for(int i = 0; i < W - 1; ++i) {
       ^~~
       VITIS_LOOP_195_3: 
C:\Users\Baron\Desktop\EE_278_Repo\EE_278\vivado_projects\HLS\lenet_proj\lenet_predict\.autopilot\db\lenet_support_1.pp.0.cpp:48159:8: note: FIX-IT applied suggested code changes
C:\Users\Baron\Desktop\EE_278_Repo\EE_278\vivado_projects\HLS\lenet_proj\lenet_predict\.autopilot\db\lenet_support_1.pp.0.cpp:50479:2: warning: Added loop label VITIS_LOOP_12_1:   [xilinx-label-all-loops]
 for (int f = 0; f < num_filters; f++) {
 ^~~
 VITIS_LOOP_12_1: 
C:\Users\Baron\Desktop\EE_278_Repo\EE_278\vivado_projects\HLS\lenet_proj\lenet_predict\.autopilot\db\lenet_support_1.pp.0.cpp:50479:2: note: FIX-IT applied suggested code changes
C:\Users\Baron\Desktop\EE_278_Repo\EE_278\vivado_projects\HLS\lenet_proj\lenet_predict\.autopilot\db\lenet_support_1.pp.0.cpp:50480:9: warning: Added loop label VITIS_LOOP_13_2:   [xilinx-label-all-loops]
        for (int i = 0; i < in_width - filter_size + 1; i++) {
        ^~~
        VITIS_LOOP_13_2: 
C:\Users\Baron\Desktop\EE_278_Repo\EE_278\vivado_projects\HLS\lenet_proj\lenet_predict\.autopilot\db\lenet_support_1.pp.0.cpp:50480:9: note: FIX-IT applied suggested code changes
C:\Users\Baron\Desktop\EE_278_Repo\EE_278\vivado_projects\HLS\lenet_proj\lenet_predict\.autopilot\db\lenet_support_1.pp.0.cpp:50481:13: warning: Added loop label VITIS_LOOP_14_3:   [xilinx-label-all-loops]
            for (int j = 0; j < in_width - filter_size + 1; j++) {
            ^~~
            VITIS_LOOP_14_3: 
C:\Users\Baron\Desktop\EE_278_Repo\EE_278\vivado_projects\HLS\lenet_proj\lenet_predict\.autopilot\db\lenet_support_1.pp.0.cpp:50481:13: note: FIX-IT applied suggested code changes
C:\Users\Baron\Desktop\EE_278_Repo\EE_278\vivado_projects\HLS\lenet_proj\lenet_predict\.autopilot\db\lenet_support_1.pp.0.cpp:50483:17: warning: Added loop label VITIS_LOOP_16_4:   [xilinx-label-all-loops]
                for (int k = 0; k < filter_size; k++) {
                ^~~
                VITIS_LOOP_16_4: 
C:\Users\Baron\Desktop\EE_278_Repo\EE_278\vivado_projects\HLS\lenet_proj\lenet_predict\.autopilot\db\lenet_support_1.pp.0.cpp:50483:17: note: FIX-IT applied suggested code changes
C:\Users\Baron\Desktop\EE_278_Repo\EE_278\vivado_projects\HLS\lenet_proj\lenet_predict\.autopilot\db\lenet_support_1.pp.0.cpp:50484:21: warning: Added loop label VITIS_LOOP_17_5:   [xilinx-label-all-loops]
                    for (int l = 0; l < filter_size; l++) {
                    ^~~
                    VITIS_LOOP_17_5: 
C:\Users\Baron\Desktop\EE_278_Repo\EE_278\vivado_projects\HLS\lenet_proj\lenet_predict\.autopilot\db\lenet_support_1.pp.0.cpp:50484:21: note: FIX-IT applied suggested code changes
C:\Users\Baron\Desktop\EE_278_Repo\EE_278\vivado_projects\HLS\lenet_proj\lenet_predict\.autopilot\db\lenet_support_1.pp.0.cpp:50499:5: warning: Added loop label VITIS_LOOP_32_1:   [xilinx-label-all-loops]
    for (int f = 0; f < 6; f++) {
    ^~~
    VITIS_LOOP_32_1: 
C:\Users\Baron\Desktop\EE_278_Repo\EE_278\vivado_projects\HLS\lenet_proj\lenet_predict\.autopilot\db\lenet_support_1.pp.0.cpp:50499:5: note: FIX-IT applied suggested code changes
C:\Users\Baron\Desktop\EE_278_Repo\EE_278\vivado_projects\HLS\lenet_proj\lenet_predict\.autopilot\db\lenet_support_1.pp.0.cpp:50500:9: warning: Added loop label VITIS_LOOP_33_2:   [xilinx-label-all-loops]
        for (int i = 0; i < out_width; i++) {
        ^~~
        VITIS_LOOP_33_2: 
C:\Users\Baron\Desktop\EE_278_Repo\EE_278\vivado_projects\HLS\lenet_proj\lenet_predict\.autopilot\db\lenet_support_1.pp.0.cpp:50500:9: note: FIX-IT applied suggested code changes
C:\Users\Baron\Desktop\EE_278_Repo\EE_278\vivado_projects\HLS\lenet_proj\lenet_predict\.autopilot\db\lenet_support_1.pp.0.cpp:50501:13: warning: Added loop label VITIS_LOOP_34_3:   [xilinx-label-all-loops]
            for (int j = 0; j < out_width; j++) {
            ^~~
            VITIS_LOOP_34_3: 
C:\Users\Baron\Desktop\EE_278_Repo\EE_278\vivado_projects\HLS\lenet_proj\lenet_predict\.autopilot\db\lenet_support_1.pp.0.cpp:50501:13: note: FIX-IT applied suggested code changes
C:\Users\Baron\Desktop\EE_278_Repo\EE_278\vivado_projects\HLS\lenet_proj\lenet_predict\.autopilot\db\lenet_support_1.pp.0.cpp:50503:17: warning: Added loop label VITIS_LOOP_36_4:   [xilinx-label-all-loops]
                for (int k = 0; k < pool_size; k++) {
                ^~~
                VITIS_LOOP_36_4: 
C:\Users\Baron\Desktop\EE_278_Repo\EE_278\vivado_projects\HLS\lenet_proj\lenet_predict\.autopilot\db\lenet_support_1.pp.0.cpp:50503:17: note: FIX-IT applied suggested code changes
C:\Users\Baron\Desktop\EE_278_Repo\EE_278\vivado_projects\HLS\lenet_proj\lenet_predict\.autopilot\db\lenet_support_1.pp.0.cpp:50504:21: warning: Added loop label VITIS_LOOP_37_5:   [xilinx-label-all-loops]
                    for (int l = 0; l < pool_size; l++) {
                    ^~~
                    VITIS_LOOP_37_5: 
C:\Users\Baron\Desktop\EE_278_Repo\EE_278\vivado_projects\HLS\lenet_proj\lenet_predict\.autopilot\db\lenet_support_1.pp.0.cpp:50504:21: note: FIX-IT applied suggested code changes
C:\Users\Baron\Desktop\EE_278_Repo\EE_278\vivado_projects\HLS\lenet_proj\lenet_predict\.autopilot\db\lenet_support_1.pp.0.cpp:50523:2: warning: Added loop label VITIS_LOOP_56_1:   [xilinx-label-all-loops]
 for (int i = 0; i < output_size; i++) {
 ^~~
 VITIS_LOOP_56_1: 
C:\Users\Baron\Desktop\EE_278_Repo\EE_278\vivado_projects\HLS\lenet_proj\lenet_predict\.autopilot\db\lenet_support_1.pp.0.cpp:50523:2: note: FIX-IT applied suggested code changes
C:\Users\Baron\Desktop\EE_278_Repo\EE_278\vivado_projects\HLS\lenet_proj\lenet_predict\.autopilot\db\lenet_support_1.pp.0.cpp:50525:9: warning: Added loop label VITIS_LOOP_58_2:   [xilinx-label-all-loops]
        for (int j = 0; j < input_size; j++) {
        ^~~
        VITIS_LOOP_58_2: 
C:\Users\Baron\Desktop\EE_278_Repo\EE_278\vivado_projects\HLS\lenet_proj\lenet_predict\.autopilot\db\lenet_support_1.pp.0.cpp:50525:9: note: FIX-IT applied suggested code changes
C:\Users\Baron\Desktop\EE_278_Repo\EE_278\vivado_projects\HLS\lenet_proj\lenet_predict\.autopilot\db\lenet_support_1.pp.0.cpp:50535:5: warning: Added loop label VITIS_LOOP_68_1:   [xilinx-label-all-loops]
    for (int i = 0; i < num_classes; i++) {
    ^~~
    VITIS_LOOP_68_1: 
C:\Users\Baron\Desktop\EE_278_Repo\EE_278\vivado_projects\HLS\lenet_proj\lenet_predict\.autopilot\db\lenet_support_1.pp.0.cpp:50535:5: note: FIX-IT applied suggested code changes
C:\Users\Baron\Desktop\EE_278_Repo\EE_278\vivado_projects\HLS\lenet_proj\lenet_predict\.autopilot\db\lenet_support_1.pp.0.cpp:50542:5: warning: Added loop label VITIS_LOOP_75_2:   [xilinx-label-all-loops]
    for (int i = 0; i < num_classes; i++) {
    ^~~
    VITIS_LOOP_75_2: 
C:\Users\Baron\Desktop\EE_278_Repo\EE_278\vivado_projects\HLS\lenet_proj\lenet_predict\.autopilot\db\lenet_support_1.pp.0.cpp:50542:5: note: FIX-IT applied suggested code changes
C:\Users\Baron\Desktop\EE_278_Repo\EE_278\vivado_projects\HLS\lenet_proj\lenet_predict\.autopilot\db\lenet_support_1.pp.0.cpp:50547:5: warning: Added loop label VITIS_LOOP_80_3:   [xilinx-label-all-loops]
    for (int i = 0; i < num_classes; i++) {
    ^~~
    VITIS_LOOP_80_3: 
C:\Users\Baron\Desktop\EE_278_Repo\EE_278\vivado_projects\HLS\lenet_proj\lenet_predict\.autopilot\db\lenet_support_1.pp.0.cpp:50547:5: note: FIX-IT applied suggested code changes
C:\Users\Baron\Desktop\EE_278_Repo\EE_278\vivado_projects\HLS\lenet_proj\lenet_predict\.autopilot\db\lenet_support_1.pp.0.cpp:50554:2: warning: Added loop label VITIS_LOOP_87_1:   [xilinx-label-all-loops]
 for (int i = 0; i < size; i++) {
 ^~~
 VITIS_LOOP_87_1: 
C:\Users\Baron\Desktop\EE_278_Repo\EE_278\vivado_projects\HLS\lenet_proj\lenet_predict\.autopilot\db\lenet_support_1.pp.0.cpp:50554:2: note: FIX-IT applied suggested code changes
