C:\Users\Baron\Desktop\EE_278_Repo\EE_278\vivado_projects\HLS\lenet_proj\lenet_predict\.autopilot\db\lenet_main_1.pp.0.cpp:29953:7: warning: Added loop label VITIS_LOOP_1213_1:   [xilinx-label-all-loops]
      for (i = 0; i < __N - 1; ++i) {
      ^~~
      VITIS_LOOP_1213_1: 
C:\Users\Baron\Desktop\EE_278_Repo\EE_278\vivado_projects\HLS\lenet_proj\lenet_predict\.autopilot\db\lenet_main_1.pp.0.cpp:29953:7: note: FIX-IT applied suggested code changes
C:\Users\Baron\Desktop\EE_278_Repo\EE_278\vivado_projects\HLS\lenet_proj\lenet_predict\.autopilot\db\lenet_main_1.pp.0.cpp:30927:5: warning: Added loop label VITIS_LOOP_676_1:   [xilinx-label-all-loops]
    for (unsigned i = low; i != high; ++i) {
    ^~~
    VITIS_LOOP_676_1: 
C:\Users\Baron\Desktop\EE_278_Repo\EE_278\vivado_projects\HLS\lenet_proj\lenet_predict\.autopilot\db\lenet_main_1.pp.0.cpp:30927:5: note: FIX-IT applied suggested code changes
C:\Users\Baron\Desktop\EE_278_Repo\EE_278\vivado_projects\HLS\lenet_proj\lenet_predict\.autopilot\db\lenet_main_1.pp.0.cpp:30941:5: warning: Added loop label VITIS_LOOP_690_1:   [xilinx-label-all-loops]
    for (unsigned i = low; i != high; ++i) {
    ^~~
    VITIS_LOOP_690_1: 
C:\Users\Baron\Desktop\EE_278_Repo\EE_278\vivado_projects\HLS\lenet_proj\lenet_predict\.autopilot\db\lenet_main_1.pp.0.cpp:30941:5: note: FIX-IT applied suggested code changes
C:\Users\Baron\Desktop\EE_278_Repo\EE_278\vivado_projects\HLS\lenet_proj\lenet_predict\.autopilot\db\lenet_main_1.pp.0.cpp:30955:5: warning: Added loop label VITIS_LOOP_704_1:   [xilinx-label-all-loops]
    for (unsigned i = low; i != high; ++i) {
    ^~~
    VITIS_LOOP_704_1: 
C:\Users\Baron\Desktop\EE_278_Repo\EE_278\vivado_projects\HLS\lenet_proj\lenet_predict\.autopilot\db\lenet_main_1.pp.0.cpp:30955:5: note: FIX-IT applied suggested code changes
C:\Users\Baron\Desktop\EE_278_Repo\EE_278\vivado_projects\HLS\lenet_proj\lenet_predict\.autopilot\db\lenet_main_1.pp.0.cpp:32554:7: warning: Added loop label VITIS_LOOP_1247_1:   [xilinx-label-all-loops]
      for (i = 0; i < __N - 1; ++i) {
      ^~~
      VITIS_LOOP_1247_1: 
C:\Users\Baron\Desktop\EE_278_Repo\EE_278\vivado_projects\HLS\lenet_proj\lenet_predict\.autopilot\db\lenet_main_1.pp.0.cpp:32554:7: note: FIX-IT applied suggested code changes
C:\Users\Baron\Desktop\EE_278_Repo\EE_278\vivado_projects\HLS\lenet_proj\lenet_predict\.autopilot\db\lenet_main_1.pp.0.cpp:36690:72: error: Invalid Directive: for current device, ROM_1P + LUTRAM is invalid combination for BIND_STORAGE's option 'type + impl' [clang-diagnostic-error]
#pragma HLS BIND_STORAGE variable=fourth_order_double::sin_cos_K0 type=ROM_1P impl=LUTRAM
                                                                       ^
C:\Users\Baron\Desktop\EE_278_Repo\EE_278\vivado_projects\HLS\lenet_proj\lenet_predict\.autopilot\db\lenet_main_1.pp.0.cpp:36691:72: error: Invalid Directive: for current device, ROM_1P + LUTRAM is invalid combination for BIND_STORAGE's option 'type + impl' [clang-diagnostic-error]
#pragma HLS BIND_STORAGE variable=fourth_order_double::sin_cos_K1 type=ROM_1P impl=LUTRAM
                                                                       ^
C:\Users\Baron\Desktop\EE_278_Repo\EE_278\vivado_projects\HLS\lenet_proj\lenet_predict\.autopilot\db\lenet_main_1.pp.0.cpp:36692:72: error: Invalid Directive: for current device, ROM_1P + LUTRAM is invalid combination for BIND_STORAGE's option 'type + impl' [clang-diagnostic-error]
#pragma HLS BIND_STORAGE variable=fourth_order_double::sin_cos_K2 type=ROM_1P impl=LUTRAM
                                                                       ^
C:\Users\Baron\Desktop\EE_278_Repo\EE_278\vivado_projects\HLS\lenet_proj\lenet_predict\.autopilot\db\lenet_main_1.pp.0.cpp:36693:72: error: Invalid Directive: for current device, ROM_1P + LUTRAM is invalid combination for BIND_STORAGE's option 'type + impl' [clang-diagnostic-error]
#pragma HLS BIND_STORAGE variable=fourth_order_double::sin_cos_K3 type=ROM_1P impl=LUTRAM
                                                                       ^
C:\Users\Baron\Desktop\EE_278_Repo\EE_278\vivado_projects\HLS\lenet_proj\lenet_predict\.autopilot\db\lenet_main_1.pp.0.cpp:36694:72: error: Invalid Directive: for current device, ROM_1P + LUTRAM is invalid combination for BIND_STORAGE's option 'type + impl' [clang-diagnostic-error]
#pragma HLS BIND_STORAGE variable=fourth_order_double::sin_cos_K4 type=ROM_1P impl=LUTRAM
                                                                       ^
C:\Users\Baron\Desktop\EE_278_Repo\EE_278\vivado_projects\HLS\lenet_proj\lenet_predict\.autopilot\db\lenet_main_1.pp.0.cpp:36724:68: error: Invalid Directive: for current device, ROM_1P + LUTRAM is invalid combination for BIND_STORAGE's option 'type + impl' [clang-diagnostic-error]
#pragma HLS BIND_STORAGE variable=fourth_order_double::cos_K0 type=ROM_1P impl=LUTRAM
                                                                   ^
C:\Users\Baron\Desktop\EE_278_Repo\EE_278\vivado_projects\HLS\lenet_proj\lenet_predict\.autopilot\db\lenet_main_1.pp.0.cpp:36725:68: error: Invalid Directive: for current device, ROM_1P + LUTRAM is invalid combination for BIND_STORAGE's option 'type + impl' [clang-diagnostic-error]
#pragma HLS BIND_STORAGE variable=fourth_order_double::cos_K1 type=ROM_1P impl=LUTRAM
                                                                   ^
C:\Users\Baron\Desktop\EE_278_Repo\EE_278\vivado_projects\HLS\lenet_proj\lenet_predict\.autopilot\db\lenet_main_1.pp.0.cpp:36726:68: error: Invalid Directive: for current device, ROM_1P + LUTRAM is invalid combination for BIND_STORAGE's option 'type + impl' [clang-diagnostic-error]
#pragma HLS BIND_STORAGE variable=fourth_order_double::cos_K2 type=ROM_1P impl=LUTRAM
                                                                   ^
C:\Users\Baron\Desktop\EE_278_Repo\EE_278\vivado_projects\HLS\lenet_proj\lenet_predict\.autopilot\db\lenet_main_1.pp.0.cpp:36727:68: error: Invalid Directive: for current device, ROM_1P + LUTRAM is invalid combination for BIND_STORAGE's option 'type + impl' [clang-diagnostic-error]
#pragma HLS BIND_STORAGE variable=fourth_order_double::cos_K3 type=ROM_1P impl=LUTRAM
                                                                   ^
C:\Users\Baron\Desktop\EE_278_Repo\EE_278\vivado_projects\HLS\lenet_proj\lenet_predict\.autopilot\db\lenet_main_1.pp.0.cpp:36728:68: error: Invalid Directive: for current device, ROM_1P + LUTRAM is invalid combination for BIND_STORAGE's option 'type + impl' [clang-diagnostic-error]
#pragma HLS BIND_STORAGE variable=fourth_order_double::cos_K4 type=ROM_1P impl=LUTRAM
                                                                   ^
C:\Users\Baron\Desktop\EE_278_Repo\EE_278\vivado_projects\HLS\lenet_proj\lenet_predict\.autopilot\db\lenet_main_1.pp.0.cpp:36729:68: error: Invalid Directive: for current device, ROM_1P + LUTRAM is invalid combination for BIND_STORAGE's option 'type + impl' [clang-diagnostic-error]
#pragma HLS BIND_STORAGE variable=fourth_order_double::sin_K0 type=ROM_1P impl=LUTRAM
                                                                   ^
C:\Users\Baron\Desktop\EE_278_Repo\EE_278\vivado_projects\HLS\lenet_proj\lenet_predict\.autopilot\db\lenet_main_1.pp.0.cpp:36730:68: error: Invalid Directive: for current device, ROM_1P + LUTRAM is invalid combination for BIND_STORAGE's option 'type + impl' [clang-diagnostic-error]
#pragma HLS BIND_STORAGE variable=fourth_order_double::sin_K1 type=ROM_1P impl=LUTRAM
                                                                   ^
C:\Users\Baron\Desktop\EE_278_Repo\EE_278\vivado_projects\HLS\lenet_proj\lenet_predict\.autopilot\db\lenet_main_1.pp.0.cpp:36731:68: error: Invalid Directive: for current device, ROM_1P + LUTRAM is invalid combination for BIND_STORAGE's option 'type + impl' [clang-diagnostic-error]
#pragma HLS BIND_STORAGE variable=fourth_order_double::sin_K2 type=ROM_1P impl=LUTRAM
                                                                   ^
C:\Users\Baron\Desktop\EE_278_Repo\EE_278\vivado_projects\HLS\lenet_proj\lenet_predict\.autopilot\db\lenet_main_1.pp.0.cpp:36732:68: error: Invalid Directive: for current device, ROM_1P + LUTRAM is invalid combination for BIND_STORAGE's option 'type + impl' [clang-diagnostic-error]
#pragma HLS BIND_STORAGE variable=fourth_order_double::sin_K3 type=ROM_1P impl=LUTRAM
                                                                   ^
C:\Users\Baron\Desktop\EE_278_Repo\EE_278\vivado_projects\HLS\lenet_proj\lenet_predict\.autopilot\db\lenet_main_1.pp.0.cpp:36733:68: error: Invalid Directive: for current device, ROM_1P + LUTRAM is invalid combination for BIND_STORAGE's option 'type + impl' [clang-diagnostic-error]
#pragma HLS BIND_STORAGE variable=fourth_order_double::sin_K4 type=ROM_1P impl=LUTRAM
                                                                   ^
C:\Users\Baron\Desktop\EE_278_Repo\EE_278\vivado_projects\HLS\lenet_proj\lenet_predict\.autopilot\db\lenet_main_1.pp.0.cpp:36783:71: error: Invalid Directive: for current device, ROM_1P + LUTRAM is invalid combination for BIND_STORAGE's option 'type + impl' [clang-diagnostic-error]
#pragma HLS BIND_STORAGE variable=second_order_float::sin_cos_K0 type=ROM_1P impl=LUTRAM
                                                                      ^
C:\Users\Baron\Desktop\EE_278_Repo\EE_278\vivado_projects\HLS\lenet_proj\lenet_predict\.autopilot\db\lenet_main_1.pp.0.cpp:36784:71: error: Invalid Directive: for current device, ROM_1P + LUTRAM is invalid combination for BIND_STORAGE's option 'type + impl' [clang-diagnostic-error]
#pragma HLS BIND_STORAGE variable=second_order_float::sin_cos_K1 type=ROM_1P impl=LUTRAM
                                                                      ^
C:\Users\Baron\Desktop\EE_278_Repo\EE_278\vivado_projects\HLS\lenet_proj\lenet_predict\.autopilot\db\lenet_main_1.pp.0.cpp:36785:71: error: Invalid Directive: for current device, ROM_1P + LUTRAM is invalid combination for BIND_STORAGE's option 'type + impl' [clang-diagnostic-error]
#pragma HLS BIND_STORAGE variable=second_order_float::sin_cos_K2 type=ROM_1P impl=LUTRAM
                                                                      ^
C:\Users\Baron\Desktop\EE_278_Repo\EE_278\vivado_projects\HLS\lenet_proj\lenet_predict\.autopilot\db\lenet_main_1.pp.0.cpp:36812:67: error: Invalid Directive: for current device, ROM_1P + LUTRAM is invalid combination for BIND_STORAGE's option 'type + impl' [clang-diagnostic-error]
#pragma HLS BIND_STORAGE variable=second_order_float::cos_K0 type=ROM_1P impl=LUTRAM
                                                                  ^
C:\Users\Baron\Desktop\EE_278_Repo\EE_278\vivado_projects\HLS\lenet_proj\lenet_predict\.autopilot\db\lenet_main_1.pp.0.cpp:36813:67: error: Invalid Directive: for current device, ROM_1P + LUTRAM is invalid combination for BIND_STORAGE's option 'type + impl' [clang-diagnostic-error]
#pragma HLS BIND_STORAGE variable=second_order_float::cos_K1 type=ROM_1P impl=LUTRAM
                                                                  ^
C:\Users\Baron\Desktop\EE_278_Repo\EE_278\vivado_projects\HLS\lenet_proj\lenet_predict\.autopilot\db\lenet_main_1.pp.0.cpp:36814:67: error: Invalid Directive: for current device, ROM_1P + LUTRAM is invalid combination for BIND_STORAGE's option 'type + impl' [clang-diagnostic-error]
#pragma HLS BIND_STORAGE variable=second_order_float::cos_K2 type=ROM_1P impl=LUTRAM
                                                                  ^
C:\Users\Baron\Desktop\EE_278_Repo\EE_278\vivado_projects\HLS\lenet_proj\lenet_predict\.autopilot\db\lenet_main_1.pp.0.cpp:36815:67: error: Invalid Directive: for current device, ROM_1P + LUTRAM is invalid combination for BIND_STORAGE's option 'type + impl' [clang-diagnostic-error]
#pragma HLS BIND_STORAGE variable=second_order_float::sin_K0 type=ROM_1P impl=LUTRAM
                                                                  ^
C:\Users\Baron\Desktop\EE_278_Repo\EE_278\vivado_projects\HLS\lenet_proj\lenet_predict\.autopilot\db\lenet_main_1.pp.0.cpp:36816:67: error: Invalid Directive: for current device, ROM_1P + LUTRAM is invalid combination for BIND_STORAGE's option 'type + impl' [clang-diagnostic-error]
#pragma HLS BIND_STORAGE variable=second_order_float::sin_K1 type=ROM_1P impl=LUTRAM
                                                                  ^
C:\Users\Baron\Desktop\EE_278_Repo\EE_278\vivado_projects\HLS\lenet_proj\lenet_predict\.autopilot\db\lenet_main_1.pp.0.cpp:36817:67: error: Invalid Directive: for current device, ROM_1P + LUTRAM is invalid combination for BIND_STORAGE's option 'type + impl' [clang-diagnostic-error]
#pragma HLS BIND_STORAGE variable=second_order_float::sin_K2 type=ROM_1P impl=LUTRAM
                                                                  ^
C:\Users\Baron\Desktop\EE_278_Repo\EE_278\vivado_projects\HLS\lenet_proj\lenet_predict\.autopilot\db\lenet_main_1.pp.0.cpp:36853:73: error: Invalid Directive: for current device, ROM_1P + LUTRAM is invalid combination for BIND_STORAGE's option 'type + impl' [clang-diagnostic-error]
#pragma HLS BIND_STORAGE variable=first_order_fixed_16::sin_cos_K0 type=ROM_1P impl=LUTRAM
                                                                        ^
C:\Users\Baron\Desktop\EE_278_Repo\EE_278\vivado_projects\HLS\lenet_proj\lenet_predict\.autopilot\db\lenet_main_1.pp.0.cpp:36854:73: error: Invalid Directive: for current device, ROM_1P + LUTRAM is invalid combination for BIND_STORAGE's option 'type + impl' [clang-diagnostic-error]
#pragma HLS BIND_STORAGE variable=first_order_fixed_16::sin_cos_K1 type=ROM_1P impl=LUTRAM
                                                                        ^
C:\Users\Baron\Desktop\EE_278_Repo\EE_278\vivado_projects\HLS\lenet_proj\lenet_predict\.autopilot\db\lenet_main_1.pp.0.cpp:37128:5: warning: Added loop label VITIS_LOOP_87_1:   [xilinx-label-all-loops]
    for (int n=0; n<Nmax; n++){
    ^~~
    VITIS_LOOP_87_1: 
C:\Users\Baron\Desktop\EE_278_Repo\EE_278\vivado_projects\HLS\lenet_proj\lenet_predict\.autopilot\db\lenet_main_1.pp.0.cpp:37128:5: note: FIX-IT applied suggested code changes
C:\Users\Baron\Desktop\EE_278_Repo\EE_278\vivado_projects\HLS\lenet_proj\lenet_predict\.autopilot\db\lenet_main_1.pp.0.cpp:37174:5: warning: Added loop label VITIS_LOOP_143_1:   [xilinx-label-all-loops]
    for (int n=0; n<Nmax; n++){
    ^~~
    VITIS_LOOP_143_1: 
C:\Users\Baron\Desktop\EE_278_Repo\EE_278\vivado_projects\HLS\lenet_proj\lenet_predict\.autopilot\db\lenet_main_1.pp.0.cpp:37174:5: note: FIX-IT applied suggested code changes
C:\Users\Baron\Desktop\EE_278_Repo\EE_278\vivado_projects\HLS\lenet_proj\lenet_predict\.autopilot\db\lenet_main_1.pp.0.cpp:37337:9: warning: Added loop label VITIS_LOOP_315_1:   [xilinx-label-all-loops]
        for(int i=0;i<W-1;i++){
        ^~~
        VITIS_LOOP_315_1: 
C:\Users\Baron\Desktop\EE_278_Repo\EE_278\vivado_projects\HLS\lenet_proj\lenet_predict\.autopilot\db\lenet_main_1.pp.0.cpp:37337:9: note: FIX-IT applied suggested code changes
C:\Users\Baron\Desktop\EE_278_Repo\EE_278\vivado_projects\HLS\lenet_proj\lenet_predict\.autopilot\db\lenet_main_1.pp.0.cpp:37489:9: warning: Added loop label VITIS_LOOP_475_1:   [xilinx-label-all-loops]
        for(int i=0;i<W-1;i++){
        ^~~
        VITIS_LOOP_475_1: 
C:\Users\Baron\Desktop\EE_278_Repo\EE_278\vivado_projects\HLS\lenet_proj\lenet_predict\.autopilot\db\lenet_main_1.pp.0.cpp:37489:9: note: FIX-IT applied suggested code changes
C:\Users\Baron\Desktop\EE_278_Repo\EE_278\vivado_projects\HLS\lenet_proj\lenet_predict\.autopilot\db\lenet_main_1.pp.0.cpp:37669:5: warning: Added loop label VITIS_LOOP_655_1:   [xilinx-label-all-loops]
    for(int i=0;i<W+1;i++){
    ^~~
    VITIS_LOOP_655_1: 
C:\Users\Baron\Desktop\EE_278_Repo\EE_278\vivado_projects\HLS\lenet_proj\lenet_predict\.autopilot\db\lenet_main_1.pp.0.cpp:37669:5: note: FIX-IT applied suggested code changes
C:\Users\Baron\Desktop\EE_278_Repo\EE_278\vivado_projects\HLS\lenet_proj\lenet_predict\.autopilot\db\lenet_main_1.pp.0.cpp:37673:5: warning: Added loop label VITIS_LOOP_659_2:   [xilinx-label-all-loops]
    for(int i=0;i<W+1;i++){
    ^~~
    VITIS_LOOP_659_2: 
C:\Users\Baron\Desktop\EE_278_Repo\EE_278\vivado_projects\HLS\lenet_proj\lenet_predict\.autopilot\db\lenet_main_1.pp.0.cpp:37673:5: note: FIX-IT applied suggested code changes
C:\Users\Baron\Desktop\EE_278_Repo\EE_278\vivado_projects\HLS\lenet_proj\lenet_predict\.autopilot\db\lenet_main_1.pp.0.cpp:37783:5: warning: Added loop label VITIS_LOOP_769_1:   [xilinx-label-all-loops]
    for (int n=0; n<Nmax; n++){
    ^~~
    VITIS_LOOP_769_1: 
C:\Users\Baron\Desktop\EE_278_Repo\EE_278\vivado_projects\HLS\lenet_proj\lenet_predict\.autopilot\db\lenet_main_1.pp.0.cpp:37783:5: note: FIX-IT applied suggested code changes
C:\Users\Baron\Desktop\EE_278_Repo\EE_278\vivado_projects\HLS\lenet_proj\lenet_predict\.autopilot\db\lenet_main_1.pp.0.cpp:37873:7: warning: Added loop label VITIS_LOOP_866_1:   [xilinx-label-all-loops]
      for(int i=0;i<W-1;i++){
      ^~~
      VITIS_LOOP_866_1: 
C:\Users\Baron\Desktop\EE_278_Repo\EE_278\vivado_projects\HLS\lenet_proj\lenet_predict\.autopilot\db\lenet_main_1.pp.0.cpp:37873:7: note: FIX-IT applied suggested code changes
C:\Users\Baron\Desktop\EE_278_Repo\EE_278\vivado_projects\HLS\lenet_proj\lenet_predict\.autopilot\db\lenet_main_1.pp.0.cpp:37892:7: warning: Added loop label VITIS_LOOP_885_2:   [xilinx-label-all-loops]
      for(int i=0;i<W-1;i++){
      ^~~
      VITIS_LOOP_885_2: 
C:\Users\Baron\Desktop\EE_278_Repo\EE_278\vivado_projects\HLS\lenet_proj\lenet_predict\.autopilot\db\lenet_main_1.pp.0.cpp:37892:7: note: FIX-IT applied suggested code changes
C:\Users\Baron\Desktop\EE_278_Repo\EE_278\vivado_projects\HLS\lenet_proj\lenet_predict\.autopilot\db\lenet_main_1.pp.0.cpp:38182:5: warning: Added loop label VITIS_LOOP_1199_1:   [xilinx-label-all-loops]
    for(int i=0; i<Nmax; i++) {
    ^~~
    VITIS_LOOP_1199_1: 
C:\Users\Baron\Desktop\EE_278_Repo\EE_278\vivado_projects\HLS\lenet_proj\lenet_predict\.autopilot\db\lenet_main_1.pp.0.cpp:38182:5: note: FIX-IT applied suggested code changes
C:\Users\Baron\Desktop\EE_278_Repo\EE_278\vivado_projects\HLS\lenet_proj\lenet_predict\.autopilot\db\lenet_main_1.pp.0.cpp:38265:5: warning: Added loop label VITIS_LOOP_1282_1:   [xilinx-label-all-loops]
    for(int i=0; i<Nmax; i++) {
    ^~~
    VITIS_LOOP_1282_1: 
C:\Users\Baron\Desktop\EE_278_Repo\EE_278\vivado_projects\HLS\lenet_proj\lenet_predict\.autopilot\db\lenet_main_1.pp.0.cpp:38265:5: note: FIX-IT applied suggested code changes
C:\Users\Baron\Desktop\EE_278_Repo\EE_278\vivado_projects\HLS\lenet_proj\lenet_predict\.autopilot\db\lenet_main_1.pp.0.cpp:38671:13: warning: Added loop label VITIS_LOOP_94_1:   [xilinx-label-all-loops]
            for (int j = 3; j >= I_+1; j--) {
            ^~~
            VITIS_LOOP_94_1: 
C:\Users\Baron\Desktop\EE_278_Repo\EE_278\vivado_projects\HLS\lenet_proj\lenet_predict\.autopilot\db\lenet_main_1.pp.0.cpp:38671:13: note: FIX-IT applied suggested code changes
C:\Users\Baron\Desktop\EE_278_Repo\EE_278\vivado_projects\HLS\lenet_proj\lenet_predict\.autopilot\db\lenet_main_1.pp.0.cpp:38677:17: warning: Added loop label VITIS_LOOP_100_2:   [xilinx-label-all-loops]
                for (int j = 3; j >= I_+1; j--){
                ^~~
                VITIS_LOOP_100_2: 
C:\Users\Baron\Desktop\EE_278_Repo\EE_278\vivado_projects\HLS\lenet_proj\lenet_predict\.autopilot\db\lenet_main_1.pp.0.cpp:38677:17: note: FIX-IT applied suggested code changes
C:\Users\Baron\Desktop\EE_278_Repo\EE_278\vivado_projects\HLS\lenet_proj\lenet_predict\.autopilot\db\lenet_main_1.pp.0.cpp:38681:17: warning: Added loop label VITIS_LOOP_104_3:   [xilinx-label-all-loops]
                for (int j = I_; j >= 0; j--){
                ^~~
                VITIS_LOOP_104_3: 
C:\Users\Baron\Desktop\EE_278_Repo\EE_278\vivado_projects\HLS\lenet_proj\lenet_predict\.autopilot\db\lenet_main_1.pp.0.cpp:38681:17: note: FIX-IT applied suggested code changes
C:\Users\Baron\Desktop\EE_278_Repo\EE_278\vivado_projects\HLS\lenet_proj\lenet_predict\.autopilot\db\lenet_main_1.pp.0.cpp:38729:13: warning: Added loop label VITIS_LOOP_171_4:   [xilinx-label-all-loops]
            for (int j = 9; j >= I_+4; j--) {
            ^~~
            VITIS_LOOP_171_4: 
C:\Users\Baron\Desktop\EE_278_Repo\EE_278\vivado_projects\HLS\lenet_proj\lenet_predict\.autopilot\db\lenet_main_1.pp.0.cpp:38729:13: note: FIX-IT applied suggested code changes
C:\Users\Baron\Desktop\EE_278_Repo\EE_278\vivado_projects\HLS\lenet_proj\lenet_predict\.autopilot\db\lenet_main_1.pp.0.cpp:38735:17: warning: Added loop label VITIS_LOOP_177_5:   [xilinx-label-all-loops]
                for (int j = 9; j >= I_+4; j--){
                ^~~
                VITIS_LOOP_177_5: 
C:\Users\Baron\Desktop\EE_278_Repo\EE_278\vivado_projects\HLS\lenet_proj\lenet_predict\.autopilot\db\lenet_main_1.pp.0.cpp:38735:17: note: FIX-IT applied suggested code changes
C:\Users\Baron\Desktop\EE_278_Repo\EE_278\vivado_projects\HLS\lenet_proj\lenet_predict\.autopilot\db\lenet_main_1.pp.0.cpp:38739:17: warning: Added loop label VITIS_LOOP_181_6:   [xilinx-label-all-loops]
                for (int j = I_+3; j >= 0; j--){
                ^~~
                VITIS_LOOP_181_6: 
C:\Users\Baron\Desktop\EE_278_Repo\EE_278\vivado_projects\HLS\lenet_proj\lenet_predict\.autopilot\db\lenet_main_1.pp.0.cpp:38739:17: note: FIX-IT applied suggested code changes
C:\Users\Baron\Desktop\EE_278_Repo\EE_278\vivado_projects\HLS\lenet_proj\lenet_predict\.autopilot\db\lenet_main_1.pp.0.cpp:38754:9: warning: Added loop label VITIS_LOOP_196_7:   [xilinx-label-all-loops]
        for (int j = 14; j < 22; j++){
        ^~~
        VITIS_LOOP_196_7: 
C:\Users\Baron\Desktop\EE_278_Repo\EE_278\vivado_projects\HLS\lenet_proj\lenet_predict\.autopilot\db\lenet_main_1.pp.0.cpp:38754:9: note: FIX-IT applied suggested code changes
C:\Users\Baron\Desktop\EE_278_Repo\EE_278\vivado_projects\HLS\lenet_proj\lenet_predict\.autopilot\db\lenet_main_1.pp.0.cpp:38762:17: warning: Added loop label VITIS_LOOP_204_8:   [xilinx-label-all-loops]
                for (int j = 0; j < 22; j++){
                ^~~
                VITIS_LOOP_204_8: 
C:\Users\Baron\Desktop\EE_278_Repo\EE_278\vivado_projects\HLS\lenet_proj\lenet_predict\.autopilot\db\lenet_main_1.pp.0.cpp:38762:17: note: FIX-IT applied suggested code changes
C:\Users\Baron\Desktop\EE_278_Repo\EE_278\vivado_projects\HLS\lenet_proj\lenet_predict\.autopilot\db\lenet_main_1.pp.0.cpp:38827:13: warning: Added loop label VITIS_LOOP_269_9:   [xilinx-label-all-loops]
            for (int j = 21; j >= I_+10; j--) {
            ^~~
            VITIS_LOOP_269_9: 
C:\Users\Baron\Desktop\EE_278_Repo\EE_278\vivado_projects\HLS\lenet_proj\lenet_predict\.autopilot\db\lenet_main_1.pp.0.cpp:38827:13: note: FIX-IT applied suggested code changes
C:\Users\Baron\Desktop\EE_278_Repo\EE_278\vivado_projects\HLS\lenet_proj\lenet_predict\.autopilot\db\lenet_main_1.pp.0.cpp:38833:17: warning: Added loop label VITIS_LOOP_275_10:   [xilinx-label-all-loops]
                for (int j = 21; j >= I_+10; j--) {
                ^~~
                VITIS_LOOP_275_10: 
C:\Users\Baron\Desktop\EE_278_Repo\EE_278\vivado_projects\HLS\lenet_proj\lenet_predict\.autopilot\db\lenet_main_1.pp.0.cpp:38833:17: note: FIX-IT applied suggested code changes
C:\Users\Baron\Desktop\EE_278_Repo\EE_278\vivado_projects\HLS\lenet_proj\lenet_predict\.autopilot\db\lenet_main_1.pp.0.cpp:38837:17: warning: Added loop label VITIS_LOOP_279_11:   [xilinx-label-all-loops]
                for (int j = I_+9; j >= 0; j--) {
                ^~~
                VITIS_LOOP_279_11: 
C:\Users\Baron\Desktop\EE_278_Repo\EE_278\vivado_projects\HLS\lenet_proj\lenet_predict\.autopilot\db\lenet_main_1.pp.0.cpp:38837:17: note: FIX-IT applied suggested code changes
C:\Users\Baron\Desktop\EE_278_Repo\EE_278\vivado_projects\HLS\lenet_proj\lenet_predict\.autopilot\db\lenet_main_1.pp.0.cpp:38852:9: warning: Added loop label VITIS_LOOP_294_12:   [xilinx-label-all-loops]
        for (int j = 27; j < 46; j++){
        ^~~
        VITIS_LOOP_294_12: 
C:\Users\Baron\Desktop\EE_278_Repo\EE_278\vivado_projects\HLS\lenet_proj\lenet_predict\.autopilot\db\lenet_main_1.pp.0.cpp:38852:9: note: FIX-IT applied suggested code changes
C:\Users\Baron\Desktop\EE_278_Repo\EE_278\vivado_projects\HLS\lenet_proj\lenet_predict\.autopilot\db\lenet_main_1.pp.0.cpp:38860:17: warning: Added loop label VITIS_LOOP_302_13:   [xilinx-label-all-loops]
                for (int j = 0; j < 46; j++) {
                ^~~
                VITIS_LOOP_302_13: 
C:\Users\Baron\Desktop\EE_278_Repo\EE_278\vivado_projects\HLS\lenet_proj\lenet_predict\.autopilot\db\lenet_main_1.pp.0.cpp:38860:17: note: FIX-IT applied suggested code changes
C:\Users\Baron\Desktop\EE_278_Repo\EE_278\vivado_projects\HLS\lenet_proj\lenet_predict\.autopilot\db\lenet_main_1.pp.0.cpp:39089:13: warning: Added loop label VITIS_LOOP_531_14:   [xilinx-label-all-loops]
            for (int j = 45; j >= I_+22; j--) {
            ^~~
            VITIS_LOOP_531_14: 
C:\Users\Baron\Desktop\EE_278_Repo\EE_278\vivado_projects\HLS\lenet_proj\lenet_predict\.autopilot\db\lenet_main_1.pp.0.cpp:39089:13: note: FIX-IT applied suggested code changes
C:\Users\Baron\Desktop\EE_278_Repo\EE_278\vivado_projects\HLS\lenet_proj\lenet_predict\.autopilot\db\lenet_main_1.pp.0.cpp:39095:17: warning: Added loop label VITIS_LOOP_537_15:   [xilinx-label-all-loops]
                for (int j = 45; j >= I_+22; j--){
                ^~~
                VITIS_LOOP_537_15: 
C:\Users\Baron\Desktop\EE_278_Repo\EE_278\vivado_projects\HLS\lenet_proj\lenet_predict\.autopilot\db\lenet_main_1.pp.0.cpp:39095:17: note: FIX-IT applied suggested code changes
C:\Users\Baron\Desktop\EE_278_Repo\EE_278\vivado_projects\HLS\lenet_proj\lenet_predict\.autopilot\db\lenet_main_1.pp.0.cpp:39099:17: warning: Added loop label VITIS_LOOP_541_16:   [xilinx-label-all-loops]
                for (int j = I_+21; j >= 0; j--) {
                ^~~
                VITIS_LOOP_541_16: 
C:\Users\Baron\Desktop\EE_278_Repo\EE_278\vivado_projects\HLS\lenet_proj\lenet_predict\.autopilot\db\lenet_main_1.pp.0.cpp:39099:17: note: FIX-IT applied suggested code changes
C:\Users\Baron\Desktop\EE_278_Repo\EE_278\vivado_projects\HLS\lenet_proj\lenet_predict\.autopilot\db\lenet_main_1.pp.0.cpp:39109:9: warning: Added loop label VITIS_LOOP_551_17:   [xilinx-label-all-loops]
        for (int j = 32-F_; j < 32+I_; j++){
        ^~~
        VITIS_LOOP_551_17: 
C:\Users\Baron\Desktop\EE_278_Repo\EE_278\vivado_projects\HLS\lenet_proj\lenet_predict\.autopilot\db\lenet_main_1.pp.0.cpp:39109:9: note: FIX-IT applied suggested code changes
C:\Users\Baron\Desktop\EE_278_Repo\EE_278\vivado_projects\HLS\lenet_proj\lenet_predict\.autopilot\db\lenet_main_1.pp.0.cpp:39113:9: warning: Added loop label VITIS_LOOP_555_18:   [xilinx-label-all-loops]
        for (int j = 32+I_; j <= 64; j++){
        ^~~
        VITIS_LOOP_555_18: 
C:\Users\Baron\Desktop\EE_278_Repo\EE_278\vivado_projects\HLS\lenet_proj\lenet_predict\.autopilot\db\lenet_main_1.pp.0.cpp:39113:9: note: FIX-IT applied suggested code changes
C:\Users\Baron\Desktop\EE_278_Repo\EE_278\vivado_projects\HLS\lenet_proj\lenet_predict\.autopilot\db\lenet_main_1.pp.0.cpp:39123:9: warning: Added loop label VITIS_LOOP_565_19:   [xilinx-label-all-loops]
        for (int j = 37; j < 64; j++) {
        ^~~
        VITIS_LOOP_565_19: 
C:\Users\Baron\Desktop\EE_278_Repo\EE_278\vivado_projects\HLS\lenet_proj\lenet_predict\.autopilot\db\lenet_main_1.pp.0.cpp:39123:9: note: FIX-IT applied suggested code changes
C:\Users\Baron\Desktop\EE_278_Repo\EE_278\vivado_projects\HLS\lenet_proj\lenet_predict\.autopilot\db\lenet_main_1.pp.0.cpp:39131:17: warning: Added loop label VITIS_LOOP_573_20:   [xilinx-label-all-loops]
                for (int j = 0; j < 64; j++){
                ^~~
                VITIS_LOOP_573_20: 
C:\Users\Baron\Desktop\EE_278_Repo\EE_278\vivado_projects\HLS\lenet_proj\lenet_predict\.autopilot\db\lenet_main_1.pp.0.cpp:39131:17: note: FIX-IT applied suggested code changes
C:\Users\Baron\Desktop\EE_278_Repo\EE_278\vivado_projects\HLS\lenet_proj\lenet_predict\.autopilot\db\lenet_main_1.pp.0.cpp:39492:13: warning: Added loop label VITIS_LOOP_934_21:   [xilinx-label-all-loops]
            for (int j = 63; j >= I_+31; j--) {
            ^~~
            VITIS_LOOP_934_21: 
C:\Users\Baron\Desktop\EE_278_Repo\EE_278\vivado_projects\HLS\lenet_proj\lenet_predict\.autopilot\db\lenet_main_1.pp.0.cpp:39492:13: note: FIX-IT applied suggested code changes
C:\Users\Baron\Desktop\EE_278_Repo\EE_278\vivado_projects\HLS\lenet_proj\lenet_predict\.autopilot\db\lenet_main_1.pp.0.cpp:39498:17: warning: Added loop label VITIS_LOOP_940_22:   [xilinx-label-all-loops]
                for (int j = 63; j >= I_+31; j--) {
                ^~~
                VITIS_LOOP_940_22: 
C:\Users\Baron\Desktop\EE_278_Repo\EE_278\vivado_projects\HLS\lenet_proj\lenet_predict\.autopilot\db\lenet_main_1.pp.0.cpp:39498:17: note: FIX-IT applied suggested code changes
C:\Users\Baron\Desktop\EE_278_Repo\EE_278\vivado_projects\HLS\lenet_proj\lenet_predict\.autopilot\db\lenet_main_1.pp.0.cpp:39502:17: warning: Added loop label VITIS_LOOP_944_23:   [xilinx-label-all-loops]
                for (int j = I_+30; j >= 0; j--) {
                ^~~
                VITIS_LOOP_944_23: 
C:\Users\Baron\Desktop\EE_278_Repo\EE_278\vivado_projects\HLS\lenet_proj\lenet_predict\.autopilot\db\lenet_main_1.pp.0.cpp:39502:17: note: FIX-IT applied suggested code changes
C:\Users\Baron\Desktop\EE_278_Repo\EE_278\vivado_projects\HLS\lenet_proj\lenet_predict\.autopilot\db\lenet_main_1.pp.0.cpp:39618:13: warning: Added loop label VITIS_LOOP_1060_1:   [xilinx-label-all-loops]
            for (int j = 4; j >= I_+1; j--) {
            ^~~
            VITIS_LOOP_1060_1: 
C:\Users\Baron\Desktop\EE_278_Repo\EE_278\vivado_projects\HLS\lenet_proj\lenet_predict\.autopilot\db\lenet_main_1.pp.0.cpp:39618:13: note: FIX-IT applied suggested code changes
C:\Users\Baron\Desktop\EE_278_Repo\EE_278\vivado_projects\HLS\lenet_proj\lenet_predict\.autopilot\db\lenet_main_1.pp.0.cpp:39624:17: warning: Added loop label VITIS_LOOP_1066_2:   [xilinx-label-all-loops]
                for (int j = 4; j >= I_+1; j--) {
                ^~~
                VITIS_LOOP_1066_2: 
C:\Users\Baron\Desktop\EE_278_Repo\EE_278\vivado_projects\HLS\lenet_proj\lenet_predict\.autopilot\db\lenet_main_1.pp.0.cpp:39624:17: note: FIX-IT applied suggested code changes
C:\Users\Baron\Desktop\EE_278_Repo\EE_278\vivado_projects\HLS\lenet_proj\lenet_predict\.autopilot\db\lenet_main_1.pp.0.cpp:39628:17: warning: Added loop label VITIS_LOOP_1070_3:   [xilinx-label-all-loops]
                for (int j = I_; j >= 0; j--) {
                ^~~
                VITIS_LOOP_1070_3: 
C:\Users\Baron\Desktop\EE_278_Repo\EE_278\vivado_projects\HLS\lenet_proj\lenet_predict\.autopilot\db\lenet_main_1.pp.0.cpp:39628:17: note: FIX-IT applied suggested code changes
C:\Users\Baron\Desktop\EE_278_Repo\EE_278\vivado_projects\HLS\lenet_proj\lenet_predict\.autopilot\db\lenet_main_1.pp.0.cpp:39715:13: warning: Added loop label VITIS_LOOP_1157_4:   [xilinx-label-all-loops]
            for (int j = 10; j >= I_+4; j--) {
            ^~~
            VITIS_LOOP_1157_4: 
C:\Users\Baron\Desktop\EE_278_Repo\EE_278\vivado_projects\HLS\lenet_proj\lenet_predict\.autopilot\db\lenet_main_1.pp.0.cpp:39715:13: note: FIX-IT applied suggested code changes
C:\Users\Baron\Desktop\EE_278_Repo\EE_278\vivado_projects\HLS\lenet_proj\lenet_predict\.autopilot\db\lenet_main_1.pp.0.cpp:39721:17: warning: Added loop label VITIS_LOOP_1163_5:   [xilinx-label-all-loops]
                for (int j = 10; j >= I_+4; j--) {
                ^~~
                VITIS_LOOP_1163_5: 
C:\Users\Baron\Desktop\EE_278_Repo\EE_278\vivado_projects\HLS\lenet_proj\lenet_predict\.autopilot\db\lenet_main_1.pp.0.cpp:39721:17: note: FIX-IT applied suggested code changes
C:\Users\Baron\Desktop\EE_278_Repo\EE_278\vivado_projects\HLS\lenet_proj\lenet_predict\.autopilot\db\lenet_main_1.pp.0.cpp:39725:17: warning: Added loop label VITIS_LOOP_1167_6:   [xilinx-label-all-loops]
                for (int j = I_+3; j >= 0; j--) {
                ^~~
                VITIS_LOOP_1167_6: 
C:\Users\Baron\Desktop\EE_278_Repo\EE_278\vivado_projects\HLS\lenet_proj\lenet_predict\.autopilot\db\lenet_main_1.pp.0.cpp:39725:17: note: FIX-IT applied suggested code changes
C:\Users\Baron\Desktop\EE_278_Repo\EE_278\vivado_projects\HLS\lenet_proj\lenet_predict\.autopilot\db\lenet_main_1.pp.0.cpp:39744:9: warning: Added loop label VITIS_LOOP_1186_7:   [xilinx-label-all-loops]
        for (int j = wf+3; j < w-1; j++) {
        ^~~
        VITIS_LOOP_1186_7: 
C:\Users\Baron\Desktop\EE_278_Repo\EE_278\vivado_projects\HLS\lenet_proj\lenet_predict\.autopilot\db\lenet_main_1.pp.0.cpp:39744:9: note: FIX-IT applied suggested code changes
C:\Users\Baron\Desktop\EE_278_Repo\EE_278\vivado_projects\HLS\lenet_proj\lenet_predict\.autopilot\db\lenet_main_1.pp.0.cpp:39751:17: warning: Added loop label VITIS_LOOP_1193_8:   [xilinx-label-all-loops]
                for (int j = 0; j < 22; j++) {
                ^~~
                VITIS_LOOP_1193_8: 
C:\Users\Baron\Desktop\EE_278_Repo\EE_278\vivado_projects\HLS\lenet_proj\lenet_predict\.autopilot\db\lenet_main_1.pp.0.cpp:39751:17: note: FIX-IT applied suggested code changes
C:\Users\Baron\Desktop\EE_278_Repo\EE_278\vivado_projects\HLS\lenet_proj\lenet_predict\.autopilot\db\lenet_main_1.pp.0.cpp:39867:13: warning: Added loop label VITIS_LOOP_1309_9:   [xilinx-label-all-loops]
            for (int j = 22; j >= I_+10; j--) {
            ^~~
            VITIS_LOOP_1309_9: 
C:\Users\Baron\Desktop\EE_278_Repo\EE_278\vivado_projects\HLS\lenet_proj\lenet_predict\.autopilot\db\lenet_main_1.pp.0.cpp:39867:13: note: FIX-IT applied suggested code changes
C:\Users\Baron\Desktop\EE_278_Repo\EE_278\vivado_projects\HLS\lenet_proj\lenet_predict\.autopilot\db\lenet_main_1.pp.0.cpp:39873:17: warning: Added loop label VITIS_LOOP_1315_10:   [xilinx-label-all-loops]
                for (int j = 22; j >= I_+10; j--){
                ^~~
                VITIS_LOOP_1315_10: 
C:\Users\Baron\Desktop\EE_278_Repo\EE_278\vivado_projects\HLS\lenet_proj\lenet_predict\.autopilot\db\lenet_main_1.pp.0.cpp:39873:17: note: FIX-IT applied suggested code changes
C:\Users\Baron\Desktop\EE_278_Repo\EE_278\vivado_projects\HLS\lenet_proj\lenet_predict\.autopilot\db\lenet_main_1.pp.0.cpp:39877:17: warning: Added loop label VITIS_LOOP_1319_11:   [xilinx-label-all-loops]
                for (int j = I_+9; j >= 0; j--) {
                ^~~
                VITIS_LOOP_1319_11: 
C:\Users\Baron\Desktop\EE_278_Repo\EE_278\vivado_projects\HLS\lenet_proj\lenet_predict\.autopilot\db\lenet_main_1.pp.0.cpp:39877:17: note: FIX-IT applied suggested code changes
C:\Users\Baron\Desktop\EE_278_Repo\EE_278\vivado_projects\HLS\lenet_proj\lenet_predict\.autopilot\db\lenet_main_1.pp.0.cpp:39897:9: warning: Added loop label VITIS_LOOP_1339_12:   [xilinx-label-all-loops]
        for (int j = wf+4; j < w-1; j++){
        ^~~
        VITIS_LOOP_1339_12: 
C:\Users\Baron\Desktop\EE_278_Repo\EE_278\vivado_projects\HLS\lenet_proj\lenet_predict\.autopilot\db\lenet_main_1.pp.0.cpp:39897:9: note: FIX-IT applied suggested code changes
C:\Users\Baron\Desktop\EE_278_Repo\EE_278\vivado_projects\HLS\lenet_proj\lenet_predict\.autopilot\db\lenet_main_1.pp.0.cpp:39904:17: warning: Added loop label VITIS_LOOP_1346_13:   [xilinx-label-all-loops]
                for (int j = 0; j < 46; j++) {
                ^~~
                VITIS_LOOP_1346_13: 
C:\Users\Baron\Desktop\EE_278_Repo\EE_278\vivado_projects\HLS\lenet_proj\lenet_predict\.autopilot\db\lenet_main_1.pp.0.cpp:39904:17: note: FIX-IT applied suggested code changes
C:\Users\Baron\Desktop\EE_278_Repo\EE_278\vivado_projects\HLS\lenet_proj\lenet_predict\.autopilot\db\lenet_main_1.pp.0.cpp:40166:13: warning: Added loop label VITIS_LOOP_1608_14:   [xilinx-label-all-loops]
            for (int j = 46; j >= I_+22; j--) {
            ^~~
            VITIS_LOOP_1608_14: 
C:\Users\Baron\Desktop\EE_278_Repo\EE_278\vivado_projects\HLS\lenet_proj\lenet_predict\.autopilot\db\lenet_main_1.pp.0.cpp:40166:13: note: FIX-IT applied suggested code changes
C:\Users\Baron\Desktop\EE_278_Repo\EE_278\vivado_projects\HLS\lenet_proj\lenet_predict\.autopilot\db\lenet_main_1.pp.0.cpp:40172:17: warning: Added loop label VITIS_LOOP_1614_15:   [xilinx-label-all-loops]
                for (int j = 46; j >= I_+22; j--) {
                ^~~
                VITIS_LOOP_1614_15: 
C:\Users\Baron\Desktop\EE_278_Repo\EE_278\vivado_projects\HLS\lenet_proj\lenet_predict\.autopilot\db\lenet_main_1.pp.0.cpp:40172:17: note: FIX-IT applied suggested code changes
C:\Users\Baron\Desktop\EE_278_Repo\EE_278\vivado_projects\HLS\lenet_proj\lenet_predict\.autopilot\db\lenet_main_1.pp.0.cpp:40176:17: warning: Added loop label VITIS_LOOP_1618_16:   [xilinx-label-all-loops]
                for (int j = I_+21; j >= 0; j--) {
                ^~~
                VITIS_LOOP_1618_16: 
C:\Users\Baron\Desktop\EE_278_Repo\EE_278\vivado_projects\HLS\lenet_proj\lenet_predict\.autopilot\db\lenet_main_1.pp.0.cpp:40176:17: note: FIX-IT applied suggested code changes
C:\Users\Baron\Desktop\EE_278_Repo\EE_278\vivado_projects\HLS\lenet_proj\lenet_predict\.autopilot\db\lenet_main_1.pp.0.cpp:40200:9: warning: Added loop label VITIS_LOOP_1642_17:   [xilinx-label-all-loops]
        for (int j = wf+5; j < w-1; j++){
        ^~~
        VITIS_LOOP_1642_17: 
C:\Users\Baron\Desktop\EE_278_Repo\EE_278\vivado_projects\HLS\lenet_proj\lenet_predict\.autopilot\db\lenet_main_1.pp.0.cpp:40200:9: note: FIX-IT applied suggested code changes
C:\Users\Baron\Desktop\EE_278_Repo\EE_278\vivado_projects\HLS\lenet_proj\lenet_predict\.autopilot\db\lenet_main_1.pp.0.cpp:40207:17: warning: Added loop label VITIS_LOOP_1649_18:   [xilinx-label-all-loops]
                for (int j = 0; j < 64; j++) {
                ^~~
                VITIS_LOOP_1649_18: 
C:\Users\Baron\Desktop\EE_278_Repo\EE_278\vivado_projects\HLS\lenet_proj\lenet_predict\.autopilot\db\lenet_main_1.pp.0.cpp:40207:17: note: FIX-IT applied suggested code changes
C:\Users\Baron\Desktop\EE_278_Repo\EE_278\vivado_projects\HLS\lenet_proj\lenet_predict\.autopilot\db\lenet_main_1.pp.0.cpp:40637:13: warning: Added loop label VITIS_LOOP_2079_19:   [xilinx-label-all-loops]
            for (int j = 64; j >= I_+31; j--) {
            ^~~
            VITIS_LOOP_2079_19: 
C:\Users\Baron\Desktop\EE_278_Repo\EE_278\vivado_projects\HLS\lenet_proj\lenet_predict\.autopilot\db\lenet_main_1.pp.0.cpp:40637:13: note: FIX-IT applied suggested code changes
C:\Users\Baron\Desktop\EE_278_Repo\EE_278\vivado_projects\HLS\lenet_proj\lenet_predict\.autopilot\db\lenet_main_1.pp.0.cpp:40643:17: warning: Added loop label VITIS_LOOP_2085_20:   [xilinx-label-all-loops]
                for (int j = 64; j >= I_+31; j--) {
                ^~~
                VITIS_LOOP_2085_20: 
C:\Users\Baron\Desktop\EE_278_Repo\EE_278\vivado_projects\HLS\lenet_proj\lenet_predict\.autopilot\db\lenet_main_1.pp.0.cpp:40643:17: note: FIX-IT applied suggested code changes
C:\Users\Baron\Desktop\EE_278_Repo\EE_278\vivado_projects\HLS\lenet_proj\lenet_predict\.autopilot\db\lenet_main_1.pp.0.cpp:40647:17: warning: Added loop label VITIS_LOOP_2089_21:   [xilinx-label-all-loops]
                for (int j = I_+30; j >= 0; j--) {
                ^~~
                VITIS_LOOP_2089_21: 
C:\Users\Baron\Desktop\EE_278_Repo\EE_278\vivado_projects\HLS\lenet_proj\lenet_predict\.autopilot\db\lenet_main_1.pp.0.cpp:40647:17: note: FIX-IT applied suggested code changes
C:\Users\Baron\Desktop\EE_278_Repo\EE_278\vivado_projects\HLS\lenet_proj\lenet_predict\.autopilot\db\lenet_main_1.pp.0.cpp:40777:13: warning: Added loop label VITIS_LOOP_2219_1:   [xilinx-label-all-loops]
            for(int j=3; j>=I+1; j--) {
            ^~~
            VITIS_LOOP_2219_1: 
C:\Users\Baron\Desktop\EE_278_Repo\EE_278\vivado_projects\HLS\lenet_proj\lenet_predict\.autopilot\db\lenet_main_1.pp.0.cpp:40777:13: note: FIX-IT applied suggested code changes
C:\Users\Baron\Desktop\EE_278_Repo\EE_278\vivado_projects\HLS\lenet_proj\lenet_predict\.autopilot\db\lenet_main_1.pp.0.cpp:40784:17: warning: Added loop label VITIS_LOOP_2226_2:   [xilinx-label-all-loops]
                for(int j=3; j>=I+1; j--) {
                ^~~
                VITIS_LOOP_2226_2: 
C:\Users\Baron\Desktop\EE_278_Repo\EE_278\vivado_projects\HLS\lenet_proj\lenet_predict\.autopilot\db\lenet_main_1.pp.0.cpp:40784:17: note: FIX-IT applied suggested code changes
C:\Users\Baron\Desktop\EE_278_Repo\EE_278\vivado_projects\HLS\lenet_proj\lenet_predict\.autopilot\db\lenet_main_1.pp.0.cpp:40788:17: warning: Added loop label VITIS_LOOP_2230_3:   [xilinx-label-all-loops]
                for(int j=I; j>=0; j--) {
                ^~~
                VITIS_LOOP_2230_3: 
C:\Users\Baron\Desktop\EE_278_Repo\EE_278\vivado_projects\HLS\lenet_proj\lenet_predict\.autopilot\db\lenet_main_1.pp.0.cpp:40788:17: note: FIX-IT applied suggested code changes
C:\Users\Baron\Desktop\EE_278_Repo\EE_278\vivado_projects\HLS\lenet_proj\lenet_predict\.autopilot\db\lenet_main_1.pp.0.cpp:40835:13: warning: Added loop label VITIS_LOOP_2277_4:   [xilinx-label-all-loops]
            for(int j=7; j>=3+I; j--) {
            ^~~
            VITIS_LOOP_2277_4: 
C:\Users\Baron\Desktop\EE_278_Repo\EE_278\vivado_projects\HLS\lenet_proj\lenet_predict\.autopilot\db\lenet_main_1.pp.0.cpp:40835:13: note: FIX-IT applied suggested code changes
C:\Users\Baron\Desktop\EE_278_Repo\EE_278\vivado_projects\HLS\lenet_proj\lenet_predict\.autopilot\db\lenet_main_1.pp.0.cpp:40842:17: warning: Added loop label VITIS_LOOP_2284_5:   [xilinx-label-all-loops]
                for(int j=7; j>=3+I; j--) {
                ^~~
                VITIS_LOOP_2284_5: 
C:\Users\Baron\Desktop\EE_278_Repo\EE_278\vivado_projects\HLS\lenet_proj\lenet_predict\.autopilot\db\lenet_main_1.pp.0.cpp:40842:17: note: FIX-IT applied suggested code changes
C:\Users\Baron\Desktop\EE_278_Repo\EE_278\vivado_projects\HLS\lenet_proj\lenet_predict\.autopilot\db\lenet_main_1.pp.0.cpp:40846:17: warning: Added loop label VITIS_LOOP_2288_6:   [xilinx-label-all-loops]
                for(int j=I+2; j>=0; j--) {
                ^~~
                VITIS_LOOP_2288_6: 
C:\Users\Baron\Desktop\EE_278_Repo\EE_278\vivado_projects\HLS\lenet_proj\lenet_predict\.autopilot\db\lenet_main_1.pp.0.cpp:40846:17: note: FIX-IT applied suggested code changes
C:\Users\Baron\Desktop\EE_278_Repo\EE_278\vivado_projects\HLS\lenet_proj\lenet_predict\.autopilot\db\lenet_main_1.pp.0.cpp:40864:9: warning: Added loop label VITIS_LOOP_2306_7:   [xilinx-label-all-loops]
        for(int j=11; j<16; j++) {
        ^~~
        VITIS_LOOP_2306_7: 
C:\Users\Baron\Desktop\EE_278_Repo\EE_278\vivado_projects\HLS\lenet_proj\lenet_predict\.autopilot\db\lenet_main_1.pp.0.cpp:40864:9: note: FIX-IT applied suggested code changes
C:\Users\Baron\Desktop\EE_278_Repo\EE_278\vivado_projects\HLS\lenet_proj\lenet_predict\.autopilot\db\lenet_main_1.pp.0.cpp:40919:13: warning: Added loop label VITIS_LOOP_2361_8:   [xilinx-label-all-loops]
            for(int j=15; j>=7+I; j--) {
            ^~~
            VITIS_LOOP_2361_8: 
C:\Users\Baron\Desktop\EE_278_Repo\EE_278\vivado_projects\HLS\lenet_proj\lenet_predict\.autopilot\db\lenet_main_1.pp.0.cpp:40919:13: note: FIX-IT applied suggested code changes
C:\Users\Baron\Desktop\EE_278_Repo\EE_278\vivado_projects\HLS\lenet_proj\lenet_predict\.autopilot\db\lenet_main_1.pp.0.cpp:40926:17: warning: Added loop label VITIS_LOOP_2368_9:   [xilinx-label-all-loops]
                for(int j=15; j>=7+I; j--) {
                ^~~
                VITIS_LOOP_2368_9: 
C:\Users\Baron\Desktop\EE_278_Repo\EE_278\vivado_projects\HLS\lenet_proj\lenet_predict\.autopilot\db\lenet_main_1.pp.0.cpp:40926:17: note: FIX-IT applied suggested code changes
C:\Users\Baron\Desktop\EE_278_Repo\EE_278\vivado_projects\HLS\lenet_proj\lenet_predict\.autopilot\db\lenet_main_1.pp.0.cpp:40930:17: warning: Added loop label VITIS_LOOP_2372_10:   [xilinx-label-all-loops]
                for(int j=6+I; j>=0; j--) {
                ^~~
                VITIS_LOOP_2372_10: 
C:\Users\Baron\Desktop\EE_278_Repo\EE_278\vivado_projects\HLS\lenet_proj\lenet_predict\.autopilot\db\lenet_main_1.pp.0.cpp:40930:17: note: FIX-IT applied suggested code changes
C:\Users\Baron\Desktop\EE_278_Repo\EE_278\vivado_projects\HLS\lenet_proj\lenet_predict\.autopilot\db\lenet_main_1.pp.0.cpp:40948:9: warning: Added loop label VITIS_LOOP_2390_11:   [xilinx-label-all-loops]
        for(int j=20; j<32; j++) {
        ^~~
        VITIS_LOOP_2390_11: 
C:\Users\Baron\Desktop\EE_278_Repo\EE_278\vivado_projects\HLS\lenet_proj\lenet_predict\.autopilot\db\lenet_main_1.pp.0.cpp:40948:9: note: FIX-IT applied suggested code changes
C:\Users\Baron\Desktop\EE_278_Repo\EE_278\vivado_projects\HLS\lenet_proj\lenet_predict\.autopilot\db\lenet_main_1.pp.0.cpp:41037:13: warning: Added loop label VITIS_LOOP_2479_12:   [xilinx-label-all-loops]
            for(int j=31; j>=I+15; j--) {
            ^~~
            VITIS_LOOP_2479_12: 
C:\Users\Baron\Desktop\EE_278_Repo\EE_278\vivado_projects\HLS\lenet_proj\lenet_predict\.autopilot\db\lenet_main_1.pp.0.cpp:41037:13: note: FIX-IT applied suggested code changes
C:\Users\Baron\Desktop\EE_278_Repo\EE_278\vivado_projects\HLS\lenet_proj\lenet_predict\.autopilot\db\lenet_main_1.pp.0.cpp:41044:17: warning: Added loop label VITIS_LOOP_2486_13:   [xilinx-label-all-loops]
                for(int j=31; j>=I+15; j--) {
                ^~~
                VITIS_LOOP_2486_13: 
C:\Users\Baron\Desktop\EE_278_Repo\EE_278\vivado_projects\HLS\lenet_proj\lenet_predict\.autopilot\db\lenet_main_1.pp.0.cpp:41044:17: note: FIX-IT applied suggested code changes
C:\Users\Baron\Desktop\EE_278_Repo\EE_278\vivado_projects\HLS\lenet_proj\lenet_predict\.autopilot\db\lenet_main_1.pp.0.cpp:41048:17: warning: Added loop label VITIS_LOOP_2490_14:   [xilinx-label-all-loops]
                for(int j=I+14; j>=0; j--) {
                ^~~
                VITIS_LOOP_2490_14: 
C:\Users\Baron\Desktop\EE_278_Repo\EE_278\vivado_projects\HLS\lenet_proj\lenet_predict\.autopilot\db\lenet_main_1.pp.0.cpp:41048:17: note: FIX-IT applied suggested code changes
C:\Users\Baron\Desktop\EE_278_Repo\EE_278\vivado_projects\HLS\lenet_proj\lenet_predict\.autopilot\db\lenet_main_1.pp.0.cpp:41058:9: warning: Added loop label VITIS_LOOP_2500_15:   [xilinx-label-all-loops]
        for(int j=32-F; j<32+I; j++) {
        ^~~
        VITIS_LOOP_2500_15: 
C:\Users\Baron\Desktop\EE_278_Repo\EE_278\vivado_projects\HLS\lenet_proj\lenet_predict\.autopilot\db\lenet_main_1.pp.0.cpp:41058:9: note: FIX-IT applied suggested code changes
C:\Users\Baron\Desktop\EE_278_Repo\EE_278\vivado_projects\HLS\lenet_proj\lenet_predict\.autopilot\db\lenet_main_1.pp.0.cpp:41062:9: warning: Added loop label VITIS_LOOP_2504_16:   [xilinx-label-all-loops]
        for(int j=32+I; j<=64; j++) {
        ^~~
        VITIS_LOOP_2504_16: 
C:\Users\Baron\Desktop\EE_278_Repo\EE_278\vivado_projects\HLS\lenet_proj\lenet_predict\.autopilot\db\lenet_main_1.pp.0.cpp:41062:9: note: FIX-IT applied suggested code changes
C:\Users\Baron\Desktop\EE_278_Repo\EE_278\vivado_projects\HLS\lenet_proj\lenet_predict\.autopilot\db\lenet_main_1.pp.0.cpp:41073:9: warning: Added loop label VITIS_LOOP_2515_17:   [xilinx-label-all-loops]
        for(int j=37; j<64; j++) {
        ^~~
        VITIS_LOOP_2515_17: 
C:\Users\Baron\Desktop\EE_278_Repo\EE_278\vivado_projects\HLS\lenet_proj\lenet_predict\.autopilot\db\lenet_main_1.pp.0.cpp:41073:9: note: FIX-IT applied suggested code changes
C:\Users\Baron\Desktop\EE_278_Repo\EE_278\vivado_projects\HLS\lenet_proj\lenet_predict\.autopilot\db\lenet_main_1.pp.0.cpp:41081:17: warning: Added loop label VITIS_LOOP_2523_18:   [xilinx-label-all-loops]
                for(int j=0; j<64; j++) {
                ^~~
                VITIS_LOOP_2523_18: 
C:\Users\Baron\Desktop\EE_278_Repo\EE_278\vivado_projects\HLS\lenet_proj\lenet_predict\.autopilot\db\lenet_main_1.pp.0.cpp:41081:17: note: FIX-IT applied suggested code changes
C:\Users\Baron\Desktop\EE_278_Repo\EE_278\vivado_projects\HLS\lenet_proj\lenet_predict\.autopilot\db\lenet_main_1.pp.0.cpp:41406:13: warning: Added loop label VITIS_LOOP_2848_19:   [xilinx-label-all-loops]
            for(int j=63; j>=I+31; j--) {
            ^~~
            VITIS_LOOP_2848_19: 
C:\Users\Baron\Desktop\EE_278_Repo\EE_278\vivado_projects\HLS\lenet_proj\lenet_predict\.autopilot\db\lenet_main_1.pp.0.cpp:41406:13: note: FIX-IT applied suggested code changes
C:\Users\Baron\Desktop\EE_278_Repo\EE_278\vivado_projects\HLS\lenet_proj\lenet_predict\.autopilot\db\lenet_main_1.pp.0.cpp:41413:17: warning: Added loop label VITIS_LOOP_2855_20:   [xilinx-label-all-loops]
                for(int j=63; j>=I+31; j--) {
                ^~~
                VITIS_LOOP_2855_20: 
C:\Users\Baron\Desktop\EE_278_Repo\EE_278\vivado_projects\HLS\lenet_proj\lenet_predict\.autopilot\db\lenet_main_1.pp.0.cpp:41413:17: note: FIX-IT applied suggested code changes
C:\Users\Baron\Desktop\EE_278_Repo\EE_278\vivado_projects\HLS\lenet_proj\lenet_predict\.autopilot\db\lenet_main_1.pp.0.cpp:41417:17: warning: Added loop label VITIS_LOOP_2859_21:   [xilinx-label-all-loops]
                for(int j=I+30; j>=0; j--) {
                ^~~
                VITIS_LOOP_2859_21: 
C:\Users\Baron\Desktop\EE_278_Repo\EE_278\vivado_projects\HLS\lenet_proj\lenet_predict\.autopilot\db\lenet_main_1.pp.0.cpp:41417:17: note: FIX-IT applied suggested code changes
C:\Users\Baron\Desktop\EE_278_Repo\EE_278\vivado_projects\HLS\lenet_proj\lenet_predict\.autopilot\db\lenet_main_1.pp.0.cpp:41505:4: warning: Added loop label VITIS_LOOP_2947_1:   [xilinx-label-all-loops]
   for(int j = 5; j>=I_+2; j--) {
   ^~~
   VITIS_LOOP_2947_1: 
C:\Users\Baron\Desktop\EE_278_Repo\EE_278\vivado_projects\HLS\lenet_proj\lenet_predict\.autopilot\db\lenet_main_1.pp.0.cpp:41505:4: note: FIX-IT applied suggested code changes
C:\Users\Baron\Desktop\EE_278_Repo\EE_278\vivado_projects\HLS\lenet_proj\lenet_predict\.autopilot\db\lenet_main_1.pp.0.cpp:41512:5: warning: Added loop label VITIS_LOOP_2954_2:   [xilinx-label-all-loops]
    for(int j = 5; j>=I_+2; j--) {
    ^~~
    VITIS_LOOP_2954_2: 
C:\Users\Baron\Desktop\EE_278_Repo\EE_278\vivado_projects\HLS\lenet_proj\lenet_predict\.autopilot\db\lenet_main_1.pp.0.cpp:41512:5: note: FIX-IT applied suggested code changes
C:\Users\Baron\Desktop\EE_278_Repo\EE_278\vivado_projects\HLS\lenet_proj\lenet_predict\.autopilot\db\lenet_main_1.pp.0.cpp:41516:5: warning: Added loop label VITIS_LOOP_2958_3:   [xilinx-label-all-loops]
    for(int j = I_+1; j>=0; j--) {
    ^~~
    VITIS_LOOP_2958_3: 
C:\Users\Baron\Desktop\EE_278_Repo\EE_278\vivado_projects\HLS\lenet_proj\lenet_predict\.autopilot\db\lenet_main_1.pp.0.cpp:41516:5: note: FIX-IT applied suggested code changes
C:\Users\Baron\Desktop\EE_278_Repo\EE_278\vivado_projects\HLS\lenet_proj\lenet_predict\.autopilot\db\lenet_main_1.pp.0.cpp:41531:3: warning: Added loop label VITIS_LOOP_2973_4:   [xilinx-label-all-loops]
  for(int j = 11; j >=7; j--) {
  ^~~
  VITIS_LOOP_2973_4: 
C:\Users\Baron\Desktop\EE_278_Repo\EE_278\vivado_projects\HLS\lenet_proj\lenet_predict\.autopilot\db\lenet_main_1.pp.0.cpp:41531:3: note: FIX-IT applied suggested code changes
C:\Users\Baron\Desktop\EE_278_Repo\EE_278\vivado_projects\HLS\lenet_proj\lenet_predict\.autopilot\db\lenet_main_1.pp.0.cpp:41563:4: warning: Added loop label VITIS_LOOP_3005_5:   [xilinx-label-all-loops]
   for(int j = 11; j >= I_+5; j--) {
   ^~~
   VITIS_LOOP_3005_5: 
C:\Users\Baron\Desktop\EE_278_Repo\EE_278\vivado_projects\HLS\lenet_proj\lenet_predict\.autopilot\db\lenet_main_1.pp.0.cpp:41563:4: note: FIX-IT applied suggested code changes
C:\Users\Baron\Desktop\EE_278_Repo\EE_278\vivado_projects\HLS\lenet_proj\lenet_predict\.autopilot\db\lenet_main_1.pp.0.cpp:41570:5: warning: Added loop label VITIS_LOOP_3012_6:   [xilinx-label-all-loops]
    for(int j = 11; j>= I_+5; j--) {
    ^~~
    VITIS_LOOP_3012_6: 
C:\Users\Baron\Desktop\EE_278_Repo\EE_278\vivado_projects\HLS\lenet_proj\lenet_predict\.autopilot\db\lenet_main_1.pp.0.cpp:41570:5: note: FIX-IT applied suggested code changes
C:\Users\Baron\Desktop\EE_278_Repo\EE_278\vivado_projects\HLS\lenet_proj\lenet_predict\.autopilot\db\lenet_main_1.pp.0.cpp:41574:5: warning: Added loop label VITIS_LOOP_3016_7:   [xilinx-label-all-loops]
    for(int j = I_+4; j>=0; j--) {
    ^~~
    VITIS_LOOP_3016_7: 
C:\Users\Baron\Desktop\EE_278_Repo\EE_278\vivado_projects\HLS\lenet_proj\lenet_predict\.autopilot\db\lenet_main_1.pp.0.cpp:41574:5: note: FIX-IT applied suggested code changes
C:\Users\Baron\Desktop\EE_278_Repo\EE_278\vivado_projects\HLS\lenet_proj\lenet_predict\.autopilot\db\lenet_main_1.pp.0.cpp:41589:3: warning: Added loop label VITIS_LOOP_3031_8:   [xilinx-label-all-loops]
  for(int j = 25; j>=15; j--) {
  ^~~
  VITIS_LOOP_3031_8: 
C:\Users\Baron\Desktop\EE_278_Repo\EE_278\vivado_projects\HLS\lenet_proj\lenet_predict\.autopilot\db\lenet_main_1.pp.0.cpp:41589:3: note: FIX-IT applied suggested code changes
C:\Users\Baron\Desktop\EE_278_Repo\EE_278\vivado_projects\HLS\lenet_proj\lenet_predict\.autopilot\db\lenet_main_1.pp.0.cpp:41639:4: warning: Added loop label VITIS_LOOP_3081_9:   [xilinx-label-all-loops]
   for(int j = 25; j>= I_+12; j--) {
   ^~~
   VITIS_LOOP_3081_9: 
C:\Users\Baron\Desktop\EE_278_Repo\EE_278\vivado_projects\HLS\lenet_proj\lenet_predict\.autopilot\db\lenet_main_1.pp.0.cpp:41639:4: note: FIX-IT applied suggested code changes
C:\Users\Baron\Desktop\EE_278_Repo\EE_278\vivado_projects\HLS\lenet_proj\lenet_predict\.autopilot\db\lenet_main_1.pp.0.cpp:41646:5: warning: Added loop label VITIS_LOOP_3088_10:   [xilinx-label-all-loops]
    for(int j = 25; j>=I_+12; j--) {
    ^~~
    VITIS_LOOP_3088_10: 
C:\Users\Baron\Desktop\EE_278_Repo\EE_278\vivado_projects\HLS\lenet_proj\lenet_predict\.autopilot\db\lenet_main_1.pp.0.cpp:41646:5: note: FIX-IT applied suggested code changes
C:\Users\Baron\Desktop\EE_278_Repo\EE_278\vivado_projects\HLS\lenet_proj\lenet_predict\.autopilot\db\lenet_main_1.pp.0.cpp:41650:5: warning: Added loop label VITIS_LOOP_3092_11:   [xilinx-label-all-loops]
    for(int j = I_+11; j>=0; j--) {
    ^~~
    VITIS_LOOP_3092_11: 
C:\Users\Baron\Desktop\EE_278_Repo\EE_278\vivado_projects\HLS\lenet_proj\lenet_predict\.autopilot\db\lenet_main_1.pp.0.cpp:41650:5: note: FIX-IT applied suggested code changes
C:\Users\Baron\Desktop\EE_278_Repo\EE_278\vivado_projects\HLS\lenet_proj\lenet_predict\.autopilot\db\lenet_main_1.pp.0.cpp:41665:3: warning: Added loop label VITIS_LOOP_3107_12:   [xilinx-label-all-loops]
  for(int j = 51; j >= 29; j--) {
  ^~~
  VITIS_LOOP_3107_12: 
C:\Users\Baron\Desktop\EE_278_Repo\EE_278\vivado_projects\HLS\lenet_proj\lenet_predict\.autopilot\db\lenet_main_1.pp.0.cpp:41665:3: note: FIX-IT applied suggested code changes
C:\Users\Baron\Desktop\EE_278_Repo\EE_278\vivado_projects\HLS\lenet_proj\lenet_predict\.autopilot\db\lenet_main_1.pp.0.cpp:41802:4: warning: Added loop label VITIS_LOOP_3244_13:   [xilinx-label-all-loops]
   for(int j = 51; j >= 25 + I_; j--) {
   ^~~
   VITIS_LOOP_3244_13: 
C:\Users\Baron\Desktop\EE_278_Repo\EE_278\vivado_projects\HLS\lenet_proj\lenet_predict\.autopilot\db\lenet_main_1.pp.0.cpp:41802:4: note: FIX-IT applied suggested code changes
C:\Users\Baron\Desktop\EE_278_Repo\EE_278\vivado_projects\HLS\lenet_proj\lenet_predict\.autopilot\db\lenet_main_1.pp.0.cpp:41809:5: warning: Added loop label VITIS_LOOP_3251_14:   [xilinx-label-all-loops]
    for(int j = 51; j>=25 + I_; j--) {
    ^~~
    VITIS_LOOP_3251_14: 
C:\Users\Baron\Desktop\EE_278_Repo\EE_278\vivado_projects\HLS\lenet_proj\lenet_predict\.autopilot\db\lenet_main_1.pp.0.cpp:41809:5: note: FIX-IT applied suggested code changes
C:\Users\Baron\Desktop\EE_278_Repo\EE_278\vivado_projects\HLS\lenet_proj\lenet_predict\.autopilot\db\lenet_main_1.pp.0.cpp:41813:5: warning: Added loop label VITIS_LOOP_3255_15:   [xilinx-label-all-loops]
    for(int j = 24 + I_; j >= 0; j--) {
    ^~~
    VITIS_LOOP_3255_15: 
C:\Users\Baron\Desktop\EE_278_Repo\EE_278\vivado_projects\HLS\lenet_proj\lenet_predict\.autopilot\db\lenet_main_1.pp.0.cpp:41813:5: note: FIX-IT applied suggested code changes
C:\Users\Baron\Desktop\EE_278_Repo\EE_278\vivado_projects\HLS\lenet_proj\lenet_predict\.autopilot\db\lenet_main_1.pp.0.cpp:41828:3: warning: Added loop label VITIS_LOOP_3270_16:   [xilinx-label-all-loops]
  for(int j = 63; j >= 36; j--) {
  ^~~
  VITIS_LOOP_3270_16: 
C:\Users\Baron\Desktop\EE_278_Repo\EE_278\vivado_projects\HLS\lenet_proj\lenet_predict\.autopilot\db\lenet_main_1.pp.0.cpp:41828:3: note: FIX-IT applied suggested code changes
C:\Users\Baron\Desktop\EE_278_Repo\EE_278\vivado_projects\HLS\lenet_proj\lenet_predict\.autopilot\db\lenet_main_1.pp.0.cpp:41988:4: warning: Added loop label VITIS_LOOP_3430_17:   [xilinx-label-all-loops]
   for(int j = 63; j >= 31 + I_; j--) {
   ^~~
   VITIS_LOOP_3430_17: 
C:\Users\Baron\Desktop\EE_278_Repo\EE_278\vivado_projects\HLS\lenet_proj\lenet_predict\.autopilot\db\lenet_main_1.pp.0.cpp:41988:4: note: FIX-IT applied suggested code changes
C:\Users\Baron\Desktop\EE_278_Repo\EE_278\vivado_projects\HLS\lenet_proj\lenet_predict\.autopilot\db\lenet_main_1.pp.0.cpp:41995:5: warning: Added loop label VITIS_LOOP_3437_18:   [xilinx-label-all-loops]
    for(int j = 63; j >= 31 + I_; j--) {
    ^~~
    VITIS_LOOP_3437_18: 
C:\Users\Baron\Desktop\EE_278_Repo\EE_278\vivado_projects\HLS\lenet_proj\lenet_predict\.autopilot\db\lenet_main_1.pp.0.cpp:41995:5: note: FIX-IT applied suggested code changes
C:\Users\Baron\Desktop\EE_278_Repo\EE_278\vivado_projects\HLS\lenet_proj\lenet_predict\.autopilot\db\lenet_main_1.pp.0.cpp:41999:5: warning: Added loop label VITIS_LOOP_3441_19:   [xilinx-label-all-loops]
    for(int j = 30 + I_; j >= 0; j--) {
    ^~~
    VITIS_LOOP_3441_19: 
C:\Users\Baron\Desktop\EE_278_Repo\EE_278\vivado_projects\HLS\lenet_proj\lenet_predict\.autopilot\db\lenet_main_1.pp.0.cpp:41999:5: note: FIX-IT applied suggested code changes
C:\Users\Baron\Desktop\EE_278_Repo\EE_278\vivado_projects\HLS\lenet_proj\lenet_predict\.autopilot\db\lenet_main_1.pp.0.cpp:42714:13: warning: Added loop label VITIS_LOOP_729_1:   [xilinx-label-all-loops]
            for (b_exp = I_-1; b_exp >= -F_; b_exp--) {
            ^~~
            VITIS_LOOP_729_1: 
C:\Users\Baron\Desktop\EE_278_Repo\EE_278\vivado_projects\HLS\lenet_proj\lenet_predict\.autopilot\db\lenet_main_1.pp.0.cpp:42714:13: note: FIX-IT applied suggested code changes
C:\Users\Baron\Desktop\EE_278_Repo\EE_278\vivado_projects\HLS\lenet_proj\lenet_predict\.autopilot\db\lenet_main_1.pp.0.cpp:42932:13: warning: Added loop label VITIS_LOOP_947_1:   [xilinx-label-all-loops]
            for (b_exp = I_-1; b_exp >= -F_; b_exp--) {
            ^~~
            VITIS_LOOP_947_1: 
C:\Users\Baron\Desktop\EE_278_Repo\EE_278\vivado_projects\HLS\lenet_proj\lenet_predict\.autopilot\db\lenet_main_1.pp.0.cpp:42932:13: note: FIX-IT applied suggested code changes
C:\Users\Baron\Desktop\EE_278_Repo\EE_278\vivado_projects\HLS\lenet_proj\lenet_predict\.autopilot\db\lenet_main_1.pp.0.cpp:43349:13: warning: Added loop label VITIS_LOOP_1371_1:   [xilinx-label-all-loops]
            for (b_exp = I_-1; b_exp >= -F_; b_exp--) {
            ^~~
            VITIS_LOOP_1371_1: 
C:\Users\Baron\Desktop\EE_278_Repo\EE_278\vivado_projects\HLS\lenet_proj\lenet_predict\.autopilot\db\lenet_main_1.pp.0.cpp:43349:13: note: FIX-IT applied suggested code changes
C:\Users\Baron\Desktop\EE_278_Repo\EE_278\vivado_projects\HLS\lenet_proj\lenet_predict\.autopilot\db\lenet_main_1.pp.0.cpp:43663:9: warning: Added loop label VITIS_LOOP_266_1:   [xilinx-label-all-loops]
        for ( int pos = msbr-1; pos >= 0; pos-- ) {
        ^~~
        VITIS_LOOP_266_1: 
C:\Users\Baron\Desktop\EE_278_Repo\EE_278\vivado_projects\HLS\lenet_proj\lenet_predict\.autopilot\db\lenet_main_1.pp.0.cpp:43663:9: note: FIX-IT applied suggested code changes
C:\Users\Baron\Desktop\EE_278_Repo\EE_278\vivado_projects\HLS\lenet_proj\lenet_predict\.autopilot\db\lenet_main_1.pp.0.cpp:43691:9: warning: Added loop label VITIS_LOOP_294_2:   [xilinx-label-all-loops]
        for ( int pos = -1; pos >= -F_-1; pos-- ) {
        ^~~
        VITIS_LOOP_294_2: 
C:\Users\Baron\Desktop\EE_278_Repo\EE_278\vivado_projects\HLS\lenet_proj\lenet_predict\.autopilot\db\lenet_main_1.pp.0.cpp:43691:9: note: FIX-IT applied suggested code changes
C:\Users\Baron\Desktop\EE_278_Repo\EE_278\vivado_projects\HLS\lenet_proj\lenet_predict\.autopilot\db\lenet_main_1.pp.0.cpp:44386:13: warning: Added loop label VITIS_LOOP_74_1:   [xilinx-label-all-loops]
            for (int j = 0; j < W_-1; j++){
            ^~~
            VITIS_LOOP_74_1: 
C:\Users\Baron\Desktop\EE_278_Repo\EE_278\vivado_projects\HLS\lenet_proj\lenet_predict\.autopilot\db\lenet_main_1.pp.0.cpp:44386:13: note: FIX-IT applied suggested code changes
C:\Users\Baron\Desktop\EE_278_Repo\EE_278\vivado_projects\HLS\lenet_proj\lenet_predict\.autopilot\db\lenet_main_1.pp.0.cpp:44439:5: warning: Added loop label VITIS_LOOP_135_2:   [xilinx-label-all-loops]
    for (int j = F_l+F_+I_m-1; j < F_l+W_+5; j++){
    ^~~
    VITIS_LOOP_135_2: 
C:\Users\Baron\Desktop\EE_278_Repo\EE_278\vivado_projects\HLS\lenet_proj\lenet_predict\.autopilot\db\lenet_main_1.pp.0.cpp:44439:5: note: FIX-IT applied suggested code changes
C:\Users\Baron\Desktop\EE_278_Repo\EE_278\vivado_projects\HLS\lenet_proj\lenet_predict\.autopilot\db\lenet_main_1.pp.0.cpp:44453:13: warning: Added loop label VITIS_LOOP_149_3:   [xilinx-label-all-loops]
            for (int j = WO_m-1; j >= W_-1; j--) {
            ^~~
            VITIS_LOOP_149_3: 
C:\Users\Baron\Desktop\EE_278_Repo\EE_278\vivado_projects\HLS\lenet_proj\lenet_predict\.autopilot\db\lenet_main_1.pp.0.cpp:44453:13: note: FIX-IT applied suggested code changes
C:\Users\Baron\Desktop\EE_278_Repo\EE_278\vivado_projects\HLS\lenet_proj\lenet_predict\.autopilot\db\lenet_main_1.pp.0.cpp:44483:13: warning: Added loop label VITIS_LOOP_179_4:   [xilinx-label-all-loops]
            for (int j = W_-2; j >= 0; j--){
            ^~~
            VITIS_LOOP_179_4: 
C:\Users\Baron\Desktop\EE_278_Repo\EE_278\vivado_projects\HLS\lenet_proj\lenet_predict\.autopilot\db\lenet_main_1.pp.0.cpp:44483:13: note: FIX-IT applied suggested code changes
C:\Users\Baron\Desktop\EE_278_Repo\EE_278\vivado_projects\HLS\lenet_proj\lenet_predict\.autopilot\db\lenet_main_1.pp.0.cpp:44568:12: warning: Added loop label VITIS_LOOP_307_1:   [xilinx-label-all-loops]
           for(int i = wf_log+we_log-2; i > WI_e - 2; --i) {
           ^~~
           VITIS_LOOP_307_1: 
C:\Users\Baron\Desktop\EE_278_Repo\EE_278\vivado_projects\HLS\lenet_proj\lenet_predict\.autopilot\db\lenet_main_1.pp.0.cpp:44568:12: note: FIX-IT applied suggested code changes
C:\Users\Baron\Desktop\EE_278_Repo\EE_278\vivado_projects\HLS\lenet_proj\lenet_predict\.autopilot\db\lenet_main_1.pp.0.cpp:44588:16: warning: Added loop label VITIS_LOOP_327_2:   [xilinx-label-all-loops]
               for (int j = WO_e-1; j >= W_-1; j--) {
               ^~~
               VITIS_LOOP_327_2: 
C:\Users\Baron\Desktop\EE_278_Repo\EE_278\vivado_projects\HLS\lenet_proj\lenet_predict\.autopilot\db\lenet_main_1.pp.0.cpp:44588:16: note: FIX-IT applied suggested code changes
C:\Users\Baron\Desktop\EE_278_Repo\EE_278\vivado_projects\HLS\lenet_proj\lenet_predict\.autopilot\db\lenet_main_1.pp.0.cpp:44602:20: warning: Added loop label VITIS_LOOP_341_3:   [xilinx-label-all-loops]
                   for(int i = 0; i < W_-1; ++i) {
                   ^~~
                   VITIS_LOOP_341_3: 
C:\Users\Baron\Desktop\EE_278_Repo\EE_278\vivado_projects\HLS\lenet_proj\lenet_predict\.autopilot\db\lenet_main_1.pp.0.cpp:44602:20: note: FIX-IT applied suggested code changes
C:\Users\Baron\Desktop\EE_278_Repo\EE_278\vivado_projects\HLS\lenet_proj\lenet_predict\.autopilot\db\lenet_main_1.pp.0.cpp:44695:12: warning: Added loop label VITIS_LOOP_459_1:   [xilinx-label-all-loops]
           for (int j =WO_d-1; j >= W_-1; j--) {
           ^~~
           VITIS_LOOP_459_1: 
C:\Users\Baron\Desktop\EE_278_Repo\EE_278\vivado_projects\HLS\lenet_proj\lenet_predict\.autopilot\db\lenet_main_1.pp.0.cpp:44695:12: note: FIX-IT applied suggested code changes
C:\Users\Baron\Desktop\EE_278_Repo\EE_278\vivado_projects\HLS\lenet_proj\lenet_predict\.autopilot\db\lenet_main_1.pp.0.cpp:44709:15: warning: Added loop label VITIS_LOOP_473_2:   [xilinx-label-all-loops]
              for(int i = 0; i < W_-1; ++i) {
              ^~~
              VITIS_LOOP_473_2: 
C:\Users\Baron\Desktop\EE_278_Repo\EE_278\vivado_projects\HLS\lenet_proj\lenet_predict\.autopilot\db\lenet_main_1.pp.0.cpp:44709:15: note: FIX-IT applied suggested code changes
C:\Users\Baron\Desktop\EE_278_Repo\EE_278\vivado_projects\HLS\lenet_proj\lenet_predict\.autopilot\db\lenet_main_1.pp.0.cpp:44822:13: warning: Added loop label VITIS_LOOP_59_1:   [xilinx-label-all-loops]
            for (int i = 0; i < W_-1; i++){
            ^~~
            VITIS_LOOP_59_1: 
C:\Users\Baron\Desktop\EE_278_Repo\EE_278\vivado_projects\HLS\lenet_proj\lenet_predict\.autopilot\db\lenet_main_1.pp.0.cpp:44822:13: note: FIX-IT applied suggested code changes
C:\Users\Baron\Desktop\EE_278_Repo\EE_278\vivado_projects\HLS\lenet_proj\lenet_predict\.autopilot\db\lenet_main_1.pp.0.cpp:44946:13: warning: Added loop label VITIS_LOOP_209_1:   [xilinx-label-all-loops]
            for (int i = 0; i < W_-1; i++){
            ^~~
            VITIS_LOOP_209_1: 
C:\Users\Baron\Desktop\EE_278_Repo\EE_278\vivado_projects\HLS\lenet_proj\lenet_predict\.autopilot\db\lenet_main_1.pp.0.cpp:44946:13: note: FIX-IT applied suggested code changes
C:\Users\Baron\Desktop\EE_278_Repo\EE_278\vivado_projects\HLS\lenet_proj\lenet_predict\.autopilot\db\lenet_main_1.pp.0.cpp:45001:13: warning: Added loop label VITIS_LOOP_274_1:   [xilinx-label-all-loops]
            for (int i = 0; i < W_-1; i++){
            ^~~
            VITIS_LOOP_274_1: 
C:\Users\Baron\Desktop\EE_278_Repo\EE_278\vivado_projects\HLS\lenet_proj\lenet_predict\.autopilot\db\lenet_main_1.pp.0.cpp:45001:13: note: FIX-IT applied suggested code changes
C:\Users\Baron\Desktop\EE_278_Repo\EE_278\vivado_projects\HLS\lenet_proj\lenet_predict\.autopilot\db\lenet_main_1.pp.0.cpp:45506:2: warning: Added loop label VITIS_LOOP_42_1:   [xilinx-label-all-loops]
 for (int i=0; i<W_;i++)
 ^~~
 VITIS_LOOP_42_1: 
C:\Users\Baron\Desktop\EE_278_Repo\EE_278\vivado_projects\HLS\lenet_proj\lenet_predict\.autopilot\db\lenet_main_1.pp.0.cpp:45506:2: note: FIX-IT applied suggested code changes
C:\Users\Baron\Desktop\EE_278_Repo\EE_278\vivado_projects\HLS\lenet_proj\lenet_predict\.autopilot\db\lenet_main_1.pp.0.cpp:45517:2: warning: Added loop label VITIS_LOOP_53_1:   [xilinx-label-all-loops]
 for (int i=0; i<W_;i++)
 ^~~
 VITIS_LOOP_53_1: 
C:\Users\Baron\Desktop\EE_278_Repo\EE_278\vivado_projects\HLS\lenet_proj\lenet_predict\.autopilot\db\lenet_main_1.pp.0.cpp:45517:2: note: FIX-IT applied suggested code changes
C:\Users\Baron\Desktop\EE_278_Repo\EE_278\vivado_projects\HLS\lenet_proj\lenet_predict\.autopilot\db\lenet_main_1.pp.0.cpp:45528:2: warning: Added loop label VITIS_LOOP_64_1:   [xilinx-label-all-loops]
 for (int i=0; i<I_;i++)
 ^~~
 VITIS_LOOP_64_1: 
C:\Users\Baron\Desktop\EE_278_Repo\EE_278\vivado_projects\HLS\lenet_proj\lenet_predict\.autopilot\db\lenet_main_1.pp.0.cpp:45528:2: note: FIX-IT applied suggested code changes
C:\Users\Baron\Desktop\EE_278_Repo\EE_278\vivado_projects\HLS\lenet_proj\lenet_predict\.autopilot\db\lenet_main_1.pp.0.cpp:45539:2: warning: Added loop label VITIS_LOOP_75_1:   [xilinx-label-all-loops]
 for (int i=0; i<I_;i++)
 ^~~
 VITIS_LOOP_75_1: 
C:\Users\Baron\Desktop\EE_278_Repo\EE_278\vivado_projects\HLS\lenet_proj\lenet_predict\.autopilot\db\lenet_main_1.pp.0.cpp:45539:2: note: FIX-IT applied suggested code changes
C:\Users\Baron\Desktop\EE_278_Repo\EE_278\vivado_projects\HLS\lenet_proj\lenet_predict\.autopilot\db\lenet_main_1.pp.0.cpp:45550:2: warning: Added loop label VITIS_LOOP_86_1:   [xilinx-label-all-loops]
 for (int i=0; i<W_;i++)
 ^~~
 VITIS_LOOP_86_1: 
C:\Users\Baron\Desktop\EE_278_Repo\EE_278\vivado_projects\HLS\lenet_proj\lenet_predict\.autopilot\db\lenet_main_1.pp.0.cpp:45550:2: note: FIX-IT applied suggested code changes
C:\Users\Baron\Desktop\EE_278_Repo\EE_278\vivado_projects\HLS\lenet_proj\lenet_predict\.autopilot\db\lenet_main_1.pp.0.cpp:45561:2: warning: Added loop label VITIS_LOOP_97_1:   [xilinx-label-all-loops]
 for (int i=0; i<W_;i++)
 ^~~
 VITIS_LOOP_97_1: 
C:\Users\Baron\Desktop\EE_278_Repo\EE_278\vivado_projects\HLS\lenet_proj\lenet_predict\.autopilot\db\lenet_main_1.pp.0.cpp:45561:2: note: FIX-IT applied suggested code changes
C:\Users\Baron\Desktop\EE_278_Repo\EE_278\vivado_projects\HLS\lenet_proj\lenet_predict\.autopilot\db\lenet_main_1.pp.0.cpp:45572:2: warning: Added loop label VITIS_LOOP_108_1:   [xilinx-label-all-loops]
 for (int i=0; i<I_;i++)
 ^~~
 VITIS_LOOP_108_1: 
C:\Users\Baron\Desktop\EE_278_Repo\EE_278\vivado_projects\HLS\lenet_proj\lenet_predict\.autopilot\db\lenet_main_1.pp.0.cpp:45572:2: note: FIX-IT applied suggested code changes
C:\Users\Baron\Desktop\EE_278_Repo\EE_278\vivado_projects\HLS\lenet_proj\lenet_predict\.autopilot\db\lenet_main_1.pp.0.cpp:45583:2: warning: Added loop label VITIS_LOOP_119_1:   [xilinx-label-all-loops]
 for (int i=0; i<I_;i++)
 ^~~
 VITIS_LOOP_119_1: 
C:\Users\Baron\Desktop\EE_278_Repo\EE_278\vivado_projects\HLS\lenet_proj\lenet_predict\.autopilot\db\lenet_main_1.pp.0.cpp:45583:2: note: FIX-IT applied suggested code changes
C:\Users\Baron\Desktop\EE_278_Repo\EE_278\vivado_projects\HLS\lenet_proj\lenet_predict\.autopilot\db\lenet_main_1.pp.0.cpp:47884:12: warning: Added loop label VITIS_LOOP_23_1:   [xilinx-label-all-loops]
           for(int i = 0; i < W_-1; ++i) {
           ^~~
           VITIS_LOOP_23_1: 
C:\Users\Baron\Desktop\EE_278_Repo\EE_278\vivado_projects\HLS\lenet_proj\lenet_predict\.autopilot\db\lenet_main_1.pp.0.cpp:47884:12: note: FIX-IT applied suggested code changes
C:\Users\Baron\Desktop\EE_278_Repo\EE_278\vivado_projects\HLS\lenet_proj\lenet_predict\.autopilot\db\lenet_main_1.pp.0.cpp:47948:7: warning: Added loop label VITIS_LOOP_66_1:   [xilinx-label-all-loops]
      for(int pos = msbr - 1 ; pos >= -F-1; pos--) {
      ^~~
      VITIS_LOOP_66_1: 
C:\Users\Baron\Desktop\EE_278_Repo\EE_278\vivado_projects\HLS\lenet_proj\lenet_predict\.autopilot\db\lenet_main_1.pp.0.cpp:47948:7: note: FIX-IT applied suggested code changes
C:\Users\Baron\Desktop\EE_278_Repo\EE_278\vivado_projects\HLS\lenet_proj\lenet_predict\.autopilot\db\lenet_main_1.pp.0.cpp:48065:9: warning: Added loop label VITIS_LOOP_75_1:   [xilinx-label-all-loops]
        for(int pos = msbr - 1; pos >= 0; pos--) {
        ^~~
        VITIS_LOOP_75_1: 
C:\Users\Baron\Desktop\EE_278_Repo\EE_278\vivado_projects\HLS\lenet_proj\lenet_predict\.autopilot\db\lenet_main_1.pp.0.cpp:48065:9: note: FIX-IT applied suggested code changes
C:\Users\Baron\Desktop\EE_278_Repo\EE_278\vivado_projects\HLS\lenet_proj\lenet_predict\.autopilot\db\lenet_main_1.pp.0.cpp:48090:5: warning: Added loop label VITIS_LOOP_107_2:   [xilinx-label-all-loops]
    for(int pos = -1; pos >= -F-1; pos--) {
    ^~~
    VITIS_LOOP_107_2: 
C:\Users\Baron\Desktop\EE_278_Repo\EE_278\vivado_projects\HLS\lenet_proj\lenet_predict\.autopilot\db\lenet_main_1.pp.0.cpp:48090:5: note: FIX-IT applied suggested code changes
C:\Users\Baron\Desktop\EE_278_Repo\EE_278\vivado_projects\HLS\lenet_proj\lenet_predict\.autopilot\db\lenet_main_1.pp.0.cpp:48160:8: warning: Added loop label VITIS_LOOP_195_3:   [xilinx-label-all-loops]
       for(int i = 0; i < W - 1; ++i) {
       ^~~
       VITIS_LOOP_195_3: 
C:\Users\Baron\Desktop\EE_278_Repo\EE_278\vivado_projects\HLS\lenet_proj\lenet_predict\.autopilot\db\lenet_main_1.pp.0.cpp:48160:8: note: FIX-IT applied suggested code changes
C:\Users\Baron\Desktop\EE_278_Repo\EE_278\vivado_projects\HLS\lenet_proj\lenet_predict\.autopilot\db\lenet_main_1.pp.0.cpp:50538:5: warning: Added loop label VITIS_LOOP_67_1:   [xilinx-label-all-loops]
    for (int i = 1; i < 10; i++) {
    ^~~
    VITIS_LOOP_67_1: 
C:\Users\Baron\Desktop\EE_278_Repo\EE_278\vivado_projects\HLS\lenet_proj\lenet_predict\.autopilot\db\lenet_main_1.pp.0.cpp:50538:5: note: FIX-IT applied suggested code changes
