

================================================================
== Vitis HLS Report for 'neuron'
================================================================
* Date:           Sun Oct  6 21:48:29 2024

* Version:        2023.1 (Build 3854077 on May  4 2023)
* Project:        neuron
* Solution:       neuron (Vivado IP Flow Target)
* Product family: aartix7
* Target device:  xa7a75t-csg324-1Q


================================================================
== Performance Estimates
================================================================
+ Timing: 
    * Summary: 
    +--------+----------+----------+------------+
    |  Clock |  Target  | Estimated| Uncertainty|
    +--------+----------+----------+------------+
    |ap_clk  |  10.00 ns|  5.926 ns|     2.70 ns|
    +--------+----------+----------+------------+

+ Latency: 
    * Summary: 
    +---------+---------+----------+----------+-----+-----+---------+
    |  Latency (cycles) |  Latency (absolute) |  Interval | Pipeline|
    |   min   |   max   |    min   |    max   | min | max |   Type  |
    +---------+---------+----------+----------+-----+-----+---------+
    |       50|       50|  0.500 us|  0.500 us|   51|   51|       no|
    +---------+---------+----------+----------+-----+-----+---------+

    + Detail: 
        * Instance: 
        N/A

        * Loop: 
        +-------------------+---------+---------+----------+-----------+-----------+------+----------+
        |                   |  Latency (cycles) | Iteration|  Initiation Interval  | Trip |          |
        |     Loop Name     |   min   |   max   |  Latency |  achieved |   target  | Count| Pipelined|
        +-------------------+---------+---------+----------+-----------+-----------+------+----------+
        |- Weight_Sum_Loop  |       48|       48|        14|          7|          1|     6|       yes|
        +-------------------+---------+---------+----------+-----------+-----------+------+----------+



================================================================
== Utilization Estimates
================================================================
* Summary: 
+-----------------+---------+-----+-------+-------+-----+
|       Name      | BRAM_18K| DSP |   FF  |  LUT  | URAM|
+-----------------+---------+-----+-------+-------+-----+
|DSP              |        -|    -|      -|      -|    -|
|Expression       |        -|    -|      0|     26|    -|
|FIFO             |        -|    -|      -|      -|    -|
|Instance         |        0|    5|    485|    411|    -|
|Memory           |        0|    -|     32|      3|    -|
|Multiplexer      |        -|    -|      -|    105|    -|
|Register         |        -|    -|    174|      -|    -|
+-----------------+---------+-----+-------+-------+-----+
|Total            |        0|    5|    691|    545|    0|
+-----------------+---------+-----+-------+-------+-----+
|Available        |      210|  180|  94400|  47200|    0|
+-----------------+---------+-----+-------+-------+-----+
|Utilization (%)  |        0|    2|     ~0|      1|    0|
+-----------------+---------+-----+-------+-------+-----+

+ Detail: 
    * Instance: 
    +-----------------------------------+--------------------------------+---------+----+-----+-----+-----+
    |              Instance             |             Module             | BRAM_18K| DSP|  FF | LUT | URAM|
    +-----------------------------------+--------------------------------+---------+----+-----+-----+-----+
    |fadd_32ns_32ns_32_7_full_dsp_1_U1  |fadd_32ns_32ns_32_7_full_dsp_1  |        0|   2|  306|  231|    0|
    |fmul_32ns_32ns_32_4_max_dsp_1_U2   |fmul_32ns_32ns_32_4_max_dsp_1   |        0|   3|  143|  140|    0|
    |neuron_io_s_axi_U                  |neuron_io_s_axi                 |        0|   0|   36|   40|    0|
    +-----------------------------------+--------------------------------+---------+----+-----+-----+-----+
    |Total                              |                                |        0|   5|  485|  411|    0|
    +-----------------------------------+--------------------------------+---------+----+-----+-----+-----+

    * DSP: 
    N/A

    * Memory: 
    +-----------+---------------------+---------+----+----+-----+------+-----+------+-------------+
    |   Memory  |        Module       | BRAM_18K| FF | LUT| URAM| Words| Bits| Banks| W*Bits*Banks|
    +-----------+---------------------+---------+----+----+-----+------+-----+------+-------------+
    |weights_U  |weights_ROM_AUTO_1R  |        0|  32|   3|    0|     6|   32|     1|          192|
    +-----------+---------------------+---------+----+----+-----+------+-----+------+-------------+
    |Total      |                     |        0|  32|   3|    0|     6|   32|     1|          192|
    +-----------+---------------------+---------+----+----+-----+------+-----+------+-------------+

    * FIFO: 
    N/A

    * Expression: 
    +---------------------+----------+----+---+----+------------+------------+
    |    Variable Name    | Operation| DSP| FF| LUT| Bitwidth P0| Bitwidth P1|
    +---------------------+----------+----+---+----+------------+------------+
    |add_ln16_fu_122_p2   |         +|   0|  0|  11|           3|           1|
    |ap_condition_201     |       and|   0|  0|   2|           1|           1|
    |icmp_ln16_fu_116_p2  |      icmp|   0|  0|  11|           3|           3|
    |ap_enable_pp0        |       xor|   0|  0|   2|           1|           2|
    +---------------------+----------+----+---+----+------------+------------+
    |Total                |          |   0|  0|  26|           8|           7|
    +---------------------+----------+----+---+----+------------+------------+

    * Multiplexer: 
    +-----------------------------+----+-----------+-----+-----------+
    |             Name            | LUT| Input Size| Bits| Total Bits|
    +-----------------------------+----+-----------+-----+-----------+
    |acc_fu_54                    |   9|          2|   32|         64|
    |ap_NS_fsm                    |  33|          8|    1|          8|
    |ap_done_int                  |   9|          2|    1|          2|
    |ap_enable_reg_pp0_iter0      |   9|          2|    1|          2|
    |ap_enable_reg_pp0_iter1      |   9|          2|    1|          2|
    |ap_sig_allocacmp_acc_load    |   9|          2|   32|         64|
    |ap_sig_allocacmp_acc_load_1  |   9|          2|   32|         64|
    |ap_sig_allocacmp_i_1         |   9|          2|    3|          6|
    |i_fu_58                      |   9|          2|    3|          6|
    +-----------------------------+----+-----------+-----+-----------+
    |Total                        | 105|         24|  106|        218|
    +-----------------------------+----+-----------+-----+-----------+

    * Register: 
    +-----------------------------+----+----+-----+-----------+
    |             Name            | FF | LUT| Bits| Const Bits|
    +-----------------------------+----+----+-----+-----------+
    |acc_1_reg_213                |  32|   0|   32|          0|
    |acc_fu_54                    |  32|   0|   32|          0|
    |ap_CS_fsm                    |   7|   0|    7|          0|
    |ap_done_reg                  |   1|   0|    1|          0|
    |ap_enable_reg_pp0_iter0_reg  |   1|   0|    1|          0|
    |ap_enable_reg_pp0_iter1      |   1|   0|    1|          0|
    |i_fu_58                      |   3|   0|    3|          0|
    |icmp_ln16_reg_174            |   1|   0|    1|          0|
    |mul_reg_203                  |  32|   0|   32|          0|
    |weights_load_reg_193         |  32|   0|   32|          0|
    |x_load_reg_188               |  32|   0|   32|          0|
    +-----------------------------+----+----+-----+-----------+
    |Total                        | 174|   0|  174|          0|
    +-----------------------------+----+----+-----+-----------+



================================================================
== Interface
================================================================
* Summary: 
+-------------------------+-----+-----+------------+--------------+--------------+
|        RTL Ports        | Dir | Bits|  Protocol  | Source Object|    C Type    |
+-------------------------+-----+-----+------------+--------------+--------------+
|s_axi_neuron_io_AWVALID  |   in|    1|       s_axi|     neuron_io|   return void|
|s_axi_neuron_io_AWREADY  |  out|    1|       s_axi|     neuron_io|   return void|
|s_axi_neuron_io_AWADDR   |   in|    4|       s_axi|     neuron_io|   return void|
|s_axi_neuron_io_WVALID   |   in|    1|       s_axi|     neuron_io|   return void|
|s_axi_neuron_io_WREADY   |  out|    1|       s_axi|     neuron_io|   return void|
|s_axi_neuron_io_WDATA    |   in|   32|       s_axi|     neuron_io|   return void|
|s_axi_neuron_io_WSTRB    |   in|    4|       s_axi|     neuron_io|   return void|
|s_axi_neuron_io_ARVALID  |   in|    1|       s_axi|     neuron_io|   return void|
|s_axi_neuron_io_ARREADY  |  out|    1|       s_axi|     neuron_io|   return void|
|s_axi_neuron_io_ARADDR   |   in|    4|       s_axi|     neuron_io|   return void|
|s_axi_neuron_io_RVALID   |  out|    1|       s_axi|     neuron_io|   return void|
|s_axi_neuron_io_RREADY   |   in|    1|       s_axi|     neuron_io|   return void|
|s_axi_neuron_io_RDATA    |  out|   32|       s_axi|     neuron_io|   return void|
|s_axi_neuron_io_RRESP    |  out|    2|       s_axi|     neuron_io|   return void|
|s_axi_neuron_io_BVALID   |  out|    1|       s_axi|     neuron_io|   return void|
|s_axi_neuron_io_BREADY   |   in|    1|       s_axi|     neuron_io|   return void|
|s_axi_neuron_io_BRESP    |  out|    2|       s_axi|     neuron_io|   return void|
|ap_clk                   |   in|    1|  ap_ctrl_hs|        neuron|  return value|
|ap_rst_n                 |   in|    1|  ap_ctrl_hs|        neuron|  return value|
|interrupt                |  out|    1|  ap_ctrl_hs|        neuron|  return value|
|y                        |  out|   32|      ap_vld|             y|       pointer|
|y_ap_vld                 |  out|    1|      ap_vld|             y|       pointer|
|x_address0               |  out|    3|   ap_memory|             x|         array|
|x_ce0                    |  out|    1|   ap_memory|             x|         array|
|x_q0                     |   in|   32|   ap_memory|             x|         array|
+-------------------------+-----+-----+------------+--------------+--------------+

