INFO: [SIM 2] *************** CSIM start ***************
INFO: [SIM 4] CSIM will launch GCC as the compiler.
   Compiling ../../../../HLS_Code/adap_fir_tb.cpp in debug mode
   Generating csim.exe
Filtered Input Signal (x):
0.2406 0.15083 -0.0829417 -0.171476 0.11082 0.0221488 -0.161557 0.013863 0.0392239 -0.215346 -0.0951643 -0.238311 -0.0715735 -0.201964 0.0842998 -0.223632 0.0894116 0.107234 0.0586795 -0.187559 0.108409 0.153912 0.151608 0.203001 -0.175672 0.156949 0.249695 -0.0914869 0.244598 0.177366 0.170042 0.226974 -0.0224998 0.133618 0.177152 0.0555208 0.00946837 -0.217483 0.102367 -0.15521 -0.094966 -0.0682318 -0.231063 0.135907 -0.242233 -0.100566 0.176023 -0.178632 -0.0295343 -0.0137867 0.144391 0.0201651 0.192396 -0.0239952 -0.122677 0.207579 -0.008034 -0.0696509 0.139676 -0.00925474 0.0929365 -0.207488 0.00807978 0.17024 -0.247894 0.0667821 -0.104259 -0.0216605 0.106807 0.088496 -0.195311 0.134854 0.0701849 0.150616 0.00867489 0.110759 0.10258 0.00225074 0.1199 0.2406 -0.0631199 -0.0149312 0.242599 0.0741524 0.0861766 -0.177244 0.166776 0.107875 0.211669 -0.170255 -0.195006 -0.213057 0.179243 0.054178 -0.174497 -0.0815531 -0.11758 0.121334 0.184767 -0.113826 
Desired Signal (d):
0 0 0 0 0 0 0 0 0 0 0.2406 0.15083 -0.0829417 -0.171476 0.11082 0.0221488 -0.161557 0.013863 0.0392239 -0.215346 -0.0951643 -0.238311 -0.0715735 -0.201964 0.0842998 -0.223632 0.0894116 0.107234 0.0586795 -0.187559 0.108409 0.153912 0.151608 0.203001 -0.175672 0.156949 0.249695 -0.0914869 0.244598 0.177366 0.170042 0.226974 -0.0224998 0.133618 0.177152 0.0555208 0.00946837 -0.217483 0.102367 -0.15521 -0.094966 -0.0682318 -0.231063 0.135907 -0.242233 -0.100566 0.176023 -0.178632 -0.0295343 -0.0137867 0.144391 0.0201651 0.192396 -0.0239952 -0.122677 0.207579 -0.008034 -0.0696509 0.139676 -0.00925474 0.0929365 -0.207488 0.00807978 0.17024 -0.247894 0.0667821 -0.104259 -0.0216605 0.106807 0.088496 -0.195311 0.134854 0.0701849 0.150616 0.00867489 0.110759 0.10258 0.00225074 0.1199 0.2406 -0.0631199 -0.0149312 0.242599 0.0741524 0.0861766 -0.177244 0.166776 0.107875 0.211669 -0.170255 
Sample 0: Input = 0.2406, Desired = 0, Output = 0, Expected = 0
Coefficients at Sample 0: 0 0 0 0 0 0 0 0 0 0 0 0 0 0 0 0 0 0 0 0 0 0 0 0 
Sample 1: Input = 0.15083, Desired = 0, Output = -2.406, Expected = 0
Coefficients at Sample 1: 1073741824 -1610612736 0 0 0 0 0 0 0 0 0 0 0 0 0 0 0 0 0 0 0 0 0 0 
Sample 2: Input = -0.0829417, Desired = 0, Output = -3.67348, Expected = 0
Coefficients at Sample 2: 0 0 -2147483648 0 0 0 0 0 0 0 0 0 0 0 0 0 0 0 0 0 0 0 0 0 
Sample 3: Input = -0.171476, Desired = 0, Output = 5.00587, Expected = 0
Coefficients at Sample 3: 1073741824 1610612736 536870912 -1610612736 0 0 0 0 0 0 0 0 0 0 0 0 0 0 0 0 0 0 0 0 
Sample 4: Input = 0.11082, Desired = 0, Output = 19.4026, Expected = 0
Coefficients at Sample 4: 536870912 -536870912 536870912 -2147483648 -2147483648 0 0 0 0 0 0 0 0 0 0 0 0 0 0 0 0 0 0 0 
Sample 5: Input = 0.0221488, Desired = 0, Output = 22.1312, Expected = 0
Coefficients at Sample 5: -1073741824 -1610612736 536870912 1610612736 1073741824 1610612736 0 0 0 0 0 0 0 0 0 0 0 0 0 0 0 0 0 0 
Sample 6: Input = -0.161557, Desired = 0, Output = 13.173, Expected = 0
Coefficients at Sample 6: 0 0 -1610612736 -1610612736 536870912 0 1073741824 0 0 0 0 0 0 0 0 0 0 0 0 0 0 0 0 0 
Sample 7: Input = 0.013863, Desired = 0, Output = 3.12157, Expected = 0
Coefficients at Sample 7: 536870912 -1073741824 0 536870912 -1610612736 536870912 0 -1073741824 0 0 0 0 0 0 0 0 0 0 0 0 0 0 0 0 
Sample 8: Input = 0.0392239, Desired = 0, Output = -6.11294, Expected = 0
Coefficients at Sample 8: 1073741824 1610612736 -1610612736 -1073741824 1610612736 0 536870912 -1073741824 0 0 0 0 0 0 0 0 0 0 0 0 0 0 0 0 
Sample 9: Input = -0.215346, Desired = 0, Output = -11.2848, Expected = 0
Coefficients at Sample 9: -1610612736 -1073741824 -2147483648 0 1610612736 536870912 1610612736 536870912 -2147483648 -536870912 0 0 0 0 0 0 0 0 0 0 0 0 0 0 
Sample 10: Input = -0.0951643, Desired = 0.2406, Output = -4.03268, Expected = 0.2406
Coefficients at Sample 10: 1610612736 -536870912 -1610612736 536870912 0 1073741824 0 -2147483648 0 -536870912 1610612736 0 0 0 0 0 0 0 0 0 0 0 0 0 
Sample 11: Input = -0.238311, Desired = 0.15083, Output = 0.550583, Expected = 0.15083
Coefficients at Sample 11: -1073741824 1610612736 -2147483648 536870912 1073741824 -2147483648 -536870912 536870912 -536870912 -536870912 -2147483648 1610612736 0 0 0 0 0 0 0 0 0 0 0 0 
Sample 12: Input = -0.0715735, Desired = -0.0829417, Output = -6.46425, Expected = -0.0829417
Coefficients at Sample 12: 1610612736 0 1610612736 1610612736 1073741824 -536870912 -536870912 1073741824 -1073741824 536870912 -1073741824 -1610612736 1610612736 0 0 0 0 0 0 0 0 0 0 0 
Sample 13: Input = -0.201964, Desired = -0.171476, Output = -13.157, Expected = -0.171476
Coefficients at Sample 13: 1610612736 -536870912 -1073741824 0 1610612736 536870912 -536870912 536870912 -2147483648 1610612736 -2147483648 -2147483648 -1073741824 -2147483648 0 0 0 0 0 0 0 0 0 0 
Sample 14: Input = 0.0842998, Desired = 0.11082, Output = -17.9575, Expected = 0.11082
Coefficients at Sample 14: -1073741824 1073741824 -536870912 -1073741824 1073741824 536870912 -1610612736 1073741824 536870912 -2147483648 0 -1073741824 -1610612736 1073741824 1610612736 0 0 0 0 0 0 0 0 0 
Sample 15: Input = -0.223632, Desired = 0.0221488, Output = -29.6599, Expected = 0.0221488
Coefficients at Sample 15: -1073741824 536870912 536870912 -536870912 -536870912 -1610612736 -2147483648 1073741824 -2147483648 -1073741824 0 0 0 -536870912 -2147483648 1610612736 0 0 0 0 0 0 0 0 
Sample 16: Input = 0.0894116, Desired = -0.161557, Output = -32.9389, Expected = -0.161557
Coefficients at Sample 16: 1610612736 536870912 1610612736 1073741824 -1610612736 -1073741824 1073741824 1073741824 1073741824 536870912 536870912 536870912 0 1610612736 -536870912 1073741824 1073741824 0 0 0 0 0 0 0 
Sample 17: Input = 0.107234, Desired = 0.013863, Output = -26.7259, Expected = 0.013863
Coefficients at Sample 17: -2147483648 0 536870912 1610612736 1610612736 -1073741824 -1610612736 -536870912 -2147483648 536870912 -1073741824 -1073741824 1073741824 -2147483648 -2147483648 0 -2147483648 536870912 0 0 0 0 0 0 
Sample 18: Input = 0.0586795, Desired = 0.0392239, Output = -21.4775, Expected = 0.0392239
Coefficients at Sample 18: -2147483648 -1610612736 536870912 -2147483648 -2147483648 -2147483648 -2147483648 1073741824 -536870912 -2147483648 0 -1073741824 -2147483648 1610612736 536870912 -1073741824 -2147483648 -1073741824 -2147483648 0 0 0 0 0 
Sample 19: Input = -0.187559, Desired = -0.215346, Output = -16.5387, Expected = -0.215346
Coefficients at Sample 19: 536870912 1073741824 -536870912 536870912 1073741824 -1610612736 -2147483648 536870912 -1610612736 -536870912 0 -1073741824 -1610612736 536870912 0 1073741824 0 0 -1073741824 0 0 0 0 0 
Sample 20: Input = 0.108409, Desired = -0.0951643, Output = -2.14942, Expected = -0.0951643
Coefficients at Sample 20: -2147483648 -2147483648 536870912 -2147483648 -1073741824 -536870912 -1610612736 -536870912 -536870912 -2147483648 0 1073741824 -1610612736 -1610612736 1073741824 -1073741824 -536870912 1610612736 -1073741824 536870912 -536870912 0 0 0 
Sample 21: Input = 0.153912, Desired = -0.238311, Output = 5.54403, Expected = -0.238311
Coefficients at Sample 21: -536870912 -2147483648 -536870912 -1610612736 1610612736 -1073741824 536870912 536870912 0 -1610612736 1073741824 0 0 0 -536870912 -2147483648 -1610612736 1073741824 1610612736 -1610612736 1610612736 1073741824 0 0 
Sample 22: Input = 0.151608, Desired = -0.0715735, Output = 4.33683, Expected = -0.0715735
Coefficients at Sample 22: 0 -536870912 -1610612736 1073741824 1073741824 1073741824 -1610612736 -2147483648 1073741824 -1073741824 1073741824 -1073741824 536870912 -1073741824 -1073741824 1073741824 -1610612736 1073741824 -1073741824 1610612736 0 536870912 -1073741824 0 
Sample 23: Input = 0.203001, Desired = -0.201964, Output = 2.00206, Expected = -0.201964
Coefficients at Sample 23: 1073741824 0 1073741824 536870912 536870912 -1073741824 1610612736 0 -536870912 -536870912 1610612736 1073741824 -1073741824 -536870912 1073741824 0 -1073741824 -2147483648 -1073741824 -2147483648 -1073741824 0 0 -1610612736 
Sample 24: Input = -0.175672, Desired = 0.0842998, Output = 1.5566, Expected = 0.0842998
Coefficients at Sample 24: -1073741824 0 -2147483648 536870912 -1073741824 536870912 1610612736 -1610612736 1073741824 1073741824 1610612736 -1073741824 -2147483648 -2147483648 -2147483648 536870912 1610612736 0 -536870912 0 536870912 -2147483648 -1610612736 -1073741824 
Sample 25: Input = 0.156949, Desired = -0.223632, Output = 7.80523, Expected = -0.223632
Coefficients at Sample 25: 1073741824 -536870912 0 -2147483648 -1610612736 -1073741824 536870912 0 536870912 -1073741824 -1073741824 -1073741824 0 -1610612736 0 1073741824 0 -1073741824 0 -1073741824 0 -2147483648 0 0 
Sample 26: Input = 0.249695, Desired = 0.0894116, Output = 22.9498, Expected = 0.0894116
Coefficients at Sample 26: -2147483648 -536870912 -536870912 -2147483648 0 1610612736 -536870912 -1610612736 0 -536870912 0 -1610612736 0 -2147483648 -536870912 -536870912 -1073741824 -1073741824 -1073741824 -1073741824 -2147483648 -536870912 1610612736 0 
Sample 27: Input = -0.0914869, Desired = 0.107234, Output = 25.1078, Expected = 0.107234
Coefficients at Sample 27: -2147483648 0 -536870912 -536870912 1610612736 1073741824 1610612736 -1073741824 1073741824 0 -2147483648 1073741824 1610612736 536870912 1073741824 -1073741824 1073741824 1610612736 0 0 -1073741824 1073741824 -536870912 0 
Sample 28: Input = 0.244598, Desired = 0.0586795, Output = 18.0687, Expected = 0.0586795
Coefficients at Sample 28: -2147483648 1610612736 1610612736 1073741824 1610612736 1073741824 -536870912 536870912 -536870912 -2147483648 1073741824 -1073741824 1073741824 1073741824 0 536870912 -1610612736 -1610612736 1073741824 536870912 1073741824 -2147483648 0 0 
Sample 29: Input = 0.177366, Desired = -0.187559, Output = 14.1153, Expected = -0.187559
Coefficients at Sample 29: 1073741824 -1610612736 1610612736 0 0 -536870912 1073741824 0 0 1610612736 536870912 -2147483648 -1073741824 -1073741824 -2147483648 -536870912 1073741824 0 536870912 -2147483648 1610612736 0 0 1073741824 
Sample 30: Input = 0.170042, Desired = 0.108409, Output = 9.59769, Expected = 0.108409
Coefficients at Sample 30: 1073741824 1610612736 -1073741824 1073741824 -1073741824 1073741824 -1610612736 -536870912 -1610612736 536870912 -1073741824 0 0 -536870912 1073741824 1073741824 536870912 1073741824 0 1073741824 1073741824 -2147483648 1073741824 0 
Sample 31: Input = 0.226974, Desired = 0.153912, Output = 14.2097, Expected = 0.153912
Coefficients at Sample 31: 0 536870912 536870912 536870912 1610612736 0 1073741824 0 -2147483648 536870912 1073741824 -536870912 1073741824 1073741824 -2147483648 0 -2147483648 -536870912 -1610612736 1610612736 -1610612736 -1073741824 -2147483648 -1610612736 
Sample 32: Input = -0.0224998, Desired = 0.151608, Output = 25.2233, Expected = 0.151608
Coefficients at Sample 32: -1610612736 -1073741824 -536870912 -1073741824 1610612736 -1610612736 -536870912 -1610612736 -2147483648 0 -536870912 -1073741824 -2147483648 1073741824 1073741824 1610612736 -2147483648 536870912 -536870912 536870912 1073741824 1610612736 -2147483648 -2147483648 
Sample 33: Input = 0.133618, Desired = 0.203001, Output = 28.2528, Expected = 0.203001
Coefficients at Sample 33: -536870912 -1610612736 -2147483648 -1073741824 -1610612736 1610612736 1610612736 -1610612736 -2147483648 536870912 1073741824 -1610612736 -2147483648 0 -1073741824 -1073741824 -1073741824 -2147483648 -1073741824 -2147483648 -2147483648 1073741824 1073741824 -1610612736 
Sample 34: Input = 0.177152, Desired = -0.175672, Output = 32.3799, Expected = -0.175672
Coefficients at Sample 34: 1610612736 -536870912 -2147483648 536870912 0 1073741824 536870912 536870912 -2147483648 1073741824 -1073741824 -2147483648 -1073741824 0 0 536870912 -1610612736 -1610612736 -536870912 -2147483648 0 1610612736 0 1073741824 
Sample 35: Input = 0.0555208, Desired = 0.156949, Output = 33.6286, Expected = 0.156949
Coefficients at Sample 35: -2147483648 -536870912 1610612736 -536870912 -2147483648 -1073741824 1073741824 1073741824 -1610612736 1610612736 -1073741824 1610612736 536870912 -2147483648 0 1610612736 536870912 1610612736 -1610612736 1073741824 0 0 1073741824 -536870912 
Sample 36: Input = 0.00946837, Desired = 0.249695, Output = 26.0997, Expected = 0.249695
Coefficients at Sample 36: -1073741824 -1073741824 0 -1610612736 0 -1073741824 -1610612736 -2147483648 -536870912 -2147483648 -2147483648 0 -1073741824 536870912 1073741824 -1610612736 -2147483648 -536870912 -1610612736 536870912 -2147483648 536870912 -1073741824 -2147483648 
Sample 37: Input = -0.217483, Desired = -0.0914869, Output = 21.9958, Expected = -0.0914869
Coefficients at Sample 37: 1073741824 -536870912 -536870912 0 1073741824 1610612736 -536870912 0 -1610612736 -1610612736 1610612736 -1073741824 -2147483648 1073741824 -2147483648 -2147483648 -1610612736 1073741824 1610612736 0 -1610612736 -536870912 1610612736 -1073741824 
Sample 38: Input = 0.102367, Desired = 0.244598, Output = 22.2143, Expected = 0.244598
Coefficients at Sample 38: -1073741824 -2147483648 1610612736 -1073741824 536870912 -1610612736 536870912 -2147483648 1610612736 -1073741824 -1073741824 1073741824 -1073741824 -2147483648 0 -1073741824 -1073741824 0 -1073741824 0 -2147483648 0 -536870912 -1073741824 
Sample 39: Input = -0.15521, Desired = 0.177366, Output = 18.5516, Expected = 0.177366
Coefficients at Sample 39: -1610612736 -2147483648 1610612736 1073741824 -2147483648 0 -536870912 1610612736 -1610612736 1610612736 -536870912 -2147483648 -536870912 -2147483648 0 1610612736 1610612736 0 -1073741824 -2147483648 -536870912 -1610612736 1073741824 -1073741824 
Sample 40: Input = -0.094966, Desired = 0.170042, Output = 10.527, Expected = 0.170042
Coefficients at Sample 40: 1073741824 -2147483648 1073741824 -536870912 0 1610612736 0 536870912 1610612736 0 -2147483648 0 1610612736 -1073741824 0 1610612736 536870912 -1610612736 -1610612736 536870912 -1073741824 0 -2147483648 536870912 
Sample 41: Input = -0.0682318, Desired = 0.226974, Output = -0.697097, Expected = 0.226974
Coefficients at Sample 41: 1610612736 1610612736 -1610612736 536870912 1073741824 -2147483648 -1610612736 0 536870912 -1610612736 -1073741824 1073741824 536870912 0 -2147483648 1610612736 -1073741824 1073741824 536870912 -2147483648 -1610612736 1073741824 -536870912 -1073741824 
Sample 42: Input = -0.231063, Desired = -0.0224998, Output = -11.0861, Expected = -0.0224998
Coefficients at Sample 42: -2147483648 -536870912 -1610612736 -2147483648 1073741824 -2147483648 0 1073741824 -1610612736 -1073741824 -1610612736 1073741824 -536870912 0 0 -1073741824 536870912 0 1610612736 0 -1610612736 -536870912 -1073741824 0 
Sample 43: Input = 0.135907, Desired = 0.133618, Output = -15.6351, Expected = 0.133618
Coefficients at Sample 43: -2147483648 1610612736 -2147483648 536870912 0 536870912 0 -2147483648 1610612736 -2147483648 -1610612736 -536870912 0 -1073741824 1610612736 -1073741824 536870912 536870912 -1073741824 -2147483648 -1610612736 1610612736 1610612736 0 
Sample 44: Input = -0.242233, Desired = 0.177152, Output = -15.6917, Expected = 0.177152
Coefficients at Sample 44: -1073741824 536870912 -536870912 0 536870912 -536870912 -536870912 0 -2147483648 1610612736 536870912 1610612736 -2147483648 1610612736 -2147483648 1073741824 -536870912 -1073741824 0 536870912 1610612736 -2147483648 -1073741824 -1610612736 
Sample 45: Input = -0.100566, Desired = 0.0555208, Output = -18.1663, Expected = 0.0555208
Coefficients at Sample 45: 0 0 -536870912 536870912 0 1610612736 -536870912 -2147483648 -2147483648 0 0 -1610612736 0 0 -1073741824 1073741824 -1073741824 1610612736 -1073741824 0 -1610612736 1610612736 536870912 0 
Sample 46: Input = 0.176023, Desired = 0.00946837, Output = -18.3324, Expected = 0.00946837
Coefficients at Sample 46: -2147483648 1610612736 -1073741824 1073741824 -2147483648 536870912 -536870912 -1073741824 536870912 1610612736 -2147483648 536870912 1610612736 -1073741824 -536870912 1073741824 0 0 1073741824 -1073741824 -2147483648 -1073741824 -2147483648 0 
Sample 47: Input = -0.178632, Desired = -0.217483, Output = -18.7638, Expected = -0.217483
Coefficients at Sample 47: 0 -536870912 -1073741824 536870912 536870912 -1610612736 -536870912 -536870912 0 1610612736 -1610612736 1610612736 -1073741824 0 1073741824 -1073741824 1073741824 -1073741824 -2147483648 -1073741824 1610612736 1610612736 -536870912 -2147483648 
Sample 48: Input = -0.0295343, Desired = 0.102367, Output = -18.9071, Expected = 0.102367
Coefficients at Sample 48: 0 -2147483648 -2147483648 -1073741824 -1073741824 1610612736 -1610612736 -536870912 1073741824 0 -536870912 -1610612736 -536870912 1610612736 536870912 536870912 0 -2147483648 -1073741824 -1073741824 -1610612736 -1073741824 -1073741824 536870912 
Sample 49: Input = -0.0137867, Desired = -0.15521, Output = -10.7875, Expected = -0.15521
Coefficients at Sample 49: 1073741824 1073741824 -536870912 -536870912 -536870912 -1073741824 -1610612736 0 -1610612736 0 536870912 0 -1610612736 -1610612736 1610612736 0 536870912 -1073741824 0 -536870912 -1073741824 -1610612736 -536870912 1073741824 
Sample 50: Input = 0.144391, Desired = -0.094966, Output = -7.62086, Expected = -0.094966
Coefficients at Sample 50: 1073741824 1610612736 -1610612736 -1073741824 -2147483648 -536870912 1073741824 -536870912 0 -536870912 0 0 -1610612736 0 1073741824 -1073741824 -1610612736 -1610612736 -1073741824 536870912 -2147483648 -2147483648 0 -1073741824 
Sample 51: Input = 0.0201651, Desired = -0.0682318, Output = -10.785, Expected = -0.0682318
Coefficients at Sample 51: 0 536870912 1073741824 -1073741824 -2147483648 1610612736 1073741824 1073741824 1073741824 -1073741824 -1073741824 -1073741824 536870912 536870912 0 -1073741824 -1073741824 -1610612736 1610612736 0 536870912 536870912 0 -2147483648 
Sample 52: Input = 0.192396, Desired = -0.231063, Output = -6.21305, Expected = -0.231063
Coefficients at Sample 52: -536870912 1610612736 0 -1610612736 -536870912 -1610612736 0 1073741824 536870912 -2147483648 1073741824 0 1073741824 0 -1073741824 -536870912 -1073741824 -1073741824 1610612736 -2147483648 -1073741824 0 536870912 1610612736 
Sample 53: Input = -0.0239952, Desired = 0.135907, Output = -3.94399, Expected = 0.135907
Coefficients at Sample 53: -1073741824 -2147483648 -536870912 1610612736 -1610612736 1073741824 -1073741824 536870912 1073741824 -2147483648 -536870912 -1073741824 -536870912 0 -536870912 -1073741824 1073741824 -1610612736 0 0 536870912 0 1073741824 1073741824 
Sample 54: Input = -0.122677, Desired = -0.242233, Output = -0.0928925, Expected = -0.242233
Coefficients at Sample 54: 1610612736 -1610612736 -1610612736 -1610612736 -536870912 -2147483648 1610612736 0 -1073741824 -1073741824 -2147483648 -536870912 0 -536870912 -1073741824 -536870912 1610612736 -536870912 -1610612736 1073741824 1073741824 536870912 1610612736 -2147483648 
Sample 55: Input = 0.207579, Desired = -0.100566, Output = 14.4313, Expected = -0.100566
Coefficients at Sample 55: 1610612736 -536870912 536870912 -536870912 1610612736 -536870912 0 -536870912 -1610612736 1610612736 0 536870912 -1610612736 536870912 0 -2147483648 1073741824 0 1610612736 -1610612736 1610612736 -536870912 1610612736 1610612736 
Sample 56: Input = -0.008034, Desired = 0.176023, Output = 20.2513, Expected = 0.176023
Coefficients at Sample 56: 1610612736 -2147483648 1073741824 1073741824 0 0 0 -1073741824 0 1073741824 -2147483648 1073741824 -2147483648 -2147483648 0 -1610612736 1073741824 -1073741824 0 536870912 -536870912 -1073741824 1073741824 1073741824 
Sample 57: Input = -0.0696509, Desired = -0.178632, Output = 10.9365, Expected = -0.178632
Coefficients at Sample 57: 0 -1073741824 -1610612736 1610612736 536870912 1073741824 1073741824 -536870912 -2147483648 536870912 -1610612736 1073741824 -1073741824 0 -1610612736 1610612736 -1073741824 -2147483648 -1073741824 -536870912 -536870912 -1610612736 -2147483648 -2147483648 
Sample 58: Input = 0.139676, Desired = -0.0295343, Output = 7.06977, Expected = -0.0295343
Coefficients at Sample 58: -1073741824 -1610612736 1610612736 536870912 -1610612736 0 1610612736 1073741824 1610612736 0 536870912 -1073741824 -536870912 -1610612736 0 -2147483648 0 1073741824 -1610612736 1073741824 1073741824 1073741824 1073741824 -1073741824 
Sample 59: Input = -0.00925474, Desired = -0.0137867, Output = 4.19892, Expected = -0.0137867
Coefficients at Sample 59: 1073741824 -536870912 536870912 -1073741824 -1073741824 536870912 1610612736 -1073741824 -536870912 1610612736 0 -1073741824 1610612736 -1073741824 -1073741824 1073741824 536870912 -1073741824 -2147483648 -2147483648 -1073741824 -1610612736 1610612736 -1073741824 
Sample 60: Input = 0.0929365, Desired = 0.144391, Output = 0.310147, Expected = 0.144391
Coefficients at Sample 60: 0 536870912 0 -1073741824 -536870912 -1073741824 0 -1073741824 1073741824 536870912 1073741824 0 0 -1610612736 -1610612736 -1073741824 -1073741824 -1610612736 -2147483648 536870912 -2147483648 -1610612736 1610612736 0 
Sample 61: Input = -0.207488, Desired = 0.0201651, Output = 4.89857, Expected = 0.0201651
Coefficients at Sample 61: 0 1073741824 -536870912 1610612736 1610612736 -1073741824 1610612736 0 1610612736 -1610612736 -1073741824 1073741824 -536870912 536870912 1610612736 1073741824 -1073741824 -536870912 536870912 -536870912 -1073741824 536870912 -2147483648 536870912 
Sample 62: Input = 0.00807978, Desired = 0.192396, Output = 9.96377, Expected = 0.192396
Coefficients at Sample 62: 0 1073741824 -536870912 -2147483648 -1610612736 -536870912 1610612736 -1073741824 -1610612736 -1610612736 -1073741824 -2147483648 1073741824 -1073741824 -2147483648 1073741824 1073741824 0 1073741824 1073741824 -2147483648 536870912 -2147483648 1610612736 
Sample 63: Input = 0.17024, Desired = -0.0239952, Output = 7.3409, Expected = -0.0239952
Coefficients at Sample 63: -2147483648 -1073741824 -2147483648 1073741824 1610612736 1073741824 0 -536870912 1610612736 0 -536870912 -1610612736 1073741824 0 -536870912 -2147483648 536870912 -536870912 536870912 536870912 -1073741824 1073741824 536870912 -1073741824 
Sample 64: Input = -0.247894, Desired = -0.122677, Output = 2.20528, Expected = -0.122677
Coefficients at Sample 64: -2147483648 -1610612736 536870912 -536870912 -1610612736 0 1610612736 1610612736 -1073741824 1610612736 -1073741824 -1073741824 536870912 536870912 -536870912 -536870912 536870912 1610612736 -1610612736 -2147483648 -536870912 0 1073741824 -1610612736 
Sample 65: Input = 0.0667821, Desired = 0.207579, Output = -1.27661, Expected = 0.207579
Coefficients at Sample 65: -1610612736 0 -1073741824 0 1073741824 -1610612736 -1610612736 -2147483648 -1610612736 -2147483648 1610612736 1073741824 0 -536870912 1073741824 -2147483648 -1610612736 0 0 1073741824 0 1073741824 -536870912 536870912 
Sample 66: Input = -0.104259, Desired = -0.008034, Output = -2.69193, Expected = -0.008034
Coefficients at Sample 66: -1073741824 1073741824 1610612736 0 0 1610612736 -2147483648 536870912 -1073741824 1073741824 -536870912 -1073741824 -1073741824 1610612736 1073741824 1073741824 1073741824 -2147483648 -1610612736 1073741824 -2147483648 -536870912 -2147483648 -2147483648 
Sample 67: Input = -0.0216605, Desired = -0.0696509, Output = -5.98967, Expected = -0.0696509
Coefficients at Sample 67: -1610612736 1073741824 0 1073741824 0 -2147483648 1073741824 0 -1073741824 -536870912 1073741824 -1073741824 -536870912 -1073741824 -1073741824 -1610612736 0 -2147483648 536870912 0 536870912 536870912 0 1610612736 
Sample 68: Input = 0.106807, Desired = 0.139676, Output = -5.47361, Expected = 0.139676
Coefficients at Sample 68: -536870912 -2147483648 -1610612736 1073741824 -536870912 -536870912 0 -536870912 -1610612736 -2147483648 -536870912 1610612736 -536870912 1073741824 1610612736 0 -1610612736 -1610612736 -1073741824 536870912 -1073741824 536870912 0 -1610612736 
Sample 69: Input = 0.088496, Desired = -0.00925474, Output = -4.43161, Expected = -0.00925474
Coefficients at Sample 69: -1073741824 -1610612736 -1610612736 1073741824 -1610612736 -2147483648 1610612736 0 1610612736 536870912 0 536870912 -1073741824 -1073741824 -1073741824 -1073741824 -2147483648 536870912 -536870912 0 -536870912 1073741824 0 -2147483648 
Sample 70: Input = -0.195311, Desired = 0.0929365, Output = -11.8449, Expected = 0.0929365
Coefficients at Sample 70: 1073741824 -1073741824 -1073741824 0 1610612736 -2147483648 -1610612736 1073741824 0 1610612736 1073741824 -1610612736 1073741824 -2147483648 1073741824 1610612736 -536870912 -1073741824 1073741824 536870912 -2147483648 536870912 -1073741824 1073741824 
Sample 71: Input = 0.134854, Desired = -0.207488, Output = -7.65536, Expected = -0.207488
Coefficients at Sample 71: 0 -2147483648 1073741824 -1610612736 -1073741824 536870912 1073741824 -1610612736 -536870912 -1610612736 0 0 1610612736 -1073741824 1610612736 -1610612736 0 1073741824 536870912 -1073741824 -536870912 -536870912 536870912 1610612736 
Sample 72: Input = 0.0701849, Desired = 0.00807978, Output = 3.33376, Expected = 0.00807978
Coefficients at Sample 72: -2147483648 536870912 -1610612736 1073741824 1073741824 1610612736 -1610612736 -1073741824 -1073741824 -2147483648 -2147483648 -1073741824 0 1610612736 -536870912 -536870912 -2147483648 536870912 -536870912 -1610612736 1610612736 1610612736 0 -1073741824 
Sample 73: Input = 0.150616, Desired = 0.17024, Output = 3.58959, Expected = 0.17024
Coefficients at Sample 73: 1610612736 0 -1073741824 1073741824 -2147483648 -1610612736 536870912 0 -1610612736 -2147483648 0 1610612736 0 0 -1073741824 -536870912 -2147483648 1073741824 -1610612736 0 -536870912 1073741824 -1610612736 -2147483648 
Sample 74: Input = 0.00867489, Desired = -0.247894, Output = 1.37099, Expected = -0.247894
Coefficients at Sample 74: -2147483648 -536870912 -536870912 1610612736 0 1073741824 0 0 1073741824 -536870912 -536870912 0 -536870912 536870912 -1610612736 -536870912 536870912 0 -1073741824 -2147483648 -1610612736 536870912 -2147483648 -1073741824 
Sample 75: Input = 0.110759, Desired = 0.0667821, Output = 4.03781, Expected = 0.0667821
Coefficients at Sample 75: -1073741824 -2147483648 536870912 0 -2147483648 -2147483648 0 1610612736 1073741824 -536870912 -1073741824 -1073741824 -1610612736 1610612736 1073741824 -1073741824 1610612736 536870912 -536870912 -536870912 -536870912 536870912 -1073741824 -1610612736 
Sample 76: Input = 0.10258, Desired = -0.104259, Output = 4.97068, Expected = -0.104259
Coefficients at Sample 76: 1610612736 1073741824 -1610612736 1610612736 -536870912 -536870912 -536870912 1610612736 -1073741824 -1610612736 0 -536870912 1073741824 -1073741824 0 536870912 1610612736 536870912 1610612736 -2147483648 -536870912 -1610612736 1610612736 -536870912 
Sample 77: Input = 0.00225074, Desired = -0.0216605, Output = 12.1152, Expected = -0.0216605
Coefficients at Sample 77: -2147483648 -1073741824 -536870912 1610612736 -536870912 -536870912 1610612736 1073741824 -1610612736 1610612736 -1610612736 1610612736 -1073741824 1073741824 -536870912 -1073741824 1610612736 1073741824 0 1610612736 536870912 -1073741824 -536870912 -2147483648 
Sample 78: Input = 0.1199, Desired = 0.106807, Output = 19.3433, Expected = 0.106807
Coefficients at Sample 78: 1073741824 -536870912 1073741824 -536870912 -2147483648 0 -2147483648 536870912 0 0 -1610612736 1073741824 1073741824 -1073741824 0 0 1610612736 1610612736 1073741824 0 -1073741824 -1610612736 1073741824 1073741824 
Sample 79: Input = 0.2406, Desired = 0.088496, Output = 18.4639, Expected = 0.088496
Coefficients at Sample 79: -1073741824 -536870912 1610612736 1610612736 0 -1610612736 1073741824 0 -1073741824 -2147483648 1073741824 -1610612736 -2147483648 -1610612736 -1610612736 -1073741824 -1073741824 1610612736 -1073741824 -1610612736 1073741824 -2147483648 -1610612736 1073741824 
Sample 80: Input = -0.0631199, Desired = -0.195311, Output = 11.0589, Expected = -0.195311
Coefficients at Sample 80: -2147483648 1073741824 1073741824 -536870912 1073741824 536870912 -1073741824 536870912 536870912 -2147483648 0 1610612736 0 -536870912 1073741824 0 -2147483648 -1073741824 536870912 1610612736 1610612736 -2147483648 -536870912 -1610612736 
Sample 81: Input = -0.0149312, Desired = 0.134854, Output = 11.9591, Expected = 0.134854
Coefficients at Sample 81: 1073741824 536870912 -536870912 0 -536870912 -536870912 536870912 -536870912 0 1610612736 0 -2147483648 1610612736 1610612736 1073741824 -536870912 1073741824 536870912 -2147483648 -1073741824 0 1073741824 -2147483648 0 
Sample 82: Input = 0.242599, Desired = 0.0701849, Output = 19.5443, Expected = 0.0701849
Coefficients at Sample 82: 1610612736 1073741824 -2147483648 -2147483648 0 1073741824 1610612736 -1073741824 -2147483648 536870912 -536870912 -1073741824 -536870912 1073741824 1073741824 0 -1610612736 -1610612736 -2147483648 536870912 536870912 536870912 -536870912 1610612736 
Sample 83: Input = 0.0741524, Desired = 0.150616, Output = 18.4237, Expected = 0.150616
Coefficients at Sample 83: -1073741824 0 -1073741824 -1073741824 1073741824 -1073741824 536870912 -536870912 -1073741824 1073741824 -1073741824 1073741824 -1073741824 1073741824 1610612736 -536870912 1610612736 -536870912 1073741824 536870912 1073741824 536870912 -1073741824 -536870912 
Sample 84: Input = 0.0861766, Desired = 0.00867489, Output = 12.8311, Expected = 0.00867489
Coefficients at Sample 84: 1073741824 -536870912 1610612736 -1073741824 -536870912 -536870912 1610612736 -2147483648 1073741824 1610612736 -1610612736 -536870912 0 -2147483648 536870912 -536870912 -1073741824 -536870912 1073741824 -1610612736 -536870912 1073741824 -536870912 1073741824 
Sample 85: Input = -0.177244, Desired = 0.110759, Output = 14.2148, Expected = 0.110759
Coefficients at Sample 85: 1073741824 536870912 -536870912 -536870912 -536870912 -536870912 0 -1610612736 -2147483648 536870912 536870912 1073741824 536870912 536870912 1073741824 -1073741824 1610612736 -536870912 -536870912 -536870912 -536870912 0 -1610612736 0 
Sample 86: Input = 0.166776, Desired = 0.10258, Output = 16.0393, Expected = 0.10258
Coefficients at Sample 86: 1073741824 -536870912 0 1610612736 0 1610612736 -1073741824 0 -536870912 -2147483648 536870912 -1610612736 -1073741824 0 0 536870912 -1610612736 -536870912 -1610612736 1610612736 1610612736 1610612736 -536870912 1610612736 
Sample 87: Input = 0.107875, Desired = 0.00225074, Output = 15.4787, Expected = 0.00225074
Coefficients at Sample 87: 536870912 1610612736 -2147483648 0 536870912 -1073741824 1610612736 536870912 1610612736 -1610612736 -2147483648 0 -1073741824 1073741824 1610612736 536870912 536870912 536870912 -2147483648 536870912 536870912 1073741824 -1610612736 -2147483648 
Sample 88: Input = 0.211669, Desired = 0.1199, Output = 14.035, Expected = 0.1199
Coefficients at Sample 88: -2147483648 -536870912 -1073741824 1610612736 -1610612736 -1610612736 1073741824 1610612736 -1610612736 -1073741824 0 -2147483648 -2147483648 0 1610612736 -2147483648 0 536870912 536870912 -1073741824 1610612736 -1073741824 1610612736 -536870912 
Sample 89: Input = -0.170255, Desired = 0.2406, Output = 6.61377, Expected = 0.2406
Coefficients at Sample 89: 536870912 -1610612736 -1073741824 1073741824 1073741824 1610612736 -1073741824 -1610612736 -536870912 -1073741824 0 1073741824 -1610612736 -2147483648 1073741824 1073741824 -536870912 0 -1073741824 -1073741824 1073741824 -2147483648 -536870912 -536870912 
Sample 90: Input = -0.195006, Desired = -0.0631199, Output = 4.90822, Expected = -0.0631199
Coefficients at Sample 90: -2147483648 1073741824 -2147483648 0 536870912 536870912 -536870912 1073741824 1610612736 -1073741824 -1073741824 1073741824 -1610612736 1610612736 -536870912 -1073741824 -1073741824 -2147483648 -1610612736 0 -2147483648 1610612736 -536870912 -536870912 
Sample 91: Input = -0.213057, Desired = -0.0149312, Output = 13.8711, Expected = -0.0149312
Coefficients at Sample 91: -536870912 -536870912 0 -2147483648 1610612736 -1073741824 -536870912 -536870912 -1610612736 -2147483648 -1073741824 0 536870912 0 1610612736 1073741824 1610612736 1073741824 -1610612736 -1610612736 -536870912 536870912 -1073741824 -1073741824 
Sample 92: Input = 0.179243, Desired = 0.242599, Output = 22.3317, Expected = 0.242599
Coefficients at Sample 92: -536870912 1073741824 -2147483648 1073741824 -536870912 -1073741824 1610612736 536870912 1073741824 536870912 1073741824 536870912 536870912 1610612736 -536870912 0 0 -1073741824 -1610612736 -536870912 -536870912 -1073741824 0 -536870912 
Sample 93: Input = 0.054178, Desired = 0.0741524, Output = 10.0707, Expected = 0.0741524
Coefficients at Sample 93: -1073741824 -1610612736 0 1073741824 -1073741824 -536870912 1610612736 1610612736 536870912 1073741824 0 1610612736 1610612736 1073741824 -1610612736 536870912 -1073741824 0 -1073741824 1073741824 536870912 -1610612736 -1610612736 0 
Sample 94: Input = -0.174497, Desired = 0.0861766, Output = -13.911, Expected = 0.0861766
Coefficients at Sample 94: -1073741824 1610612736 -2147483648 -1073741824 1610612736 -536870912 -1610612736 -536870912 -536870912 -2147483648 536870912 -536870912 1610612736 0 536870912 0 0 1610612736 1610612736 1073741824 0 -2147483648 -1073741824 -1610612736 
Sample 95: Input = -0.0815531, Desired = -0.177244, Output = -25.9106, Expected = -0.177244
Coefficients at Sample 95: -1073741824 -2147483648 -1610612736 -2147483648 -1610612736 -2147483648 -536870912 1073741824 -1610612736 536870912 1610612736 -2147483648 -1610612736 0 -2147483648 -536870912 1073741824 1073741824 1073741824 0 -2147483648 1610612736 0 -1610612736 
Sample 96: Input = -0.11758, Desired = 0.166776, Output = -17.353, Expected = 0.166776
Coefficients at Sample 96: 536870912 0 -536870912 -2147483648 -1610612736 -1073741824 -1610612736 -1610612736 -536870912 -2147483648 1073741824 -1610612736 -2147483648 1073741824 -1073741824 1073741824 -536870912 0 536870912 536870912 -1610612736 0 536870912 -1073741824 
Sample 97: Input = 0.121334, Desired = 0.107875, Output = -4.60931, Expected = 0.107875
Coefficients at Sample 97: 1073741824 0 -536870912 -1073741824 1610612736 0 0 536870912 536870912 1073741824 -1610612736 -1610612736 0 536870912 -2147483648 -1073741824 -536870912 1610612736 1610612736 1610612736 -2147483648 536870912 -2147483648 -1610612736 
Sample 98: Input = 0.184767, Desired = 0.211669, Output = 0.355353, Expected = 0.211669
Coefficients at Sample 98: 536870912 -536870912 1073741824 -1073741824 -1610612736 0 -1073741824 0 -1073741824 -1073741824 1073741824 1610612736 -536870912 1073741824 -2147483648 -2147483648 -1610612736 -1610612736 -2147483648 -1610612736 0 -2147483648 -2147483648 536870912 
Sample 99: Input = -0.113826, Desired = -0.170255, Output = -9.93702, Expected = -0.170255
Coefficients at Sample 99: -536870912 -536870912 -2147483648 -1073741824 -1610612736 -536870912 -2147483648 536870912 536870912 -536870912 1073741824 -2147483648 -1610612736 1073741824 -1073741824 0 536870912 -2147483648 0 -536870912 536870912 -536870912 -536870912 -1610612736 
Testbench completed.
INFO: [SIM 1] CSim done with 0 errors.
INFO: [SIM 3] *************** CSIM finish ***************
