INFO: [SIM 2] *************** CSIM start ***************
INFO: [SIM 4] CSIM will launch GCC as the compiler.
   Compiling(apcc) ../../../../HLS_Code/fir_test.c in debug mode
ECHO is off.
ECHO is off.
INFO: [HLS 200-10] Running 'Z:/Xilinx/Vitis_HLS/2023.1/bin/unwrapped/win64.o/apcc.exe'
INFO: [HLS 200-10] For user 'Baron' on host 'desktop-d2nna1u' (Windows NT_amd64 version 6.2) on Thu Oct 03 23:35:00 -0700 2024
INFO: [HLS 200-10] In directory 'C:/Users/Baron/Desktop/EE_278_Repo/EE_278/vivado_projects/HLS/fir_proj/fir_solution/csim/build'
../../../../HLS_Code/fir_test.c:24:5: warning: implicit declaration of function 'fir_TOP' is invalid in C99 [-Wimplicit-function-declaration]
    fir_TOP(&output,signal);
    ^
../../../../HLS_Code/fir_test.c:41:7: warning: implicit declaration of function 'system' is invalid in C99 [-Wimplicit-function-declaration]
  if (system("diff -w out.dat out.gold.dat")) {
      ^
2 warnings generated.
../../../../HLS_Code/fir_test.c:24:5: warning: implicit declaration of function 'fir_TOP' is invalid in C99 [-Wimplicit-function-declaration]
    fir_TOP(&output,signal);
    ^
../../../../HLS_Code/fir_test.c:41:7: warning: implicit declaration of function 'system' is invalid in C99 [-Wimplicit-function-declaration]
  if (system("diff -w out.dat out.gold.dat")) {
      ^
2 warnings generated.
INFO: [APCC 202-3] Tmp directory is apcc_db
INFO: [APCC 202-1] APCC is done.
INFO: [HLS 200-112] Total CPU user time: 1 seconds. Total CPU system time: 0 seconds. Total elapsed time: 0.963 seconds; peak allocated memory: 6.047 MB.
   Compiling(apcc) ../../../../HLS_Code/fir.c in debug mode
ECHO is off.
ECHO is off.
INFO: [HLS 200-10] Running 'Z:/Xilinx/Vitis_HLS/2023.1/bin/unwrapped/win64.o/apcc.exe'
INFO: [HLS 200-10] For user 'Baron' on host 'desktop-d2nna1u' (Windows NT_amd64 version 6.2) on Thu Oct 03 23:35:02 -0700 2024
INFO: [HLS 200-10] In directory 'C:/Users/Baron/Desktop/EE_278_Repo/EE_278/vivado_projects/HLS/fir_proj/fir_solution/csim/build'
INFO: [APCC 202-3] Tmp directory is apcc_db
INFO: [APCC 202-1] APCC is done.
INFO: [HLS 200-112] Total CPU user time: 0 seconds. Total CPU system time: 0 seconds. Total elapsed time: 0.912 seconds; peak allocated memory: 6.938 MB.
   Generating csim.exe
INFO: [SIM 1] CSim file generation done with 0 errors.
INFO: [SIM 3] *************** CSIM finish ***************
