INFO-FLOW: Workspace C:/Users/Baron/Desktop/EE_278_Repo/EE_278/vivado_projects/HLS/fir/fir_solution opened at Sun Oct 06 20:18:34 -0700 2024
Execute     ap_set_clock -name default -period 10 -default=false 
INFO: [SYN 201-201] Setting up clock 'default' with a period of 10ns.
Execute     set_part xa7z010-clg225-1I 
Execute       create_platform xa7z010-clg225-1I -board  
DBG:HLSDevice: Trying to load device library: Z:/Xilinx/Vitis_HLS/2023.1\lib\win64.o\xv_hlsvwrap.dll
DBG:HLSDevice: first parts/arch.xml in RDI_DATADIR: Z:/Xilinx/Vivado/2023.1/data/parts/arch.xml
DBG:HLSDevice: init success
INFO: [HLS 200-1611] Setting target device to 'xa7z010-clg225-1I'
Command       create_platform done; 0.937 sec.
Execute       source Z:/Xilinx/Vitis_HLS/2023.1/common/technology/xilinx/common/xilinx.gen 
Execute         source Z:/Xilinx/Vitis_HLS/2023.1/common/technology/xilinx/interface/plb46.gen 
Execute         source Z:/Xilinx/Vitis_HLS/2023.1/common/technology/xilinx/interface/axi4.gen 
Execute         source Z:/Xilinx/Vitis_HLS/2023.1/common/technology/xilinx/interface/nativeAXI4.gen 
Execute           source Z:/Xilinx/Vitis_HLS/2023.1/common/technology/xilinx/interface/saxilite.gen 
Execute         source Z:/Xilinx/Vitis_HLS/2023.1/common/technology/xilinx/scripts/xilinxcoregen.gen 
Execute         source Z:/Xilinx/Vitis_HLS/2023.1/common/technology/xilinx/interface/XilEDKCoreGen.gen 
Execute         source Z:/Xilinx/Vitis_HLS/2023.1/common/technology/xilinx/ip/dds_compiler.gen 
Execute         source Z:/Xilinx/Vitis_HLS/2023.1/common/technology/xilinx/ip/util.gen 
Execute         source Z:/Xilinx/Vitis_HLS/2023.1/common/technology/xilinx/ip/xfft.gen 
Command         ap_source done; 0.101 sec.
Execute         source Z:/Xilinx/Vitis_HLS/2023.1/common/technology/xilinx/ip/xfir.gen 
Execute         source Z:/Xilinx/Vitis_HLS/2023.1/common/technology/xilinx/DSP48/dsp48.gen 
Command       ap_source done; 0.135 sec.
Execute       ap_part_info -name xa7z010-clg225-1I -data info 
Execute       config_compile -quiet -complex-mul-dsp=0 
Command     set_part done; 1.094 sec.
Execute     send_msg_by_id INFO @200-1505@%s%s  vivado 
INFO: [HLS 200-1505] Using flow_target 'vivado'
Command   open_solution done; 1.228 sec.
Execute   set_part xa7z010clg225-1I 
INFO: [HLS 200-1510] Running: set_part xa7z010clg225-1I 
Execute     create_platform xa7z010clg225-1I -board  
Execute     source Z:/Xilinx/Vitis_HLS/2023.1/common/technology/xilinx/common/xilinx.gen 
Execute       source Z:/Xilinx/Vitis_HLS/2023.1/common/technology/xilinx/interface/plb46.gen 
Execute       source Z:/Xilinx/Vitis_HLS/2023.1/common/technology/xilinx/interface/axi4.gen 
Execute       source Z:/Xilinx/Vitis_HLS/2023.1/common/technology/xilinx/interface/nativeAXI4.gen 
Execute         source Z:/Xilinx/Vitis_HLS/2023.1/common/technology/xilinx/interface/saxilite.gen 
Execute       source Z:/Xilinx/Vitis_HLS/2023.1/common/technology/xilinx/scripts/xilinxcoregen.gen 
Execute       source Z:/Xilinx/Vitis_HLS/2023.1/common/technology/xilinx/interface/XilEDKCoreGen.gen 
Execute       source Z:/Xilinx/Vitis_HLS/2023.1/common/technology/xilinx/ip/dds_compiler.gen 
Execute       source Z:/Xilinx/Vitis_HLS/2023.1/common/technology/xilinx/ip/util.gen 
Execute       source Z:/Xilinx/Vitis_HLS/2023.1/common/technology/xilinx/ip/xfft.gen 
Execute       source Z:/Xilinx/Vitis_HLS/2023.1/common/technology/xilinx/ip/xfir.gen 
Execute       source Z:/Xilinx/Vitis_HLS/2023.1/common/technology/xilinx/DSP48/dsp48.gen 
Command     ap_source done; 0.122 sec.
Execute     ap_part_info -name xa7z010-clg225-1I -data info 
Execute     config_compile -quiet -complex-mul-dsp=0 
Command   set_part done; 0.16 sec.
Execute   create_clock -period 10 -name default 
INFO: [HLS 200-1510] Running: create_clock -period 10 -name default 
Execute   csynth_design 
INFO: [HLS 200-1510] Running: csynth_design 
INFO-FLOW: Running SLX 'csynth' proc: ::SLX::run_csynth
Execute     elaborate -effort=medium -skip_syncheck=0 -keep_printf=0 -skip_cdt=0 -skip_transform=0 -ng=0 -g=0 -opt_fp=0 -from_csynth_design=1 
INFO: [HLS 200-111] Finished File checks and directory preparation: CPU user time: 0 seconds. CPU system time: 0 seconds. Elapsed time: 0.171 seconds; current allocated memory: 107.535 MB.
Execute       set_directive_top fir -name=fir 
Execute       source Z:/Xilinx/Vitis_HLS/2023.1/tps/tcl/tcllib1.11.1/yaml/huddle.tcl 
Execute       source Z:/Xilinx/Vitis_HLS/2023.1/tps/tcl/tcllib1.11.1/yaml/json2huddle.tcl 
Execute         source Z:/Xilinx/Vitis_HLS/2023.1/tps/tcl/tcllib1.11.1/try/try.tcl 
INFO: [HLS 200-10] Analyzing design file 'HLS_Code/fir.c' ... 
INFO-FLOW: Compiling one TU...
INFO-FLOW: Handling HLS_Code/fir.c as C
Execute       ap_part_info -name xa7z010-clg225-1I -data info 
INFO-FLOW: Running: GCC PP 39
INFO-FLOW: Source preprocessing
INFO-FLOW: run_clang exec: Z:/Xilinx/Vitis_HLS/2023.1/win64/tools/clang-3.9-csynth/bin/clang HLS_Code/fir.c -foptimization-record-file=C:/Users/Baron/Desktop/EE_278_Repo/EE_278/vivado_projects/HLS/fir/fir_solution/.autopilot/db/fir.c.clang.diag.yml -mllvm -pass-remarks-missed=reflow|pasta|unroll -mllvm -pass-remarks=reflow|pasta|unroll|inline -fno-limit-debug-info --sysroot Z:/Xilinx/Vitis_HLS/2023.1/tps/mingw/8.3.0/win64.o/nt -fhls -fno-exceptions -insert-hls-directive=C:/Users/Baron/Desktop/EE_278_Repo/EE_278/vivado_projects/HLS/fir/fir_solution/.autopilot/db/all.directive.json -E -fno-math-errno -c -emit-llvm -mllvm -disable-llvm-optzns -Werror=implicit-function-declaration -Werror=implicit-hls-streams -Werror=return-type -Wpragmas -Wunused-parameter -Wdump-hls-pragmas -Wno-error=dump-hls-pragmas -std=gnu99 -fgnu89-inline -target fpga64-xilinx-mingw32 -D__VITIS_HLS__ -DAESL_SYN -D__SYNTHESIS__ -D__HLS_SYN__ -I Z:/Xilinx/Vitis_HLS/2023.1/common/technology/autopilot -I Z:/Xilinx/Vitis_HLS/2023.1/common/technology/autopilot/ap_sysc -include etc/autopilot_ssdm_op.h -D__DSP48E1__ -I /usr/include/x86_64-linux-gnu -o C:/Users/Baron/Desktop/EE_278_Repo/EE_278/vivado_projects/HLS/fir/fir_solution/.autopilot/db/fir.pp.0.c {-hls-platform-db-name=Z:/Xilinx/Vitis_HLS/2023.1/common/technology\xilinx/common/platform.db} -hls-platform-name=zynq_slow -device-resource-info=BRAM_120.000000_DSP_80.000000_FF_35200.000000_LUT_17600.000000_SLICE_4400.000000_URAM_0.000000 -device-name-info=xa7z010clg225-1I > C:/Users/Baron/Desktop/EE_278_Repo/EE_278/vivado_projects/HLS/fir/fir_solution/.autopilot/db/fir.c.clang.out.log 2> C:/Users/Baron/Desktop/EE_278_Repo/EE_278/vivado_projects/HLS/fir/fir_solution/.autopilot/db/fir.c.clang.err.log
INFO-FLOW: Done: GCC PP 39 time: 0.2 seconds per iteration
INFO-FLOW: Source syntax check for synthesis
INFO-FLOW: run_clang exec: Z:/Xilinx/Vitis_HLS/2023.1/win64/tools/clang-3.9-csynth/bin/clang -foptimization-record-file=C:/Users/Baron/Desktop/EE_278_Repo/EE_278/vivado_projects/HLS/fir/fir_solution/.autopilot/db/clang.diag.yml -mllvm -pass-remarks-missed=reflow|pasta|unroll -mllvm -pass-remarks=reflow|pasta|unroll|inline -fsyntax-only -fhls -target fpga64-xilinx-linux-gnu C:/Users/Baron/Desktop/EE_278_Repo/EE_278/vivado_projects/HLS/fir/fir_solution/.autopilot/db/fir.pp.0.c {-hls-platform-db-name=Z:/Xilinx/Vitis_HLS/2023.1/common/technology\xilinx/common/platform.db} -hls-platform-name=zynq_slow -device-resource-info=BRAM_120.000000_DSP_80.000000_FF_35200.000000_LUT_17600.000000_SLICE_4400.000000_URAM_0.000000 -device-name-info=xa7z010clg225-1I > C:/Users/Baron/Desktop/EE_278_Repo/EE_278/vivado_projects/HLS/fir/fir_solution/.autopilot/db/clang.out.log 2> C:/Users/Baron/Desktop/EE_278_Repo/EE_278/vivado_projects/HLS/fir/fir_solution/.autopilot/db/clang.err.log
Execute       clang_tidy xilinx-systemc-detector -desc systemc-detector C:/Users/Baron/Desktop/EE_278_Repo/EE_278/vivado_projects/HLS/fir/fir_solution/.autopilot/db/fir.pp.0.c std=gnu99 -target fpga  -directive=C:/Users/Baron/Desktop/EE_278_Repo/EE_278/vivado_projects/HLS/fir/fir_solution/.autopilot/db/.systemc_flag 
INFO-FLOW: exec Z:/Xilinx/Vitis_HLS/2023.1/win64/tools/clang-3.9-csynth/bin/clang-tidy -header-filter=.* --checks=-*,xilinx-systemc-detector -import-directive=C:/Users/Baron/Desktop/EE_278_Repo/EE_278/vivado_projects/HLS/fir/fir_solution/.autopilot/db/.systemc_flag -fix-errors C:/Users/Baron/Desktop/EE_278_Repo/EE_278/vivado_projects/HLS/fir/fir_solution/.autopilot/db/fir.pp.0.c -- -std=gnu99 -target fpga -fhls -ferror-limit=0
INFO-FLOW: Running: clang-tidy CDT preprocess 39
Execute       clang_tidy xilinx-directive2pragma -desc directive2pragma C:/Users/Baron/Desktop/EE_278_Repo/EE_278/vivado_projects/HLS/fir/fir_solution/.autopilot/db/fir.pp.0.c std=gnu99 -target fpga  -directive=C:/Users/Baron/Desktop/EE_278_Repo/EE_278/vivado_projects/HLS/fir/fir_solution/.autopilot/db/all.directive.json 
INFO-FLOW: exec Z:/Xilinx/Vitis_HLS/2023.1/win64/tools/clang-3.9-csynth/bin/clang-tidy -header-filter=.* --checks=-*,xilinx-directive2pragma -import-directive=C:/Users/Baron/Desktop/EE_278_Repo/EE_278/vivado_projects/HLS/fir/fir_solution/.autopilot/db/all.directive.json -fix-errors C:/Users/Baron/Desktop/EE_278_Repo/EE_278/vivado_projects/HLS/fir/fir_solution/.autopilot/db/fir.pp.0.c -- -std=gnu99 -target fpga -fhls -ferror-limit=0
INFO-FLOW: Done: clang-tidy CDT preprocess 39 time: 0.1 seconds per iteration
INFO-FLOW: Calling xilinx-label-all-loops ... 
INFO-FLOW: Calling xilinx-aggregate-on-hls-vector ... 
Execute       clang_tidy -errorcheck -desc loop-label xilinx-label-all-loops,xilinx-aggregate-on-hls-vector,,xilinx-warn-mayneed-no-ctor-attribute C:/Users/Baron/Desktop/EE_278_Repo/EE_278/vivado_projects/HLS/fir/fir_solution/.autopilot/db/fir.pp.0.c std=gnu99 -target fpga  
INFO-FLOW: run_clang exec: Z:/Xilinx/Vitis_HLS/2023.1/win64/tools/clang-3.9-csynth/bin/clang-tidy -export-fixes=C:/Users/Baron/Desktop/EE_278_Repo/EE_278/vivado_projects/HLS/fir/fir_solution/.autopilot/db/fir.pp.0.c.clang-tidy.loop-label.diag.yml -header-filter=.* --checks=-*,xilinx-label-all-loops,xilinx-aggregate-on-hls-vector,,xilinx-warn-mayneed-no-ctor-attribute -fix-errors C:/Users/Baron/Desktop/EE_278_Repo/EE_278/vivado_projects/HLS/fir/fir_solution/.autopilot/db/fir.pp.0.c -- -std=gnu99 -target fpga -fhls -ferror-limit=0 > C:/Users/Baron/Desktop/EE_278_Repo/EE_278/vivado_projects/HLS/fir/fir_solution/.autopilot/db/fir.pp.0.c.clang-tidy.loop-label.out.log 2> C:/Users/Baron/Desktop/EE_278_Repo/EE_278/vivado_projects/HLS/fir/fir_solution/.autopilot/db/fir.pp.0.c.clang-tidy.loop-label.err.log
INFO-FLOW: run_clang exec: Z:/Xilinx/Vitis_HLS/2023.1/win64/tools/clang-3.9-csynth/bin/xilinx-dataflow-lawyer -export-fixes=C:/Users/Baron/Desktop/EE_278_Repo/EE_278/vivado_projects/HLS/fir/fir_solution/.autopilot/db/fir.pp.0.c.xilinx-dataflow-lawyer.diag.yml C:/Users/Baron/Desktop/EE_278_Repo/EE_278/vivado_projects/HLS/fir/fir_solution/.autopilot/db/fir.pp.0.c -- -std=gnu99 -target fpga -fhls -ferror-limit=0 -fstrict-dataflow > C:/Users/Baron/Desktop/EE_278_Repo/EE_278/vivado_projects/HLS/fir/fir_solution/.autopilot/db/fir.pp.0.c.xilinx-dataflow-lawyer.out.log 2> C:/Users/Baron/Desktop/EE_278_Repo/EE_278/vivado_projects/HLS/fir/fir_solution/.autopilot/db/fir.pp.0.c.xilinx-dataflow-lawyer.err.log
Execute       ap_part_info -name xa7z010-clg225-1I -data info 
INFO-FLOW: compiling source code to llvm bc
INFO-FLOW: run_clang exec: Z:/Xilinx/Vitis_HLS/2023.1/win64/tools/clang-3.9-csynth/bin/clang -foptimization-record-file=C:/Users/Baron/Desktop/EE_278_Repo/EE_278/vivado_projects/HLS/fir/fir_solution/.autopilot/db/fir.pp.0.c.clang.diag.yml -mllvm -pass-remarks-missed=reflow|pasta|unroll -mllvm -pass-remarks=reflow|pasta|unroll|inline -fno-limit-debug-info -fhls -flto -fno-exceptions -Wno-error=c++11-narrowing C:/Users/Baron/Desktop/EE_278_Repo/EE_278/vivado_projects/HLS/fir/fir_solution/.autopilot/db/fir.pp.0.c -fno-math-errno -c -emit-llvm -mllvm -disable-llvm-optzns -Werror=implicit-function-declaration -Werror=implicit-hls-streams -Werror=return-type -Wpragmas -Wunused-parameter -Wdump-hls-pragmas -Wno-error=dump-hls-pragmas -std=gnu99 -fgnu89-inline -target fpga64-xilinx-linux-gnu -D__VITIS_HLS__ -DAESL_SYN -D__SYNTHESIS__ -D__HLS_SYN__ -I Z:/Xilinx/Vitis_HLS/2023.1/common/technology/autopilot -I Z:/Xilinx/Vitis_HLS/2023.1/common/technology/autopilot/ap_sysc -include etc/autopilot_ssdm_op.h -D__DSP48E1__ -g -o C:/Users/Baron/Desktop/EE_278_Repo/EE_278/vivado_projects/HLS/fir/fir_solution/.autopilot/db/fir.bc {-hls-platform-db-name=Z:/Xilinx/Vitis_HLS/2023.1/common/technology\xilinx/common/platform.db} -hls-platform-name=zynq_slow -device-resource-info=BRAM_120.000000_DSP_80.000000_FF_35200.000000_LUT_17600.000000_SLICE_4400.000000_URAM_0.000000 -device-name-info=xa7z010clg225-1I > C:/Users/Baron/Desktop/EE_278_Repo/EE_278/vivado_projects/HLS/fir/fir_solution/.autopilot/db/fir.pp.0.c.clang.out.log 2> C:/Users/Baron/Desktop/EE_278_Repo/EE_278/vivado_projects/HLS/fir/fir_solution/.autopilot/db/fir.pp.0.c.clang.err.log
INFO: [HLS 200-111] Finished Source Code Analysis and Preprocessing: CPU user time: 0 seconds. CPU system time: 0 seconds. Elapsed time: 0.944 seconds; current allocated memory: 108.180 MB.
INFO-FLOW: Linking Debug ...
INFO-FLOW: Linking dut bc code.
Execute       run_link_or_opt -out C:/Users/Baron/Desktop/EE_278_Repo/EE_278/vivado_projects/HLS/fir/fir_solution/.autopilot/db/a.g.ld.0.bc -args  "C:/Users/Baron/Desktop/EE_278_Repo/EE_278/vivado_projects/HLS/fir/fir_solution/.autopilot/db/fir.g.bc"  
INFO-FLOW: run_clang exec: Z:/Xilinx/Vitis_HLS/2023.1/win64/tools/clang-3.9-csynth/bin/llvm-link C:/Users/Baron/Desktop/EE_278_Repo/EE_278/vivado_projects/HLS/fir/fir_solution/.autopilot/db/fir.g.bc -o C:/Users/Baron/Desktop/EE_278_Repo/EE_278/vivado_projects/HLS/fir/fir_solution/.autopilot/db/a.g.ld.0.bc > C:/Users/Baron/Desktop/EE_278_Repo/EE_278/vivado_projects/HLS/fir/fir_solution/.autopilot/db/a.g.ld.0.bc.llvm-link.out.log 2> C:/Users/Baron/Desktop/EE_278_Repo/EE_278/vivado_projects/HLS/fir/fir_solution/.autopilot/db/a.g.ld.0.bc.llvm-link.err.log
INFO-FLOW: 
Execute       run_link_or_opt -opt -out C:/Users/Baron/Desktop/EE_278_Repo/EE_278/vivado_projects/HLS/fir/fir_solution/.autopilot/db/a.g.ld.1.lower.bc -args C:/Users/Baron/Desktop/EE_278_Repo/EE_278/vivado_projects/HLS/fir/fir_solution/.autopilot/db/a.g.ld.0.bc -reflow-lower-math-intrinsics 
INFO-FLOW: run_clang exec: Z:/Xilinx/Vitis_HLS/2023.1/win64/tools/clang-3.9-csynth/bin/opt -pass-remarks-missed=reflow|pasta|unroll -pass-remarks=reflow|pasta|unroll|inline -pass-remarks-output=C:/Users/Baron/Desktop/EE_278_Repo/EE_278/vivado_projects/HLS/fir/fir_solution/.autopilot/db/a.g.ld.1.lower.bc.opt.diag.yml C:/Users/Baron/Desktop/EE_278_Repo/EE_278/vivado_projects/HLS/fir/fir_solution/.autopilot/db/a.g.ld.0.bc -reflow-lower-math-intrinsics -o C:/Users/Baron/Desktop/EE_278_Repo/EE_278/vivado_projects/HLS/fir/fir_solution/.autopilot/db/a.g.ld.1.lower.bc > C:/Users/Baron/Desktop/EE_278_Repo/EE_278/vivado_projects/HLS/fir/fir_solution/.autopilot/db/a.g.ld.1.lower.bc.opt.out.log 2> C:/Users/Baron/Desktop/EE_278_Repo/EE_278/vivado_projects/HLS/fir/fir_solution/.autopilot/db/a.g.ld.1.lower.bc.opt.err.log
INFO-FLOW: 
INFO-FLOW: Running: gen_design_size_report post-opt
INFO-FLOW: Done: gen_design_size_report post-opt time: 0 seconds per iteration
INFO-FLOW: Linking math bc lib
Execute       run_link_or_opt -out C:/Users/Baron/Desktop/EE_278_Repo/EE_278/vivado_projects/HLS/fir/fir_solution/.autopilot/db/a.g.ld.2.m1.bc -args C:/Users/Baron/Desktop/EE_278_Repo/EE_278/vivado_projects/HLS/fir/fir_solution/.autopilot/db/a.g.ld.1.lower.bc -only-needed Z:/Xilinx/Vitis_HLS/2023.1/win64/lib/libhlsm_39.bc Z:/Xilinx/Vitis_HLS/2023.1/win64/lib/libhlsmc++_39.bc 
INFO-FLOW: run_clang exec: Z:/Xilinx/Vitis_HLS/2023.1/win64/tools/clang-3.9-csynth/bin/llvm-link C:/Users/Baron/Desktop/EE_278_Repo/EE_278/vivado_projects/HLS/fir/fir_solution/.autopilot/db/a.g.ld.1.lower.bc -only-needed Z:/Xilinx/Vitis_HLS/2023.1/win64/lib/libhlsm_39.bc Z:/Xilinx/Vitis_HLS/2023.1/win64/lib/libhlsmc++_39.bc -o C:/Users/Baron/Desktop/EE_278_Repo/EE_278/vivado_projects/HLS/fir/fir_solution/.autopilot/db/a.g.ld.2.m1.bc > C:/Users/Baron/Desktop/EE_278_Repo/EE_278/vivado_projects/HLS/fir/fir_solution/.autopilot/db/a.g.ld.2.m1.bc.llvm-link.out.log 2> C:/Users/Baron/Desktop/EE_278_Repo/EE_278/vivado_projects/HLS/fir/fir_solution/.autopilot/db/a.g.ld.2.m1.bc.llvm-link.err.log
INFO-FLOW: 
Command       run_link_or_opt done; 1.843 sec.
Execute       run_link_or_opt -opt -out C:/Users/Baron/Desktop/EE_278_Repo/EE_278/vivado_projects/HLS/fir/fir_solution/.autopilot/db/a.g.ld.3.fpc.bc -args C:/Users/Baron/Desktop/EE_278_Repo/EE_278/vivado_projects/HLS/fir/fir_solution/.autopilot/db/a.g.ld.2.m1.bc -reflow-globaldce -hls-top-function-name=fir -reflow-float-conversion 
INFO-FLOW: run_clang exec: Z:/Xilinx/Vitis_HLS/2023.1/win64/tools/clang-3.9-csynth/bin/opt -pass-remarks-missed=reflow|pasta|unroll -pass-remarks=reflow|pasta|unroll|inline -pass-remarks-output=C:/Users/Baron/Desktop/EE_278_Repo/EE_278/vivado_projects/HLS/fir/fir_solution/.autopilot/db/a.g.ld.3.fpc.bc.opt.diag.yml C:/Users/Baron/Desktop/EE_278_Repo/EE_278/vivado_projects/HLS/fir/fir_solution/.autopilot/db/a.g.ld.2.m1.bc -reflow-globaldce -hls-top-function-name=fir -reflow-float-conversion -o C:/Users/Baron/Desktop/EE_278_Repo/EE_278/vivado_projects/HLS/fir/fir_solution/.autopilot/db/a.g.ld.3.fpc.bc > C:/Users/Baron/Desktop/EE_278_Repo/EE_278/vivado_projects/HLS/fir/fir_solution/.autopilot/db/a.g.ld.3.fpc.bc.opt.out.log 2> C:/Users/Baron/Desktop/EE_278_Repo/EE_278/vivado_projects/HLS/fir/fir_solution/.autopilot/db/a.g.ld.3.fpc.bc.opt.err.log
INFO-FLOW: 
INFO-FLOW: Running: gen_design_size_report post-opt
INFO-FLOW: Done: gen_design_size_report post-opt time: 0 seconds per iteration
Command       run_link_or_opt done; 0.885 sec.
Execute       run_link_or_opt -out C:/Users/Baron/Desktop/EE_278_Repo/EE_278/vivado_projects/HLS/fir/fir_solution/.autopilot/db/a.g.ld.4.m2.bc -args C:/Users/Baron/Desktop/EE_278_Repo/EE_278/vivado_projects/HLS/fir/fir_solution/.autopilot/db/a.g.ld.3.fpc.bc -only-needed Z:/Xilinx/Vitis_HLS/2023.1/win64/lib/libfloatconversion_39.bc 
INFO-FLOW: run_clang exec: Z:/Xilinx/Vitis_HLS/2023.1/win64/tools/clang-3.9-csynth/bin/llvm-link C:/Users/Baron/Desktop/EE_278_Repo/EE_278/vivado_projects/HLS/fir/fir_solution/.autopilot/db/a.g.ld.3.fpc.bc -only-needed Z:/Xilinx/Vitis_HLS/2023.1/win64/lib/libfloatconversion_39.bc -o C:/Users/Baron/Desktop/EE_278_Repo/EE_278/vivado_projects/HLS/fir/fir_solution/.autopilot/db/a.g.ld.4.m2.bc > C:/Users/Baron/Desktop/EE_278_Repo/EE_278/vivado_projects/HLS/fir/fir_solution/.autopilot/db/a.g.ld.4.m2.bc.llvm-link.out.log 2> C:/Users/Baron/Desktop/EE_278_Repo/EE_278/vivado_projects/HLS/fir/fir_solution/.autopilot/db/a.g.ld.4.m2.bc.llvm-link.err.log
INFO-FLOW: 
Execute       run_link_or_opt -opt -out C:/Users/Baron/Desktop/EE_278_Repo/EE_278/vivado_projects/HLS/fir/fir_solution/.autopilot/db/a.g.ld.5.gdce.bc -args C:/Users/Baron/Desktop/EE_278_Repo/EE_278/vivado_projects/HLS/fir/fir_solution/.autopilot/db/a.g.ld.4.m2.bc -reflow-globaldce -hls-top-function-name=fir 
INFO-FLOW: run_clang exec: Z:/Xilinx/Vitis_HLS/2023.1/win64/tools/clang-3.9-csynth/bin/opt -pass-remarks-missed=reflow|pasta|unroll -pass-remarks=reflow|pasta|unroll|inline -pass-remarks-output=C:/Users/Baron/Desktop/EE_278_Repo/EE_278/vivado_projects/HLS/fir/fir_solution/.autopilot/db/a.g.ld.5.gdce.bc.opt.diag.yml C:/Users/Baron/Desktop/EE_278_Repo/EE_278/vivado_projects/HLS/fir/fir_solution/.autopilot/db/a.g.ld.4.m2.bc -reflow-globaldce -hls-top-function-name=fir -o C:/Users/Baron/Desktop/EE_278_Repo/EE_278/vivado_projects/HLS/fir/fir_solution/.autopilot/db/a.g.ld.5.gdce.bc > C:/Users/Baron/Desktop/EE_278_Repo/EE_278/vivado_projects/HLS/fir/fir_solution/.autopilot/db/a.g.ld.5.gdce.bc.opt.out.log 2> C:/Users/Baron/Desktop/EE_278_Repo/EE_278/vivado_projects/HLS/fir/fir_solution/.autopilot/db/a.g.ld.5.gdce.bc.opt.err.log
INFO-FLOW: 
INFO-FLOW: Running: gen_design_size_report post-opt
INFO-FLOW: Done: gen_design_size_report post-opt time: 0 seconds per iteration
Execute       send_msg_by_id INFO @200-777@%s Vivado 
INFO: [HLS 200-777] Using interface defaults for 'Vivado' flow target.
Execute       is_m_axi_addr64 
INFO-FLOW: Doing LTO.
INFO-FLOW: run_clang exec: Z:/Xilinx/Vitis_HLS/2023.1/win64/tools/clang-3.9-csynth/bin/clang -foptimization-record-file=C:/Users/Baron/Desktop/EE_278_Repo/EE_278/vivado_projects/HLS/fir/fir_solution/.autopilot/db/a.g.ld.0.bc.clang.reflow.diag.yml -mllvm -pass-remarks-missed=reflow|pasta|unroll -mllvm -pass-remarks=reflow|pasta|unroll|inline -fhls -mllvm -hls-top-function-name=fir -mllvm -hls-db-dir -mllvm C:/Users/Baron/Desktop/EE_278_Repo/EE_278/vivado_projects/HLS/fir/fir_solution/.autopilot/db -emit-llvm -c -target fpga64-xilinx-none -mllvm -xcl-xmlinfo=C:/Users/Baron/Desktop/EE_278_Repo/EE_278/vivado_projects/HLS/fir/fir_solution/.autopilot/db/kernel.internal.xml -mllvm -top-io-mapping-info=C:/Users/Baron/Desktop/EE_278_Repo/EE_278/vivado_projects/HLS/fir/fir_solution/.autopilot/db/top-io-fe.xml -mllvm -hls-bitcode-version=3.1 -mllvm -reflow-enable-slave-interface-default-setting=true -mllvm -gen-kernel-xml=false -mllvm -default-maxi-offset=slave -mllvm -maxi-latency=0 -mllvm -hls-maxi-data-size-in-bits=8 -mllvm -hls-maxi-max-data-size-in-bits=1024 -mllvm -hls-max-widen-size-in-bits=0 -mllvm -xcl-kernel-max-mem-ports=0 -mllvm -maxi-read-trans=16 -mllvm -maxi-write-trans=16 -mllvm -maxi-read-burst-len=16 -mllvm -maxi-write-burst-len=16 -mllvm -reflow-enable-saxi-64bits=0 -mllvm -reflow-basic-block-instr-threshold=200000 -mllvm -reflow-auto-pipeline-threshold=64 -mllvm -reflow-enable-maxi-auto-id-channel=0 -mllvm -enable-fp-thr=0 -mllvm -reflow-bdd-simplify-threshold=1024 -mllvm -reflow-fanout-threshold=16 -mllvm -assume-maxi-align=1 -mllvm -reflow-pipeline-style-llvm-setting=2 -mllvm -reflow-enable-dataflow-strict-mode-checking=1 -ftime-report -mllvm -time-passes -mllvm -reflow-auto-array-partition-mode=default -mllvm -reflow-enable-auto-array-partition=true -mllvm -reflow-enable-auto-parallel-performance-driven=true -mllvm -reflow-enable-partition-for-automation=true -mllvm -reflow-aggregate-bitwidth-threshold=4096 -mllvm -reflow-reserved-saxilite-registers=1024 -mllvm -reflow-assume-no-address-wrap=true -mllvm -reflow-enable-occurrence-inference=true -mllvm -hls -mllvm -disable-inlined-alloca-merging=true -mllvm -default-clock-period=10 -x ir C:/Users/Baron/Desktop/EE_278_Repo/EE_278/vivado_projects/HLS/fir/fir_solution/.autopilot/db/a.g.ld.5.gdce.bc -o C:/Users/Baron/Desktop/EE_278_Repo/EE_278/vivado_projects/HLS/fir/fir_solution/.autopilot/db/a.g.lto.bc {-hls-platform-db-name=Z:/Xilinx/Vitis_HLS/2023.1/common/technology\xilinx/common/platform.db} -hls-platform-name=zynq_slow -device-resource-info=BRAM_120.000000_DSP_80.000000_FF_35200.000000_LUT_17600.000000_SLICE_4400.000000_URAM_0.000000 -device-name-info=xa7z010clg225-1I > C:/Users/Baron/Desktop/EE_278_Repo/EE_278/vivado_projects/HLS/fir/fir_solution/.autopilot/db/a.g.ld.0.bc.clang.reflow.out.log 2> C:/Users/Baron/Desktop/EE_278_Repo/EE_278/vivado_projects/HLS/fir/fir_solution/.autopilot/db/a.g.ld.0.bc.clang.reflow.err.log
INFO-FLOW: DBG:PUTS: copy_raw_kernel_xml ap_link_39: kernel.xml not generated: C:/Users/Baron/Desktop/EE_278_Repo/EE_278/vivado_projects/HLS/fir/fir_solution/.autopilot/db/kernel.internal.xml
INFO: [HLS 200-111] Finished Compiling Optimization and Transform: CPU user time: 0 seconds. CPU system time: 0 seconds. Elapsed time: 3.265 seconds; current allocated memory: 109.008 MB.
INFO: [HLS 200-111] Finished Checking Pragmas: CPU user time: 0 seconds. CPU system time: 0 seconds. Elapsed time: 0.005 seconds; current allocated memory: 109.008 MB.
Execute       opt_and_import_c a -opt_level=2 -skip_syncheck=0 -ng=0 -keep_printf=0 
Execute         cleanup_all_models 
INFO: [HLS 200-10] Starting code transformations ...
INFO-FLOW: Running Standard Transforms...
Execute         transform -hls -share-std-xform -demangle-name -inline-byval-memcpy -always-inline -promote-dbg-pointer -interface-preproc -mem2reg -scalarrepl -mem2reg -keep-read-access -instcombine -dce -promote-dbg-pointer -bitop-raise -loop-simplify -indvarspre -indvars -loop-simplify -xunroll -constprop -instcombine -simplifycfg -indvars -simplifycfg -dce -globaldce -basicaa -simplifycfg -mem2reg -globalopt -global-constprop -deadargelim -instcombine -simplifycfg -scalarrepl -instcombine -reassociate -licm -simplifycfg -loop-simplify -indvars -instcombine -simplifycfg -mem2reg -loop-simplify -indvars -instcombine -gvn -gvn -instcombine -adce -break-crit-edges -simplifycfg -loop-delete -global-array-opt -dce -dse -adce -find-syn-modules -top fir -deadargelim -mem2reg -instcombine -dce -presyn-prepare -auto-rom-infer -interface-preproc -syn-check -check-rec-only -find-region -simplifycfg -func-extr -function-inline -globaldce -mem2reg -instcombine -dce -gvn -globaldce -adce -adse -constprop -instcombine -bit-constprop -instcombine -dce -simplifycfg -bitop-raise -simplifycfg -dce -loop-delete -reassociate -globalopt -global-privatize -mem2reg -dce -global-constprop -pointer-simplify -constprop -dce -auto-shift-reg-idiom -promote-dbg-pointer -norm-name C:/Users/Baron/Desktop/EE_278_Repo/EE_278/vivado_projects/HLS/fir/fir_solution/.autopilot/db/a.g.0.bc -o C:/Users/Baron/Desktop/EE_278_Repo/EE_278/vivado_projects/HLS/fir/fir_solution/.autopilot/db/a.g.1.bc -f -phase std-opt 
INFO: [HLS 200-111] Finished Standard Transforms: CPU user time: 0 seconds. CPU system time: 0 seconds. Elapsed time: 0.026 seconds; current allocated memory: 113.965 MB.
INFO: [HLS 200-10] Checking synthesizability ...
INFO-FLOW: Checking Synthesizability 1/2..
Execute         transform -hls -syn-check -check-rec-only -scalarrepl -norm-name -dce -mem2reg -instcombine -directive-preproc -mem2reg -dse -dce -auto-rom-infer -dce -pag -array-normalize -instcombine -dce -array-seg-normalize -instcombine -dce -data-pack -instcombine -dce -inst-simplify -array-flatten -instcombine -dce -array-burst -dce -deadargelim -promote-global-argument -simplifycfg -mem2reg -globaldce -dce -deadargelim -dce -instcombine -function-inline -globaldce -dce -doublePtrSimplify -doublePtrElim -dce -doublePtrSimplify -promote-dbg-pointer -dce -scalarrepl -dse -adse -instcombine -ptrLegalization -simplifycfg -dce -instcombine -pointer-simplify -ptrArgReplace -dce -instcombine -resolve-double-ptr -scalarrepl -norm-name -dce -mem2reg -instcombine -ptrLegalization -simplifycfg -deadargelim -instcombine -dce -inst-simplify -directive-preproc -mem2reg -dse -dce -globaldce C:/Users/Baron/Desktop/EE_278_Repo/EE_278/vivado_projects/HLS/fir/fir_solution/.autopilot/db/a.g.1.bc -o C:/Users/Baron/Desktop/EE_278_Repo/EE_278/vivado_projects/HLS/fir/fir_solution/.autopilot/db/a.g.2.prechk.bc -f 
INFO-FLOW: Checking Synthesizability 2/2..
Execute         transform -syn-check C:/Users/Baron/Desktop/EE_278_Repo/EE_278/vivado_projects/HLS/fir/fir_solution/.autopilot/db/a.g.2.prechk.bc -o C:/Users/Baron/Desktop/EE_278_Repo/EE_278/vivado_projects/HLS/fir/fir_solution/.autopilot/db/a.g.2.bc -f -phase syn-check 
INFO: [HLS 200-111] Finished Checking Synthesizability: CPU user time: 0 seconds. CPU system time: 0 seconds. Elapsed time: 0.018 seconds; current allocated memory: 115.105 MB.
INFO-FLOW: Compiler optimizing ...
INFO-FLOW: Share syncheck's 1.bc for syn flow: copy C:/Users/Baron/Desktop/EE_278_Repo/EE_278/vivado_projects/HLS/fir/fir_solution/.autopilot/db/a.g.1.bc to C:/Users/Baron/Desktop/EE_278_Repo/EE_278/vivado_projects/HLS/fir/fir_solution/.autopilot/db/a.o.1.bc
INFO-FLOW: Presyn 1...
Execute         transform -hls -tmp C:/Users/Baron/Desktop/EE_278_Repo/EE_278/vivado_projects/HLS/fir/fir_solution/.autopilot/db -interface-port-rename -directive-preproc -mem2reg -dse -dce -scalarrepl -norm-name -deadargelim -mem2reg -instcombine -dce -simplifycfg -auto-rom-infer -dce -resource-proc -clib-intrinsic-prepare -dce -func-buffer -dce -pag -array-normalize -func-legal -instcombine -gvn -constprop -dce -simplifycfg -mem2reg -globaldce -resolve-double-ptr -dce -deadargelim -dce -instcombine -ptrArgReplace -mem2reg -dce -array-seg-normalize -deadargelim -instcombine -dce -directive-preproc -mem2reg -dse -dce -pointer-simplify -dce -port-alignment -dce -interface-preproc -data-pack -instcombine -dce -basicaa -aggr-aa -aggrmodref-aa -aggr-aa -gvn -gvn -basicaa -aggr-aa -aggrmodref-aa -aggr-aa -dse -adse -adce -loop-simplify -indvars -instcombine -gvn -loop-simplify -mem2reg -dce -find-region -instcombine -auto-loop-pipeline -inst-simplify -interface-preproc -cfgopt -instcombine -indvars -auto-loop-unroll -loop-simplify -loop-bound -xunroll -constprop -instcombine -simplifycfg -indvars -simplifycfg -dce -globaldce -clean-region -attach-range -gvn -inst-simplify -constprop -simplifycfg -dce -pointer-simplify -dce -globalopt -constprop -dce -array-promote -scalar-auto-dep-elim -constprop -dce -ptrArgReplace -mem2reg -simplifycfg -dce -instcombine -dce -array-transform-check -array-reshape -instcombine -simplifycfg -dce -ptrArgReplace -deadargelim -mem2reg -instcombine -simplifycfg -dce -indvars -loop-simplify -loop-bound -xunroll -constprop -instcombine -simplifycfg -indvars -simplifycfg -dce -globaldce -basicaa -aggr-aa -aggrmodref-aa -aggr-aa -dse -duplicate-dataflow-processes -globaldce -instcombine -array-partition -prepare-dynamic-array-partition -instcombine -simplifycfg -dce -ptrArgReplace -global-constprop -deadargelim -mem2reg -func-legal -dce -global-constprop -deadargelim -mem2reg -simplifycfg -dce -merge-param -deadargelim -globalopt -constprop -dce -array-promote -scalar-auto-dep-elim -constprop -dce -ptrArgReplace -mem2reg -simplifycfg -dce -mem-intrinsic-preproc -dce -global-internalize -global-privatize -mem2reg -globaldce -promote-global-argument -ptrArgReplace -mem2reg -dce -globalopt -mergereturn -simplify-global-access -mem2reg -dce -pointer-simplify -dce -functionattrs -basicaa -aggr-aa -aggrmodref-aa -aggr-aa -gvn -gvn -basicaa -aggr-aa -aggrmodref-aa -aggr-aa -dse -adse -adce -dce -norm-name -basicaa -aggr-aa -aggrmodref-aa -aggr-aa -accesses-merge -function-inline -complex-op-raise -inst-simplify -globaldce -func-legal -dce -loop-bound -arraycheck -bitwidthmin2 -bitwidthmin2 -on-by-dataflow -loop-delete -instcombine -simplifycfg -globaldce -dce -gvn -deadargelim -dce -loop-simplify -clean-region -simplifycfg -propagate-stable-arguments -loop-stream -instcombine -simplifycfg -dce -globaldce -duplicate-dataflow-processes -stream-intrinsic-preproc -dce -check-ap-stream -loop-simplify -eliminate-keepreads -extract-dataflow-in-loop -loop-simplify -dce -gvn -deadargelim -dse -duplicate-dataflow-processes -check-dataflow-syntax -legalize-stream-variable -globaldce -legalize-global -extract-subproc -dce -dead-channel-elimination -canonicalize-gep -globaldce -dce -gvn -hls-dead-arg-elim -deadargelim -directive-preproc -canonicalize-dataflow -dce -globaldce -scalar-preprocessing -scalar-propagation2 -deadargelim -globaldce -mem2reg -check-dataflow-channels -function-stream -dce -globaldce -prop-fifo-spec -internal-stream-gen -canonicalize-gep -globaldce -dce -gvn -deadargelim -mergereturn -indvars -loop-simplify -instcombine -array-stream -array-seg-normalize -array-partition -func-legal -instcombine -simplifycfg -dce -bundle-memfifo-ops -deadargelim -directive-preproc -mem2reg -dse -dce -group-axi-access -licm -simplifycfg -dce -loop-delete -hls-display -norm-name C:/Users/Baron/Desktop/EE_278_Repo/EE_278/vivado_projects/HLS/fir/fir_solution/.autopilot/db/a.o.1.bc -o C:/Users/Baron/Desktop/EE_278_Repo/EE_278/vivado_projects/HLS/fir/fir_solution/.autopilot/db/a.o.1.tmp.bc -f 
INFO: [XFORM 203-510] Pipelining loop 'Shift_Accum_Loop' (HLS_Code/fir.c:15) in function 'fir' automatically.
INFO-FLOW: Presyn 2...
Execute         transform -hls -keep-callgraph -scalarrepl -mem2reg -port-alignment -attach-range -dce -pipe-mux-gen -indvars -loop-bound -inst-simplify -instcombine -dce -merge-array-access -mem2reg -dce -clean-region -mergereturn -if-conv -instcombine -dce -constprop -basicaa -aggr-aa -aggrmodref-aa -aggr-aa -gvn -gvn -basicaa -aggr-aa -aggrmodref-aa -aggr-aa -dse -adse -adce -scalarrepl -mem2reg -global-constprop -deadargelim -deadargelim -instcombine -dce -simplifycfg -ptrArgReplace -mem2reg -function-inline -globaldce -mem2reg -instcombine -dce -expr-balance -instcombine -dce -bitwidthmin2 -bitwidthmin2 -interface-preproc -directive-preproc -inst-rectify -instcombine -dce -functionattrs -constprop -instcombine -bit-constprop -simplify-global-access -globalopt -globaldce -inst-simplify -instcombine -elimdeaddata -dce -loop-delete -simplifycfg -loop-simplify -barrier -norm-name C:/Users/Baron/Desktop/EE_278_Repo/EE_278/vivado_projects/HLS/fir/fir_solution/.autopilot/db/a.o.1.tmp.bc -o C:/Users/Baron/Desktop/EE_278_Repo/EE_278/vivado_projects/HLS/fir/fir_solution/.autopilot/db/a.o.2.bc -f -phase presyn 
INFO: [HLS 200-111] Finished Loop, function and other optimizations: CPU user time: 0 seconds. CPU system time: 0 seconds. Elapsed time: 0.044 seconds; current allocated memory: 136.746 MB.
INFO-FLOW: Building ssdm...
Execute         transform -hls -auto-function-inline -globaldce -ptrArgReplace -mem2reg -dce -reset-lda -loop-simplify -indvars -aggr-aa -licm -loop-dep -loop-bound -licm -loop-simplify -loop-sink-hoist -flattenloopnest -array-flatten -gvn -instcombine -dce -array-map -dce -func-legal -gvn -adce -instcombine -cfgopt -simplifycfg-lite -loop-simplify -array-burst -promote-global-argument -dce -array-seg-normalize -basicaa -aggrmodref-aa -globalsmodref-aa -aggr-aa -gvn -gvn -basicaa -aggrmodref-aa -globalsmodref-aa -aggr-aa -dse -adse -adce -licm -inst-simplify -dce -globaldce -instcombine -array-stream -eliminate-keepreads -instcombine -dce -deadargelim -doublePtrSimplify -doublePtrElim -dce -doublePtrSimplify -promote-dbg-pointer -dce -scalarrepl -mem2reg -norm-name -mem2reg -instcombine -dse -adse -adce -ptrLegalization -dce -auto-rom-infer -array-flatten -dce -instcombine -check-doubleptr -loop-rot -constprop -cfgopt -simplifycfg-lite -loop-simplify -indvars -pointer-simplify -dce -loop-bound -loop-simplify -loop-preproc -constprop -global-constprop -gvn -mem2reg -instcombine -dce -loop-bound -loop-merge -dce -deadargelim -dce -canonicalize-dataflow -dce -deadargelim -globaldce -mem2reg -bram-byte-enable -load-elim -read-loop-dep -loop-simplify -loop-extract-inner -directive-preproc -bitwidthmin2 -bitwidthmin2 -read-loop-dep -interface-preproc -directive-preproc -interface-gen -bram-byte-enable-spec-prop -deadargelim -inst-simplify -dce -gvn -mem2reg -instcombine -dce -adse -loop-bound -instcombine -cfgopt -simplifycfg-lite -loop-simplify -clean-region -io-protocol -find-region -mem2reg -bitop-raise -complex-op-raise -inst-simplify -inst-rectify -instcombine -adce -deadargelim -float-op-raise -loop-simplify -phi-opt -bitop-raise -cfgopt -simplifycfg-lite -strip-dead-prototypes -interface-lower -bitop-lower -intrinsic-lower -auto-function-inline -basicaa -aggrmodref-aa -globalsmodref-aa -aggr-aa -inst-simplify -simplifycfg-lite -loop-simplify -mergereturn -inst-simplify -inst-rectify -globaldce -dce -load-elim -bitop-lower -float-op-raise -fma-raise -loop-rewind -pointer-simplify -dce -cfgopt -dce -loop-bound -loop-dep -read-loop-dep -dce -dyn-mem-reuse -dce -recurrence-min -dce -share-scalar-alloca -deadargelim -dce -check-stream -norm-name -legalize -validate-dataflow -inst-clarity -bitwidth -dce -dump-loop-dep-to-ir -check-all-ssdm -dump-complexity-metric -cdfg-build C:/Users/Baron/Desktop/EE_278_Repo/EE_278/vivado_projects/HLS/fir/fir_solution/.autopilot/db/a.o.2.bc -o C:/Users/Baron/Desktop/EE_278_Repo/EE_278/vivado_projects/HLS/fir/fir_solution/.autopilot/db/a.o.3.bc -f -phase build-ssdm 
Execute           auto_get_db
INFO: [HLS 200-111] Finished Architecture Synthesis: CPU user time: 0 seconds. CPU system time: 0 seconds. Elapsed time: 0.03 seconds; current allocated memory: 136.750 MB.
INFO-FLOW: Finish building internal data model.
Command       opt_and_import_c done; 0.123 sec.
Command     elaborate done; 4.369 sec.
Execute     ap_eval exec zip -j C:/Users/Baron/Desktop/EE_278_Repo/EE_278/vivado_projects/HLS/fir/fir_solution/.autopilot/db/dut.hcp $dbDir/a.o.3.bc $dbDir/${topname}.rtl_wrap.cfg.tcl $dbDir/apatb_${topname}.cpp $dbDir/apatb_${topname}_util.cpp $dbDir/apatb_${topname}_ir.ll $dbDir/mapper_${topname}.cpp $dbDir/top-io-fe.xml $dbDir/kernel.internal.xml $workdir/../hls.app 
Execute     autosyn -from_csynth_design=1 
INFO: [HLS 200-10] Starting hardware synthesis ...
INFO-FLOW: Synthesizing C/C++ design ...
INFO: [HLS 200-10] Synthesizing 'fir' ...
Execute       ap_set_top_model fir 
Execute       get_model_list fir -filter all-wo-channel -topdown 
Execute       preproc_iomode -model fir 
Execute       get_model_list fir -filter all-wo-channel 
INFO-FLOW: Model list for configure: fir
INFO-FLOW: Configuring Module : fir ...
Execute       set_default_model fir 
Execute       apply_spec_resource_limit fir 
INFO-FLOW: Model list for preprocess: fir
INFO-FLOW: Preprocessing Module: fir ...
Execute       set_default_model fir 
Execute       cdfg_preprocess -model fir 
Execute       rtl_gen_preprocess fir 
INFO-FLOW: Model list for synthesis: fir
INFO: [HLS 200-10] ----------------------------------------------------------------
INFO: [HLS 200-42] -- Implementing module 'fir' 
INFO: [HLS 200-10] ----------------------------------------------------------------
Execute       set_default_model fir 
Execute       schedule -model fir 
INFO: [SCHED 204-11] Starting scheduling ...
INFO: [SCHED 204-61] Pipelining loop 'Shift_Accum_Loop'.
INFO: [HLS 200-1470] Pipelining result : Target II = NA, Final II = 1, Depth = 5, loop 'Shift_Accum_Loop'
INFO: [SCHED 204-11] Finished scheduling.
Command       schedule done; 0.101 sec.
INFO: [HLS 200-111] Finished Scheduling: CPU user time: 0 seconds. CPU system time: 0 seconds. Elapsed time: 0.21 seconds; current allocated memory: 136.750 MB.
Execute       syn_report -verbosereport -o C:/Users/Baron/Desktop/EE_278_Repo/EE_278/vivado_projects/HLS/fir/fir_solution/.autopilot/db/fir.verbose.sched.rpt 
Execute         list_part -family xa7z010-clg225-1I 
Execute           ap_family_info -name xa7z010-clg225-1I -data names 
Execute           ap_part_info -quiet -name xa7z010-clg225-1I -data family 
Execute       db_write -o C:/Users/Baron/Desktop/EE_278_Repo/EE_278/vivado_projects/HLS/fir/fir_solution/.autopilot/db/fir.sched.adb -f 
INFO-FLOW: Finish scheduling fir.
Execute       set_default_model fir 
Execute       bind -model fir 
INFO: [BIND 205-100] Starting micro-architecture generation ...
INFO: [BIND 205-101] Performing variable lifetime analysis.
INFO: [BIND 205-101] Exploring resource sharing.
INFO: [BIND 205-101] Binding ...
INFO: [BIND 205-100] Finished micro-architecture generation.
INFO: [HLS 200-111] Finished Binding: CPU user time: 0 seconds. CPU system time: 0 seconds. Elapsed time: 0.118 seconds; current allocated memory: 136.750 MB.
Execute       syn_report -verbosereport -o C:/Users/Baron/Desktop/EE_278_Repo/EE_278/vivado_projects/HLS/fir/fir_solution/.autopilot/db/fir.verbose.bind.rpt 
Execute         list_part -family xa7z010-clg225-1I 
Execute           ap_family_info -name xa7z010-clg225-1I -data names 
Execute           ap_part_info -quiet -name xa7z010-clg225-1I -data family 
Execute       db_write -o C:/Users/Baron/Desktop/EE_278_Repo/EE_278/vivado_projects/HLS/fir/fir_solution/.autopilot/db/fir.bind.adb -f 
INFO-FLOW: Finish binding fir.
Execute       get_model_list fir -filter all-wo-channel 
INFO-FLOW: Preprocessing for RTLGen ...
Execute       rtl_gen_preprocess fir 
INFO-FLOW: Model list for RTL generation: fir
INFO: [HLS 200-10] ----------------------------------------------------------------
INFO: [HLS 200-10] -- Generating RTL for module 'fir' 
INFO: [HLS 200-10] ----------------------------------------------------------------
Execute       create_rtl_model fir -top_prefix  -sub_prefix fir_ -mg_file C:/Users/Baron/Desktop/EE_278_Repo/EE_278/vivado_projects/HLS/fir/fir_solution/.autopilot/db/fir.compgen.tcl 
WARNING: [RTGEN 206-101] Design contains AXI ports. Reset is fixed to synchronous and active low.
INFO: [RTGEN 206-500] Setting interface mode on port 'fir/y' to 'ap_vld'.
INFO: [RTGEN 206-500] Setting interface mode on port 'fir/x' to 'ap_none'.
INFO: [RTGEN 206-500] Setting interface mode on function 'fir' to 's_axilite & ap_ctrl_hs'.
WARNING: [HLS 200-2049] Adding the rewind optimization to the pipelined process 'Shift_Accum_Loop' with inout ports inside a dataflow region can result in the creation of loop-carried dependencies and errors. Use caution when adding the rewind optimization to such loops.
INFO: [HLS 200-1030] Apply Unified Pipeline Control on module 'fir' pipeline 'Shift_Accum_Loop' pipeline type 'loop pipeline'
INFO: [RTGEN 206-100] Bundling port 'return' to AXI-Lite port fir_io.
INFO: [RTGEN 206-100] Generating core module 'mul_7s_32s_32_2_1': 1 instance(s).
INFO: [RTGEN 206-100] Finished creating RTL model for 'fir'.
INFO: [RTMG 210-278] Implementing memory 'fir_shift_reg_RAM_AUTO_1R1W' using auto RAMs.
INFO: [RTMG 210-279] Implementing memory 'fir_c_ROM_AUTO_1R' using auto ROMs.
Command       create_rtl_model done; 0.102 sec.
INFO: [HLS 200-111] Finished Creating RTL model: CPU user time: 0 seconds. CPU system time: 0 seconds. Elapsed time: 0.163 seconds; current allocated memory: 138.957 MB.
Execute       source C:/Users/Baron/Desktop/EE_278_Repo/EE_278/vivado_projects/HLS/fir/fir_solution/.autopilot/db/fir.rtl_wrap.cfg.tcl 
Execute       gen_rtl fir -istop -style xilinx -f -lang vhdl -o C:/Users/Baron/Desktop/EE_278_Repo/EE_278/vivado_projects/HLS/fir/fir_solution/syn/vhdl/fir 
Execute       gen_rtl fir -istop -style xilinx -f -lang vlog -o C:/Users/Baron/Desktop/EE_278_Repo/EE_278/vivado_projects/HLS/fir/fir_solution/syn/verilog/fir 
Execute       syn_report -csynth -model fir -o C:/Users/Baron/Desktop/EE_278_Repo/EE_278/vivado_projects/HLS/fir/fir_solution/syn/report/fir_csynth.rpt 
Execute         list_part -family xa7z010-clg225-1I 
Execute           ap_family_info -name xa7z010-clg225-1I -data names 
Execute           ap_part_info -quiet -name xa7z010-clg225-1I -data family 
Execute       syn_report -rtlxml -model fir -o C:/Users/Baron/Desktop/EE_278_Repo/EE_278/vivado_projects/HLS/fir/fir_solution/syn/report/fir_csynth.xml 
Execute         list_part -family xa7z010-clg225-1I 
Execute           ap_family_info -name xa7z010-clg225-1I -data names 
Execute           ap_part_info -quiet -name xa7z010-clg225-1I -data family 
Execute       syn_report -verbosereport -model fir -o C:/Users/Baron/Desktop/EE_278_Repo/EE_278/vivado_projects/HLS/fir/fir_solution/.autopilot/db/fir.verbose.rpt 
Execute         list_part -family xa7z010-clg225-1I 
Execute           ap_family_info -name xa7z010-clg225-1I -data names 
Execute           ap_part_info -quiet -name xa7z010-clg225-1I -data family 
Execute       db_write -model fir -f -o C:/Users/Baron/Desktop/EE_278_Repo/EE_278/vivado_projects/HLS/fir/fir_solution/.autopilot/db/fir.adb 
Execute       db_write -model fir -bindview -o C:/Users/Baron/Desktop/EE_278_Repo/EE_278/vivado_projects/HLS/fir/fir_solution/.autopilot/db/design.bindinfo.xml 
Execute       gen_tb_info fir -p C:/Users/Baron/Desktop/EE_278_Repo/EE_278/vivado_projects/HLS/fir/fir_solution/.autopilot/db -o C:/Users/Baron/Desktop/EE_278_Repo/EE_278/vivado_projects/HLS/fir/fir_solution/.autopilot/db/fir 
Execute       export_constraint_db -f -tool general -o C:/Users/Baron/Desktop/EE_278_Repo/EE_278/vivado_projects/HLS/fir/fir_solution/.autopilot/db/fir.constraint.tcl 
Execute       syn_report -designview -model fir -o C:/Users/Baron/Desktop/EE_278_Repo/EE_278/vivado_projects/HLS/fir/fir_solution/.autopilot/db/fir.design.xml 
Execute       syn_report -csynthDesign -model fir -o C:/Users/Baron/Desktop/EE_278_Repo/EE_278/vivado_projects/HLS/fir/fir_solution/syn/report/csynth.rpt -MHOut C:/Users/Baron/Desktop/EE_278_Repo/EE_278/vivado_projects/HLS/fir/fir_solution/.autopilot/db/kernel_module_hierarchy.tcl 
Execute         list_part -family xa7z010-clg225-1I 
Execute           ap_family_info -name xa7z010-clg225-1I -data names 
Execute           ap_part_info -quiet -name xa7z010-clg225-1I -data family 
Execute       syn_report -wcfg -model fir -o C:/Users/Baron/Desktop/EE_278_Repo/EE_278/vivado_projects/HLS/fir/fir_solution/.autopilot/db/fir_dataflow_ana.wcfg 
Execute       syn_report -protoinst -model fir -o C:/Users/Baron/Desktop/EE_278_Repo/EE_278/vivado_projects/HLS/fir/fir_solution/.autopilot/db/fir.protoinst 
Execute       sc_get_clocks fir 
Execute       sc_get_portdomain fir 
INFO-FLOW: Model list for RTL component generation: fir
INFO-FLOW: Handling components in module [fir] ... 
Execute       source C:/Users/Baron/Desktop/EE_278_Repo/EE_278/vivado_projects/HLS/fir/fir_solution/.autopilot/db/fir.compgen.tcl 
INFO-FLOW: Found component fir_mul_7s_32s_32_2_1.
INFO-FLOW: Append model fir_mul_7s_32s_32_2_1
INFO-FLOW: Found component fir_shift_reg_RAM_AUTO_1R1W.
INFO-FLOW: Append model fir_shift_reg_RAM_AUTO_1R1W
INFO-FLOW: Found component fir_c_ROM_AUTO_1R.
INFO-FLOW: Append model fir_c_ROM_AUTO_1R
INFO-FLOW: Found component fir_fir_io_s_axi.
INFO-FLOW: Append model fir_fir_io_s_axi
INFO-FLOW: Found component fir_flow_control_loop_pipe.
INFO-FLOW: Append model fir_flow_control_loop_pipe
INFO-FLOW: Append model fir
INFO-FLOW: Generating RTL model list ...
INFO-FLOW: All models in this session: fir_mul_7s_32s_32_2_1 fir_shift_reg_RAM_AUTO_1R1W fir_c_ROM_AUTO_1R fir_fir_io_s_axi fir_flow_control_loop_pipe fir
INFO-FLOW: Generating C:/Users/Baron/Desktop/EE_278_Repo/EE_278/vivado_projects/HLS/fir/fir_solution/.autopilot/db/autopilot.rtl.models.txt file...
INFO-FLOW: To file: write model fir_mul_7s_32s_32_2_1
INFO-FLOW: To file: write model fir_shift_reg_RAM_AUTO_1R1W
INFO-FLOW: To file: write model fir_c_ROM_AUTO_1R
INFO-FLOW: To file: write model fir_fir_io_s_axi
INFO-FLOW: To file: write model fir_flow_control_loop_pipe
INFO-FLOW: To file: write model fir
INFO-FLOW: Generating C:/Users/Baron/Desktop/EE_278_Repo/EE_278/vivado_projects/HLS/fir/fir_solution/.autopilot/db/autopilot.rtl.models.tcl file...
INFO-FLOW: Finished generating RTL model list.


INFO-FLOW: RTL Generation done.
INFO-FLOW: CAS Generation done.
INFO-FLOW: CBC Generation done.
INFO-FLOW: DBG:PROC: ::AESL_AUTOMG::auto_generate_csynth_design
INFO-FLOW: DBG:PUTS: read_platform_lib C:/Users/Baron/Desktop/EE_278_Repo/EE_278/vivado_projects/HLS/fir/fir_solution/.autopilot/db/global.setting.tcl
Execute       source Z:/Xilinx/Vitis_HLS/2023.1/common/technology/generic/autopilot/common.gen 
Execute         source Z:/Xilinx/Vitis_HLS/2023.1/common/technology/generic/autopilot/APCoreGen.gen 
Execute       source Z:/Xilinx/Vitis_HLS/2023.1/common/technology/generic/autopilot/op.gen 
Execute       source Z:/Xilinx/Vitis_HLS/2023.1/common/technology/generic/autopilot/op_simcore.gen 
Execute       source Z:/Xilinx/Vitis_HLS/2023.1/common/technology/generic/autopilot/interface.gen 
Execute       source C:/Users/Baron/Desktop/EE_278_Repo/EE_278/vivado_projects/HLS/fir/fir_solution/.autopilot/db/global.setting.tcl 
Execute       source Z:/Xilinx/Vitis_HLS/2023.1/common/technology/xilinx/common/xilinx.gen 
Execute         source Z:/Xilinx/Vitis_HLS/2023.1/common/technology/xilinx/interface/plb46.gen 
Execute         source Z:/Xilinx/Vitis_HLS/2023.1/common/technology/xilinx/interface/axi4.gen 
Execute         source Z:/Xilinx/Vitis_HLS/2023.1/common/technology/xilinx/interface/nativeAXI4.gen 
Execute           source Z:/Xilinx/Vitis_HLS/2023.1/common/technology/xilinx/interface/saxilite.gen 
Execute         source Z:/Xilinx/Vitis_HLS/2023.1/common/technology/xilinx/scripts/xilinxcoregen.gen 
Execute         source Z:/Xilinx/Vitis_HLS/2023.1/common/technology/xilinx/interface/XilEDKCoreGen.gen 
Execute         source Z:/Xilinx/Vitis_HLS/2023.1/common/technology/xilinx/ip/dds_compiler.gen 
Execute         source Z:/Xilinx/Vitis_HLS/2023.1/common/technology/xilinx/ip/util.gen 
Execute         source Z:/Xilinx/Vitis_HLS/2023.1/common/technology/xilinx/ip/xfft.gen 
Execute         source Z:/Xilinx/Vitis_HLS/2023.1/common/technology/xilinx/ip/xfir.gen 
Execute         source Z:/Xilinx/Vitis_HLS/2023.1/common/technology/xilinx/DSP48/dsp48.gen 
Command       ap_source done; 0.123 sec.
INFO-FLOW: DBG:PUTS:   using AESL_AUTOCG::g_clock_period=10.000 (was NA)
INFO-FLOW: DBG:PROC: ::AESL_AUTOMG::generate_ip_cores gen_sim_model='1' gen_fp_models='0' gen_for_export='0' dstSCDir='' dstVhdlDir='C:/Users/Baron/Desktop/EE_278_Repo/EE_278/vivado_projects/HLS/fir/fir_solution/.autopilot/db/vhdl' dstVlogDir='C:/Users/Baron/Desktop/EE_278_Repo/EE_278/vivado_projects/HLS/fir/fir_solution/.autopilot/db/vlog' tclDir='C:/Users/Baron/Desktop/EE_278_Repo/EE_278/vivado_projects/HLS/fir/fir_solution/.autopilot/db' modelList='fir_mul_7s_32s_32_2_1
fir_shift_reg_RAM_AUTO_1R1W
fir_c_ROM_AUTO_1R
fir_fir_io_s_axi
fir_flow_control_loop_pipe
fir
' expOnly='0'
Execute       source C:/Users/Baron/Desktop/EE_278_Repo/EE_278/vivado_projects/HLS/fir/fir_solution/.autopilot/db/global.setting.tcl 
Execute       ap_part_info -name xa7z010-clg225-1I -data names -quiet 
Execute       ap_part_info -name xa7z010-clg225-1I -data info -quiet 
Execute       source C:/Users/Baron/Desktop/EE_278_Repo/EE_278/vivado_projects/HLS/fir/fir_solution/.autopilot/db/global.setting.tcl 
Execute       source C:/Users/Baron/Desktop/EE_278_Repo/EE_278/vivado_projects/HLS/fir/fir_solution/.autopilot/db/global.setting.tcl 
Execute       source C:/Users/Baron/Desktop/EE_278_Repo/EE_278/vivado_projects/HLS/fir/fir_solution/.autopilot/db/fir.compgen.tcl 
Execute         source ./fir_io.slave.tcl 
INFO: [HLS 200-111] Finished Generating all RTL models: CPU user time: 1 seconds. CPU system time: 0 seconds. Elapsed time: 0.713 seconds; current allocated memory: 144.688 MB.
INFO-FLOW: DBG:PROC: ::HLSREPORTS::create_csynth_xml bind_info_var='bind_info' RtlSubPrefix='fir_' outfile=''
INFO-FLOW: Running: create_csynth_xml read xml data
INFO-FLOW: Done: create_csynth_xml read xml data time: 0 seconds per iteration
INFO-FLOW: Running: create_csynth_xml bind info
INFO-FLOW: Done: create_csynth_xml bind info time: 0 seconds per iteration
INFO-FLOW: Running: create_csynth_xml config info
INFO-FLOW: Done: create_csynth_xml config info time: 0.6 seconds per iteration
INFO-FLOW: Running: create_csynth_xml write xml
INFO-FLOW: Done: create_csynth_xml write xml time: 0 seconds per iteration
INFO-FLOW: DBG:PUTS:      create_csynth_xml wrote csynth_xml=C:/Users/Baron/Desktop/EE_278_Repo/EE_278/vivado_projects/HLS/fir/fir_solution/syn/report/csynth.xml
INFO-FLOW: DBG:PROC: ::AP::DESIGN_DATA::generate_json generate_bd_files='0' generate_xo_files='0' modelList='fir_mul_7s_32s_32_2_1
fir_shift_reg_RAM_AUTO_1R1W
fir_c_ROM_AUTO_1R
fir_fir_io_s_axi
fir_flow_control_loop_pipe
fir
' rtl_lang='both' bootstrap_tcl='false' outdir='' outfilename=''
Execute       source C:/Users/Baron/Desktop/EE_278_Repo/EE_278/vivado_projects/HLS/fir/fir_solution/.autopilot/db/global.setting.tcl 
Execute       source C:/Users/Baron/Desktop/EE_278_Repo/EE_278/vivado_projects/HLS/fir/fir_solution/.autopilot/db/global.setting.tcl 
Execute       source C:/Users/Baron/Desktop/EE_278_Repo/EE_278/vivado_projects/HLS/fir/fir_solution/.autopilot/db/top-io-be.tcl 
Execute       source C:/Users/Baron/Desktop/EE_278_Repo/EE_278/vivado_projects/HLS/fir/fir_solution/.autopilot/db/fir.tbgen.tcl 
Execute       source C:/Users/Baron/Desktop/EE_278_Repo/EE_278/vivado_projects/HLS/fir/fir_solution/.autopilot/db/fir.compgen.dataonly.tcl 
Execute       source C:/Users/Baron/Desktop/EE_278_Repo/EE_278/vivado_projects/HLS/fir/fir_solution/.autopilot/db/fir.compgen.dataonly.tcl 
Execute       source C:/Users/Baron/Desktop/EE_278_Repo/EE_278/vivado_projects/HLS/fir/fir_solution/.autopilot/db/fir.rtl_wrap.cfg.tcl 
Execute       source C:/Users/Baron/Desktop/EE_278_Repo/EE_278/vivado_projects/HLS/fir/fir_solution/.autopilot/db/fir.compgen.dataonly.tcl 
Execute       source C:/Users/Baron/Desktop/EE_278_Repo/EE_278/vivado_projects/HLS/fir/fir_solution/.autopilot/db/fir.tbgen.tcl 
Execute       source C:/Users/Baron/Desktop/EE_278_Repo/EE_278/vivado_projects/HLS/fir/fir_solution/.autopilot/db/global.setting.tcl 
Execute       ap_part_info -name xa7z010-clg225-1I -data names -quiet 
Execute       ap_part_info -name xa7z010-clg225-1I -data info -quiet 
Execute       source C:/Users/Baron/Desktop/EE_278_Repo/EE_278/vivado_projects/HLS/fir/fir_solution/.autopilot/db/fir.constraint.tcl 
Execute       sc_get_clocks fir 
Execute       source C:/Users/Baron/Desktop/EE_278_Repo/EE_278/vivado_projects/HLS/fir/fir_solution/.autopilot/db/global.setting.tcl 
INFO-FLOW: DBG:PROC: ::HLSREPORTS::add_csynth_report_sections bind_info_dict='adapter_nodes {{BINDTYPE adapter DISPLAY {bind_adapter axilite} ID {} IMPL {} LATENCY {} OPTYPE {} PRAGMA yes RTLNAME fir_io_s_axi_U SOURCE {} VARIABLE {} MODULE fir LOOP {} BUNDLEDNAME fir_io DSP 0 BRAM 0 URAM 0}} report_dict {TOPINST fir MODULE2INSTS {fir fir} INST2MODULE {fir fir} INSTDATA {fir {DEPTH 1 CHILDREN {}}} MODULEDATA {fir {BINDINFO {{BINDTYPE op ID {} IMPL fabric LATENCY 0 OPTYPE add PRAGMA {} RTLNAME add_ln20_fu_164_p2 SOURCE HLS_Code/fir.c:20 VARIABLE add_ln20 LOOP Shift_Accum_Loop BUNDLEDNAME {} DSP 0 BRAM 0 URAM 0 DISPNAME {bind_op add}} {BINDTYPE op ID {} IMPL auto LATENCY 1 OPTYPE mul PRAGMA {} RTLNAME mul_7s_32s_32_2_1_U1 SOURCE HLS_Code/fir.c:21 VARIABLE mul_ln21 LOOP Shift_Accum_Loop BUNDLEDNAME {} DSP 2 BRAM 0 URAM 0 DISPNAME {bind_op mul}} {BINDTYPE op ID {} IMPL fabric LATENCY 0 OPTYPE add PRAGMA {} RTLNAME acc_1_fu_193_p2 SOURCE HLS_Code/fir.c:21 VARIABLE acc_1 LOOP Shift_Accum_Loop BUNDLEDNAME {} DSP 0 BRAM 0 URAM 0 DISPNAME {bind_op add}} {BINDTYPE op ID {} IMPL fabric LATENCY 0 OPTYPE add PRAGMA {} RTLNAME add_ln15_fu_175_p2 SOURCE HLS_Code/fir.c:15 VARIABLE add_ln15 LOOP Shift_Accum_Loop BUNDLEDNAME {} DSP 0 BRAM 0 URAM 0 DISPNAME {bind_op add}} {BINDTYPE storage ID {} IMPL auto LATENCY 1 OPTYPE ram_t2p PRAGMA {} RTLNAME shift_reg_U SOURCE {} VARIABLE shift_reg LOOP {} BUNDLEDNAME {} DSP 0 BRAM 0 URAM 0 DISPNAME {bind_storage ram_t2p}} {BINDTYPE storage ID {} IMPL auto LATENCY 1 OPTYPE rom_1p PRAGMA {} RTLNAME c_U SOURCE {} VARIABLE c LOOP {} BUNDLEDNAME {} DSP 0 BRAM 0 URAM 0 DISPNAME {bind_storage rom_1p}}} AREA {DSP 2 BRAM 0 URAM 0}}}}'
INFO-FLOW: DBG:PUTS:      update_csynth_reports json2rpt_hw_sw_interfaces
INFO-FLOW: Running: gen_csynth_sec_pragma
INFO-FLOW: Done: gen_csynth_sec_pragma time: 0 seconds per iteration
INFO-FLOW: DBG:PUTS:      update_csynth_reports wrote xml
INFO-FLOW: DBG:PUTS:      update_csynth_reports appended to csynth rpt file
INFO: [HLS 200-111] Finished Updating report files: CPU user time: 0 seconds. CPU system time: 1 seconds. Elapsed time: 0.961 seconds; current allocated memory: 149.938 MB.
INFO: [VHDL 208-304] Generating VHDL RTL for fir.
INFO: [VLOG 209-307] Generating Verilog RTL for fir.
Execute       syn_report -model fir -printsummary 
INFO: [HLS 200-790] **** Loop Constraint Status: All loop constraints were satisfied.
INFO: [HLS 200-789] **** Estimated Fmax: 144.68 MHz
Command     autosyn done; 2.16 sec.
Command   csynth_design done; 6.732 sec.
INFO: [HLS 200-111] Finished Command csynth_design CPU user time: 1 seconds. CPU system time: 1 seconds. Elapsed time: 6.733 seconds; current allocated memory: 42.613 MB.
Command ap_source done; 8.188 sec.
Execute cleanup_all 
INFO-FLOW: Workspace C:/Users/Baron/Desktop/EE_278_Repo/EE_278/vivado_projects/HLS/fir/fir_solution opened at Sun Oct 06 20:19:31 -0700 2024
Execute     ap_set_clock -name default -period 10 -default=false 
INFO: [SYN 201-201] Setting up clock 'default' with a period of 10ns.
Execute     set_part xa7z010-clg225-1I 
Execute       create_platform xa7z010-clg225-1I -board  
DBG:HLSDevice: Trying to load device library: Z:/Xilinx/Vitis_HLS/2023.1\lib\win64.o\xv_hlsvwrap.dll
DBG:HLSDevice: first parts/arch.xml in RDI_DATADIR: Z:/Xilinx/Vivado/2023.1/data/parts/arch.xml
DBG:HLSDevice: init success
INFO: [HLS 200-1611] Setting target device to 'xa7z010-clg225-1I'
Command       create_platform done; 0.983 sec.
Execute       source Z:/Xilinx/Vitis_HLS/2023.1/common/technology/xilinx/common/xilinx.gen 
Execute         source Z:/Xilinx/Vitis_HLS/2023.1/common/technology/xilinx/interface/plb46.gen 
Execute         source Z:/Xilinx/Vitis_HLS/2023.1/common/technology/xilinx/interface/axi4.gen 
Execute         source Z:/Xilinx/Vitis_HLS/2023.1/common/technology/xilinx/interface/nativeAXI4.gen 
Execute           source Z:/Xilinx/Vitis_HLS/2023.1/common/technology/xilinx/interface/saxilite.gen 
Execute         source Z:/Xilinx/Vitis_HLS/2023.1/common/technology/xilinx/scripts/xilinxcoregen.gen 
Execute         source Z:/Xilinx/Vitis_HLS/2023.1/common/technology/xilinx/interface/XilEDKCoreGen.gen 
Execute         source Z:/Xilinx/Vitis_HLS/2023.1/common/technology/xilinx/ip/dds_compiler.gen 
Execute         source Z:/Xilinx/Vitis_HLS/2023.1/common/technology/xilinx/ip/util.gen 
Execute         source Z:/Xilinx/Vitis_HLS/2023.1/common/technology/xilinx/ip/xfft.gen 
Command         ap_source done; 0.107 sec.
Execute         source Z:/Xilinx/Vitis_HLS/2023.1/common/technology/xilinx/ip/xfir.gen 
Execute         source Z:/Xilinx/Vitis_HLS/2023.1/common/technology/xilinx/DSP48/dsp48.gen 
Command       ap_source done; 0.14 sec.
Execute       ap_part_info -name xa7z010-clg225-1I -data info 
Execute       config_compile -quiet -complex-mul-dsp=0 
Command     set_part done; 1.147 sec.
Execute     send_msg_by_id INFO @200-1505@%s%s  vivado 
INFO: [HLS 200-1505] Using flow_target 'vivado'
Command   open_solution done; 1.288 sec.
Execute   set_part xa7z010clg225-1I 
INFO: [HLS 200-1510] Running: set_part xa7z010clg225-1I 
Execute     create_platform xa7z010clg225-1I -board  
Execute     source Z:/Xilinx/Vitis_HLS/2023.1/common/technology/xilinx/common/xilinx.gen 
Execute       source Z:/Xilinx/Vitis_HLS/2023.1/common/technology/xilinx/interface/plb46.gen 
Execute       source Z:/Xilinx/Vitis_HLS/2023.1/common/technology/xilinx/interface/axi4.gen 
Execute       source Z:/Xilinx/Vitis_HLS/2023.1/common/technology/xilinx/interface/nativeAXI4.gen 
Execute         source Z:/Xilinx/Vitis_HLS/2023.1/common/technology/xilinx/interface/saxilite.gen 
Execute       source Z:/Xilinx/Vitis_HLS/2023.1/common/technology/xilinx/scripts/xilinxcoregen.gen 
Execute       source Z:/Xilinx/Vitis_HLS/2023.1/common/technology/xilinx/interface/XilEDKCoreGen.gen 
Execute       source Z:/Xilinx/Vitis_HLS/2023.1/common/technology/xilinx/ip/dds_compiler.gen 
Execute       source Z:/Xilinx/Vitis_HLS/2023.1/common/technology/xilinx/ip/util.gen 
Execute       source Z:/Xilinx/Vitis_HLS/2023.1/common/technology/xilinx/ip/xfft.gen 
Execute       source Z:/Xilinx/Vitis_HLS/2023.1/common/technology/xilinx/ip/xfir.gen 
Execute       source Z:/Xilinx/Vitis_HLS/2023.1/common/technology/xilinx/DSP48/dsp48.gen 
Command     ap_source done; 0.124 sec.
Execute     ap_part_info -name xa7z010-clg225-1I -data info 
Execute     config_compile -quiet -complex-mul-dsp=0 
Command   set_part done; 0.161 sec.
Execute   create_clock -period 10 -name default 
INFO: [HLS 200-1510] Running: create_clock -period 10 -name default 
Execute   csim_design -quiet 
INFO: [HLS 200-1510] Running: csim_design -quiet 
INFO-FLOW: Running SLX 'csim' proc: ::SLX::run_csim
Execute     source C:/Users/Baron/Desktop/EE_278_Repo/EE_278/vivado_projects/HLS/fir/fir_solution/.autopilot/db/global.setting.tcl 
INFO: [SIM 211-2] *************** CSIM start ***************
INFO: [SIM 211-4] CSIM will launch GCC as the compiler.
Execute     source csim/.lst_opt.tcl 
Execute     send_msg_by_id INFO @200-2036@%s debug 
INFO: [HLS 200-2036] Building debug C Simulation binaries
Execute     ap_part_info -name xa7z010-clg225-1I -data info 
Execute     source run_sim.tcl 
Command     ap_source done; error code: 1; 0.782 sec.
ERROR: [SIM 211-100] 'csim_design' failed: nonzero return value.
INFO: [SIM 211-3] *************** CSIM finish ***************
INFO-FLOW: AESL_CSIM::csim_cmd_wrap errorInfo:
4
    while executing
"::AESL_CSIM::csim_cmd_wrap $args"
INFO-FLOW: Caught error in csim_design: 4
    while executing
"ap_internal_csim_design "
Command   csim_design done; error code: 2; 7.202 sec.
INFO: [HLS 200-111] Finished Command csim_design CPU user time: 0 seconds. CPU system time: 0 seconds. Elapsed time: 7.203 seconds; current allocated memory: 0.578 MB.
Command ap_source done; error code: 1; 8.725 sec.
Execute cleanup_all 
INFO-FLOW: Workspace C:/Users/Baron/Desktop/EE_278_Repo/EE_278/vivado_projects/HLS/fir/fir_solution opened at Sun Oct 06 20:23:36 -0700 2024
Execute     ap_set_clock -name default -period 10 -default=false 
INFO: [SYN 201-201] Setting up clock 'default' with a period of 10ns.
Execute     set_part xa7z010-clg225-1I 
Execute       create_platform xa7z010-clg225-1I -board  
DBG:HLSDevice: Trying to load device library: Z:/Xilinx/Vitis_HLS/2023.1\lib\win64.o\xv_hlsvwrap.dll
DBG:HLSDevice: first parts/arch.xml in RDI_DATADIR: Z:/Xilinx/Vivado/2023.1/data/parts/arch.xml
DBG:HLSDevice: init success
INFO: [HLS 200-1611] Setting target device to 'xa7z010-clg225-1I'
Command       create_platform done; 0.916 sec.
Execute       source Z:/Xilinx/Vitis_HLS/2023.1/common/technology/xilinx/common/xilinx.gen 
Execute         source Z:/Xilinx/Vitis_HLS/2023.1/common/technology/xilinx/interface/plb46.gen 
Execute         source Z:/Xilinx/Vitis_HLS/2023.1/common/technology/xilinx/interface/axi4.gen 
Execute         source Z:/Xilinx/Vitis_HLS/2023.1/common/technology/xilinx/interface/nativeAXI4.gen 
Execute           source Z:/Xilinx/Vitis_HLS/2023.1/common/technology/xilinx/interface/saxilite.gen 
Execute         source Z:/Xilinx/Vitis_HLS/2023.1/common/technology/xilinx/scripts/xilinxcoregen.gen 
Execute         source Z:/Xilinx/Vitis_HLS/2023.1/common/technology/xilinx/interface/XilEDKCoreGen.gen 
Execute         source Z:/Xilinx/Vitis_HLS/2023.1/common/technology/xilinx/ip/dds_compiler.gen 
Execute         source Z:/Xilinx/Vitis_HLS/2023.1/common/technology/xilinx/ip/util.gen 
Execute         source Z:/Xilinx/Vitis_HLS/2023.1/common/technology/xilinx/ip/xfft.gen 
Execute         source Z:/Xilinx/Vitis_HLS/2023.1/common/technology/xilinx/ip/xfir.gen 
Execute         source Z:/Xilinx/Vitis_HLS/2023.1/common/technology/xilinx/DSP48/dsp48.gen 
Command       ap_source done; 0.127 sec.
Execute       ap_part_info -name xa7z010-clg225-1I -data info 
Execute       config_compile -quiet -complex-mul-dsp=0 
Command     set_part done; 1.06 sec.
Execute     send_msg_by_id INFO @200-1505@%s%s  vivado 
INFO: [HLS 200-1505] Using flow_target 'vivado'
Command   open_solution done; 1.197 sec.
Execute   set_part xa7z010clg225-1I 
INFO: [HLS 200-1510] Running: set_part xa7z010clg225-1I 
Execute     create_platform xa7z010clg225-1I -board  
Execute     source Z:/Xilinx/Vitis_HLS/2023.1/common/technology/xilinx/common/xilinx.gen 
Execute       source Z:/Xilinx/Vitis_HLS/2023.1/common/technology/xilinx/interface/plb46.gen 
Execute       source Z:/Xilinx/Vitis_HLS/2023.1/common/technology/xilinx/interface/axi4.gen 
Execute       source Z:/Xilinx/Vitis_HLS/2023.1/common/technology/xilinx/interface/nativeAXI4.gen 
Execute         source Z:/Xilinx/Vitis_HLS/2023.1/common/technology/xilinx/interface/saxilite.gen 
Execute       source Z:/Xilinx/Vitis_HLS/2023.1/common/technology/xilinx/scripts/xilinxcoregen.gen 
Execute       source Z:/Xilinx/Vitis_HLS/2023.1/common/technology/xilinx/interface/XilEDKCoreGen.gen 
Execute       source Z:/Xilinx/Vitis_HLS/2023.1/common/technology/xilinx/ip/dds_compiler.gen 
Execute       source Z:/Xilinx/Vitis_HLS/2023.1/common/technology/xilinx/ip/util.gen 
Execute       source Z:/Xilinx/Vitis_HLS/2023.1/common/technology/xilinx/ip/xfft.gen 
Execute       source Z:/Xilinx/Vitis_HLS/2023.1/common/technology/xilinx/ip/xfir.gen 
Execute       source Z:/Xilinx/Vitis_HLS/2023.1/common/technology/xilinx/DSP48/dsp48.gen 
Command     ap_source done; 0.118 sec.
Execute     ap_part_info -name xa7z010-clg225-1I -data info 
Execute     config_compile -quiet -complex-mul-dsp=0 
Command   set_part done; 0.156 sec.
Execute   create_clock -period 10 -name default 
INFO: [HLS 200-1510] Running: create_clock -period 10 -name default 
Execute   csim_design -quiet 
INFO: [HLS 200-1510] Running: csim_design -quiet 
INFO-FLOW: Running SLX 'csim' proc: ::SLX::run_csim
Execute     source C:/Users/Baron/Desktop/EE_278_Repo/EE_278/vivado_projects/HLS/fir/fir_solution/.autopilot/db/global.setting.tcl 
INFO: [SIM 211-2] *************** CSIM start ***************
INFO: [SIM 211-4] CSIM will launch GCC as the compiler.
Execute     source csim/.lst_opt.tcl 
Execute     send_msg_by_id INFO @200-2036@%s debug 
INFO: [HLS 200-2036] Building debug C Simulation binaries
Execute     ap_part_info -name xa7z010-clg225-1I -data info 
Execute     source run_sim.tcl 
INFO: [SIM 211-1] CSim done with 0 errors.
INFO: [SIM 211-3] *************** CSIM finish ***************
Command   csim_design done; 0.534 sec.
INFO: [HLS 200-111] Finished Command csim_design CPU user time: 0 seconds. CPU system time: 0 seconds. Elapsed time: 0.534 seconds; current allocated memory: 0.371 MB.
Command ap_source done; 1.976 sec.
Execute cleanup_all 
