remark: C:\scratch\2023.1\hls_product\1026\2023.1\src\shared\hls\clib\hlsmath\src\c++\expfloat.cpp:22:9: Inlining function 'exp_reduce_::exp(float)' into 'hls::expf(float)'
remark: lenet_support.cpp:17:20: Inlining function 'hls::expf(float)' into 'softmax(float*, int)'
remark: lenet_main.cpp:55:22: Loop 'VITIS_LOOP_55_1' is marked as complete unroll implied by the pipeline pragma
remark: lenet_support.cpp:20:22: Loop 'VITIS_LOOP_20_3' is marked as complete unroll implied by the pipeline pragma
remark: lenet_support.cpp:16:22: Loop 'VITIS_LOOP_16_2' is marked as complete unroll implied by the pipeline pragma
remark: lenet_support.cpp:12:22: Loop 'VITIS_LOOP_12_1' is marked as complete unroll implied by the pipeline pragma
remark: lenet_support.cpp:70:22: Loop 'VITIS_LOOP_70_1' is marked as complete unroll implied by the pipeline pragma
remark: lenet_support.cpp:72:26: Loop 'VITIS_LOOP_72_2' is marked as complete unroll implied by the pipeline pragma
remark: lenet_support.cpp:52:22: Loop 'VITIS_LOOP_52_1' is marked as complete unroll implied by the pipeline pragma
remark: lenet_support.cpp:53:26: Loop 'VITIS_LOOP_53_2' is marked as complete unroll implied by the pipeline pragma
remark: lenet_support.cpp:55:30: Loop 'VITIS_LOOP_55_3' is marked as complete unroll implied by the pipeline pragma
remark: lenet_support.cpp:57:19: Loop 'VITIS_LOOP_57_4' is marked as complete unroll implied by the pipeline pragma
remark: lenet_support.cpp:30:22: Loop 'VITIS_LOOP_30_1' is marked as complete unroll implied by the pipeline pragma
remark: lenet_support.cpp:31:26: Loop 'VITIS_LOOP_31_2' is marked as complete unroll implied by the pipeline pragma
remark: lenet_support.cpp:32:30: Loop 'VITIS_LOOP_32_3' is marked as complete unroll implied by the pipeline pragma
remark: lenet_support.cpp:35:34: Loop 'VITIS_LOOP_35_4' is marked as complete unroll implied by the pipeline pragma
remark: lenet_support.cpp:37:19: Loop 'VITIS_LOOP_37_5' is marked as complete unroll implied by the pipeline pragma
remark: lenet_main.cpp:11:0: Unrolling loop 'VITIS_LOOP_55_1' (lenet_main.cpp:55:22) in function 'lenet_predict' completely with a factor of 9
remark: lenet_support.cpp:10:0: Unrolling loop 'VITIS_LOOP_20_3' (lenet_support.cpp:20:22) in function 'softmax' completely with a factor of 10
remark: lenet_support.cpp:10:0: Unrolling loop 'VITIS_LOOP_16_2' (lenet_support.cpp:16:22) in function 'softmax' completely with a factor of 10
remark: lenet_support.cpp:10:0: Unrolling loop 'VITIS_LOOP_12_1' (lenet_support.cpp:12:22) in function 'softmax' completely with a factor of 9
remark: lenet_support.cpp:49:0: Unrolling loop 'VITIS_LOOP_55_3' (lenet_support.cpp:55:30) in function 'maxpool2d' completely with a factor of 2
remark: lenet_support.cpp:49:0: Unrolling loop 'VITIS_LOOP_57_4' (lenet_support.cpp:57:19) in function 'maxpool2d' completely with a factor of 2
remark: lenet_support.cpp:49:0: Unrolling loop 'VITIS_LOOP_57_4' (lenet_support.cpp:57:19) in function 'maxpool2d' completely with a factor of 2
remark: lenet_support.cpp:27:0: Unrolling loop 'VITIS_LOOP_35_4' (lenet_support.cpp:35:34) in function 'conv2d' completely with a factor of 5
remark: lenet_support.cpp:27:0: Unrolling loop 'VITIS_LOOP_37_5' (lenet_support.cpp:37:19) in function 'conv2d' completely with a factor of 5
remark: lenet_support.cpp:27:0: Unrolling loop 'VITIS_LOOP_37_5' (lenet_support.cpp:37:19) in function 'conv2d' completely with a factor of 5
remark: lenet_support.cpp:27:0: Unrolling loop 'VITIS_LOOP_37_5' (lenet_support.cpp:37:19) in function 'conv2d' completely with a factor of 5
remark: lenet_support.cpp:27:0: Unrolling loop 'VITIS_LOOP_37_5' (lenet_support.cpp:37:19) in function 'conv2d' completely with a factor of 5
remark: lenet_support.cpp:27:0: Unrolling loop 'VITIS_LOOP_37_5' (lenet_support.cpp:37:19) in function 'conv2d' completely with a factor of 5
warning: lenet_main.cpp:41:5: Duplicating function 'conv2d(float*, float*, float*, float*, int, int, int)' as different function signatures were detected between this call site and other call site(s). This may impact the resources used in the design.
remark: lenet_support.cpp:27:0: Inlining function 'relu(float)' into 'conv2d(float*, float*, float*, float*, int, int, int) (.1)'
remark: lenet_support.cpp:27:0: Inlining function 'relu(float)' into 'conv2d(float*, float*, float*, float*, int, int, int)'
remark: lenet_support.cpp:69:0: Inlining function 'relu(float)' into 'fully_connected(float*, float*, float*, float*, int, int)'
remark: lenet_main.cpp:11:0: Inlining function 'maxpool2d(float*, float*, int, int)' into 'lenet_predict(float*, int*)'
remark: lenet_main.cpp:11:0: Inlining function 'softmax(float*, int)' into 'lenet_predict(float*, int*)'
remark: lenet_main.cpp:11:0: Unrolling loop 'VITIS_LOOP_52_1' (lenet_support.cpp:52:22) in function 'lenet_predict' completely with a factor of 5
remark: lenet_main.cpp:11:0: Unrolling loop 'VITIS_LOOP_53_2' (lenet_support.cpp:53:26) in function 'lenet_predict' completely with a factor of 5
remark: lenet_main.cpp:11:0: Unrolling loop 'VITIS_LOOP_53_2' (lenet_support.cpp:53:26) in function 'lenet_predict' completely with a factor of 5
remark: lenet_main.cpp:11:0: Unrolling loop 'VITIS_LOOP_53_2' (lenet_support.cpp:53:26) in function 'lenet_predict' completely with a factor of 5
remark: lenet_main.cpp:11:0: Unrolling loop 'VITIS_LOOP_53_2' (lenet_support.cpp:53:26) in function 'lenet_predict' completely with a factor of 5
remark: lenet_main.cpp:11:0: Unrolling loop 'VITIS_LOOP_53_2' (lenet_support.cpp:53:26) in function 'lenet_predict' completely with a factor of 5
remark: lenet_main.cpp:11:0: Unrolling loop 'VITIS_LOOP_52_1' (lenet_support.cpp:52:22) in function 'lenet_predict' completely with a factor of 14
remark: lenet_main.cpp:11:0: Unrolling loop 'VITIS_LOOP_53_2' (lenet_support.cpp:53:26) in function 'lenet_predict' completely with a factor of 14
remark: lenet_main.cpp:11:0: Unrolling loop 'VITIS_LOOP_53_2' (lenet_support.cpp:53:26) in function 'lenet_predict' completely with a factor of 14
remark: lenet_main.cpp:11:0: Unrolling loop 'VITIS_LOOP_53_2' (lenet_support.cpp:53:26) in function 'lenet_predict' completely with a factor of 14
remark: lenet_main.cpp:11:0: Unrolling loop 'VITIS_LOOP_53_2' (lenet_support.cpp:53:26) in function 'lenet_predict' completely with a factor of 14
remark: lenet_main.cpp:11:0: Unrolling loop 'VITIS_LOOP_53_2' (lenet_support.cpp:53:26) in function 'lenet_predict' completely with a factor of 14
remark: lenet_main.cpp:11:0: Unrolling loop 'VITIS_LOOP_53_2' (lenet_support.cpp:53:26) in function 'lenet_predict' completely with a factor of 14
remark: lenet_main.cpp:11:0: Unrolling loop 'VITIS_LOOP_53_2' (lenet_support.cpp:53:26) in function 'lenet_predict' completely with a factor of 14
remark: lenet_main.cpp:11:0: Unrolling loop 'VITIS_LOOP_53_2' (lenet_support.cpp:53:26) in function 'lenet_predict' completely with a factor of 14
remark: lenet_main.cpp:11:0: Unrolling loop 'VITIS_LOOP_53_2' (lenet_support.cpp:53:26) in function 'lenet_predict' completely with a factor of 14
remark: lenet_main.cpp:11:0: Unrolling loop 'VITIS_LOOP_53_2' (lenet_support.cpp:53:26) in function 'lenet_predict' completely with a factor of 14
remark: lenet_main.cpp:11:0: Unrolling loop 'VITIS_LOOP_53_2' (lenet_support.cpp:53:26) in function 'lenet_predict' completely with a factor of 14
remark: lenet_main.cpp:11:0: Unrolling loop 'VITIS_LOOP_53_2' (lenet_support.cpp:53:26) in function 'lenet_predict' completely with a factor of 14
remark: lenet_main.cpp:11:0: Unrolling loop 'VITIS_LOOP_53_2' (lenet_support.cpp:53:26) in function 'lenet_predict' completely with a factor of 14
remark: lenet_main.cpp:11:0: Unrolling loop 'VITIS_LOOP_53_2' (lenet_support.cpp:53:26) in function 'lenet_predict' completely with a factor of 14
remark: lenet_support.cpp:38:32: Sequential read of length 5 has been inferred _XLX_SEP_ scevgepseqinput gmem VITIS_LOOP_32_3 lenet_support.cpp:32:30 conv2d(float*, float*, float*, float*, int, int, int) (.1)  _XLX_SEP_ loadreadfor.inc.4.load.23loadreadfor.inc.4.load.33loadreadfor.inc.4.load.43loadreadfor.inc.4.load.53loadreadfor.inc.4.load.63
remark: lenet_support.cpp:38:32: Sequential read of length 5 has been inferred _XLX_SEP_ scevgep1seqinput gmem VITIS_LOOP_32_3 lenet_support.cpp:32:30 conv2d(float*, float*, float*, float*, int, int, int) (.1)  _XLX_SEP_ loadreadfor.inc.4.load.88loadreadfor.inc.4.load.97loadreadfor.inc.4.load.106loadreadfor.inc.4.load.115loadreadfor.inc.4.load.124
remark: lenet_support.cpp:38:32: Sequential read of length 5 has been inferred _XLX_SEP_ scevgep2seqinput gmem VITIS_LOOP_32_3 lenet_support.cpp:32:30 conv2d(float*, float*, float*, float*, int, int, int) (.1)  _XLX_SEP_ loadreadfor.inc.4.load.149loadreadfor.inc.4.load.158loadreadfor.inc.4.load.167loadreadfor.inc.4.load.176loadreadfor.inc.4.load.185
remark: lenet_support.cpp:38:32: Sequential read of length 5 has been inferred _XLX_SEP_ scevgep3seqinput gmem VITIS_LOOP_32_3 lenet_support.cpp:32:30 conv2d(float*, float*, float*, float*, int, int, int) (.1)  _XLX_SEP_ loadreadfor.inc.4.load.210loadreadfor.inc.4.load.219loadreadfor.inc.4.load.228loadreadfor.inc.4.load.237loadreadfor.inc.4.load.246
remark: lenet_support.cpp:38:32: Sequential read of length 5 has been inferred _XLX_SEP_ scevgep4seqinput gmem VITIS_LOOP_32_3 lenet_support.cpp:32:30 conv2d(float*, float*, float*, float*, int, int, int) (.1)  _XLX_SEP_ loadreadfor.inc.4.load.271loadreadfor.inc.4.load.280loadreadfor.inc.4.load.289loadreadfor.inc.4.load.298loadreadfor.inc.4.load.307
remark: lenet_support.cpp:38:32: Could not widen since type float size is greater than or equal to the max_widen_bitwidth threshold of 0 _XLX_SEP_ callreadscevgepseqinput gmem conv2d(float*, float*, float*, float*, int, int, int) (.1) 
remark: lenet_support.cpp:38:32: Could not widen since type float size is greater than or equal to the max_widen_bitwidth threshold of 0 _XLX_SEP_ callreadscevgep1seqinput gmem conv2d(float*, float*, float*, float*, int, int, int) (.1) 
remark: lenet_support.cpp:38:32: Could not widen since type float size is greater than or equal to the max_widen_bitwidth threshold of 0 _XLX_SEP_ callreadscevgep2seqinput gmem conv2d(float*, float*, float*, float*, int, int, int) (.1) 
remark: lenet_support.cpp:38:32: Could not widen since type float size is greater than or equal to the max_widen_bitwidth threshold of 0 _XLX_SEP_ callreadscevgep3seqinput gmem conv2d(float*, float*, float*, float*, int, int, int) (.1) 
remark: lenet_support.cpp:38:32: Could not widen since type float size is greater than or equal to the max_widen_bitwidth threshold of 0 _XLX_SEP_ callreadscevgep4seqinput gmem conv2d(float*, float*, float*, float*, int, int, int) (.1) 
remark: lenet_support.cpp:69:0: Unrolling loop 'VITIS_LOOP_70_1' (lenet_support.cpp:70:22) in function 'fully_connected' completely with a factor of 10
remark: lenet_support.cpp:69:0: Unrolling loop 'VITIS_LOOP_72_2' (lenet_support.cpp:72:26) in function 'fully_connected' completely with a factor of 84
remark: lenet_support.cpp:69:0: Unrolling loop 'VITIS_LOOP_72_2' (lenet_support.cpp:72:26) in function 'fully_connected' completely with a factor of 84
remark: lenet_support.cpp:69:0: Unrolling loop 'VITIS_LOOP_72_2' (lenet_support.cpp:72:26) in function 'fully_connected' completely with a factor of 84
remark: lenet_support.cpp:69:0: Unrolling loop 'VITIS_LOOP_72_2' (lenet_support.cpp:72:26) in function 'fully_connected' completely with a factor of 84
remark: lenet_support.cpp:69:0: Unrolling loop 'VITIS_LOOP_72_2' (lenet_support.cpp:72:26) in function 'fully_connected' completely with a factor of 84
remark: lenet_support.cpp:69:0: Unrolling loop 'VITIS_LOOP_72_2' (lenet_support.cpp:72:26) in function 'fully_connected' completely with a factor of 84
remark: lenet_support.cpp:69:0: Unrolling loop 'VITIS_LOOP_72_2' (lenet_support.cpp:72:26) in function 'fully_connected' completely with a factor of 84
remark: lenet_support.cpp:69:0: Unrolling loop 'VITIS_LOOP_72_2' (lenet_support.cpp:72:26) in function 'fully_connected' completely with a factor of 84
remark: lenet_support.cpp:69:0: Unrolling loop 'VITIS_LOOP_72_2' (lenet_support.cpp:72:26) in function 'fully_connected' completely with a factor of 84
remark: lenet_support.cpp:69:0: Unrolling loop 'VITIS_LOOP_72_2' (lenet_support.cpp:72:26) in function 'fully_connected' completely with a factor of 84
remark: lenet_support.cpp:69:0: Unrolling loop 'VITIS_LOOP_70_1' (lenet_support.cpp:70:22) in function 'fully_connected' completely with a factor of 84
remark: lenet_support.cpp:69:0: Unrolling loop 'VITIS_LOOP_72_2' (lenet_support.cpp:72:26) in function 'fully_connected' completely with a factor of 120
remark: lenet_support.cpp:69:0: Unrolling loop 'VITIS_LOOP_72_2' (lenet_support.cpp:72:26) in function 'fully_connected' completely with a factor of 120
remark: lenet_support.cpp:69:0: Unrolling loop 'VITIS_LOOP_72_2' (lenet_support.cpp:72:26) in function 'fully_connected' completely with a factor of 120
remark: lenet_support.cpp:69:0: Unrolling loop 'VITIS_LOOP_72_2' (lenet_support.cpp:72:26) in function 'fully_connected' completely with a factor of 120
remark: lenet_support.cpp:69:0: Unrolling loop 'VITIS_LOOP_72_2' (lenet_support.cpp:72:26) in function 'fully_connected' completely with a factor of 120
remark: lenet_support.cpp:69:0: Unrolling loop 'VITIS_LOOP_72_2' (lenet_support.cpp:72:26) in function 'fully_connected' completely with a factor of 120
remark: lenet_support.cpp:69:0: Unrolling loop 'VITIS_LOOP_72_2' (lenet_support.cpp:72:26) in function 'fully_connected' completely with a factor of 120
remark: lenet_support.cpp:69:0: Unrolling loop 'VITIS_LOOP_72_2' (lenet_support.cpp:72:26) in function 'fully_connected' completely with a factor of 120
remark: lenet_support.cpp:69:0: Unrolling loop 'VITIS_LOOP_72_2' (lenet_support.cpp:72:26) in function 'fully_connected' completely with a factor of 120
remark: lenet_support.cpp:69:0: Unrolling loop 'VITIS_LOOP_72_2' (lenet_support.cpp:72:26) in function 'fully_connected' completely with a factor of 120
remark: lenet_support.cpp:69:0: Unrolling loop 'VITIS_LOOP_72_2' (lenet_support.cpp:72:26) in function 'fully_connected' completely with a factor of 120
remark: lenet_support.cpp:69:0: Unrolling loop 'VITIS_LOOP_72_2' (lenet_support.cpp:72:26) in function 'fully_connected' completely with a factor of 120
remark: lenet_support.cpp:69:0: Unrolling loop 'VITIS_LOOP_72_2' (lenet_support.cpp:72:26) in function 'fully_connected' completely with a factor of 120
remark: lenet_support.cpp:69:0: Unrolling loop 'VITIS_LOOP_72_2' (lenet_support.cpp:72:26) in function 'fully_connected' completely with a factor of 120
remark: lenet_support.cpp:69:0: Unrolling loop 'VITIS_LOOP_72_2' (lenet_support.cpp:72:26) in function 'fully_connected' completely with a factor of 120
remark: lenet_support.cpp:69:0: Unrolling loop 'VITIS_LOOP_72_2' (lenet_support.cpp:72:26) in function 'fully_connected' completely with a factor of 120
remark: lenet_support.cpp:69:0: Unrolling loop 'VITIS_LOOP_72_2' (lenet_support.cpp:72:26) in function 'fully_connected' completely with a factor of 120
remark: lenet_support.cpp:69:0: Unrolling loop 'VITIS_LOOP_72_2' (lenet_support.cpp:72:26) in function 'fully_connected' completely with a factor of 120
remark: lenet_support.cpp:69:0: Unrolling loop 'VITIS_LOOP_72_2' (lenet_support.cpp:72:26) in function 'fully_connected' completely with a factor of 120
remark: lenet_support.cpp:69:0: Unrolling loop 'VITIS_LOOP_72_2' (lenet_support.cpp:72:26) in function 'fully_connected' completely with a factor of 120
remark: lenet_support.cpp:69:0: Unrolling loop 'VITIS_LOOP_72_2' (lenet_support.cpp:72:26) in function 'fully_connected' completely with a factor of 120
remark: lenet_support.cpp:69:0: Unrolling loop 'VITIS_LOOP_72_2' (lenet_support.cpp:72:26) in function 'fully_connected' completely with a factor of 120
remark: lenet_support.cpp:69:0: Unrolling loop 'VITIS_LOOP_72_2' (lenet_support.cpp:72:26) in function 'fully_connected' completely with a factor of 120
remark: lenet_support.cpp:69:0: Unrolling loop 'VITIS_LOOP_72_2' (lenet_support.cpp:72:26) in function 'fully_connected' completely with a factor of 120
remark: lenet_support.cpp:69:0: Unrolling loop 'VITIS_LOOP_72_2' (lenet_support.cpp:72:26) in function 'fully_connected' completely with a factor of 120
remark: lenet_support.cpp:69:0: Unrolling loop 'VITIS_LOOP_72_2' (lenet_support.cpp:72:26) in function 'fully_connected' completely with a factor of 120
remark: lenet_support.cpp:69:0: Unrolling loop 'VITIS_LOOP_72_2' (lenet_support.cpp:72:26) in function 'fully_connected' completely with a factor of 120
remark: lenet_support.cpp:69:0: Unrolling loop 'VITIS_LOOP_72_2' (lenet_support.cpp:72:26) in function 'fully_connected' completely with a factor of 120
remark: lenet_support.cpp:69:0: Unrolling loop 'VITIS_LOOP_72_2' (lenet_support.cpp:72:26) in function 'fully_connected' completely with a factor of 120
remark: lenet_support.cpp:69:0: Unrolling loop 'VITIS_LOOP_72_2' (lenet_support.cpp:72:26) in function 'fully_connected' completely with a factor of 120
remark: lenet_support.cpp:69:0: Unrolling loop 'VITIS_LOOP_72_2' (lenet_support.cpp:72:26) in function 'fully_connected' completely with a factor of 120
remark: lenet_support.cpp:69:0: Unrolling loop 'VITIS_LOOP_72_2' (lenet_support.cpp:72:26) in function 'fully_connected' completely with a factor of 120
remark: lenet_support.cpp:69:0: Unrolling loop 'VITIS_LOOP_72_2' (lenet_support.cpp:72:26) in function 'fully_connected' completely with a factor of 120
remark: lenet_support.cpp:69:0: Unrolling loop 'VITIS_LOOP_72_2' (lenet_support.cpp:72:26) in function 'fully_connected' completely with a factor of 120
remark: lenet_support.cpp:69:0: Unrolling loop 'VITIS_LOOP_72_2' (lenet_support.cpp:72:26) in function 'fully_connected' completely with a factor of 120
remark: lenet_support.cpp:69:0: Unrolling loop 'VITIS_LOOP_72_2' (lenet_support.cpp:72:26) in function 'fully_connected' completely with a factor of 120
remark: lenet_support.cpp:69:0: Unrolling loop 'VITIS_LOOP_72_2' (lenet_support.cpp:72:26) in function 'fully_connected' completely with a factor of 120
remark: lenet_support.cpp:69:0: Unrolling loop 'VITIS_LOOP_72_2' (lenet_support.cpp:72:26) in function 'fully_connected' completely with a factor of 120
remark: lenet_support.cpp:69:0: Unrolling loop 'VITIS_LOOP_72_2' (lenet_support.cpp:72:26) in function 'fully_connected' completely with a factor of 120
remark: lenet_support.cpp:69:0: Unrolling loop 'VITIS_LOOP_72_2' (lenet_support.cpp:72:26) in function 'fully_connected' completely with a factor of 120
remark: lenet_support.cpp:69:0: Unrolling loop 'VITIS_LOOP_72_2' (lenet_support.cpp:72:26) in function 'fully_connected' completely with a factor of 120
remark: lenet_support.cpp:69:0: Unrolling loop 'VITIS_LOOP_72_2' (lenet_support.cpp:72:26) in function 'fully_connected' completely with a factor of 120
remark: lenet_support.cpp:69:0: Unrolling loop 'VITIS_LOOP_72_2' (lenet_support.cpp:72:26) in function 'fully_connected' completely with a factor of 120
remark: lenet_support.cpp:69:0: Unrolling loop 'VITIS_LOOP_72_2' (lenet_support.cpp:72:26) in function 'fully_connected' completely with a factor of 120
remark: lenet_support.cpp:69:0: Unrolling loop 'VITIS_LOOP_72_2' (lenet_support.cpp:72:26) in function 'fully_connected' completely with a factor of 120
remark: lenet_support.cpp:69:0: Unrolling loop 'VITIS_LOOP_72_2' (lenet_support.cpp:72:26) in function 'fully_connected' completely with a factor of 120
remark: lenet_support.cpp:69:0: Unrolling loop 'VITIS_LOOP_72_2' (lenet_support.cpp:72:26) in function 'fully_connected' completely with a factor of 120
remark: lenet_support.cpp:69:0: Unrolling loop 'VITIS_LOOP_72_2' (lenet_support.cpp:72:26) in function 'fully_connected' completely with a factor of 120
remark: lenet_support.cpp:69:0: Unrolling loop 'VITIS_LOOP_72_2' (lenet_support.cpp:72:26) in function 'fully_connected' completely with a factor of 120
remark: lenet_support.cpp:69:0: Unrolling loop 'VITIS_LOOP_72_2' (lenet_support.cpp:72:26) in function 'fully_connected' completely with a factor of 120
remark: lenet_support.cpp:69:0: Unrolling loop 'VITIS_LOOP_72_2' (lenet_support.cpp:72:26) in function 'fully_connected' completely with a factor of 120
remark: lenet_support.cpp:69:0: Unrolling loop 'VITIS_LOOP_72_2' (lenet_support.cpp:72:26) in function 'fully_connected' completely with a factor of 120
remark: lenet_support.cpp:69:0: Unrolling loop 'VITIS_LOOP_72_2' (lenet_support.cpp:72:26) in function 'fully_connected' completely with a factor of 120
remark: lenet_support.cpp:69:0: Unrolling loop 'VITIS_LOOP_72_2' (lenet_support.cpp:72:26) in function 'fully_connected' completely with a factor of 120
remark: lenet_support.cpp:69:0: Unrolling loop 'VITIS_LOOP_72_2' (lenet_support.cpp:72:26) in function 'fully_connected' completely with a factor of 120
remark: lenet_support.cpp:69:0: Unrolling loop 'VITIS_LOOP_72_2' (lenet_support.cpp:72:26) in function 'fully_connected' completely with a factor of 120
remark: lenet_support.cpp:69:0: Unrolling loop 'VITIS_LOOP_72_2' (lenet_support.cpp:72:26) in function 'fully_connected' completely with a factor of 120
remark: lenet_support.cpp:69:0: Unrolling loop 'VITIS_LOOP_72_2' (lenet_support.cpp:72:26) in function 'fully_connected' completely with a factor of 120
remark: lenet_support.cpp:69:0: Unrolling loop 'VITIS_LOOP_72_2' (lenet_support.cpp:72:26) in function 'fully_connected' completely with a factor of 120
remark: lenet_support.cpp:69:0: Unrolling loop 'VITIS_LOOP_72_2' (lenet_support.cpp:72:26) in function 'fully_connected' completely with a factor of 120
remark: lenet_support.cpp:69:0: Unrolling loop 'VITIS_LOOP_72_2' (lenet_support.cpp:72:26) in function 'fully_connected' completely with a factor of 120
remark: lenet_support.cpp:69:0: Unrolling loop 'VITIS_LOOP_72_2' (lenet_support.cpp:72:26) in function 'fully_connected' completely with a factor of 120
remark: lenet_support.cpp:69:0: Unrolling loop 'VITIS_LOOP_72_2' (lenet_support.cpp:72:26) in function 'fully_connected' completely with a factor of 120
remark: lenet_support.cpp:69:0: Unrolling loop 'VITIS_LOOP_72_2' (lenet_support.cpp:72:26) in function 'fully_connected' completely with a factor of 120
remark: lenet_support.cpp:69:0: Unrolling loop 'VITIS_LOOP_72_2' (lenet_support.cpp:72:26) in function 'fully_connected' completely with a factor of 120
remark: lenet_support.cpp:69:0: Unrolling loop 'VITIS_LOOP_72_2' (lenet_support.cpp:72:26) in function 'fully_connected' completely with a factor of 120
remark: lenet_support.cpp:69:0: Unrolling loop 'VITIS_LOOP_72_2' (lenet_support.cpp:72:26) in function 'fully_connected' completely with a factor of 120
remark: lenet_support.cpp:69:0: Unrolling loop 'VITIS_LOOP_72_2' (lenet_support.cpp:72:26) in function 'fully_connected' completely with a factor of 120
remark: lenet_support.cpp:69:0: Unrolling loop 'VITIS_LOOP_72_2' (lenet_support.cpp:72:26) in function 'fully_connected' completely with a factor of 120
remark: lenet_support.cpp:69:0: Unrolling loop 'VITIS_LOOP_72_2' (lenet_support.cpp:72:26) in function 'fully_connected' completely with a factor of 120
remark: lenet_support.cpp:69:0: Unrolling loop 'VITIS_LOOP_72_2' (lenet_support.cpp:72:26) in function 'fully_connected' completely with a factor of 120
remark: lenet_support.cpp:69:0: Unrolling loop 'VITIS_LOOP_72_2' (lenet_support.cpp:72:26) in function 'fully_connected' completely with a factor of 120
remark: lenet_support.cpp:69:0: Unrolling loop 'VITIS_LOOP_72_2' (lenet_support.cpp:72:26) in function 'fully_connected' completely with a factor of 120
remark: lenet_support.cpp:69:0: Unrolling loop 'VITIS_LOOP_72_2' (lenet_support.cpp:72:26) in function 'fully_connected' completely with a factor of 120
remark: lenet_support.cpp:69:0: Unrolling loop 'VITIS_LOOP_72_2' (lenet_support.cpp:72:26) in function 'fully_connected' completely with a factor of 120
remark: lenet_support.cpp:69:0: Unrolling loop 'VITIS_LOOP_72_2' (lenet_support.cpp:72:26) in function 'fully_connected' completely with a factor of 120
remark: lenet_support.cpp:69:0: Unrolling loop 'VITIS_LOOP_72_2' (lenet_support.cpp:72:26) in function 'fully_connected' completely with a factor of 120
remark: lenet_support.cpp:69:0: Unrolling loop 'VITIS_LOOP_72_2' (lenet_support.cpp:72:26) in function 'fully_connected' completely with a factor of 120
remark: lenet_support.cpp:69:0: Unrolling loop 'VITIS_LOOP_72_2' (lenet_support.cpp:72:26) in function 'fully_connected' completely with a factor of 120
remark: lenet_support.cpp:69:0: Unrolling loop 'VITIS_LOOP_72_2' (lenet_support.cpp:72:26) in function 'fully_connected' completely with a factor of 120
remark: lenet_support.cpp:69:0: Unrolling loop 'VITIS_LOOP_72_2' (lenet_support.cpp:72:26) in function 'fully_connected' completely with a factor of 120
remark: lenet_support.cpp:69:0: Unrolling loop 'VITIS_LOOP_72_2' (lenet_support.cpp:72:26) in function 'fully_connected' completely with a factor of 120
remark: lenet_support.cpp:69:0: Unrolling loop 'VITIS_LOOP_72_2' (lenet_support.cpp:72:26) in function 'fully_connected' completely with a factor of 120
remark: lenet_support.cpp:69:0: Unrolling loop 'VITIS_LOOP_72_2' (lenet_support.cpp:72:26) in function 'fully_connected' completely with a factor of 120
remark: lenet_support.cpp:69:0: Unrolling loop 'VITIS_LOOP_70_1' (lenet_support.cpp:70:22) in function 'fully_connected' completely with a factor of 120
remark: lenet_support.cpp:69:0: Unrolling loop 'VITIS_LOOP_72_2' (lenet_support.cpp:72:26) in function 'fully_connected' completely with a factor of 400
remark: lenet_support.cpp:69:0: Unrolling loop 'VITIS_LOOP_72_2' (lenet_support.cpp:72:26) in function 'fully_connected' completely with a factor of 400
remark: lenet_support.cpp:69:0: Unrolling loop 'VITIS_LOOP_72_2' (lenet_support.cpp:72:26) in function 'fully_connected' completely with a factor of 400
remark: lenet_support.cpp:69:0: Unrolling loop 'VITIS_LOOP_72_2' (lenet_support.cpp:72:26) in function 'fully_connected' completely with a factor of 400
remark: lenet_support.cpp:69:0: Unrolling loop 'VITIS_LOOP_72_2' (lenet_support.cpp:72:26) in function 'fully_connected' completely with a factor of 400
remark: lenet_support.cpp:69:0: Unrolling loop 'VITIS_LOOP_72_2' (lenet_support.cpp:72:26) in function 'fully_connected' completely with a factor of 400
remark: lenet_support.cpp:69:0: Unrolling loop 'VITIS_LOOP_72_2' (lenet_support.cpp:72:26) in function 'fully_connected' completely with a factor of 400
remark: lenet_support.cpp:69:0: Unrolling loop 'VITIS_LOOP_72_2' (lenet_support.cpp:72:26) in function 'fully_connected' completely with a factor of 400
remark: lenet_support.cpp:69:0: Unrolling loop 'VITIS_LOOP_72_2' (lenet_support.cpp:72:26) in function 'fully_connected' completely with a factor of 400
remark: lenet_support.cpp:69:0: Unrolling loop 'VITIS_LOOP_72_2' (lenet_support.cpp:72:26) in function 'fully_connected' completely with a factor of 400
remark: lenet_support.cpp:69:0: Unrolling loop 'VITIS_LOOP_72_2' (lenet_support.cpp:72:26) in function 'fully_connected' completely with a factor of 400
remark: lenet_support.cpp:69:0: Unrolling loop 'VITIS_LOOP_72_2' (lenet_support.cpp:72:26) in function 'fully_connected' completely with a factor of 400
remark: lenet_support.cpp:69:0: Unrolling loop 'VITIS_LOOP_72_2' (lenet_support.cpp:72:26) in function 'fully_connected' completely with a factor of 400
remark: lenet_support.cpp:69:0: Unrolling loop 'VITIS_LOOP_72_2' (lenet_support.cpp:72:26) in function 'fully_connected' completely with a factor of 400
remark: lenet_support.cpp:69:0: Unrolling loop 'VITIS_LOOP_72_2' (lenet_support.cpp:72:26) in function 'fully_connected' completely with a factor of 400
remark: lenet_support.cpp:69:0: Unrolling loop 'VITIS_LOOP_72_2' (lenet_support.cpp:72:26) in function 'fully_connected' completely with a factor of 400
remark: lenet_support.cpp:69:0: Unrolling loop 'VITIS_LOOP_72_2' (lenet_support.cpp:72:26) in function 'fully_connected' completely with a factor of 400
remark: lenet_support.cpp:69:0: Unrolling loop 'VITIS_LOOP_72_2' (lenet_support.cpp:72:26) in function 'fully_connected' completely with a factor of 400
remark: lenet_support.cpp:69:0: Unrolling loop 'VITIS_LOOP_72_2' (lenet_support.cpp:72:26) in function 'fully_connected' completely with a factor of 400
remark: lenet_support.cpp:69:0: Unrolling loop 'VITIS_LOOP_72_2' (lenet_support.cpp:72:26) in function 'fully_connected' completely with a factor of 400
remark: lenet_support.cpp:69:0: Unrolling loop 'VITIS_LOOP_72_2' (lenet_support.cpp:72:26) in function 'fully_connected' completely with a factor of 400
remark: lenet_support.cpp:69:0: Unrolling loop 'VITIS_LOOP_72_2' (lenet_support.cpp:72:26) in function 'fully_connected' completely with a factor of 400
remark: lenet_support.cpp:69:0: Unrolling loop 'VITIS_LOOP_72_2' (lenet_support.cpp:72:26) in function 'fully_connected' completely with a factor of 400
remark: lenet_support.cpp:69:0: Unrolling loop 'VITIS_LOOP_72_2' (lenet_support.cpp:72:26) in function 'fully_connected' completely with a factor of 400
remark: lenet_support.cpp:69:0: Unrolling loop 'VITIS_LOOP_72_2' (lenet_support.cpp:72:26) in function 'fully_connected' completely with a factor of 400
remark: lenet_support.cpp:69:0: Unrolling loop 'VITIS_LOOP_72_2' (lenet_support.cpp:72:26) in function 'fully_connected' completely with a factor of 400
remark: lenet_support.cpp:69:0: Unrolling loop 'VITIS_LOOP_72_2' (lenet_support.cpp:72:26) in function 'fully_connected' completely with a factor of 400
remark: lenet_support.cpp:69:0: Unrolling loop 'VITIS_LOOP_72_2' (lenet_support.cpp:72:26) in function 'fully_connected' completely with a factor of 400
remark: lenet_support.cpp:69:0: Unrolling loop 'VITIS_LOOP_72_2' (lenet_support.cpp:72:26) in function 'fully_connected' completely with a factor of 400
remark: lenet_support.cpp:69:0: Unrolling loop 'VITIS_LOOP_72_2' (lenet_support.cpp:72:26) in function 'fully_connected' completely with a factor of 400
remark: lenet_support.cpp:69:0: Unrolling loop 'VITIS_LOOP_72_2' (lenet_support.cpp:72:26) in function 'fully_connected' completely with a factor of 400
remark: lenet_support.cpp:69:0: Unrolling loop 'VITIS_LOOP_72_2' (lenet_support.cpp:72:26) in function 'fully_connected' completely with a factor of 400
remark: lenet_support.cpp:69:0: Unrolling loop 'VITIS_LOOP_72_2' (lenet_support.cpp:72:26) in function 'fully_connected' completely with a factor of 400
remark: lenet_support.cpp:69:0: Unrolling loop 'VITIS_LOOP_72_2' (lenet_support.cpp:72:26) in function 'fully_connected' completely with a factor of 400
remark: lenet_support.cpp:69:0: Unrolling loop 'VITIS_LOOP_72_2' (lenet_support.cpp:72:26) in function 'fully_connected' completely with a factor of 400
remark: lenet_support.cpp:69:0: Unrolling loop 'VITIS_LOOP_72_2' (lenet_support.cpp:72:26) in function 'fully_connected' completely with a factor of 400
remark: lenet_support.cpp:69:0: Unrolling loop 'VITIS_LOOP_72_2' (lenet_support.cpp:72:26) in function 'fully_connected' completely with a factor of 400
remark: lenet_support.cpp:69:0: Unrolling loop 'VITIS_LOOP_72_2' (lenet_support.cpp:72:26) in function 'fully_connected' completely with a factor of 400
remark: lenet_support.cpp:69:0: Unrolling loop 'VITIS_LOOP_72_2' (lenet_support.cpp:72:26) in function 'fully_connected' completely with a factor of 400
remark: lenet_support.cpp:69:0: Unrolling loop 'VITIS_LOOP_72_2' (lenet_support.cpp:72:26) in function 'fully_connected' completely with a factor of 400
remark: lenet_support.cpp:69:0: Unrolling loop 'VITIS_LOOP_72_2' (lenet_support.cpp:72:26) in function 'fully_connected' completely with a factor of 400
remark: lenet_support.cpp:69:0: Unrolling loop 'VITIS_LOOP_72_2' (lenet_support.cpp:72:26) in function 'fully_connected' completely with a factor of 400
remark: lenet_support.cpp:69:0: Unrolling loop 'VITIS_LOOP_72_2' (lenet_support.cpp:72:26) in function 'fully_connected' completely with a factor of 400
remark: lenet_support.cpp:69:0: Unrolling loop 'VITIS_LOOP_72_2' (lenet_support.cpp:72:26) in function 'fully_connected' completely with a factor of 400
remark: lenet_support.cpp:69:0: Unrolling loop 'VITIS_LOOP_72_2' (lenet_support.cpp:72:26) in function 'fully_connected' completely with a factor of 400
remark: lenet_support.cpp:69:0: Unrolling loop 'VITIS_LOOP_72_2' (lenet_support.cpp:72:26) in function 'fully_connected' completely with a factor of 400
remark: lenet_support.cpp:69:0: Unrolling loop 'VITIS_LOOP_72_2' (lenet_support.cpp:72:26) in function 'fully_connected' completely with a factor of 400
remark: lenet_support.cpp:69:0: Unrolling loop 'VITIS_LOOP_72_2' (lenet_support.cpp:72:26) in function 'fully_connected' completely with a factor of 400
remark: lenet_support.cpp:69:0: Unrolling loop 'VITIS_LOOP_72_2' (lenet_support.cpp:72:26) in function 'fully_connected' completely with a factor of 400
remark: lenet_support.cpp:69:0: Unrolling loop 'VITIS_LOOP_72_2' (lenet_support.cpp:72:26) in function 'fully_connected' completely with a factor of 400
remark: lenet_support.cpp:69:0: Unrolling loop 'VITIS_LOOP_72_2' (lenet_support.cpp:72:26) in function 'fully_connected' completely with a factor of 400
remark: lenet_support.cpp:69:0: Unrolling loop 'VITIS_LOOP_72_2' (lenet_support.cpp:72:26) in function 'fully_connected' completely with a factor of 400
remark: lenet_support.cpp:69:0: Unrolling loop 'VITIS_LOOP_72_2' (lenet_support.cpp:72:26) in function 'fully_connected' completely with a factor of 400
remark: lenet_support.cpp:69:0: Unrolling loop 'VITIS_LOOP_72_2' (lenet_support.cpp:72:26) in function 'fully_connected' completely with a factor of 400
remark: lenet_support.cpp:69:0: Unrolling loop 'VITIS_LOOP_72_2' (lenet_support.cpp:72:26) in function 'fully_connected' completely with a factor of 400
remark: lenet_support.cpp:69:0: Unrolling loop 'VITIS_LOOP_72_2' (lenet_support.cpp:72:26) in function 'fully_connected' completely with a factor of 400
remark: lenet_support.cpp:69:0: Unrolling loop 'VITIS_LOOP_72_2' (lenet_support.cpp:72:26) in function 'fully_connected' completely with a factor of 400
remark: lenet_support.cpp:69:0: Unrolling loop 'VITIS_LOOP_72_2' (lenet_support.cpp:72:26) in function 'fully_connected' completely with a factor of 400
remark: lenet_support.cpp:69:0: Unrolling loop 'VITIS_LOOP_72_2' (lenet_support.cpp:72:26) in function 'fully_connected' completely with a factor of 400
remark: lenet_support.cpp:69:0: Unrolling loop 'VITIS_LOOP_72_2' (lenet_support.cpp:72:26) in function 'fully_connected' completely with a factor of 400
remark: lenet_support.cpp:69:0: Unrolling loop 'VITIS_LOOP_72_2' (lenet_support.cpp:72:26) in function 'fully_connected' completely with a factor of 400
remark: lenet_support.cpp:69:0: Unrolling loop 'VITIS_LOOP_72_2' (lenet_support.cpp:72:26) in function 'fully_connected' completely with a factor of 400
remark: lenet_support.cpp:69:0: Unrolling loop 'VITIS_LOOP_72_2' (lenet_support.cpp:72:26) in function 'fully_connected' completely with a factor of 400
remark: lenet_support.cpp:69:0: Unrolling loop 'VITIS_LOOP_72_2' (lenet_support.cpp:72:26) in function 'fully_connected' completely with a factor of 400
remark: lenet_support.cpp:69:0: Unrolling loop 'VITIS_LOOP_72_2' (lenet_support.cpp:72:26) in function 'fully_connected' completely with a factor of 400
remark: lenet_support.cpp:69:0: Unrolling loop 'VITIS_LOOP_72_2' (lenet_support.cpp:72:26) in function 'fully_connected' completely with a factor of 400
remark: lenet_support.cpp:69:0: Unrolling loop 'VITIS_LOOP_72_2' (lenet_support.cpp:72:26) in function 'fully_connected' completely with a factor of 400
remark: lenet_support.cpp:69:0: Unrolling loop 'VITIS_LOOP_72_2' (lenet_support.cpp:72:26) in function 'fully_connected' completely with a factor of 400
remark: lenet_support.cpp:69:0: Unrolling loop 'VITIS_LOOP_72_2' (lenet_support.cpp:72:26) in function 'fully_connected' completely with a factor of 400
remark: lenet_support.cpp:69:0: Unrolling loop 'VITIS_LOOP_72_2' (lenet_support.cpp:72:26) in function 'fully_connected' completely with a factor of 400
remark: lenet_support.cpp:69:0: Unrolling loop 'VITIS_LOOP_72_2' (lenet_support.cpp:72:26) in function 'fully_connected' completely with a factor of 400
remark: lenet_support.cpp:69:0: Unrolling loop 'VITIS_LOOP_72_2' (lenet_support.cpp:72:26) in function 'fully_connected' completely with a factor of 400
remark: lenet_support.cpp:69:0: Unrolling loop 'VITIS_LOOP_72_2' (lenet_support.cpp:72:26) in function 'fully_connected' completely with a factor of 400
remark: lenet_support.cpp:69:0: Unrolling loop 'VITIS_LOOP_72_2' (lenet_support.cpp:72:26) in function 'fully_connected' completely with a factor of 400
remark: lenet_support.cpp:69:0: Unrolling loop 'VITIS_LOOP_72_2' (lenet_support.cpp:72:26) in function 'fully_connected' completely with a factor of 400
remark: lenet_support.cpp:69:0: Unrolling loop 'VITIS_LOOP_72_2' (lenet_support.cpp:72:26) in function 'fully_connected' completely with a factor of 400
remark: lenet_support.cpp:69:0: Unrolling loop 'VITIS_LOOP_72_2' (lenet_support.cpp:72:26) in function 'fully_connected' completely with a factor of 400
remark: lenet_support.cpp:69:0: Unrolling loop 'VITIS_LOOP_72_2' (lenet_support.cpp:72:26) in function 'fully_connected' completely with a factor of 400
remark: lenet_support.cpp:69:0: Unrolling loop 'VITIS_LOOP_72_2' (lenet_support.cpp:72:26) in function 'fully_connected' completely with a factor of 400
remark: lenet_support.cpp:69:0: Unrolling loop 'VITIS_LOOP_72_2' (lenet_support.cpp:72:26) in function 'fully_connected' completely with a factor of 400
remark: lenet_support.cpp:69:0: Unrolling loop 'VITIS_LOOP_72_2' (lenet_support.cpp:72:26) in function 'fully_connected' completely with a factor of 400
remark: lenet_support.cpp:69:0: Unrolling loop 'VITIS_LOOP_72_2' (lenet_support.cpp:72:26) in function 'fully_connected' completely with a factor of 400
remark: lenet_support.cpp:69:0: Unrolling loop 'VITIS_LOOP_72_2' (lenet_support.cpp:72:26) in function 'fully_connected' completely with a factor of 400
remark: lenet_support.cpp:69:0: Unrolling loop 'VITIS_LOOP_72_2' (lenet_support.cpp:72:26) in function 'fully_connected' completely with a factor of 400
remark: lenet_support.cpp:69:0: Unrolling loop 'VITIS_LOOP_72_2' (lenet_support.cpp:72:26) in function 'fully_connected' completely with a factor of 400
remark: lenet_support.cpp:69:0: Unrolling loop 'VITIS_LOOP_72_2' (lenet_support.cpp:72:26) in function 'fully_connected' completely with a factor of 400
remark: lenet_support.cpp:69:0: Unrolling loop 'VITIS_LOOP_72_2' (lenet_support.cpp:72:26) in function 'fully_connected' completely with a factor of 400
remark: lenet_support.cpp:69:0: Unrolling loop 'VITIS_LOOP_72_2' (lenet_support.cpp:72:26) in function 'fully_connected' completely with a factor of 400
remark: lenet_support.cpp:69:0: Unrolling loop 'VITIS_LOOP_72_2' (lenet_support.cpp:72:26) in function 'fully_connected' completely with a factor of 400
remark: lenet_support.cpp:69:0: Unrolling loop 'VITIS_LOOP_72_2' (lenet_support.cpp:72:26) in function 'fully_connected' completely with a factor of 400
remark: lenet_support.cpp:69:0: Unrolling loop 'VITIS_LOOP_72_2' (lenet_support.cpp:72:26) in function 'fully_connected' completely with a factor of 400
remark: lenet_support.cpp:69:0: Unrolling loop 'VITIS_LOOP_72_2' (lenet_support.cpp:72:26) in function 'fully_connected' completely with a factor of 400
remark: lenet_support.cpp:69:0: Unrolling loop 'VITIS_LOOP_72_2' (lenet_support.cpp:72:26) in function 'fully_connected' completely with a factor of 400
remark: lenet_support.cpp:69:0: Unrolling loop 'VITIS_LOOP_72_2' (lenet_support.cpp:72:26) in function 'fully_connected' completely with a factor of 400
remark: lenet_support.cpp:69:0: Unrolling loop 'VITIS_LOOP_72_2' (lenet_support.cpp:72:26) in function 'fully_connected' completely with a factor of 400
remark: lenet_support.cpp:69:0: Unrolling loop 'VITIS_LOOP_72_2' (lenet_support.cpp:72:26) in function 'fully_connected' completely with a factor of 400
remark: lenet_support.cpp:69:0: Unrolling loop 'VITIS_LOOP_72_2' (lenet_support.cpp:72:26) in function 'fully_connected' completely with a factor of 400
remark: lenet_support.cpp:69:0: Unrolling loop 'VITIS_LOOP_72_2' (lenet_support.cpp:72:26) in function 'fully_connected' completely with a factor of 400
remark: lenet_support.cpp:69:0: Unrolling loop 'VITIS_LOOP_72_2' (lenet_support.cpp:72:26) in function 'fully_connected' completely with a factor of 400
remark: lenet_support.cpp:69:0: Unrolling loop 'VITIS_LOOP_72_2' (lenet_support.cpp:72:26) in function 'fully_connected' completely with a factor of 400
remark: lenet_support.cpp:69:0: Unrolling loop 'VITIS_LOOP_72_2' (lenet_support.cpp:72:26) in function 'fully_connected' completely with a factor of 400
remark: lenet_support.cpp:69:0: Unrolling loop 'VITIS_LOOP_72_2' (lenet_support.cpp:72:26) in function 'fully_connected' completely with a factor of 400
remark: lenet_support.cpp:69:0: Unrolling loop 'VITIS_LOOP_72_2' (lenet_support.cpp:72:26) in function 'fully_connected' completely with a factor of 400
remark: lenet_support.cpp:69:0: Unrolling loop 'VITIS_LOOP_72_2' (lenet_support.cpp:72:26) in function 'fully_connected' completely with a factor of 400
remark: lenet_support.cpp:69:0: Unrolling loop 'VITIS_LOOP_72_2' (lenet_support.cpp:72:26) in function 'fully_connected' completely with a factor of 400
remark: lenet_support.cpp:69:0: Unrolling loop 'VITIS_LOOP_72_2' (lenet_support.cpp:72:26) in function 'fully_connected' completely with a factor of 400
remark: lenet_support.cpp:69:0: Unrolling loop 'VITIS_LOOP_72_2' (lenet_support.cpp:72:26) in function 'fully_connected' completely with a factor of 400
remark: lenet_support.cpp:69:0: Unrolling loop 'VITIS_LOOP_72_2' (lenet_support.cpp:72:26) in function 'fully_connected' completely with a factor of 400
remark: lenet_support.cpp:69:0: Unrolling loop 'VITIS_LOOP_72_2' (lenet_support.cpp:72:26) in function 'fully_connected' completely with a factor of 400
remark: lenet_support.cpp:69:0: Unrolling loop 'VITIS_LOOP_72_2' (lenet_support.cpp:72:26) in function 'fully_connected' completely with a factor of 400
remark: lenet_support.cpp:69:0: Unrolling loop 'VITIS_LOOP_72_2' (lenet_support.cpp:72:26) in function 'fully_connected' completely with a factor of 400
remark: lenet_support.cpp:69:0: Unrolling loop 'VITIS_LOOP_72_2' (lenet_support.cpp:72:26) in function 'fully_connected' completely with a factor of 400
remark: lenet_support.cpp:69:0: Unrolling loop 'VITIS_LOOP_72_2' (lenet_support.cpp:72:26) in function 'fully_connected' completely with a factor of 400
remark: lenet_support.cpp:69:0: Unrolling loop 'VITIS_LOOP_72_2' (lenet_support.cpp:72:26) in function 'fully_connected' completely with a factor of 400
remark: lenet_support.cpp:69:0: Unrolling loop 'VITIS_LOOP_72_2' (lenet_support.cpp:72:26) in function 'fully_connected' completely with a factor of 400
remark: lenet_support.cpp:69:0: Unrolling loop 'VITIS_LOOP_72_2' (lenet_support.cpp:72:26) in function 'fully_connected' completely with a factor of 400
remark: lenet_support.cpp:69:0: Unrolling loop 'VITIS_LOOP_72_2' (lenet_support.cpp:72:26) in function 'fully_connected' completely with a factor of 400
remark: lenet_support.cpp:69:0: Unrolling loop 'VITIS_LOOP_72_2' (lenet_support.cpp:72:26) in function 'fully_connected' completely with a factor of 400
remark: lenet_support.cpp:69:0: Unrolling loop 'VITIS_LOOP_72_2' (lenet_support.cpp:72:26) in function 'fully_connected' completely with a factor of 400
remark: lenet_support.cpp:69:0: Unrolling loop 'VITIS_LOOP_72_2' (lenet_support.cpp:72:26) in function 'fully_connected' completely with a factor of 400
remark: lenet_support.cpp:27:0: Unrolling loop 'VITIS_LOOP_30_1' (lenet_support.cpp:30:22) in function 'conv2d' completely with a factor of 16
remark: lenet_support.cpp:27:0: Unrolling loop 'VITIS_LOOP_31_2' (lenet_support.cpp:31:26) in function 'conv2d' completely with a factor of 10
remark: lenet_support.cpp:27:0: Unrolling loop 'VITIS_LOOP_32_3' (lenet_support.cpp:32:30) in function 'conv2d' completely with a factor of 10
remark: lenet_support.cpp:27:0: Unrolling loop 'VITIS_LOOP_32_3' (lenet_support.cpp:32:30) in function 'conv2d' completely with a factor of 10
remark: lenet_support.cpp:27:0: Unrolling loop 'VITIS_LOOP_32_3' (lenet_support.cpp:32:30) in function 'conv2d' completely with a factor of 10
remark: lenet_support.cpp:27:0: Unrolling loop 'VITIS_LOOP_32_3' (lenet_support.cpp:32:30) in function 'conv2d' completely with a factor of 10
remark: lenet_support.cpp:27:0: Unrolling loop 'VITIS_LOOP_32_3' (lenet_support.cpp:32:30) in function 'conv2d' completely with a factor of 10
remark: lenet_support.cpp:27:0: Unrolling loop 'VITIS_LOOP_32_3' (lenet_support.cpp:32:30) in function 'conv2d' completely with a factor of 10
remark: lenet_support.cpp:27:0: Unrolling loop 'VITIS_LOOP_32_3' (lenet_support.cpp:32:30) in function 'conv2d' completely with a factor of 10
remark: lenet_support.cpp:27:0: Unrolling loop 'VITIS_LOOP_32_3' (lenet_support.cpp:32:30) in function 'conv2d' completely with a factor of 10
remark: lenet_support.cpp:27:0: Unrolling loop 'VITIS_LOOP_32_3' (lenet_support.cpp:32:30) in function 'conv2d' completely with a factor of 10
remark: lenet_support.cpp:27:0: Unrolling loop 'VITIS_LOOP_32_3' (lenet_support.cpp:32:30) in function 'conv2d' completely with a factor of 10
remark: lenet_support.cpp:27:0: Unrolling loop 'VITIS_LOOP_31_2' (lenet_support.cpp:31:26) in function 'conv2d' completely with a factor of 10
remark: lenet_support.cpp:27:0: Unrolling loop 'VITIS_LOOP_32_3' (lenet_support.cpp:32:30) in function 'conv2d' completely with a factor of 10
remark: lenet_support.cpp:27:0: Unrolling loop 'VITIS_LOOP_32_3' (lenet_support.cpp:32:30) in function 'conv2d' completely with a factor of 10
remark: lenet_support.cpp:27:0: Unrolling loop 'VITIS_LOOP_32_3' (lenet_support.cpp:32:30) in function 'conv2d' completely with a factor of 10
remark: lenet_support.cpp:27:0: Unrolling loop 'VITIS_LOOP_32_3' (lenet_support.cpp:32:30) in function 'conv2d' completely with a factor of 10
remark: lenet_support.cpp:27:0: Unrolling loop 'VITIS_LOOP_32_3' (lenet_support.cpp:32:30) in function 'conv2d' completely with a factor of 10
remark: lenet_support.cpp:27:0: Unrolling loop 'VITIS_LOOP_32_3' (lenet_support.cpp:32:30) in function 'conv2d' completely with a factor of 10
remark: lenet_support.cpp:27:0: Unrolling loop 'VITIS_LOOP_32_3' (lenet_support.cpp:32:30) in function 'conv2d' completely with a factor of 10
remark: lenet_support.cpp:27:0: Unrolling loop 'VITIS_LOOP_32_3' (lenet_support.cpp:32:30) in function 'conv2d' completely with a factor of 10
remark: lenet_support.cpp:27:0: Unrolling loop 'VITIS_LOOP_32_3' (lenet_support.cpp:32:30) in function 'conv2d' completely with a factor of 10
remark: lenet_support.cpp:27:0: Unrolling loop 'VITIS_LOOP_32_3' (lenet_support.cpp:32:30) in function 'conv2d' completely with a factor of 10
remark: lenet_support.cpp:27:0: Unrolling loop 'VITIS_LOOP_31_2' (lenet_support.cpp:31:26) in function 'conv2d' completely with a factor of 10
remark: lenet_support.cpp:27:0: Unrolling loop 'VITIS_LOOP_32_3' (lenet_support.cpp:32:30) in function 'conv2d' completely with a factor of 10
remark: lenet_support.cpp:27:0: Unrolling loop 'VITIS_LOOP_32_3' (lenet_support.cpp:32:30) in function 'conv2d' completely with a factor of 10
remark: lenet_support.cpp:27:0: Unrolling loop 'VITIS_LOOP_32_3' (lenet_support.cpp:32:30) in function 'conv2d' completely with a factor of 10
remark: lenet_support.cpp:27:0: Unrolling loop 'VITIS_LOOP_32_3' (lenet_support.cpp:32:30) in function 'conv2d' completely with a factor of 10
remark: lenet_support.cpp:27:0: Unrolling loop 'VITIS_LOOP_32_3' (lenet_support.cpp:32:30) in function 'conv2d' completely with a factor of 10
remark: lenet_support.cpp:27:0: Unrolling loop 'VITIS_LOOP_32_3' (lenet_support.cpp:32:30) in function 'conv2d' completely with a factor of 10
remark: lenet_support.cpp:27:0: Unrolling loop 'VITIS_LOOP_32_3' (lenet_support.cpp:32:30) in function 'conv2d' completely with a factor of 10
remark: lenet_support.cpp:27:0: Unrolling loop 'VITIS_LOOP_32_3' (lenet_support.cpp:32:30) in function 'conv2d' completely with a factor of 10
remark: lenet_support.cpp:27:0: Unrolling loop 'VITIS_LOOP_32_3' (lenet_support.cpp:32:30) in function 'conv2d' completely with a factor of 10
remark: lenet_support.cpp:27:0: Unrolling loop 'VITIS_LOOP_32_3' (lenet_support.cpp:32:30) in function 'conv2d' completely with a factor of 10
remark: lenet_support.cpp:27:0: Unrolling loop 'VITIS_LOOP_31_2' (lenet_support.cpp:31:26) in function 'conv2d' completely with a factor of 10
remark: lenet_support.cpp:27:0: Unrolling loop 'VITIS_LOOP_32_3' (lenet_support.cpp:32:30) in function 'conv2d' completely with a factor of 10
remark: lenet_support.cpp:27:0: Unrolling loop 'VITIS_LOOP_32_3' (lenet_support.cpp:32:30) in function 'conv2d' completely with a factor of 10
remark: lenet_support.cpp:27:0: Unrolling loop 'VITIS_LOOP_32_3' (lenet_support.cpp:32:30) in function 'conv2d' completely with a factor of 10
remark: lenet_support.cpp:27:0: Unrolling loop 'VITIS_LOOP_32_3' (lenet_support.cpp:32:30) in function 'conv2d' completely with a factor of 10
remark: lenet_support.cpp:27:0: Unrolling loop 'VITIS_LOOP_32_3' (lenet_support.cpp:32:30) in function 'conv2d' completely with a factor of 10
remark: lenet_support.cpp:27:0: Unrolling loop 'VITIS_LOOP_32_3' (lenet_support.cpp:32:30) in function 'conv2d' completely with a factor of 10
remark: lenet_support.cpp:27:0: Unrolling loop 'VITIS_LOOP_32_3' (lenet_support.cpp:32:30) in function 'conv2d' completely with a factor of 10
remark: lenet_support.cpp:27:0: Unrolling loop 'VITIS_LOOP_32_3' (lenet_support.cpp:32:30) in function 'conv2d' completely with a factor of 10
remark: lenet_support.cpp:27:0: Unrolling loop 'VITIS_LOOP_32_3' (lenet_support.cpp:32:30) in function 'conv2d' completely with a factor of 10
remark: lenet_support.cpp:27:0: Unrolling loop 'VITIS_LOOP_32_3' (lenet_support.cpp:32:30) in function 'conv2d' completely with a factor of 10
remark: lenet_support.cpp:27:0: Unrolling loop 'VITIS_LOOP_31_2' (lenet_support.cpp:31:26) in function 'conv2d' completely with a factor of 10
remark: lenet_support.cpp:27:0: Unrolling loop 'VITIS_LOOP_32_3' (lenet_support.cpp:32:30) in function 'conv2d' completely with a factor of 10
remark: lenet_support.cpp:27:0: Unrolling loop 'VITIS_LOOP_32_3' (lenet_support.cpp:32:30) in function 'conv2d' completely with a factor of 10
remark: lenet_support.cpp:27:0: Unrolling loop 'VITIS_LOOP_32_3' (lenet_support.cpp:32:30) in function 'conv2d' completely with a factor of 10
remark: lenet_support.cpp:27:0: Unrolling loop 'VITIS_LOOP_32_3' (lenet_support.cpp:32:30) in function 'conv2d' completely with a factor of 10
remark: lenet_support.cpp:27:0: Unrolling loop 'VITIS_LOOP_32_3' (lenet_support.cpp:32:30) in function 'conv2d' completely with a factor of 10
remark: lenet_support.cpp:27:0: Unrolling loop 'VITIS_LOOP_32_3' (lenet_support.cpp:32:30) in function 'conv2d' completely with a factor of 10
remark: lenet_support.cpp:27:0: Unrolling loop 'VITIS_LOOP_32_3' (lenet_support.cpp:32:30) in function 'conv2d' completely with a factor of 10
remark: lenet_support.cpp:27:0: Unrolling loop 'VITIS_LOOP_32_3' (lenet_support.cpp:32:30) in function 'conv2d' completely with a factor of 10
remark: lenet_support.cpp:27:0: Unrolling loop 'VITIS_LOOP_32_3' (lenet_support.cpp:32:30) in function 'conv2d' completely with a factor of 10
remark: lenet_support.cpp:27:0: Unrolling loop 'VITIS_LOOP_32_3' (lenet_support.cpp:32:30) in function 'conv2d' completely with a factor of 10
remark: lenet_support.cpp:27:0: Unrolling loop 'VITIS_LOOP_31_2' (lenet_support.cpp:31:26) in function 'conv2d' completely with a factor of 10
remark: lenet_support.cpp:27:0: Unrolling loop 'VITIS_LOOP_32_3' (lenet_support.cpp:32:30) in function 'conv2d' completely with a factor of 10
remark: lenet_support.cpp:27:0: Unrolling loop 'VITIS_LOOP_32_3' (lenet_support.cpp:32:30) in function 'conv2d' completely with a factor of 10
remark: lenet_support.cpp:27:0: Unrolling loop 'VITIS_LOOP_32_3' (lenet_support.cpp:32:30) in function 'conv2d' completely with a factor of 10
remark: lenet_support.cpp:27:0: Unrolling loop 'VITIS_LOOP_32_3' (lenet_support.cpp:32:30) in function 'conv2d' completely with a factor of 10
remark: lenet_support.cpp:27:0: Unrolling loop 'VITIS_LOOP_32_3' (lenet_support.cpp:32:30) in function 'conv2d' completely with a factor of 10
remark: lenet_support.cpp:27:0: Unrolling loop 'VITIS_LOOP_32_3' (lenet_support.cpp:32:30) in function 'conv2d' completely with a factor of 10
remark: lenet_support.cpp:27:0: Unrolling loop 'VITIS_LOOP_32_3' (lenet_support.cpp:32:30) in function 'conv2d' completely with a factor of 10
remark: lenet_support.cpp:27:0: Unrolling loop 'VITIS_LOOP_32_3' (lenet_support.cpp:32:30) in function 'conv2d' completely with a factor of 10
remark: lenet_support.cpp:27:0: Unrolling loop 'VITIS_LOOP_32_3' (lenet_support.cpp:32:30) in function 'conv2d' completely with a factor of 10
remark: lenet_support.cpp:27:0: Unrolling loop 'VITIS_LOOP_32_3' (lenet_support.cpp:32:30) in function 'conv2d' completely with a factor of 10
remark: lenet_support.cpp:27:0: Unrolling loop 'VITIS_LOOP_31_2' (lenet_support.cpp:31:26) in function 'conv2d' completely with a factor of 10
remark: lenet_support.cpp:27:0: Unrolling loop 'VITIS_LOOP_32_3' (lenet_support.cpp:32:30) in function 'conv2d' completely with a factor of 10
remark: lenet_support.cpp:27:0: Unrolling loop 'VITIS_LOOP_32_3' (lenet_support.cpp:32:30) in function 'conv2d' completely with a factor of 10
remark: lenet_support.cpp:27:0: Unrolling loop 'VITIS_LOOP_32_3' (lenet_support.cpp:32:30) in function 'conv2d' completely with a factor of 10
remark: lenet_support.cpp:27:0: Unrolling loop 'VITIS_LOOP_32_3' (lenet_support.cpp:32:30) in function 'conv2d' completely with a factor of 10
remark: lenet_support.cpp:27:0: Unrolling loop 'VITIS_LOOP_32_3' (lenet_support.cpp:32:30) in function 'conv2d' completely with a factor of 10
remark: lenet_support.cpp:27:0: Unrolling loop 'VITIS_LOOP_32_3' (lenet_support.cpp:32:30) in function 'conv2d' completely with a factor of 10
remark: lenet_support.cpp:27:0: Unrolling loop 'VITIS_LOOP_32_3' (lenet_support.cpp:32:30) in function 'conv2d' completely with a factor of 10
remark: lenet_support.cpp:27:0: Unrolling loop 'VITIS_LOOP_32_3' (lenet_support.cpp:32:30) in function 'conv2d' completely with a factor of 10
remark: lenet_support.cpp:27:0: Unrolling loop 'VITIS_LOOP_32_3' (lenet_support.cpp:32:30) in function 'conv2d' completely with a factor of 10
remark: lenet_support.cpp:27:0: Unrolling loop 'VITIS_LOOP_32_3' (lenet_support.cpp:32:30) in function 'conv2d' completely with a factor of 10
remark: lenet_support.cpp:27:0: Unrolling loop 'VITIS_LOOP_31_2' (lenet_support.cpp:31:26) in function 'conv2d' completely with a factor of 10
remark: lenet_support.cpp:27:0: Unrolling loop 'VITIS_LOOP_32_3' (lenet_support.cpp:32:30) in function 'conv2d' completely with a factor of 10
remark: lenet_support.cpp:27:0: Unrolling loop 'VITIS_LOOP_32_3' (lenet_support.cpp:32:30) in function 'conv2d' completely with a factor of 10
remark: lenet_support.cpp:27:0: Unrolling loop 'VITIS_LOOP_32_3' (lenet_support.cpp:32:30) in function 'conv2d' completely with a factor of 10
remark: lenet_support.cpp:27:0: Unrolling loop 'VITIS_LOOP_32_3' (lenet_support.cpp:32:30) in function 'conv2d' completely with a factor of 10
remark: lenet_support.cpp:27:0: Unrolling loop 'VITIS_LOOP_32_3' (lenet_support.cpp:32:30) in function 'conv2d' completely with a factor of 10
remark: lenet_support.cpp:27:0: Unrolling loop 'VITIS_LOOP_32_3' (lenet_support.cpp:32:30) in function 'conv2d' completely with a factor of 10
remark: lenet_support.cpp:27:0: Unrolling loop 'VITIS_LOOP_32_3' (lenet_support.cpp:32:30) in function 'conv2d' completely with a factor of 10
remark: lenet_support.cpp:27:0: Unrolling loop 'VITIS_LOOP_32_3' (lenet_support.cpp:32:30) in function 'conv2d' completely with a factor of 10
remark: lenet_support.cpp:27:0: Unrolling loop 'VITIS_LOOP_32_3' (lenet_support.cpp:32:30) in function 'conv2d' completely with a factor of 10
remark: lenet_support.cpp:27:0: Unrolling loop 'VITIS_LOOP_32_3' (lenet_support.cpp:32:30) in function 'conv2d' completely with a factor of 10
remark: lenet_support.cpp:27:0: Unrolling loop 'VITIS_LOOP_31_2' (lenet_support.cpp:31:26) in function 'conv2d' completely with a factor of 10
remark: lenet_support.cpp:27:0: Unrolling loop 'VITIS_LOOP_32_3' (lenet_support.cpp:32:30) in function 'conv2d' completely with a factor of 10
remark: lenet_support.cpp:27:0: Unrolling loop 'VITIS_LOOP_32_3' (lenet_support.cpp:32:30) in function 'conv2d' completely with a factor of 10
remark: lenet_support.cpp:27:0: Unrolling loop 'VITIS_LOOP_32_3' (lenet_support.cpp:32:30) in function 'conv2d' completely with a factor of 10
remark: lenet_support.cpp:27:0: Unrolling loop 'VITIS_LOOP_32_3' (lenet_support.cpp:32:30) in function 'conv2d' completely with a factor of 10
remark: lenet_support.cpp:27:0: Unrolling loop 'VITIS_LOOP_32_3' (lenet_support.cpp:32:30) in function 'conv2d' completely with a factor of 10
remark: lenet_support.cpp:27:0: Unrolling loop 'VITIS_LOOP_32_3' (lenet_support.cpp:32:30) in function 'conv2d' completely with a factor of 10
remark: lenet_support.cpp:27:0: Unrolling loop 'VITIS_LOOP_32_3' (lenet_support.cpp:32:30) in function 'conv2d' completely with a factor of 10
remark: lenet_support.cpp:27:0: Unrolling loop 'VITIS_LOOP_32_3' (lenet_support.cpp:32:30) in function 'conv2d' completely with a factor of 10
remark: lenet_support.cpp:27:0: Unrolling loop 'VITIS_LOOP_32_3' (lenet_support.cpp:32:30) in function 'conv2d' completely with a factor of 10
remark: lenet_support.cpp:27:0: Unrolling loop 'VITIS_LOOP_32_3' (lenet_support.cpp:32:30) in function 'conv2d' completely with a factor of 10
remark: lenet_support.cpp:27:0: Unrolling loop 'VITIS_LOOP_31_2' (lenet_support.cpp:31:26) in function 'conv2d' completely with a factor of 10
remark: lenet_support.cpp:27:0: Unrolling loop 'VITIS_LOOP_32_3' (lenet_support.cpp:32:30) in function 'conv2d' completely with a factor of 10
remark: lenet_support.cpp:27:0: Unrolling loop 'VITIS_LOOP_32_3' (lenet_support.cpp:32:30) in function 'conv2d' completely with a factor of 10
remark: lenet_support.cpp:27:0: Unrolling loop 'VITIS_LOOP_32_3' (lenet_support.cpp:32:30) in function 'conv2d' completely with a factor of 10
remark: lenet_support.cpp:27:0: Unrolling loop 'VITIS_LOOP_32_3' (lenet_support.cpp:32:30) in function 'conv2d' completely with a factor of 10
remark: lenet_support.cpp:27:0: Unrolling loop 'VITIS_LOOP_32_3' (lenet_support.cpp:32:30) in function 'conv2d' completely with a factor of 10
remark: lenet_support.cpp:27:0: Unrolling loop 'VITIS_LOOP_32_3' (lenet_support.cpp:32:30) in function 'conv2d' completely with a factor of 10
remark: lenet_support.cpp:27:0: Unrolling loop 'VITIS_LOOP_32_3' (lenet_support.cpp:32:30) in function 'conv2d' completely with a factor of 10
remark: lenet_support.cpp:27:0: Unrolling loop 'VITIS_LOOP_32_3' (lenet_support.cpp:32:30) in function 'conv2d' completely with a factor of 10
remark: lenet_support.cpp:27:0: Unrolling loop 'VITIS_LOOP_32_3' (lenet_support.cpp:32:30) in function 'conv2d' completely with a factor of 10
remark: lenet_support.cpp:27:0: Unrolling loop 'VITIS_LOOP_32_3' (lenet_support.cpp:32:30) in function 'conv2d' completely with a factor of 10
remark: lenet_support.cpp:27:0: Unrolling loop 'VITIS_LOOP_31_2' (lenet_support.cpp:31:26) in function 'conv2d' completely with a factor of 10
remark: lenet_support.cpp:27:0: Unrolling loop 'VITIS_LOOP_32_3' (lenet_support.cpp:32:30) in function 'conv2d' completely with a factor of 10
remark: lenet_support.cpp:27:0: Unrolling loop 'VITIS_LOOP_32_3' (lenet_support.cpp:32:30) in function 'conv2d' completely with a factor of 10
remark: lenet_support.cpp:27:0: Unrolling loop 'VITIS_LOOP_32_3' (lenet_support.cpp:32:30) in function 'conv2d' completely with a factor of 10
remark: lenet_support.cpp:27:0: Unrolling loop 'VITIS_LOOP_32_3' (lenet_support.cpp:32:30) in function 'conv2d' completely with a factor of 10
remark: lenet_support.cpp:27:0: Unrolling loop 'VITIS_LOOP_32_3' (lenet_support.cpp:32:30) in function 'conv2d' completely with a factor of 10
remark: lenet_support.cpp:27:0: Unrolling loop 'VITIS_LOOP_32_3' (lenet_support.cpp:32:30) in function 'conv2d' completely with a factor of 10
remark: lenet_support.cpp:27:0: Unrolling loop 'VITIS_LOOP_32_3' (lenet_support.cpp:32:30) in function 'conv2d' completely with a factor of 10
remark: lenet_support.cpp:27:0: Unrolling loop 'VITIS_LOOP_32_3' (lenet_support.cpp:32:30) in function 'conv2d' completely with a factor of 10
remark: lenet_support.cpp:27:0: Unrolling loop 'VITIS_LOOP_32_3' (lenet_support.cpp:32:30) in function 'conv2d' completely with a factor of 10
remark: lenet_support.cpp:27:0: Unrolling loop 'VITIS_LOOP_32_3' (lenet_support.cpp:32:30) in function 'conv2d' completely with a factor of 10
remark: lenet_support.cpp:27:0: Unrolling loop 'VITIS_LOOP_31_2' (lenet_support.cpp:31:26) in function 'conv2d' completely with a factor of 10
remark: lenet_support.cpp:27:0: Unrolling loop 'VITIS_LOOP_32_3' (lenet_support.cpp:32:30) in function 'conv2d' completely with a factor of 10
remark: lenet_support.cpp:27:0: Unrolling loop 'VITIS_LOOP_32_3' (lenet_support.cpp:32:30) in function 'conv2d' completely with a factor of 10
remark: lenet_support.cpp:27:0: Unrolling loop 'VITIS_LOOP_32_3' (lenet_support.cpp:32:30) in function 'conv2d' completely with a factor of 10
remark: lenet_support.cpp:27:0: Unrolling loop 'VITIS_LOOP_32_3' (lenet_support.cpp:32:30) in function 'conv2d' completely with a factor of 10
remark: lenet_support.cpp:27:0: Unrolling loop 'VITIS_LOOP_32_3' (lenet_support.cpp:32:30) in function 'conv2d' completely with a factor of 10
remark: lenet_support.cpp:27:0: Unrolling loop 'VITIS_LOOP_32_3' (lenet_support.cpp:32:30) in function 'conv2d' completely with a factor of 10
remark: lenet_support.cpp:27:0: Unrolling loop 'VITIS_LOOP_32_3' (lenet_support.cpp:32:30) in function 'conv2d' completely with a factor of 10
remark: lenet_support.cpp:27:0: Unrolling loop 'VITIS_LOOP_32_3' (lenet_support.cpp:32:30) in function 'conv2d' completely with a factor of 10
remark: lenet_support.cpp:27:0: Unrolling loop 'VITIS_LOOP_32_3' (lenet_support.cpp:32:30) in function 'conv2d' completely with a factor of 10
remark: lenet_support.cpp:27:0: Unrolling loop 'VITIS_LOOP_32_3' (lenet_support.cpp:32:30) in function 'conv2d' completely with a factor of 10
remark: lenet_support.cpp:27:0: Unrolling loop 'VITIS_LOOP_31_2' (lenet_support.cpp:31:26) in function 'conv2d' completely with a factor of 10
remark: lenet_support.cpp:27:0: Unrolling loop 'VITIS_LOOP_32_3' (lenet_support.cpp:32:30) in function 'conv2d' completely with a factor of 10
remark: lenet_support.cpp:27:0: Unrolling loop 'VITIS_LOOP_32_3' (lenet_support.cpp:32:30) in function 'conv2d' completely with a factor of 10
remark: lenet_support.cpp:27:0: Unrolling loop 'VITIS_LOOP_32_3' (lenet_support.cpp:32:30) in function 'conv2d' completely with a factor of 10
remark: lenet_support.cpp:27:0: Unrolling loop 'VITIS_LOOP_32_3' (lenet_support.cpp:32:30) in function 'conv2d' completely with a factor of 10
remark: lenet_support.cpp:27:0: Unrolling loop 'VITIS_LOOP_32_3' (lenet_support.cpp:32:30) in function 'conv2d' completely with a factor of 10
remark: lenet_support.cpp:27:0: Unrolling loop 'VITIS_LOOP_32_3' (lenet_support.cpp:32:30) in function 'conv2d' completely with a factor of 10
remark: lenet_support.cpp:27:0: Unrolling loop 'VITIS_LOOP_32_3' (lenet_support.cpp:32:30) in function 'conv2d' completely with a factor of 10
remark: lenet_support.cpp:27:0: Unrolling loop 'VITIS_LOOP_32_3' (lenet_support.cpp:32:30) in function 'conv2d' completely with a factor of 10
remark: lenet_support.cpp:27:0: Unrolling loop 'VITIS_LOOP_32_3' (lenet_support.cpp:32:30) in function 'conv2d' completely with a factor of 10
remark: lenet_support.cpp:27:0: Unrolling loop 'VITIS_LOOP_32_3' (lenet_support.cpp:32:30) in function 'conv2d' completely with a factor of 10
remark: lenet_support.cpp:27:0: Unrolling loop 'VITIS_LOOP_31_2' (lenet_support.cpp:31:26) in function 'conv2d' completely with a factor of 10
remark: lenet_support.cpp:27:0: Unrolling loop 'VITIS_LOOP_32_3' (lenet_support.cpp:32:30) in function 'conv2d' completely with a factor of 10
remark: lenet_support.cpp:27:0: Unrolling loop 'VITIS_LOOP_32_3' (lenet_support.cpp:32:30) in function 'conv2d' completely with a factor of 10
remark: lenet_support.cpp:27:0: Unrolling loop 'VITIS_LOOP_32_3' (lenet_support.cpp:32:30) in function 'conv2d' completely with a factor of 10
remark: lenet_support.cpp:27:0: Unrolling loop 'VITIS_LOOP_32_3' (lenet_support.cpp:32:30) in function 'conv2d' completely with a factor of 10
remark: lenet_support.cpp:27:0: Unrolling loop 'VITIS_LOOP_32_3' (lenet_support.cpp:32:30) in function 'conv2d' completely with a factor of 10
remark: lenet_support.cpp:27:0: Unrolling loop 'VITIS_LOOP_32_3' (lenet_support.cpp:32:30) in function 'conv2d' completely with a factor of 10
remark: lenet_support.cpp:27:0: Unrolling loop 'VITIS_LOOP_32_3' (lenet_support.cpp:32:30) in function 'conv2d' completely with a factor of 10
remark: lenet_support.cpp:27:0: Unrolling loop 'VITIS_LOOP_32_3' (lenet_support.cpp:32:30) in function 'conv2d' completely with a factor of 10
remark: lenet_support.cpp:27:0: Unrolling loop 'VITIS_LOOP_32_3' (lenet_support.cpp:32:30) in function 'conv2d' completely with a factor of 10
remark: lenet_support.cpp:27:0: Unrolling loop 'VITIS_LOOP_32_3' (lenet_support.cpp:32:30) in function 'conv2d' completely with a factor of 10
remark: lenet_support.cpp:27:0: Unrolling loop 'VITIS_LOOP_31_2' (lenet_support.cpp:31:26) in function 'conv2d' completely with a factor of 10
remark: lenet_support.cpp:27:0: Unrolling loop 'VITIS_LOOP_32_3' (lenet_support.cpp:32:30) in function 'conv2d' completely with a factor of 10
remark: lenet_support.cpp:27:0: Unrolling loop 'VITIS_LOOP_32_3' (lenet_support.cpp:32:30) in function 'conv2d' completely with a factor of 10
remark: lenet_support.cpp:27:0: Unrolling loop 'VITIS_LOOP_32_3' (lenet_support.cpp:32:30) in function 'conv2d' completely with a factor of 10
remark: lenet_support.cpp:27:0: Unrolling loop 'VITIS_LOOP_32_3' (lenet_support.cpp:32:30) in function 'conv2d' completely with a factor of 10
remark: lenet_support.cpp:27:0: Unrolling loop 'VITIS_LOOP_32_3' (lenet_support.cpp:32:30) in function 'conv2d' completely with a factor of 10
remark: lenet_support.cpp:27:0: Unrolling loop 'VITIS_LOOP_32_3' (lenet_support.cpp:32:30) in function 'conv2d' completely with a factor of 10
remark: lenet_support.cpp:27:0: Unrolling loop 'VITIS_LOOP_32_3' (lenet_support.cpp:32:30) in function 'conv2d' completely with a factor of 10
remark: lenet_support.cpp:27:0: Unrolling loop 'VITIS_LOOP_32_3' (lenet_support.cpp:32:30) in function 'conv2d' completely with a factor of 10
remark: lenet_support.cpp:27:0: Unrolling loop 'VITIS_LOOP_32_3' (lenet_support.cpp:32:30) in function 'conv2d' completely with a factor of 10
remark: lenet_support.cpp:27:0: Unrolling loop 'VITIS_LOOP_32_3' (lenet_support.cpp:32:30) in function 'conv2d' completely with a factor of 10
remark: lenet_support.cpp:27:0: Unrolling loop 'VITIS_LOOP_31_2' (lenet_support.cpp:31:26) in function 'conv2d' completely with a factor of 10
remark: lenet_support.cpp:27:0: Unrolling loop 'VITIS_LOOP_32_3' (lenet_support.cpp:32:30) in function 'conv2d' completely with a factor of 10
remark: lenet_support.cpp:27:0: Unrolling loop 'VITIS_LOOP_32_3' (lenet_support.cpp:32:30) in function 'conv2d' completely with a factor of 10
remark: lenet_support.cpp:27:0: Unrolling loop 'VITIS_LOOP_32_3' (lenet_support.cpp:32:30) in function 'conv2d' completely with a factor of 10
remark: lenet_support.cpp:27:0: Unrolling loop 'VITIS_LOOP_32_3' (lenet_support.cpp:32:30) in function 'conv2d' completely with a factor of 10
remark: lenet_support.cpp:27:0: Unrolling loop 'VITIS_LOOP_32_3' (lenet_support.cpp:32:30) in function 'conv2d' completely with a factor of 10
remark: lenet_support.cpp:27:0: Unrolling loop 'VITIS_LOOP_32_3' (lenet_support.cpp:32:30) in function 'conv2d' completely with a factor of 10
remark: lenet_support.cpp:27:0: Unrolling loop 'VITIS_LOOP_32_3' (lenet_support.cpp:32:30) in function 'conv2d' completely with a factor of 10
remark: lenet_support.cpp:27:0: Unrolling loop 'VITIS_LOOP_32_3' (lenet_support.cpp:32:30) in function 'conv2d' completely with a factor of 10
remark: lenet_support.cpp:27:0: Unrolling loop 'VITIS_LOOP_32_3' (lenet_support.cpp:32:30) in function 'conv2d' completely with a factor of 10
remark: lenet_support.cpp:27:0: Unrolling loop 'VITIS_LOOP_32_3' (lenet_support.cpp:32:30) in function 'conv2d' completely with a factor of 10
remark: lenet_support.cpp:27:0: Unrolling loop 'VITIS_LOOP_30_1' (lenet_support.cpp:30:22) in function 'conv2d' completely with a factor of 6
remark: lenet_support.cpp:27:0: Unrolling loop 'VITIS_LOOP_31_2' (lenet_support.cpp:31:26) in function 'conv2d' completely with a factor of 28
remark: lenet_support.cpp:27:0: Unrolling loop 'VITIS_LOOP_32_3' (lenet_support.cpp:32:30) in function 'conv2d' completely with a factor of 28
remark: lenet_support.cpp:27:0: Unrolling loop 'VITIS_LOOP_32_3' (lenet_support.cpp:32:30) in function 'conv2d' completely with a factor of 28
remark: lenet_support.cpp:27:0: Unrolling loop 'VITIS_LOOP_32_3' (lenet_support.cpp:32:30) in function 'conv2d' completely with a factor of 28
remark: lenet_support.cpp:27:0: Unrolling loop 'VITIS_LOOP_32_3' (lenet_support.cpp:32:30) in function 'conv2d' completely with a factor of 28
remark: lenet_support.cpp:27:0: Unrolling loop 'VITIS_LOOP_32_3' (lenet_support.cpp:32:30) in function 'conv2d' completely with a factor of 28
remark: lenet_support.cpp:27:0: Unrolling loop 'VITIS_LOOP_32_3' (lenet_support.cpp:32:30) in function 'conv2d' completely with a factor of 28
remark: lenet_support.cpp:27:0: Unrolling loop 'VITIS_LOOP_32_3' (lenet_support.cpp:32:30) in function 'conv2d' completely with a factor of 28
remark: lenet_support.cpp:27:0: Unrolling loop 'VITIS_LOOP_32_3' (lenet_support.cpp:32:30) in function 'conv2d' completely with a factor of 28
remark: lenet_support.cpp:27:0: Unrolling loop 'VITIS_LOOP_32_3' (lenet_support.cpp:32:30) in function 'conv2d' completely with a factor of 28
remark: lenet_support.cpp:27:0: Unrolling loop 'VITIS_LOOP_32_3' (lenet_support.cpp:32:30) in function 'conv2d' completely with a factor of 28
remark: lenet_support.cpp:27:0: Unrolling loop 'VITIS_LOOP_32_3' (lenet_support.cpp:32:30) in function 'conv2d' completely with a factor of 28
remark: lenet_support.cpp:27:0: Unrolling loop 'VITIS_LOOP_32_3' (lenet_support.cpp:32:30) in function 'conv2d' completely with a factor of 28
remark: lenet_support.cpp:27:0: Unrolling loop 'VITIS_LOOP_32_3' (lenet_support.cpp:32:30) in function 'conv2d' completely with a factor of 28
remark: lenet_support.cpp:27:0: Unrolling loop 'VITIS_LOOP_32_3' (lenet_support.cpp:32:30) in function 'conv2d' completely with a factor of 28
remark: lenet_support.cpp:27:0: Unrolling loop 'VITIS_LOOP_32_3' (lenet_support.cpp:32:30) in function 'conv2d' completely with a factor of 28
remark: lenet_support.cpp:27:0: Unrolling loop 'VITIS_LOOP_32_3' (lenet_support.cpp:32:30) in function 'conv2d' completely with a factor of 28
remark: lenet_support.cpp:27:0: Unrolling loop 'VITIS_LOOP_32_3' (lenet_support.cpp:32:30) in function 'conv2d' completely with a factor of 28
remark: lenet_support.cpp:27:0: Unrolling loop 'VITIS_LOOP_32_3' (lenet_support.cpp:32:30) in function 'conv2d' completely with a factor of 28
remark: lenet_support.cpp:27:0: Unrolling loop 'VITIS_LOOP_32_3' (lenet_support.cpp:32:30) in function 'conv2d' completely with a factor of 28
remark: lenet_support.cpp:27:0: Unrolling loop 'VITIS_LOOP_32_3' (lenet_support.cpp:32:30) in function 'conv2d' completely with a factor of 28
remark: lenet_support.cpp:27:0: Unrolling loop 'VITIS_LOOP_32_3' (lenet_support.cpp:32:30) in function 'conv2d' completely with a factor of 28
remark: lenet_support.cpp:27:0: Unrolling loop 'VITIS_LOOP_32_3' (lenet_support.cpp:32:30) in function 'conv2d' completely with a factor of 28
remark: lenet_support.cpp:27:0: Unrolling loop 'VITIS_LOOP_32_3' (lenet_support.cpp:32:30) in function 'conv2d' completely with a factor of 28
remark: lenet_support.cpp:27:0: Unrolling loop 'VITIS_LOOP_32_3' (lenet_support.cpp:32:30) in function 'conv2d' completely with a factor of 28
remark: lenet_support.cpp:27:0: Unrolling loop 'VITIS_LOOP_32_3' (lenet_support.cpp:32:30) in function 'conv2d' completely with a factor of 28
remark: lenet_support.cpp:27:0: Unrolling loop 'VITIS_LOOP_32_3' (lenet_support.cpp:32:30) in function 'conv2d' completely with a factor of 28
remark: lenet_support.cpp:27:0: Unrolling loop 'VITIS_LOOP_32_3' (lenet_support.cpp:32:30) in function 'conv2d' completely with a factor of 28
remark: lenet_support.cpp:27:0: Unrolling loop 'VITIS_LOOP_32_3' (lenet_support.cpp:32:30) in function 'conv2d' completely with a factor of 28
remark: lenet_support.cpp:27:0: Unrolling loop 'VITIS_LOOP_31_2' (lenet_support.cpp:31:26) in function 'conv2d' completely with a factor of 28
remark: lenet_support.cpp:27:0: Unrolling loop 'VITIS_LOOP_32_3' (lenet_support.cpp:32:30) in function 'conv2d' completely with a factor of 28
remark: lenet_support.cpp:27:0: Unrolling loop 'VITIS_LOOP_32_3' (lenet_support.cpp:32:30) in function 'conv2d' completely with a factor of 28
remark: lenet_support.cpp:27:0: Unrolling loop 'VITIS_LOOP_32_3' (lenet_support.cpp:32:30) in function 'conv2d' completely with a factor of 28
remark: lenet_support.cpp:27:0: Unrolling loop 'VITIS_LOOP_32_3' (lenet_support.cpp:32:30) in function 'conv2d' completely with a factor of 28
remark: lenet_support.cpp:27:0: Unrolling loop 'VITIS_LOOP_32_3' (lenet_support.cpp:32:30) in function 'conv2d' completely with a factor of 28
remark: lenet_support.cpp:27:0: Unrolling loop 'VITIS_LOOP_32_3' (lenet_support.cpp:32:30) in function 'conv2d' completely with a factor of 28
remark: lenet_support.cpp:27:0: Unrolling loop 'VITIS_LOOP_32_3' (lenet_support.cpp:32:30) in function 'conv2d' completely with a factor of 28
remark: lenet_support.cpp:27:0: Unrolling loop 'VITIS_LOOP_32_3' (lenet_support.cpp:32:30) in function 'conv2d' completely with a factor of 28
remark: lenet_support.cpp:27:0: Unrolling loop 'VITIS_LOOP_32_3' (lenet_support.cpp:32:30) in function 'conv2d' completely with a factor of 28
remark: lenet_support.cpp:27:0: Unrolling loop 'VITIS_LOOP_32_3' (lenet_support.cpp:32:30) in function 'conv2d' completely with a factor of 28
remark: lenet_support.cpp:27:0: Unrolling loop 'VITIS_LOOP_32_3' (lenet_support.cpp:32:30) in function 'conv2d' completely with a factor of 28
remark: lenet_support.cpp:27:0: Unrolling loop 'VITIS_LOOP_32_3' (lenet_support.cpp:32:30) in function 'conv2d' completely with a factor of 28
remark: lenet_support.cpp:27:0: Unrolling loop 'VITIS_LOOP_32_3' (lenet_support.cpp:32:30) in function 'conv2d' completely with a factor of 28
remark: lenet_support.cpp:27:0: Unrolling loop 'VITIS_LOOP_32_3' (lenet_support.cpp:32:30) in function 'conv2d' completely with a factor of 28
remark: lenet_support.cpp:27:0: Unrolling loop 'VITIS_LOOP_32_3' (lenet_support.cpp:32:30) in function 'conv2d' completely with a factor of 28
remark: lenet_support.cpp:27:0: Unrolling loop 'VITIS_LOOP_32_3' (lenet_support.cpp:32:30) in function 'conv2d' completely with a factor of 28
remark: lenet_support.cpp:27:0: Unrolling loop 'VITIS_LOOP_32_3' (lenet_support.cpp:32:30) in function 'conv2d' completely with a factor of 28
remark: lenet_support.cpp:27:0: Unrolling loop 'VITIS_LOOP_32_3' (lenet_support.cpp:32:30) in function 'conv2d' completely with a factor of 28
remark: lenet_support.cpp:27:0: Unrolling loop 'VITIS_LOOP_32_3' (lenet_support.cpp:32:30) in function 'conv2d' completely with a factor of 28
remark: lenet_support.cpp:27:0: Unrolling loop 'VITIS_LOOP_32_3' (lenet_support.cpp:32:30) in function 'conv2d' completely with a factor of 28
remark: lenet_support.cpp:27:0: Unrolling loop 'VITIS_LOOP_32_3' (lenet_support.cpp:32:30) in function 'conv2d' completely with a factor of 28
remark: lenet_support.cpp:27:0: Unrolling loop 'VITIS_LOOP_32_3' (lenet_support.cpp:32:30) in function 'conv2d' completely with a factor of 28
remark: lenet_support.cpp:27:0: Unrolling loop 'VITIS_LOOP_32_3' (lenet_support.cpp:32:30) in function 'conv2d' completely with a factor of 28
remark: lenet_support.cpp:27:0: Unrolling loop 'VITIS_LOOP_32_3' (lenet_support.cpp:32:30) in function 'conv2d' completely with a factor of 28
remark: lenet_support.cpp:27:0: Unrolling loop 'VITIS_LOOP_32_3' (lenet_support.cpp:32:30) in function 'conv2d' completely with a factor of 28
remark: lenet_support.cpp:27:0: Unrolling loop 'VITIS_LOOP_32_3' (lenet_support.cpp:32:30) in function 'conv2d' completely with a factor of 28
remark: lenet_support.cpp:27:0: Unrolling loop 'VITIS_LOOP_32_3' (lenet_support.cpp:32:30) in function 'conv2d' completely with a factor of 28
remark: lenet_support.cpp:27:0: Unrolling loop 'VITIS_LOOP_32_3' (lenet_support.cpp:32:30) in function 'conv2d' completely with a factor of 28
remark: lenet_support.cpp:27:0: Unrolling loop 'VITIS_LOOP_31_2' (lenet_support.cpp:31:26) in function 'conv2d' completely with a factor of 28
remark: lenet_support.cpp:27:0: Unrolling loop 'VITIS_LOOP_32_3' (lenet_support.cpp:32:30) in function 'conv2d' completely with a factor of 28
remark: lenet_support.cpp:27:0: Unrolling loop 'VITIS_LOOP_32_3' (lenet_support.cpp:32:30) in function 'conv2d' completely with a factor of 28
remark: lenet_support.cpp:27:0: Unrolling loop 'VITIS_LOOP_32_3' (lenet_support.cpp:32:30) in function 'conv2d' completely with a factor of 28
remark: lenet_support.cpp:27:0: Unrolling loop 'VITIS_LOOP_32_3' (lenet_support.cpp:32:30) in function 'conv2d' completely with a factor of 28
remark: lenet_support.cpp:27:0: Unrolling loop 'VITIS_LOOP_32_3' (lenet_support.cpp:32:30) in function 'conv2d' completely with a factor of 28
remark: lenet_support.cpp:27:0: Unrolling loop 'VITIS_LOOP_32_3' (lenet_support.cpp:32:30) in function 'conv2d' completely with a factor of 28
remark: lenet_support.cpp:27:0: Unrolling loop 'VITIS_LOOP_32_3' (lenet_support.cpp:32:30) in function 'conv2d' completely with a factor of 28
remark: lenet_support.cpp:27:0: Unrolling loop 'VITIS_LOOP_32_3' (lenet_support.cpp:32:30) in function 'conv2d' completely with a factor of 28
remark: lenet_support.cpp:27:0: Unrolling loop 'VITIS_LOOP_32_3' (lenet_support.cpp:32:30) in function 'conv2d' completely with a factor of 28
remark: lenet_support.cpp:27:0: Unrolling loop 'VITIS_LOOP_32_3' (lenet_support.cpp:32:30) in function 'conv2d' completely with a factor of 28
remark: lenet_support.cpp:27:0: Unrolling loop 'VITIS_LOOP_32_3' (lenet_support.cpp:32:30) in function 'conv2d' completely with a factor of 28
remark: lenet_support.cpp:27:0: Unrolling loop 'VITIS_LOOP_32_3' (lenet_support.cpp:32:30) in function 'conv2d' completely with a factor of 28
remark: lenet_support.cpp:27:0: Unrolling loop 'VITIS_LOOP_32_3' (lenet_support.cpp:32:30) in function 'conv2d' completely with a factor of 28
remark: lenet_support.cpp:27:0: Unrolling loop 'VITIS_LOOP_32_3' (lenet_support.cpp:32:30) in function 'conv2d' completely with a factor of 28
remark: lenet_support.cpp:27:0: Unrolling loop 'VITIS_LOOP_32_3' (lenet_support.cpp:32:30) in function 'conv2d' completely with a factor of 28
remark: lenet_support.cpp:27:0: Unrolling loop 'VITIS_LOOP_32_3' (lenet_support.cpp:32:30) in function 'conv2d' completely with a factor of 28
remark: lenet_support.cpp:27:0: Unrolling loop 'VITIS_LOOP_32_3' (lenet_support.cpp:32:30) in function 'conv2d' completely with a factor of 28
remark: lenet_support.cpp:27:0: Unrolling loop 'VITIS_LOOP_32_3' (lenet_support.cpp:32:30) in function 'conv2d' completely with a factor of 28
remark: lenet_support.cpp:27:0: Unrolling loop 'VITIS_LOOP_32_3' (lenet_support.cpp:32:30) in function 'conv2d' completely with a factor of 28
remark: lenet_support.cpp:27:0: Unrolling loop 'VITIS_LOOP_32_3' (lenet_support.cpp:32:30) in function 'conv2d' completely with a factor of 28
remark: lenet_support.cpp:27:0: Unrolling loop 'VITIS_LOOP_32_3' (lenet_support.cpp:32:30) in function 'conv2d' completely with a factor of 28
remark: lenet_support.cpp:27:0: Unrolling loop 'VITIS_LOOP_32_3' (lenet_support.cpp:32:30) in function 'conv2d' completely with a factor of 28
remark: lenet_support.cpp:27:0: Unrolling loop 'VITIS_LOOP_32_3' (lenet_support.cpp:32:30) in function 'conv2d' completely with a factor of 28
remark: lenet_support.cpp:27:0: Unrolling loop 'VITIS_LOOP_32_3' (lenet_support.cpp:32:30) in function 'conv2d' completely with a factor of 28
remark: lenet_support.cpp:27:0: Unrolling loop 'VITIS_LOOP_32_3' (lenet_support.cpp:32:30) in function 'conv2d' completely with a factor of 28
remark: lenet_support.cpp:27:0: Unrolling loop 'VITIS_LOOP_32_3' (lenet_support.cpp:32:30) in function 'conv2d' completely with a factor of 28
remark: lenet_support.cpp:27:0: Unrolling loop 'VITIS_LOOP_32_3' (lenet_support.cpp:32:30) in function 'conv2d' completely with a factor of 28
remark: lenet_support.cpp:27:0: Unrolling loop 'VITIS_LOOP_32_3' (lenet_support.cpp:32:30) in function 'conv2d' completely with a factor of 28
remark: lenet_support.cpp:27:0: Unrolling loop 'VITIS_LOOP_31_2' (lenet_support.cpp:31:26) in function 'conv2d' completely with a factor of 28
remark: lenet_support.cpp:27:0: Unrolling loop 'VITIS_LOOP_32_3' (lenet_support.cpp:32:30) in function 'conv2d' completely with a factor of 28
remark: lenet_support.cpp:27:0: Unrolling loop 'VITIS_LOOP_32_3' (lenet_support.cpp:32:30) in function 'conv2d' completely with a factor of 28
remark: lenet_support.cpp:27:0: Unrolling loop 'VITIS_LOOP_32_3' (lenet_support.cpp:32:30) in function 'conv2d' completely with a factor of 28
remark: lenet_support.cpp:27:0: Unrolling loop 'VITIS_LOOP_32_3' (lenet_support.cpp:32:30) in function 'conv2d' completely with a factor of 28
remark: lenet_support.cpp:27:0: Unrolling loop 'VITIS_LOOP_32_3' (lenet_support.cpp:32:30) in function 'conv2d' completely with a factor of 28
remark: lenet_support.cpp:27:0: Unrolling loop 'VITIS_LOOP_32_3' (lenet_support.cpp:32:30) in function 'conv2d' completely with a factor of 28
remark: lenet_support.cpp:27:0: Unrolling loop 'VITIS_LOOP_32_3' (lenet_support.cpp:32:30) in function 'conv2d' completely with a factor of 28
remark: lenet_support.cpp:27:0: Unrolling loop 'VITIS_LOOP_32_3' (lenet_support.cpp:32:30) in function 'conv2d' completely with a factor of 28
remark: lenet_support.cpp:27:0: Unrolling loop 'VITIS_LOOP_32_3' (lenet_support.cpp:32:30) in function 'conv2d' completely with a factor of 28
remark: lenet_support.cpp:27:0: Unrolling loop 'VITIS_LOOP_32_3' (lenet_support.cpp:32:30) in function 'conv2d' completely with a factor of 28
remark: lenet_support.cpp:27:0: Unrolling loop 'VITIS_LOOP_32_3' (lenet_support.cpp:32:30) in function 'conv2d' completely with a factor of 28
remark: lenet_support.cpp:27:0: Unrolling loop 'VITIS_LOOP_32_3' (lenet_support.cpp:32:30) in function 'conv2d' completely with a factor of 28
remark: lenet_support.cpp:27:0: Unrolling loop 'VITIS_LOOP_32_3' (lenet_support.cpp:32:30) in function 'conv2d' completely with a factor of 28
remark: lenet_support.cpp:27:0: Unrolling loop 'VITIS_LOOP_32_3' (lenet_support.cpp:32:30) in function 'conv2d' completely with a factor of 28
remark: lenet_support.cpp:27:0: Unrolling loop 'VITIS_LOOP_32_3' (lenet_support.cpp:32:30) in function 'conv2d' completely with a factor of 28
remark: lenet_support.cpp:27:0: Unrolling loop 'VITIS_LOOP_32_3' (lenet_support.cpp:32:30) in function 'conv2d' completely with a factor of 28
remark: lenet_support.cpp:27:0: Unrolling loop 'VITIS_LOOP_32_3' (lenet_support.cpp:32:30) in function 'conv2d' completely with a factor of 28
remark: lenet_support.cpp:27:0: Unrolling loop 'VITIS_LOOP_32_3' (lenet_support.cpp:32:30) in function 'conv2d' completely with a factor of 28
remark: lenet_support.cpp:27:0: Unrolling loop 'VITIS_LOOP_32_3' (lenet_support.cpp:32:30) in function 'conv2d' completely with a factor of 28
remark: lenet_support.cpp:27:0: Unrolling loop 'VITIS_LOOP_32_3' (lenet_support.cpp:32:30) in function 'conv2d' completely with a factor of 28
remark: lenet_support.cpp:27:0: Unrolling loop 'VITIS_LOOP_32_3' (lenet_support.cpp:32:30) in function 'conv2d' completely with a factor of 28
remark: lenet_support.cpp:27:0: Unrolling loop 'VITIS_LOOP_32_3' (lenet_support.cpp:32:30) in function 'conv2d' completely with a factor of 28
remark: lenet_support.cpp:27:0: Unrolling loop 'VITIS_LOOP_32_3' (lenet_support.cpp:32:30) in function 'conv2d' completely with a factor of 28
remark: lenet_support.cpp:27:0: Unrolling loop 'VITIS_LOOP_32_3' (lenet_support.cpp:32:30) in function 'conv2d' completely with a factor of 28
remark: lenet_support.cpp:27:0: Unrolling loop 'VITIS_LOOP_32_3' (lenet_support.cpp:32:30) in function 'conv2d' completely with a factor of 28
remark: lenet_support.cpp:27:0: Unrolling loop 'VITIS_LOOP_32_3' (lenet_support.cpp:32:30) in function 'conv2d' completely with a factor of 28
remark: lenet_support.cpp:27:0: Unrolling loop 'VITIS_LOOP_32_3' (lenet_support.cpp:32:30) in function 'conv2d' completely with a factor of 28
remark: lenet_support.cpp:27:0: Unrolling loop 'VITIS_LOOP_32_3' (lenet_support.cpp:32:30) in function 'conv2d' completely with a factor of 28
remark: lenet_support.cpp:27:0: Unrolling loop 'VITIS_LOOP_31_2' (lenet_support.cpp:31:26) in function 'conv2d' completely with a factor of 28
remark: lenet_support.cpp:27:0: Unrolling loop 'VITIS_LOOP_32_3' (lenet_support.cpp:32:30) in function 'conv2d' completely with a factor of 28
remark: lenet_support.cpp:27:0: Unrolling loop 'VITIS_LOOP_32_3' (lenet_support.cpp:32:30) in function 'conv2d' completely with a factor of 28
remark: lenet_support.cpp:27:0: Unrolling loop 'VITIS_LOOP_32_3' (lenet_support.cpp:32:30) in function 'conv2d' completely with a factor of 28
remark: lenet_support.cpp:27:0: Unrolling loop 'VITIS_LOOP_32_3' (lenet_support.cpp:32:30) in function 'conv2d' completely with a factor of 28
remark: lenet_support.cpp:27:0: Unrolling loop 'VITIS_LOOP_32_3' (lenet_support.cpp:32:30) in function 'conv2d' completely with a factor of 28
remark: lenet_support.cpp:27:0: Unrolling loop 'VITIS_LOOP_32_3' (lenet_support.cpp:32:30) in function 'conv2d' completely with a factor of 28
remark: lenet_support.cpp:27:0: Unrolling loop 'VITIS_LOOP_32_3' (lenet_support.cpp:32:30) in function 'conv2d' completely with a factor of 28
remark: lenet_support.cpp:27:0: Unrolling loop 'VITIS_LOOP_32_3' (lenet_support.cpp:32:30) in function 'conv2d' completely with a factor of 28
remark: lenet_support.cpp:27:0: Unrolling loop 'VITIS_LOOP_32_3' (lenet_support.cpp:32:30) in function 'conv2d' completely with a factor of 28
remark: lenet_support.cpp:27:0: Unrolling loop 'VITIS_LOOP_32_3' (lenet_support.cpp:32:30) in function 'conv2d' completely with a factor of 28
remark: lenet_support.cpp:27:0: Unrolling loop 'VITIS_LOOP_32_3' (lenet_support.cpp:32:30) in function 'conv2d' completely with a factor of 28
remark: lenet_support.cpp:27:0: Unrolling loop 'VITIS_LOOP_32_3' (lenet_support.cpp:32:30) in function 'conv2d' completely with a factor of 28
remark: lenet_support.cpp:27:0: Unrolling loop 'VITIS_LOOP_32_3' (lenet_support.cpp:32:30) in function 'conv2d' completely with a factor of 28
remark: lenet_support.cpp:27:0: Unrolling loop 'VITIS_LOOP_32_3' (lenet_support.cpp:32:30) in function 'conv2d' completely with a factor of 28
remark: lenet_support.cpp:27:0: Unrolling loop 'VITIS_LOOP_32_3' (lenet_support.cpp:32:30) in function 'conv2d' completely with a factor of 28
remark: lenet_support.cpp:27:0: Unrolling loop 'VITIS_LOOP_32_3' (lenet_support.cpp:32:30) in function 'conv2d' completely with a factor of 28
remark: lenet_support.cpp:27:0: Unrolling loop 'VITIS_LOOP_32_3' (lenet_support.cpp:32:30) in function 'conv2d' completely with a factor of 28
remark: lenet_support.cpp:27:0: Unrolling loop 'VITIS_LOOP_32_3' (lenet_support.cpp:32:30) in function 'conv2d' completely with a factor of 28
remark: lenet_support.cpp:27:0: Unrolling loop 'VITIS_LOOP_32_3' (lenet_support.cpp:32:30) in function 'conv2d' completely with a factor of 28
remark: lenet_support.cpp:27:0: Unrolling loop 'VITIS_LOOP_32_3' (lenet_support.cpp:32:30) in function 'conv2d' completely with a factor of 28
remark: lenet_support.cpp:27:0: Unrolling loop 'VITIS_LOOP_32_3' (lenet_support.cpp:32:30) in function 'conv2d' completely with a factor of 28
remark: lenet_support.cpp:27:0: Unrolling loop 'VITIS_LOOP_32_3' (lenet_support.cpp:32:30) in function 'conv2d' completely with a factor of 28
remark: lenet_support.cpp:27:0: Unrolling loop 'VITIS_LOOP_32_3' (lenet_support.cpp:32:30) in function 'conv2d' completely with a factor of 28
remark: lenet_support.cpp:27:0: Unrolling loop 'VITIS_LOOP_32_3' (lenet_support.cpp:32:30) in function 'conv2d' completely with a factor of 28
remark: lenet_support.cpp:27:0: Unrolling loop 'VITIS_LOOP_32_3' (lenet_support.cpp:32:30) in function 'conv2d' completely with a factor of 28
remark: lenet_support.cpp:27:0: Unrolling loop 'VITIS_LOOP_32_3' (lenet_support.cpp:32:30) in function 'conv2d' completely with a factor of 28
remark: lenet_support.cpp:27:0: Unrolling loop 'VITIS_LOOP_32_3' (lenet_support.cpp:32:30) in function 'conv2d' completely with a factor of 28
remark: lenet_support.cpp:27:0: Unrolling loop 'VITIS_LOOP_32_3' (lenet_support.cpp:32:30) in function 'conv2d' completely with a factor of 28
remark: lenet_support.cpp:27:0: Unrolling loop 'VITIS_LOOP_31_2' (lenet_support.cpp:31:26) in function 'conv2d' completely with a factor of 28
remark: lenet_support.cpp:27:0: Unrolling loop 'VITIS_LOOP_32_3' (lenet_support.cpp:32:30) in function 'conv2d' completely with a factor of 28
remark: lenet_support.cpp:27:0: Unrolling loop 'VITIS_LOOP_32_3' (lenet_support.cpp:32:30) in function 'conv2d' completely with a factor of 28
remark: lenet_support.cpp:27:0: Unrolling loop 'VITIS_LOOP_32_3' (lenet_support.cpp:32:30) in function 'conv2d' completely with a factor of 28
remark: lenet_support.cpp:27:0: Unrolling loop 'VITIS_LOOP_32_3' (lenet_support.cpp:32:30) in function 'conv2d' completely with a factor of 28
remark: lenet_support.cpp:27:0: Unrolling loop 'VITIS_LOOP_32_3' (lenet_support.cpp:32:30) in function 'conv2d' completely with a factor of 28
remark: lenet_support.cpp:27:0: Unrolling loop 'VITIS_LOOP_32_3' (lenet_support.cpp:32:30) in function 'conv2d' completely with a factor of 28
remark: lenet_support.cpp:27:0: Unrolling loop 'VITIS_LOOP_32_3' (lenet_support.cpp:32:30) in function 'conv2d' completely with a factor of 28
remark: lenet_support.cpp:27:0: Unrolling loop 'VITIS_LOOP_32_3' (lenet_support.cpp:32:30) in function 'conv2d' completely with a factor of 28
remark: lenet_support.cpp:27:0: Unrolling loop 'VITIS_LOOP_32_3' (lenet_support.cpp:32:30) in function 'conv2d' completely with a factor of 28
remark: lenet_support.cpp:27:0: Unrolling loop 'VITIS_LOOP_32_3' (lenet_support.cpp:32:30) in function 'conv2d' completely with a factor of 28
remark: lenet_support.cpp:27:0: Unrolling loop 'VITIS_LOOP_32_3' (lenet_support.cpp:32:30) in function 'conv2d' completely with a factor of 28
remark: lenet_support.cpp:27:0: Unrolling loop 'VITIS_LOOP_32_3' (lenet_support.cpp:32:30) in function 'conv2d' completely with a factor of 28
remark: lenet_support.cpp:27:0: Unrolling loop 'VITIS_LOOP_32_3' (lenet_support.cpp:32:30) in function 'conv2d' completely with a factor of 28
remark: lenet_support.cpp:27:0: Unrolling loop 'VITIS_LOOP_32_3' (lenet_support.cpp:32:30) in function 'conv2d' completely with a factor of 28
remark: lenet_support.cpp:27:0: Unrolling loop 'VITIS_LOOP_32_3' (lenet_support.cpp:32:30) in function 'conv2d' completely with a factor of 28
remark: lenet_support.cpp:27:0: Unrolling loop 'VITIS_LOOP_32_3' (lenet_support.cpp:32:30) in function 'conv2d' completely with a factor of 28
remark: lenet_support.cpp:27:0: Unrolling loop 'VITIS_LOOP_32_3' (lenet_support.cpp:32:30) in function 'conv2d' completely with a factor of 28
remark: lenet_support.cpp:27:0: Unrolling loop 'VITIS_LOOP_32_3' (lenet_support.cpp:32:30) in function 'conv2d' completely with a factor of 28
remark: lenet_support.cpp:27:0: Unrolling loop 'VITIS_LOOP_32_3' (lenet_support.cpp:32:30) in function 'conv2d' completely with a factor of 28
remark: lenet_support.cpp:27:0: Unrolling loop 'VITIS_LOOP_32_3' (lenet_support.cpp:32:30) in function 'conv2d' completely with a factor of 28
remark: lenet_support.cpp:27:0: Unrolling loop 'VITIS_LOOP_32_3' (lenet_support.cpp:32:30) in function 'conv2d' completely with a factor of 28
remark: lenet_support.cpp:27:0: Unrolling loop 'VITIS_LOOP_32_3' (lenet_support.cpp:32:30) in function 'conv2d' completely with a factor of 28
remark: lenet_support.cpp:27:0: Unrolling loop 'VITIS_LOOP_32_3' (lenet_support.cpp:32:30) in function 'conv2d' completely with a factor of 28
remark: lenet_support.cpp:27:0: Unrolling loop 'VITIS_LOOP_32_3' (lenet_support.cpp:32:30) in function 'conv2d' completely with a factor of 28
remark: lenet_support.cpp:27:0: Unrolling loop 'VITIS_LOOP_32_3' (lenet_support.cpp:32:30) in function 'conv2d' completely with a factor of 28
remark: lenet_support.cpp:27:0: Unrolling loop 'VITIS_LOOP_32_3' (lenet_support.cpp:32:30) in function 'conv2d' completely with a factor of 28
remark: lenet_support.cpp:27:0: Unrolling loop 'VITIS_LOOP_32_3' (lenet_support.cpp:32:30) in function 'conv2d' completely with a factor of 28
remark: lenet_support.cpp:27:0: Unrolling loop 'VITIS_LOOP_32_3' (lenet_support.cpp:32:30) in function 'conv2d' completely with a factor of 28
remark: lenet_main.cpp:41:5: Automatically inlining function 'conv2d(float*, float*, float*, float*, int, int, int) (.1)' to improve effectiveness of pipeline pragma in function 'lenet_predict(float*, int*)'
remark: lenet_main.cpp:43:5: Automatically inlining function 'conv2d(float*, float*, float*, float*, int, int, int)' to improve effectiveness of pipeline pragma in function 'lenet_predict(float*, int*)'
remark: lenet_main.cpp:45:5: Automatically inlining function 'fully_connected(float*, float*, float*, float*, int, int)' to improve effectiveness of pipeline pragma in function 'lenet_predict(float*, int*)'
remark: lenet_main.cpp:46:5: Automatically inlining function 'fully_connected(float*, float*, float*, float*, int, int) (.clone)' to improve effectiveness of pipeline pragma in function 'lenet_predict(float*, int*)'
remark: lenet_main.cpp:47:5: Automatically inlining function 'fully_connected(float*, float*, float*, float*, int, int) (.clone.clone)' to improve effectiveness of pipeline pragma in function 'lenet_predict(float*, int*)'
