C:\Users\Baron\Desktop\EE_278_Repo\EE_278\vivado_projects\HLS\EE278_term_proj\lenet_proj\lenet_predict\.autopilot\db\lenet_main.pp.0.cpp:5943:7: warning: Added loop label VITIS_LOOP_1213_1:   [xilinx-label-all-loops]
      for (i = 0; i < __N - 1; ++i) {
      ^~~
      VITIS_LOOP_1213_1: 
C:\Users\Baron\Desktop\EE_278_Repo\EE_278\vivado_projects\HLS\EE278_term_proj\lenet_proj\lenet_predict\.autopilot\db\lenet_main.pp.0.cpp:5943:7: note: FIX-IT applied suggested code changes
C:\Users\Baron\Desktop\EE_278_Repo\EE_278\vivado_projects\HLS\EE278_term_proj\lenet_proj\lenet_predict\.autopilot\db\lenet_main.pp.0.cpp:6917:5: warning: Added loop label VITIS_LOOP_676_1:   [xilinx-label-all-loops]
    for (unsigned i = low; i != high; ++i) {
    ^~~
    VITIS_LOOP_676_1: 
C:\Users\Baron\Desktop\EE_278_Repo\EE_278\vivado_projects\HLS\EE278_term_proj\lenet_proj\lenet_predict\.autopilot\db\lenet_main.pp.0.cpp:6917:5: note: FIX-IT applied suggested code changes
C:\Users\Baron\Desktop\EE_278_Repo\EE_278\vivado_projects\HLS\EE278_term_proj\lenet_proj\lenet_predict\.autopilot\db\lenet_main.pp.0.cpp:6931:5: warning: Added loop label VITIS_LOOP_690_1:   [xilinx-label-all-loops]
    for (unsigned i = low; i != high; ++i) {
    ^~~
    VITIS_LOOP_690_1: 
C:\Users\Baron\Desktop\EE_278_Repo\EE_278\vivado_projects\HLS\EE278_term_proj\lenet_proj\lenet_predict\.autopilot\db\lenet_main.pp.0.cpp:6931:5: note: FIX-IT applied suggested code changes
C:\Users\Baron\Desktop\EE_278_Repo\EE_278\vivado_projects\HLS\EE278_term_proj\lenet_proj\lenet_predict\.autopilot\db\lenet_main.pp.0.cpp:6945:5: warning: Added loop label VITIS_LOOP_704_1:   [xilinx-label-all-loops]
    for (unsigned i = low; i != high; ++i) {
    ^~~
    VITIS_LOOP_704_1: 
C:\Users\Baron\Desktop\EE_278_Repo\EE_278\vivado_projects\HLS\EE278_term_proj\lenet_proj\lenet_predict\.autopilot\db\lenet_main.pp.0.cpp:6945:5: note: FIX-IT applied suggested code changes
C:\Users\Baron\Desktop\EE_278_Repo\EE_278\vivado_projects\HLS\EE278_term_proj\lenet_proj\lenet_predict\.autopilot\db\lenet_main.pp.0.cpp:8544:7: warning: Added loop label VITIS_LOOP_1247_1:   [xilinx-label-all-loops]
      for (i = 0; i < __N - 1; ++i) {
      ^~~
      VITIS_LOOP_1247_1: 
C:\Users\Baron\Desktop\EE_278_Repo\EE_278\vivado_projects\HLS\EE278_term_proj\lenet_proj\lenet_predict\.autopilot\db\lenet_main.pp.0.cpp:8544:7: note: FIX-IT applied suggested code changes
C:\Users\Baron\Desktop\EE_278_Repo\EE_278\vivado_projects\HLS\EE278_term_proj\lenet_proj\lenet_predict\.autopilot\db\lenet_main.pp.0.cpp:12680:72: error: Invalid Directive: for current device, ROM_1P + LUTRAM is invalid combination for BIND_STORAGE's option 'type + impl' [clang-diagnostic-error]
#pragma HLS BIND_STORAGE variable=fourth_order_double::sin_cos_K0 type=ROM_1P impl=LUTRAM
                                                                       ^
C:\Users\Baron\Desktop\EE_278_Repo\EE_278\vivado_projects\HLS\EE278_term_proj\lenet_proj\lenet_predict\.autopilot\db\lenet_main.pp.0.cpp:12681:72: error: Invalid Directive: for current device, ROM_1P + LUTRAM is invalid combination for BIND_STORAGE's option 'type + impl' [clang-diagnostic-error]
#pragma HLS BIND_STORAGE variable=fourth_order_double::sin_cos_K1 type=ROM_1P impl=LUTRAM
                                                                       ^
C:\Users\Baron\Desktop\EE_278_Repo\EE_278\vivado_projects\HLS\EE278_term_proj\lenet_proj\lenet_predict\.autopilot\db\lenet_main.pp.0.cpp:12682:72: error: Invalid Directive: for current device, ROM_1P + LUTRAM is invalid combination for BIND_STORAGE's option 'type + impl' [clang-diagnostic-error]
#pragma HLS BIND_STORAGE variable=fourth_order_double::sin_cos_K2 type=ROM_1P impl=LUTRAM
                                                                       ^
C:\Users\Baron\Desktop\EE_278_Repo\EE_278\vivado_projects\HLS\EE278_term_proj\lenet_proj\lenet_predict\.autopilot\db\lenet_main.pp.0.cpp:12683:72: error: Invalid Directive: for current device, ROM_1P + LUTRAM is invalid combination for BIND_STORAGE's option 'type + impl' [clang-diagnostic-error]
#pragma HLS BIND_STORAGE variable=fourth_order_double::sin_cos_K3 type=ROM_1P impl=LUTRAM
                                                                       ^
C:\Users\Baron\Desktop\EE_278_Repo\EE_278\vivado_projects\HLS\EE278_term_proj\lenet_proj\lenet_predict\.autopilot\db\lenet_main.pp.0.cpp:12684:72: error: Invalid Directive: for current device, ROM_1P + LUTRAM is invalid combination for BIND_STORAGE's option 'type + impl' [clang-diagnostic-error]
#pragma HLS BIND_STORAGE variable=fourth_order_double::sin_cos_K4 type=ROM_1P impl=LUTRAM
                                                                       ^
C:\Users\Baron\Desktop\EE_278_Repo\EE_278\vivado_projects\HLS\EE278_term_proj\lenet_proj\lenet_predict\.autopilot\db\lenet_main.pp.0.cpp:12714:68: error: Invalid Directive: for current device, ROM_1P + LUTRAM is invalid combination for BIND_STORAGE's option 'type + impl' [clang-diagnostic-error]
#pragma HLS BIND_STORAGE variable=fourth_order_double::cos_K0 type=ROM_1P impl=LUTRAM
                                                                   ^
C:\Users\Baron\Desktop\EE_278_Repo\EE_278\vivado_projects\HLS\EE278_term_proj\lenet_proj\lenet_predict\.autopilot\db\lenet_main.pp.0.cpp:12715:68: error: Invalid Directive: for current device, ROM_1P + LUTRAM is invalid combination for BIND_STORAGE's option 'type + impl' [clang-diagnostic-error]
#pragma HLS BIND_STORAGE variable=fourth_order_double::cos_K1 type=ROM_1P impl=LUTRAM
                                                                   ^
C:\Users\Baron\Desktop\EE_278_Repo\EE_278\vivado_projects\HLS\EE278_term_proj\lenet_proj\lenet_predict\.autopilot\db\lenet_main.pp.0.cpp:12716:68: error: Invalid Directive: for current device, ROM_1P + LUTRAM is invalid combination for BIND_STORAGE's option 'type + impl' [clang-diagnostic-error]
#pragma HLS BIND_STORAGE variable=fourth_order_double::cos_K2 type=ROM_1P impl=LUTRAM
                                                                   ^
C:\Users\Baron\Desktop\EE_278_Repo\EE_278\vivado_projects\HLS\EE278_term_proj\lenet_proj\lenet_predict\.autopilot\db\lenet_main.pp.0.cpp:12717:68: error: Invalid Directive: for current device, ROM_1P + LUTRAM is invalid combination for BIND_STORAGE's option 'type + impl' [clang-diagnostic-error]
#pragma HLS BIND_STORAGE variable=fourth_order_double::cos_K3 type=ROM_1P impl=LUTRAM
                                                                   ^
C:\Users\Baron\Desktop\EE_278_Repo\EE_278\vivado_projects\HLS\EE278_term_proj\lenet_proj\lenet_predict\.autopilot\db\lenet_main.pp.0.cpp:12718:68: error: Invalid Directive: for current device, ROM_1P + LUTRAM is invalid combination for BIND_STORAGE's option 'type + impl' [clang-diagnostic-error]
#pragma HLS BIND_STORAGE variable=fourth_order_double::cos_K4 type=ROM_1P impl=LUTRAM
                                                                   ^
C:\Users\Baron\Desktop\EE_278_Repo\EE_278\vivado_projects\HLS\EE278_term_proj\lenet_proj\lenet_predict\.autopilot\db\lenet_main.pp.0.cpp:12719:68: error: Invalid Directive: for current device, ROM_1P + LUTRAM is invalid combination for BIND_STORAGE's option 'type + impl' [clang-diagnostic-error]
#pragma HLS BIND_STORAGE variable=fourth_order_double::sin_K0 type=ROM_1P impl=LUTRAM
                                                                   ^
C:\Users\Baron\Desktop\EE_278_Repo\EE_278\vivado_projects\HLS\EE278_term_proj\lenet_proj\lenet_predict\.autopilot\db\lenet_main.pp.0.cpp:12720:68: error: Invalid Directive: for current device, ROM_1P + LUTRAM is invalid combination for BIND_STORAGE's option 'type + impl' [clang-diagnostic-error]
#pragma HLS BIND_STORAGE variable=fourth_order_double::sin_K1 type=ROM_1P impl=LUTRAM
                                                                   ^
C:\Users\Baron\Desktop\EE_278_Repo\EE_278\vivado_projects\HLS\EE278_term_proj\lenet_proj\lenet_predict\.autopilot\db\lenet_main.pp.0.cpp:12721:68: error: Invalid Directive: for current device, ROM_1P + LUTRAM is invalid combination for BIND_STORAGE's option 'type + impl' [clang-diagnostic-error]
#pragma HLS BIND_STORAGE variable=fourth_order_double::sin_K2 type=ROM_1P impl=LUTRAM
                                                                   ^
C:\Users\Baron\Desktop\EE_278_Repo\EE_278\vivado_projects\HLS\EE278_term_proj\lenet_proj\lenet_predict\.autopilot\db\lenet_main.pp.0.cpp:12722:68: error: Invalid Directive: for current device, ROM_1P + LUTRAM is invalid combination for BIND_STORAGE's option 'type + impl' [clang-diagnostic-error]
#pragma HLS BIND_STORAGE variable=fourth_order_double::sin_K3 type=ROM_1P impl=LUTRAM
                                                                   ^
C:\Users\Baron\Desktop\EE_278_Repo\EE_278\vivado_projects\HLS\EE278_term_proj\lenet_proj\lenet_predict\.autopilot\db\lenet_main.pp.0.cpp:12723:68: error: Invalid Directive: for current device, ROM_1P + LUTRAM is invalid combination for BIND_STORAGE's option 'type + impl' [clang-diagnostic-error]
#pragma HLS BIND_STORAGE variable=fourth_order_double::sin_K4 type=ROM_1P impl=LUTRAM
                                                                   ^
C:\Users\Baron\Desktop\EE_278_Repo\EE_278\vivado_projects\HLS\EE278_term_proj\lenet_proj\lenet_predict\.autopilot\db\lenet_main.pp.0.cpp:12773:71: error: Invalid Directive: for current device, ROM_1P + LUTRAM is invalid combination for BIND_STORAGE's option 'type + impl' [clang-diagnostic-error]
#pragma HLS BIND_STORAGE variable=second_order_float::sin_cos_K0 type=ROM_1P impl=LUTRAM
                                                                      ^
C:\Users\Baron\Desktop\EE_278_Repo\EE_278\vivado_projects\HLS\EE278_term_proj\lenet_proj\lenet_predict\.autopilot\db\lenet_main.pp.0.cpp:12774:71: error: Invalid Directive: for current device, ROM_1P + LUTRAM is invalid combination for BIND_STORAGE's option 'type + impl' [clang-diagnostic-error]
#pragma HLS BIND_STORAGE variable=second_order_float::sin_cos_K1 type=ROM_1P impl=LUTRAM
                                                                      ^
C:\Users\Baron\Desktop\EE_278_Repo\EE_278\vivado_projects\HLS\EE278_term_proj\lenet_proj\lenet_predict\.autopilot\db\lenet_main.pp.0.cpp:12775:71: error: Invalid Directive: for current device, ROM_1P + LUTRAM is invalid combination for BIND_STORAGE's option 'type + impl' [clang-diagnostic-error]
#pragma HLS BIND_STORAGE variable=second_order_float::sin_cos_K2 type=ROM_1P impl=LUTRAM
                                                                      ^
C:\Users\Baron\Desktop\EE_278_Repo\EE_278\vivado_projects\HLS\EE278_term_proj\lenet_proj\lenet_predict\.autopilot\db\lenet_main.pp.0.cpp:12802:67: error: Invalid Directive: for current device, ROM_1P + LUTRAM is invalid combination for BIND_STORAGE's option 'type + impl' [clang-diagnostic-error]
#pragma HLS BIND_STORAGE variable=second_order_float::cos_K0 type=ROM_1P impl=LUTRAM
                                                                  ^
C:\Users\Baron\Desktop\EE_278_Repo\EE_278\vivado_projects\HLS\EE278_term_proj\lenet_proj\lenet_predict\.autopilot\db\lenet_main.pp.0.cpp:12803:67: error: Invalid Directive: for current device, ROM_1P + LUTRAM is invalid combination for BIND_STORAGE's option 'type + impl' [clang-diagnostic-error]
#pragma HLS BIND_STORAGE variable=second_order_float::cos_K1 type=ROM_1P impl=LUTRAM
                                                                  ^
C:\Users\Baron\Desktop\EE_278_Repo\EE_278\vivado_projects\HLS\EE278_term_proj\lenet_proj\lenet_predict\.autopilot\db\lenet_main.pp.0.cpp:12804:67: error: Invalid Directive: for current device, ROM_1P + LUTRAM is invalid combination for BIND_STORAGE's option 'type + impl' [clang-diagnostic-error]
#pragma HLS BIND_STORAGE variable=second_order_float::cos_K2 type=ROM_1P impl=LUTRAM
                                                                  ^
C:\Users\Baron\Desktop\EE_278_Repo\EE_278\vivado_projects\HLS\EE278_term_proj\lenet_proj\lenet_predict\.autopilot\db\lenet_main.pp.0.cpp:12805:67: error: Invalid Directive: for current device, ROM_1P + LUTRAM is invalid combination for BIND_STORAGE's option 'type + impl' [clang-diagnostic-error]
#pragma HLS BIND_STORAGE variable=second_order_float::sin_K0 type=ROM_1P impl=LUTRAM
                                                                  ^
C:\Users\Baron\Desktop\EE_278_Repo\EE_278\vivado_projects\HLS\EE278_term_proj\lenet_proj\lenet_predict\.autopilot\db\lenet_main.pp.0.cpp:12806:67: error: Invalid Directive: for current device, ROM_1P + LUTRAM is invalid combination for BIND_STORAGE's option 'type + impl' [clang-diagnostic-error]
#pragma HLS BIND_STORAGE variable=second_order_float::sin_K1 type=ROM_1P impl=LUTRAM
                                                                  ^
C:\Users\Baron\Desktop\EE_278_Repo\EE_278\vivado_projects\HLS\EE278_term_proj\lenet_proj\lenet_predict\.autopilot\db\lenet_main.pp.0.cpp:12807:67: error: Invalid Directive: for current device, ROM_1P + LUTRAM is invalid combination for BIND_STORAGE's option 'type + impl' [clang-diagnostic-error]
#pragma HLS BIND_STORAGE variable=second_order_float::sin_K2 type=ROM_1P impl=LUTRAM
                                                                  ^
C:\Users\Baron\Desktop\EE_278_Repo\EE_278\vivado_projects\HLS\EE278_term_proj\lenet_proj\lenet_predict\.autopilot\db\lenet_main.pp.0.cpp:12843:73: error: Invalid Directive: for current device, ROM_1P + LUTRAM is invalid combination for BIND_STORAGE's option 'type + impl' [clang-diagnostic-error]
#pragma HLS BIND_STORAGE variable=first_order_fixed_16::sin_cos_K0 type=ROM_1P impl=LUTRAM
                                                                        ^
C:\Users\Baron\Desktop\EE_278_Repo\EE_278\vivado_projects\HLS\EE278_term_proj\lenet_proj\lenet_predict\.autopilot\db\lenet_main.pp.0.cpp:12844:73: error: Invalid Directive: for current device, ROM_1P + LUTRAM is invalid combination for BIND_STORAGE's option 'type + impl' [clang-diagnostic-error]
#pragma HLS BIND_STORAGE variable=first_order_fixed_16::sin_cos_K1 type=ROM_1P impl=LUTRAM
                                                                        ^
C:\Users\Baron\Desktop\EE_278_Repo\EE_278\vivado_projects\HLS\EE278_term_proj\lenet_proj\lenet_predict\.autopilot\db\lenet_main.pp.0.cpp:13118:5: warning: Added loop label VITIS_LOOP_87_1:   [xilinx-label-all-loops]
    for (int n=0; n<Nmax; n++){
    ^~~
    VITIS_LOOP_87_1: 
C:\Users\Baron\Desktop\EE_278_Repo\EE_278\vivado_projects\HLS\EE278_term_proj\lenet_proj\lenet_predict\.autopilot\db\lenet_main.pp.0.cpp:13118:5: note: FIX-IT applied suggested code changes
C:\Users\Baron\Desktop\EE_278_Repo\EE_278\vivado_projects\HLS\EE278_term_proj\lenet_proj\lenet_predict\.autopilot\db\lenet_main.pp.0.cpp:13164:5: warning: Added loop label VITIS_LOOP_143_1:   [xilinx-label-all-loops]
    for (int n=0; n<Nmax; n++){
    ^~~
    VITIS_LOOP_143_1: 
C:\Users\Baron\Desktop\EE_278_Repo\EE_278\vivado_projects\HLS\EE278_term_proj\lenet_proj\lenet_predict\.autopilot\db\lenet_main.pp.0.cpp:13164:5: note: FIX-IT applied suggested code changes
C:\Users\Baron\Desktop\EE_278_Repo\EE_278\vivado_projects\HLS\EE278_term_proj\lenet_proj\lenet_predict\.autopilot\db\lenet_main.pp.0.cpp:13327:9: warning: Added loop label VITIS_LOOP_315_1:   [xilinx-label-all-loops]
        for(int i=0;i<W-1;i++){
        ^~~
        VITIS_LOOP_315_1: 
C:\Users\Baron\Desktop\EE_278_Repo\EE_278\vivado_projects\HLS\EE278_term_proj\lenet_proj\lenet_predict\.autopilot\db\lenet_main.pp.0.cpp:13327:9: note: FIX-IT applied suggested code changes
C:\Users\Baron\Desktop\EE_278_Repo\EE_278\vivado_projects\HLS\EE278_term_proj\lenet_proj\lenet_predict\.autopilot\db\lenet_main.pp.0.cpp:13479:9: warning: Added loop label VITIS_LOOP_475_1:   [xilinx-label-all-loops]
        for(int i=0;i<W-1;i++){
        ^~~
        VITIS_LOOP_475_1: 
C:\Users\Baron\Desktop\EE_278_Repo\EE_278\vivado_projects\HLS\EE278_term_proj\lenet_proj\lenet_predict\.autopilot\db\lenet_main.pp.0.cpp:13479:9: note: FIX-IT applied suggested code changes
C:\Users\Baron\Desktop\EE_278_Repo\EE_278\vivado_projects\HLS\EE278_term_proj\lenet_proj\lenet_predict\.autopilot\db\lenet_main.pp.0.cpp:13659:5: warning: Added loop label VITIS_LOOP_655_1:   [xilinx-label-all-loops]
    for(int i=0;i<W+1;i++){
    ^~~
    VITIS_LOOP_655_1: 
C:\Users\Baron\Desktop\EE_278_Repo\EE_278\vivado_projects\HLS\EE278_term_proj\lenet_proj\lenet_predict\.autopilot\db\lenet_main.pp.0.cpp:13659:5: note: FIX-IT applied suggested code changes
C:\Users\Baron\Desktop\EE_278_Repo\EE_278\vivado_projects\HLS\EE278_term_proj\lenet_proj\lenet_predict\.autopilot\db\lenet_main.pp.0.cpp:13663:5: warning: Added loop label VITIS_LOOP_659_2:   [xilinx-label-all-loops]
    for(int i=0;i<W+1;i++){
    ^~~
    VITIS_LOOP_659_2: 
C:\Users\Baron\Desktop\EE_278_Repo\EE_278\vivado_projects\HLS\EE278_term_proj\lenet_proj\lenet_predict\.autopilot\db\lenet_main.pp.0.cpp:13663:5: note: FIX-IT applied suggested code changes
C:\Users\Baron\Desktop\EE_278_Repo\EE_278\vivado_projects\HLS\EE278_term_proj\lenet_proj\lenet_predict\.autopilot\db\lenet_main.pp.0.cpp:13773:5: warning: Added loop label VITIS_LOOP_769_1:   [xilinx-label-all-loops]
    for (int n=0; n<Nmax; n++){
    ^~~
    VITIS_LOOP_769_1: 
C:\Users\Baron\Desktop\EE_278_Repo\EE_278\vivado_projects\HLS\EE278_term_proj\lenet_proj\lenet_predict\.autopilot\db\lenet_main.pp.0.cpp:13773:5: note: FIX-IT applied suggested code changes
C:\Users\Baron\Desktop\EE_278_Repo\EE_278\vivado_projects\HLS\EE278_term_proj\lenet_proj\lenet_predict\.autopilot\db\lenet_main.pp.0.cpp:13863:7: warning: Added loop label VITIS_LOOP_866_1:   [xilinx-label-all-loops]
      for(int i=0;i<W-1;i++){
      ^~~
      VITIS_LOOP_866_1: 
C:\Users\Baron\Desktop\EE_278_Repo\EE_278\vivado_projects\HLS\EE278_term_proj\lenet_proj\lenet_predict\.autopilot\db\lenet_main.pp.0.cpp:13863:7: note: FIX-IT applied suggested code changes
C:\Users\Baron\Desktop\EE_278_Repo\EE_278\vivado_projects\HLS\EE278_term_proj\lenet_proj\lenet_predict\.autopilot\db\lenet_main.pp.0.cpp:13882:7: warning: Added loop label VITIS_LOOP_885_2:   [xilinx-label-all-loops]
      for(int i=0;i<W-1;i++){
      ^~~
      VITIS_LOOP_885_2: 
C:\Users\Baron\Desktop\EE_278_Repo\EE_278\vivado_projects\HLS\EE278_term_proj\lenet_proj\lenet_predict\.autopilot\db\lenet_main.pp.0.cpp:13882:7: note: FIX-IT applied suggested code changes
C:\Users\Baron\Desktop\EE_278_Repo\EE_278\vivado_projects\HLS\EE278_term_proj\lenet_proj\lenet_predict\.autopilot\db\lenet_main.pp.0.cpp:14172:5: warning: Added loop label VITIS_LOOP_1199_1:   [xilinx-label-all-loops]
    for(int i=0; i<Nmax; i++) {
    ^~~
    VITIS_LOOP_1199_1: 
C:\Users\Baron\Desktop\EE_278_Repo\EE_278\vivado_projects\HLS\EE278_term_proj\lenet_proj\lenet_predict\.autopilot\db\lenet_main.pp.0.cpp:14172:5: note: FIX-IT applied suggested code changes
C:\Users\Baron\Desktop\EE_278_Repo\EE_278\vivado_projects\HLS\EE278_term_proj\lenet_proj\lenet_predict\.autopilot\db\lenet_main.pp.0.cpp:14255:5: warning: Added loop label VITIS_LOOP_1282_1:   [xilinx-label-all-loops]
    for(int i=0; i<Nmax; i++) {
    ^~~
    VITIS_LOOP_1282_1: 
C:\Users\Baron\Desktop\EE_278_Repo\EE_278\vivado_projects\HLS\EE278_term_proj\lenet_proj\lenet_predict\.autopilot\db\lenet_main.pp.0.cpp:14255:5: note: FIX-IT applied suggested code changes
C:\Users\Baron\Desktop\EE_278_Repo\EE_278\vivado_projects\HLS\EE278_term_proj\lenet_proj\lenet_predict\.autopilot\db\lenet_main.pp.0.cpp:14661:13: warning: Added loop label VITIS_LOOP_94_1:   [xilinx-label-all-loops]
            for (int j = 3; j >= I_+1; j--) {
            ^~~
            VITIS_LOOP_94_1: 
C:\Users\Baron\Desktop\EE_278_Repo\EE_278\vivado_projects\HLS\EE278_term_proj\lenet_proj\lenet_predict\.autopilot\db\lenet_main.pp.0.cpp:14661:13: note: FIX-IT applied suggested code changes
C:\Users\Baron\Desktop\EE_278_Repo\EE_278\vivado_projects\HLS\EE278_term_proj\lenet_proj\lenet_predict\.autopilot\db\lenet_main.pp.0.cpp:14667:17: warning: Added loop label VITIS_LOOP_100_2:   [xilinx-label-all-loops]
                for (int j = 3; j >= I_+1; j--){
                ^~~
                VITIS_LOOP_100_2: 
C:\Users\Baron\Desktop\EE_278_Repo\EE_278\vivado_projects\HLS\EE278_term_proj\lenet_proj\lenet_predict\.autopilot\db\lenet_main.pp.0.cpp:14667:17: note: FIX-IT applied suggested code changes
C:\Users\Baron\Desktop\EE_278_Repo\EE_278\vivado_projects\HLS\EE278_term_proj\lenet_proj\lenet_predict\.autopilot\db\lenet_main.pp.0.cpp:14671:17: warning: Added loop label VITIS_LOOP_104_3:   [xilinx-label-all-loops]
                for (int j = I_; j >= 0; j--){
                ^~~
                VITIS_LOOP_104_3: 
C:\Users\Baron\Desktop\EE_278_Repo\EE_278\vivado_projects\HLS\EE278_term_proj\lenet_proj\lenet_predict\.autopilot\db\lenet_main.pp.0.cpp:14671:17: note: FIX-IT applied suggested code changes
C:\Users\Baron\Desktop\EE_278_Repo\EE_278\vivado_projects\HLS\EE278_term_proj\lenet_proj\lenet_predict\.autopilot\db\lenet_main.pp.0.cpp:14719:13: warning: Added loop label VITIS_LOOP_171_4:   [xilinx-label-all-loops]
            for (int j = 9; j >= I_+4; j--) {
            ^~~
            VITIS_LOOP_171_4: 
C:\Users\Baron\Desktop\EE_278_Repo\EE_278\vivado_projects\HLS\EE278_term_proj\lenet_proj\lenet_predict\.autopilot\db\lenet_main.pp.0.cpp:14719:13: note: FIX-IT applied suggested code changes
C:\Users\Baron\Desktop\EE_278_Repo\EE_278\vivado_projects\HLS\EE278_term_proj\lenet_proj\lenet_predict\.autopilot\db\lenet_main.pp.0.cpp:14725:17: warning: Added loop label VITIS_LOOP_177_5:   [xilinx-label-all-loops]
                for (int j = 9; j >= I_+4; j--){
                ^~~
                VITIS_LOOP_177_5: 
C:\Users\Baron\Desktop\EE_278_Repo\EE_278\vivado_projects\HLS\EE278_term_proj\lenet_proj\lenet_predict\.autopilot\db\lenet_main.pp.0.cpp:14725:17: note: FIX-IT applied suggested code changes
C:\Users\Baron\Desktop\EE_278_Repo\EE_278\vivado_projects\HLS\EE278_term_proj\lenet_proj\lenet_predict\.autopilot\db\lenet_main.pp.0.cpp:14729:17: warning: Added loop label VITIS_LOOP_181_6:   [xilinx-label-all-loops]
                for (int j = I_+3; j >= 0; j--){
                ^~~
                VITIS_LOOP_181_6: 
C:\Users\Baron\Desktop\EE_278_Repo\EE_278\vivado_projects\HLS\EE278_term_proj\lenet_proj\lenet_predict\.autopilot\db\lenet_main.pp.0.cpp:14729:17: note: FIX-IT applied suggested code changes
C:\Users\Baron\Desktop\EE_278_Repo\EE_278\vivado_projects\HLS\EE278_term_proj\lenet_proj\lenet_predict\.autopilot\db\lenet_main.pp.0.cpp:14744:9: warning: Added loop label VITIS_LOOP_196_7:   [xilinx-label-all-loops]
        for (int j = 14; j < 22; j++){
        ^~~
        VITIS_LOOP_196_7: 
C:\Users\Baron\Desktop\EE_278_Repo\EE_278\vivado_projects\HLS\EE278_term_proj\lenet_proj\lenet_predict\.autopilot\db\lenet_main.pp.0.cpp:14744:9: note: FIX-IT applied suggested code changes
C:\Users\Baron\Desktop\EE_278_Repo\EE_278\vivado_projects\HLS\EE278_term_proj\lenet_proj\lenet_predict\.autopilot\db\lenet_main.pp.0.cpp:14752:17: warning: Added loop label VITIS_LOOP_204_8:   [xilinx-label-all-loops]
                for (int j = 0; j < 22; j++){
                ^~~
                VITIS_LOOP_204_8: 
C:\Users\Baron\Desktop\EE_278_Repo\EE_278\vivado_projects\HLS\EE278_term_proj\lenet_proj\lenet_predict\.autopilot\db\lenet_main.pp.0.cpp:14752:17: note: FIX-IT applied suggested code changes
C:\Users\Baron\Desktop\EE_278_Repo\EE_278\vivado_projects\HLS\EE278_term_proj\lenet_proj\lenet_predict\.autopilot\db\lenet_main.pp.0.cpp:14817:13: warning: Added loop label VITIS_LOOP_269_9:   [xilinx-label-all-loops]
            for (int j = 21; j >= I_+10; j--) {
            ^~~
            VITIS_LOOP_269_9: 
C:\Users\Baron\Desktop\EE_278_Repo\EE_278\vivado_projects\HLS\EE278_term_proj\lenet_proj\lenet_predict\.autopilot\db\lenet_main.pp.0.cpp:14817:13: note: FIX-IT applied suggested code changes
C:\Users\Baron\Desktop\EE_278_Repo\EE_278\vivado_projects\HLS\EE278_term_proj\lenet_proj\lenet_predict\.autopilot\db\lenet_main.pp.0.cpp:14823:17: warning: Added loop label VITIS_LOOP_275_10:   [xilinx-label-all-loops]
                for (int j = 21; j >= I_+10; j--) {
                ^~~
                VITIS_LOOP_275_10: 
C:\Users\Baron\Desktop\EE_278_Repo\EE_278\vivado_projects\HLS\EE278_term_proj\lenet_proj\lenet_predict\.autopilot\db\lenet_main.pp.0.cpp:14823:17: note: FIX-IT applied suggested code changes
C:\Users\Baron\Desktop\EE_278_Repo\EE_278\vivado_projects\HLS\EE278_term_proj\lenet_proj\lenet_predict\.autopilot\db\lenet_main.pp.0.cpp:14827:17: warning: Added loop label VITIS_LOOP_279_11:   [xilinx-label-all-loops]
                for (int j = I_+9; j >= 0; j--) {
                ^~~
                VITIS_LOOP_279_11: 
C:\Users\Baron\Desktop\EE_278_Repo\EE_278\vivado_projects\HLS\EE278_term_proj\lenet_proj\lenet_predict\.autopilot\db\lenet_main.pp.0.cpp:14827:17: note: FIX-IT applied suggested code changes
C:\Users\Baron\Desktop\EE_278_Repo\EE_278\vivado_projects\HLS\EE278_term_proj\lenet_proj\lenet_predict\.autopilot\db\lenet_main.pp.0.cpp:14842:9: warning: Added loop label VITIS_LOOP_294_12:   [xilinx-label-all-loops]
        for (int j = 27; j < 46; j++){
        ^~~
        VITIS_LOOP_294_12: 
C:\Users\Baron\Desktop\EE_278_Repo\EE_278\vivado_projects\HLS\EE278_term_proj\lenet_proj\lenet_predict\.autopilot\db\lenet_main.pp.0.cpp:14842:9: note: FIX-IT applied suggested code changes
C:\Users\Baron\Desktop\EE_278_Repo\EE_278\vivado_projects\HLS\EE278_term_proj\lenet_proj\lenet_predict\.autopilot\db\lenet_main.pp.0.cpp:14850:17: warning: Added loop label VITIS_LOOP_302_13:   [xilinx-label-all-loops]
                for (int j = 0; j < 46; j++) {
                ^~~
                VITIS_LOOP_302_13: 
C:\Users\Baron\Desktop\EE_278_Repo\EE_278\vivado_projects\HLS\EE278_term_proj\lenet_proj\lenet_predict\.autopilot\db\lenet_main.pp.0.cpp:14850:17: note: FIX-IT applied suggested code changes
C:\Users\Baron\Desktop\EE_278_Repo\EE_278\vivado_projects\HLS\EE278_term_proj\lenet_proj\lenet_predict\.autopilot\db\lenet_main.pp.0.cpp:15079:13: warning: Added loop label VITIS_LOOP_531_14:   [xilinx-label-all-loops]
            for (int j = 45; j >= I_+22; j--) {
            ^~~
            VITIS_LOOP_531_14: 
C:\Users\Baron\Desktop\EE_278_Repo\EE_278\vivado_projects\HLS\EE278_term_proj\lenet_proj\lenet_predict\.autopilot\db\lenet_main.pp.0.cpp:15079:13: note: FIX-IT applied suggested code changes
C:\Users\Baron\Desktop\EE_278_Repo\EE_278\vivado_projects\HLS\EE278_term_proj\lenet_proj\lenet_predict\.autopilot\db\lenet_main.pp.0.cpp:15085:17: warning: Added loop label VITIS_LOOP_537_15:   [xilinx-label-all-loops]
                for (int j = 45; j >= I_+22; j--){
                ^~~
                VITIS_LOOP_537_15: 
C:\Users\Baron\Desktop\EE_278_Repo\EE_278\vivado_projects\HLS\EE278_term_proj\lenet_proj\lenet_predict\.autopilot\db\lenet_main.pp.0.cpp:15085:17: note: FIX-IT applied suggested code changes
C:\Users\Baron\Desktop\EE_278_Repo\EE_278\vivado_projects\HLS\EE278_term_proj\lenet_proj\lenet_predict\.autopilot\db\lenet_main.pp.0.cpp:15089:17: warning: Added loop label VITIS_LOOP_541_16:   [xilinx-label-all-loops]
                for (int j = I_+21; j >= 0; j--) {
                ^~~
                VITIS_LOOP_541_16: 
C:\Users\Baron\Desktop\EE_278_Repo\EE_278\vivado_projects\HLS\EE278_term_proj\lenet_proj\lenet_predict\.autopilot\db\lenet_main.pp.0.cpp:15089:17: note: FIX-IT applied suggested code changes
C:\Users\Baron\Desktop\EE_278_Repo\EE_278\vivado_projects\HLS\EE278_term_proj\lenet_proj\lenet_predict\.autopilot\db\lenet_main.pp.0.cpp:15099:9: warning: Added loop label VITIS_LOOP_551_17:   [xilinx-label-all-loops]
        for (int j = 32-F_; j < 32+I_; j++){
        ^~~
        VITIS_LOOP_551_17: 
C:\Users\Baron\Desktop\EE_278_Repo\EE_278\vivado_projects\HLS\EE278_term_proj\lenet_proj\lenet_predict\.autopilot\db\lenet_main.pp.0.cpp:15099:9: note: FIX-IT applied suggested code changes
C:\Users\Baron\Desktop\EE_278_Repo\EE_278\vivado_projects\HLS\EE278_term_proj\lenet_proj\lenet_predict\.autopilot\db\lenet_main.pp.0.cpp:15103:9: warning: Added loop label VITIS_LOOP_555_18:   [xilinx-label-all-loops]
        for (int j = 32+I_; j <= 64; j++){
        ^~~
        VITIS_LOOP_555_18: 
C:\Users\Baron\Desktop\EE_278_Repo\EE_278\vivado_projects\HLS\EE278_term_proj\lenet_proj\lenet_predict\.autopilot\db\lenet_main.pp.0.cpp:15103:9: note: FIX-IT applied suggested code changes
C:\Users\Baron\Desktop\EE_278_Repo\EE_278\vivado_projects\HLS\EE278_term_proj\lenet_proj\lenet_predict\.autopilot\db\lenet_main.pp.0.cpp:15113:9: warning: Added loop label VITIS_LOOP_565_19:   [xilinx-label-all-loops]
        for (int j = 37; j < 64; j++) {
        ^~~
        VITIS_LOOP_565_19: 
C:\Users\Baron\Desktop\EE_278_Repo\EE_278\vivado_projects\HLS\EE278_term_proj\lenet_proj\lenet_predict\.autopilot\db\lenet_main.pp.0.cpp:15113:9: note: FIX-IT applied suggested code changes
C:\Users\Baron\Desktop\EE_278_Repo\EE_278\vivado_projects\HLS\EE278_term_proj\lenet_proj\lenet_predict\.autopilot\db\lenet_main.pp.0.cpp:15121:17: warning: Added loop label VITIS_LOOP_573_20:   [xilinx-label-all-loops]
                for (int j = 0; j < 64; j++){
                ^~~
                VITIS_LOOP_573_20: 
C:\Users\Baron\Desktop\EE_278_Repo\EE_278\vivado_projects\HLS\EE278_term_proj\lenet_proj\lenet_predict\.autopilot\db\lenet_main.pp.0.cpp:15121:17: note: FIX-IT applied suggested code changes
C:\Users\Baron\Desktop\EE_278_Repo\EE_278\vivado_projects\HLS\EE278_term_proj\lenet_proj\lenet_predict\.autopilot\db\lenet_main.pp.0.cpp:15482:13: warning: Added loop label VITIS_LOOP_934_21:   [xilinx-label-all-loops]
            for (int j = 63; j >= I_+31; j--) {
            ^~~
            VITIS_LOOP_934_21: 
C:\Users\Baron\Desktop\EE_278_Repo\EE_278\vivado_projects\HLS\EE278_term_proj\lenet_proj\lenet_predict\.autopilot\db\lenet_main.pp.0.cpp:15482:13: note: FIX-IT applied suggested code changes
C:\Users\Baron\Desktop\EE_278_Repo\EE_278\vivado_projects\HLS\EE278_term_proj\lenet_proj\lenet_predict\.autopilot\db\lenet_main.pp.0.cpp:15488:17: warning: Added loop label VITIS_LOOP_940_22:   [xilinx-label-all-loops]
                for (int j = 63; j >= I_+31; j--) {
                ^~~
                VITIS_LOOP_940_22: 
C:\Users\Baron\Desktop\EE_278_Repo\EE_278\vivado_projects\HLS\EE278_term_proj\lenet_proj\lenet_predict\.autopilot\db\lenet_main.pp.0.cpp:15488:17: note: FIX-IT applied suggested code changes
C:\Users\Baron\Desktop\EE_278_Repo\EE_278\vivado_projects\HLS\EE278_term_proj\lenet_proj\lenet_predict\.autopilot\db\lenet_main.pp.0.cpp:15492:17: warning: Added loop label VITIS_LOOP_944_23:   [xilinx-label-all-loops]
                for (int j = I_+30; j >= 0; j--) {
                ^~~
                VITIS_LOOP_944_23: 
C:\Users\Baron\Desktop\EE_278_Repo\EE_278\vivado_projects\HLS\EE278_term_proj\lenet_proj\lenet_predict\.autopilot\db\lenet_main.pp.0.cpp:15492:17: note: FIX-IT applied suggested code changes
C:\Users\Baron\Desktop\EE_278_Repo\EE_278\vivado_projects\HLS\EE278_term_proj\lenet_proj\lenet_predict\.autopilot\db\lenet_main.pp.0.cpp:15608:13: warning: Added loop label VITIS_LOOP_1060_1:   [xilinx-label-all-loops]
            for (int j = 4; j >= I_+1; j--) {
            ^~~
            VITIS_LOOP_1060_1: 
C:\Users\Baron\Desktop\EE_278_Repo\EE_278\vivado_projects\HLS\EE278_term_proj\lenet_proj\lenet_predict\.autopilot\db\lenet_main.pp.0.cpp:15608:13: note: FIX-IT applied suggested code changes
C:\Users\Baron\Desktop\EE_278_Repo\EE_278\vivado_projects\HLS\EE278_term_proj\lenet_proj\lenet_predict\.autopilot\db\lenet_main.pp.0.cpp:15614:17: warning: Added loop label VITIS_LOOP_1066_2:   [xilinx-label-all-loops]
                for (int j = 4; j >= I_+1; j--) {
                ^~~
                VITIS_LOOP_1066_2: 
C:\Users\Baron\Desktop\EE_278_Repo\EE_278\vivado_projects\HLS\EE278_term_proj\lenet_proj\lenet_predict\.autopilot\db\lenet_main.pp.0.cpp:15614:17: note: FIX-IT applied suggested code changes
C:\Users\Baron\Desktop\EE_278_Repo\EE_278\vivado_projects\HLS\EE278_term_proj\lenet_proj\lenet_predict\.autopilot\db\lenet_main.pp.0.cpp:15618:17: warning: Added loop label VITIS_LOOP_1070_3:   [xilinx-label-all-loops]
                for (int j = I_; j >= 0; j--) {
                ^~~
                VITIS_LOOP_1070_3: 
C:\Users\Baron\Desktop\EE_278_Repo\EE_278\vivado_projects\HLS\EE278_term_proj\lenet_proj\lenet_predict\.autopilot\db\lenet_main.pp.0.cpp:15618:17: note: FIX-IT applied suggested code changes
C:\Users\Baron\Desktop\EE_278_Repo\EE_278\vivado_projects\HLS\EE278_term_proj\lenet_proj\lenet_predict\.autopilot\db\lenet_main.pp.0.cpp:15705:13: warning: Added loop label VITIS_LOOP_1157_4:   [xilinx-label-all-loops]
            for (int j = 10; j >= I_+4; j--) {
            ^~~
            VITIS_LOOP_1157_4: 
C:\Users\Baron\Desktop\EE_278_Repo\EE_278\vivado_projects\HLS\EE278_term_proj\lenet_proj\lenet_predict\.autopilot\db\lenet_main.pp.0.cpp:15705:13: note: FIX-IT applied suggested code changes
C:\Users\Baron\Desktop\EE_278_Repo\EE_278\vivado_projects\HLS\EE278_term_proj\lenet_proj\lenet_predict\.autopilot\db\lenet_main.pp.0.cpp:15711:17: warning: Added loop label VITIS_LOOP_1163_5:   [xilinx-label-all-loops]
                for (int j = 10; j >= I_+4; j--) {
                ^~~
                VITIS_LOOP_1163_5: 
C:\Users\Baron\Desktop\EE_278_Repo\EE_278\vivado_projects\HLS\EE278_term_proj\lenet_proj\lenet_predict\.autopilot\db\lenet_main.pp.0.cpp:15711:17: note: FIX-IT applied suggested code changes
C:\Users\Baron\Desktop\EE_278_Repo\EE_278\vivado_projects\HLS\EE278_term_proj\lenet_proj\lenet_predict\.autopilot\db\lenet_main.pp.0.cpp:15715:17: warning: Added loop label VITIS_LOOP_1167_6:   [xilinx-label-all-loops]
                for (int j = I_+3; j >= 0; j--) {
                ^~~
                VITIS_LOOP_1167_6: 
C:\Users\Baron\Desktop\EE_278_Repo\EE_278\vivado_projects\HLS\EE278_term_proj\lenet_proj\lenet_predict\.autopilot\db\lenet_main.pp.0.cpp:15715:17: note: FIX-IT applied suggested code changes
C:\Users\Baron\Desktop\EE_278_Repo\EE_278\vivado_projects\HLS\EE278_term_proj\lenet_proj\lenet_predict\.autopilot\db\lenet_main.pp.0.cpp:15734:9: warning: Added loop label VITIS_LOOP_1186_7:   [xilinx-label-all-loops]
        for (int j = wf+3; j < w-1; j++) {
        ^~~
        VITIS_LOOP_1186_7: 
C:\Users\Baron\Desktop\EE_278_Repo\EE_278\vivado_projects\HLS\EE278_term_proj\lenet_proj\lenet_predict\.autopilot\db\lenet_main.pp.0.cpp:15734:9: note: FIX-IT applied suggested code changes
C:\Users\Baron\Desktop\EE_278_Repo\EE_278\vivado_projects\HLS\EE278_term_proj\lenet_proj\lenet_predict\.autopilot\db\lenet_main.pp.0.cpp:15741:17: warning: Added loop label VITIS_LOOP_1193_8:   [xilinx-label-all-loops]
                for (int j = 0; j < 22; j++) {
                ^~~
                VITIS_LOOP_1193_8: 
C:\Users\Baron\Desktop\EE_278_Repo\EE_278\vivado_projects\HLS\EE278_term_proj\lenet_proj\lenet_predict\.autopilot\db\lenet_main.pp.0.cpp:15741:17: note: FIX-IT applied suggested code changes
C:\Users\Baron\Desktop\EE_278_Repo\EE_278\vivado_projects\HLS\EE278_term_proj\lenet_proj\lenet_predict\.autopilot\db\lenet_main.pp.0.cpp:15857:13: warning: Added loop label VITIS_LOOP_1309_9:   [xilinx-label-all-loops]
            for (int j = 22; j >= I_+10; j--) {
            ^~~
            VITIS_LOOP_1309_9: 
C:\Users\Baron\Desktop\EE_278_Repo\EE_278\vivado_projects\HLS\EE278_term_proj\lenet_proj\lenet_predict\.autopilot\db\lenet_main.pp.0.cpp:15857:13: note: FIX-IT applied suggested code changes
C:\Users\Baron\Desktop\EE_278_Repo\EE_278\vivado_projects\HLS\EE278_term_proj\lenet_proj\lenet_predict\.autopilot\db\lenet_main.pp.0.cpp:15863:17: warning: Added loop label VITIS_LOOP_1315_10:   [xilinx-label-all-loops]
                for (int j = 22; j >= I_+10; j--){
                ^~~
                VITIS_LOOP_1315_10: 
C:\Users\Baron\Desktop\EE_278_Repo\EE_278\vivado_projects\HLS\EE278_term_proj\lenet_proj\lenet_predict\.autopilot\db\lenet_main.pp.0.cpp:15863:17: note: FIX-IT applied suggested code changes
C:\Users\Baron\Desktop\EE_278_Repo\EE_278\vivado_projects\HLS\EE278_term_proj\lenet_proj\lenet_predict\.autopilot\db\lenet_main.pp.0.cpp:15867:17: warning: Added loop label VITIS_LOOP_1319_11:   [xilinx-label-all-loops]
                for (int j = I_+9; j >= 0; j--) {
                ^~~
                VITIS_LOOP_1319_11: 
C:\Users\Baron\Desktop\EE_278_Repo\EE_278\vivado_projects\HLS\EE278_term_proj\lenet_proj\lenet_predict\.autopilot\db\lenet_main.pp.0.cpp:15867:17: note: FIX-IT applied suggested code changes
C:\Users\Baron\Desktop\EE_278_Repo\EE_278\vivado_projects\HLS\EE278_term_proj\lenet_proj\lenet_predict\.autopilot\db\lenet_main.pp.0.cpp:15887:9: warning: Added loop label VITIS_LOOP_1339_12:   [xilinx-label-all-loops]
        for (int j = wf+4; j < w-1; j++){
        ^~~
        VITIS_LOOP_1339_12: 
C:\Users\Baron\Desktop\EE_278_Repo\EE_278\vivado_projects\HLS\EE278_term_proj\lenet_proj\lenet_predict\.autopilot\db\lenet_main.pp.0.cpp:15887:9: note: FIX-IT applied suggested code changes
C:\Users\Baron\Desktop\EE_278_Repo\EE_278\vivado_projects\HLS\EE278_term_proj\lenet_proj\lenet_predict\.autopilot\db\lenet_main.pp.0.cpp:15894:17: warning: Added loop label VITIS_LOOP_1346_13:   [xilinx-label-all-loops]
                for (int j = 0; j < 46; j++) {
                ^~~
                VITIS_LOOP_1346_13: 
C:\Users\Baron\Desktop\EE_278_Repo\EE_278\vivado_projects\HLS\EE278_term_proj\lenet_proj\lenet_predict\.autopilot\db\lenet_main.pp.0.cpp:15894:17: note: FIX-IT applied suggested code changes
C:\Users\Baron\Desktop\EE_278_Repo\EE_278\vivado_projects\HLS\EE278_term_proj\lenet_proj\lenet_predict\.autopilot\db\lenet_main.pp.0.cpp:16156:13: warning: Added loop label VITIS_LOOP_1608_14:   [xilinx-label-all-loops]
            for (int j = 46; j >= I_+22; j--) {
            ^~~
            VITIS_LOOP_1608_14: 
C:\Users\Baron\Desktop\EE_278_Repo\EE_278\vivado_projects\HLS\EE278_term_proj\lenet_proj\lenet_predict\.autopilot\db\lenet_main.pp.0.cpp:16156:13: note: FIX-IT applied suggested code changes
C:\Users\Baron\Desktop\EE_278_Repo\EE_278\vivado_projects\HLS\EE278_term_proj\lenet_proj\lenet_predict\.autopilot\db\lenet_main.pp.0.cpp:16162:17: warning: Added loop label VITIS_LOOP_1614_15:   [xilinx-label-all-loops]
                for (int j = 46; j >= I_+22; j--) {
                ^~~
                VITIS_LOOP_1614_15: 
C:\Users\Baron\Desktop\EE_278_Repo\EE_278\vivado_projects\HLS\EE278_term_proj\lenet_proj\lenet_predict\.autopilot\db\lenet_main.pp.0.cpp:16162:17: note: FIX-IT applied suggested code changes
C:\Users\Baron\Desktop\EE_278_Repo\EE_278\vivado_projects\HLS\EE278_term_proj\lenet_proj\lenet_predict\.autopilot\db\lenet_main.pp.0.cpp:16166:17: warning: Added loop label VITIS_LOOP_1618_16:   [xilinx-label-all-loops]
                for (int j = I_+21; j >= 0; j--) {
                ^~~
                VITIS_LOOP_1618_16: 
C:\Users\Baron\Desktop\EE_278_Repo\EE_278\vivado_projects\HLS\EE278_term_proj\lenet_proj\lenet_predict\.autopilot\db\lenet_main.pp.0.cpp:16166:17: note: FIX-IT applied suggested code changes
C:\Users\Baron\Desktop\EE_278_Repo\EE_278\vivado_projects\HLS\EE278_term_proj\lenet_proj\lenet_predict\.autopilot\db\lenet_main.pp.0.cpp:16190:9: warning: Added loop label VITIS_LOOP_1642_17:   [xilinx-label-all-loops]
        for (int j = wf+5; j < w-1; j++){
        ^~~
        VITIS_LOOP_1642_17: 
C:\Users\Baron\Desktop\EE_278_Repo\EE_278\vivado_projects\HLS\EE278_term_proj\lenet_proj\lenet_predict\.autopilot\db\lenet_main.pp.0.cpp:16190:9: note: FIX-IT applied suggested code changes
C:\Users\Baron\Desktop\EE_278_Repo\EE_278\vivado_projects\HLS\EE278_term_proj\lenet_proj\lenet_predict\.autopilot\db\lenet_main.pp.0.cpp:16197:17: warning: Added loop label VITIS_LOOP_1649_18:   [xilinx-label-all-loops]
                for (int j = 0; j < 64; j++) {
                ^~~
                VITIS_LOOP_1649_18: 
C:\Users\Baron\Desktop\EE_278_Repo\EE_278\vivado_projects\HLS\EE278_term_proj\lenet_proj\lenet_predict\.autopilot\db\lenet_main.pp.0.cpp:16197:17: note: FIX-IT applied suggested code changes
C:\Users\Baron\Desktop\EE_278_Repo\EE_278\vivado_projects\HLS\EE278_term_proj\lenet_proj\lenet_predict\.autopilot\db\lenet_main.pp.0.cpp:16627:13: warning: Added loop label VITIS_LOOP_2079_19:   [xilinx-label-all-loops]
            for (int j = 64; j >= I_+31; j--) {
            ^~~
            VITIS_LOOP_2079_19: 
C:\Users\Baron\Desktop\EE_278_Repo\EE_278\vivado_projects\HLS\EE278_term_proj\lenet_proj\lenet_predict\.autopilot\db\lenet_main.pp.0.cpp:16627:13: note: FIX-IT applied suggested code changes
C:\Users\Baron\Desktop\EE_278_Repo\EE_278\vivado_projects\HLS\EE278_term_proj\lenet_proj\lenet_predict\.autopilot\db\lenet_main.pp.0.cpp:16633:17: warning: Added loop label VITIS_LOOP_2085_20:   [xilinx-label-all-loops]
                for (int j = 64; j >= I_+31; j--) {
                ^~~
                VITIS_LOOP_2085_20: 
C:\Users\Baron\Desktop\EE_278_Repo\EE_278\vivado_projects\HLS\EE278_term_proj\lenet_proj\lenet_predict\.autopilot\db\lenet_main.pp.0.cpp:16633:17: note: FIX-IT applied suggested code changes
C:\Users\Baron\Desktop\EE_278_Repo\EE_278\vivado_projects\HLS\EE278_term_proj\lenet_proj\lenet_predict\.autopilot\db\lenet_main.pp.0.cpp:16637:17: warning: Added loop label VITIS_LOOP_2089_21:   [xilinx-label-all-loops]
                for (int j = I_+30; j >= 0; j--) {
                ^~~
                VITIS_LOOP_2089_21: 
C:\Users\Baron\Desktop\EE_278_Repo\EE_278\vivado_projects\HLS\EE278_term_proj\lenet_proj\lenet_predict\.autopilot\db\lenet_main.pp.0.cpp:16637:17: note: FIX-IT applied suggested code changes
C:\Users\Baron\Desktop\EE_278_Repo\EE_278\vivado_projects\HLS\EE278_term_proj\lenet_proj\lenet_predict\.autopilot\db\lenet_main.pp.0.cpp:16767:13: warning: Added loop label VITIS_LOOP_2219_1:   [xilinx-label-all-loops]
            for(int j=3; j>=I+1; j--) {
            ^~~
            VITIS_LOOP_2219_1: 
C:\Users\Baron\Desktop\EE_278_Repo\EE_278\vivado_projects\HLS\EE278_term_proj\lenet_proj\lenet_predict\.autopilot\db\lenet_main.pp.0.cpp:16767:13: note: FIX-IT applied suggested code changes
C:\Users\Baron\Desktop\EE_278_Repo\EE_278\vivado_projects\HLS\EE278_term_proj\lenet_proj\lenet_predict\.autopilot\db\lenet_main.pp.0.cpp:16774:17: warning: Added loop label VITIS_LOOP_2226_2:   [xilinx-label-all-loops]
                for(int j=3; j>=I+1; j--) {
                ^~~
                VITIS_LOOP_2226_2: 
C:\Users\Baron\Desktop\EE_278_Repo\EE_278\vivado_projects\HLS\EE278_term_proj\lenet_proj\lenet_predict\.autopilot\db\lenet_main.pp.0.cpp:16774:17: note: FIX-IT applied suggested code changes
C:\Users\Baron\Desktop\EE_278_Repo\EE_278\vivado_projects\HLS\EE278_term_proj\lenet_proj\lenet_predict\.autopilot\db\lenet_main.pp.0.cpp:16778:17: warning: Added loop label VITIS_LOOP_2230_3:   [xilinx-label-all-loops]
                for(int j=I; j>=0; j--) {
                ^~~
                VITIS_LOOP_2230_3: 
C:\Users\Baron\Desktop\EE_278_Repo\EE_278\vivado_projects\HLS\EE278_term_proj\lenet_proj\lenet_predict\.autopilot\db\lenet_main.pp.0.cpp:16778:17: note: FIX-IT applied suggested code changes
C:\Users\Baron\Desktop\EE_278_Repo\EE_278\vivado_projects\HLS\EE278_term_proj\lenet_proj\lenet_predict\.autopilot\db\lenet_main.pp.0.cpp:16825:13: warning: Added loop label VITIS_LOOP_2277_4:   [xilinx-label-all-loops]
            for(int j=7; j>=3+I; j--) {
            ^~~
            VITIS_LOOP_2277_4: 
C:\Users\Baron\Desktop\EE_278_Repo\EE_278\vivado_projects\HLS\EE278_term_proj\lenet_proj\lenet_predict\.autopilot\db\lenet_main.pp.0.cpp:16825:13: note: FIX-IT applied suggested code changes
C:\Users\Baron\Desktop\EE_278_Repo\EE_278\vivado_projects\HLS\EE278_term_proj\lenet_proj\lenet_predict\.autopilot\db\lenet_main.pp.0.cpp:16832:17: warning: Added loop label VITIS_LOOP_2284_5:   [xilinx-label-all-loops]
                for(int j=7; j>=3+I; j--) {
                ^~~
                VITIS_LOOP_2284_5: 
C:\Users\Baron\Desktop\EE_278_Repo\EE_278\vivado_projects\HLS\EE278_term_proj\lenet_proj\lenet_predict\.autopilot\db\lenet_main.pp.0.cpp:16832:17: note: FIX-IT applied suggested code changes
C:\Users\Baron\Desktop\EE_278_Repo\EE_278\vivado_projects\HLS\EE278_term_proj\lenet_proj\lenet_predict\.autopilot\db\lenet_main.pp.0.cpp:16836:17: warning: Added loop label VITIS_LOOP_2288_6:   [xilinx-label-all-loops]
                for(int j=I+2; j>=0; j--) {
                ^~~
                VITIS_LOOP_2288_6: 
C:\Users\Baron\Desktop\EE_278_Repo\EE_278\vivado_projects\HLS\EE278_term_proj\lenet_proj\lenet_predict\.autopilot\db\lenet_main.pp.0.cpp:16836:17: note: FIX-IT applied suggested code changes
C:\Users\Baron\Desktop\EE_278_Repo\EE_278\vivado_projects\HLS\EE278_term_proj\lenet_proj\lenet_predict\.autopilot\db\lenet_main.pp.0.cpp:16854:9: warning: Added loop label VITIS_LOOP_2306_7:   [xilinx-label-all-loops]
        for(int j=11; j<16; j++) {
        ^~~
        VITIS_LOOP_2306_7: 
C:\Users\Baron\Desktop\EE_278_Repo\EE_278\vivado_projects\HLS\EE278_term_proj\lenet_proj\lenet_predict\.autopilot\db\lenet_main.pp.0.cpp:16854:9: note: FIX-IT applied suggested code changes
C:\Users\Baron\Desktop\EE_278_Repo\EE_278\vivado_projects\HLS\EE278_term_proj\lenet_proj\lenet_predict\.autopilot\db\lenet_main.pp.0.cpp:16909:13: warning: Added loop label VITIS_LOOP_2361_8:   [xilinx-label-all-loops]
            for(int j=15; j>=7+I; j--) {
            ^~~
            VITIS_LOOP_2361_8: 
C:\Users\Baron\Desktop\EE_278_Repo\EE_278\vivado_projects\HLS\EE278_term_proj\lenet_proj\lenet_predict\.autopilot\db\lenet_main.pp.0.cpp:16909:13: note: FIX-IT applied suggested code changes
C:\Users\Baron\Desktop\EE_278_Repo\EE_278\vivado_projects\HLS\EE278_term_proj\lenet_proj\lenet_predict\.autopilot\db\lenet_main.pp.0.cpp:16916:17: warning: Added loop label VITIS_LOOP_2368_9:   [xilinx-label-all-loops]
                for(int j=15; j>=7+I; j--) {
                ^~~
                VITIS_LOOP_2368_9: 
C:\Users\Baron\Desktop\EE_278_Repo\EE_278\vivado_projects\HLS\EE278_term_proj\lenet_proj\lenet_predict\.autopilot\db\lenet_main.pp.0.cpp:16916:17: note: FIX-IT applied suggested code changes
C:\Users\Baron\Desktop\EE_278_Repo\EE_278\vivado_projects\HLS\EE278_term_proj\lenet_proj\lenet_predict\.autopilot\db\lenet_main.pp.0.cpp:16920:17: warning: Added loop label VITIS_LOOP_2372_10:   [xilinx-label-all-loops]
                for(int j=6+I; j>=0; j--) {
                ^~~
                VITIS_LOOP_2372_10: 
C:\Users\Baron\Desktop\EE_278_Repo\EE_278\vivado_projects\HLS\EE278_term_proj\lenet_proj\lenet_predict\.autopilot\db\lenet_main.pp.0.cpp:16920:17: note: FIX-IT applied suggested code changes
C:\Users\Baron\Desktop\EE_278_Repo\EE_278\vivado_projects\HLS\EE278_term_proj\lenet_proj\lenet_predict\.autopilot\db\lenet_main.pp.0.cpp:16938:9: warning: Added loop label VITIS_LOOP_2390_11:   [xilinx-label-all-loops]
        for(int j=20; j<32; j++) {
        ^~~
        VITIS_LOOP_2390_11: 
C:\Users\Baron\Desktop\EE_278_Repo\EE_278\vivado_projects\HLS\EE278_term_proj\lenet_proj\lenet_predict\.autopilot\db\lenet_main.pp.0.cpp:16938:9: note: FIX-IT applied suggested code changes
C:\Users\Baron\Desktop\EE_278_Repo\EE_278\vivado_projects\HLS\EE278_term_proj\lenet_proj\lenet_predict\.autopilot\db\lenet_main.pp.0.cpp:17027:13: warning: Added loop label VITIS_LOOP_2479_12:   [xilinx-label-all-loops]
            for(int j=31; j>=I+15; j--) {
            ^~~
            VITIS_LOOP_2479_12: 
C:\Users\Baron\Desktop\EE_278_Repo\EE_278\vivado_projects\HLS\EE278_term_proj\lenet_proj\lenet_predict\.autopilot\db\lenet_main.pp.0.cpp:17027:13: note: FIX-IT applied suggested code changes
C:\Users\Baron\Desktop\EE_278_Repo\EE_278\vivado_projects\HLS\EE278_term_proj\lenet_proj\lenet_predict\.autopilot\db\lenet_main.pp.0.cpp:17034:17: warning: Added loop label VITIS_LOOP_2486_13:   [xilinx-label-all-loops]
                for(int j=31; j>=I+15; j--) {
                ^~~
                VITIS_LOOP_2486_13: 
C:\Users\Baron\Desktop\EE_278_Repo\EE_278\vivado_projects\HLS\EE278_term_proj\lenet_proj\lenet_predict\.autopilot\db\lenet_main.pp.0.cpp:17034:17: note: FIX-IT applied suggested code changes
C:\Users\Baron\Desktop\EE_278_Repo\EE_278\vivado_projects\HLS\EE278_term_proj\lenet_proj\lenet_predict\.autopilot\db\lenet_main.pp.0.cpp:17038:17: warning: Added loop label VITIS_LOOP_2490_14:   [xilinx-label-all-loops]
                for(int j=I+14; j>=0; j--) {
                ^~~
                VITIS_LOOP_2490_14: 
C:\Users\Baron\Desktop\EE_278_Repo\EE_278\vivado_projects\HLS\EE278_term_proj\lenet_proj\lenet_predict\.autopilot\db\lenet_main.pp.0.cpp:17038:17: note: FIX-IT applied suggested code changes
C:\Users\Baron\Desktop\EE_278_Repo\EE_278\vivado_projects\HLS\EE278_term_proj\lenet_proj\lenet_predict\.autopilot\db\lenet_main.pp.0.cpp:17048:9: warning: Added loop label VITIS_LOOP_2500_15:   [xilinx-label-all-loops]
        for(int j=32-F; j<32+I; j++) {
        ^~~
        VITIS_LOOP_2500_15: 
C:\Users\Baron\Desktop\EE_278_Repo\EE_278\vivado_projects\HLS\EE278_term_proj\lenet_proj\lenet_predict\.autopilot\db\lenet_main.pp.0.cpp:17048:9: note: FIX-IT applied suggested code changes
C:\Users\Baron\Desktop\EE_278_Repo\EE_278\vivado_projects\HLS\EE278_term_proj\lenet_proj\lenet_predict\.autopilot\db\lenet_main.pp.0.cpp:17052:9: warning: Added loop label VITIS_LOOP_2504_16:   [xilinx-label-all-loops]
        for(int j=32+I; j<=64; j++) {
        ^~~
        VITIS_LOOP_2504_16: 
C:\Users\Baron\Desktop\EE_278_Repo\EE_278\vivado_projects\HLS\EE278_term_proj\lenet_proj\lenet_predict\.autopilot\db\lenet_main.pp.0.cpp:17052:9: note: FIX-IT applied suggested code changes
C:\Users\Baron\Desktop\EE_278_Repo\EE_278\vivado_projects\HLS\EE278_term_proj\lenet_proj\lenet_predict\.autopilot\db\lenet_main.pp.0.cpp:17063:9: warning: Added loop label VITIS_LOOP_2515_17:   [xilinx-label-all-loops]
        for(int j=37; j<64; j++) {
        ^~~
        VITIS_LOOP_2515_17: 
C:\Users\Baron\Desktop\EE_278_Repo\EE_278\vivado_projects\HLS\EE278_term_proj\lenet_proj\lenet_predict\.autopilot\db\lenet_main.pp.0.cpp:17063:9: note: FIX-IT applied suggested code changes
C:\Users\Baron\Desktop\EE_278_Repo\EE_278\vivado_projects\HLS\EE278_term_proj\lenet_proj\lenet_predict\.autopilot\db\lenet_main.pp.0.cpp:17071:17: warning: Added loop label VITIS_LOOP_2523_18:   [xilinx-label-all-loops]
                for(int j=0; j<64; j++) {
                ^~~
                VITIS_LOOP_2523_18: 
C:\Users\Baron\Desktop\EE_278_Repo\EE_278\vivado_projects\HLS\EE278_term_proj\lenet_proj\lenet_predict\.autopilot\db\lenet_main.pp.0.cpp:17071:17: note: FIX-IT applied suggested code changes
C:\Users\Baron\Desktop\EE_278_Repo\EE_278\vivado_projects\HLS\EE278_term_proj\lenet_proj\lenet_predict\.autopilot\db\lenet_main.pp.0.cpp:17396:13: warning: Added loop label VITIS_LOOP_2848_19:   [xilinx-label-all-loops]
            for(int j=63; j>=I+31; j--) {
            ^~~
            VITIS_LOOP_2848_19: 
C:\Users\Baron\Desktop\EE_278_Repo\EE_278\vivado_projects\HLS\EE278_term_proj\lenet_proj\lenet_predict\.autopilot\db\lenet_main.pp.0.cpp:17396:13: note: FIX-IT applied suggested code changes
C:\Users\Baron\Desktop\EE_278_Repo\EE_278\vivado_projects\HLS\EE278_term_proj\lenet_proj\lenet_predict\.autopilot\db\lenet_main.pp.0.cpp:17403:17: warning: Added loop label VITIS_LOOP_2855_20:   [xilinx-label-all-loops]
                for(int j=63; j>=I+31; j--) {
                ^~~
                VITIS_LOOP_2855_20: 
C:\Users\Baron\Desktop\EE_278_Repo\EE_278\vivado_projects\HLS\EE278_term_proj\lenet_proj\lenet_predict\.autopilot\db\lenet_main.pp.0.cpp:17403:17: note: FIX-IT applied suggested code changes
C:\Users\Baron\Desktop\EE_278_Repo\EE_278\vivado_projects\HLS\EE278_term_proj\lenet_proj\lenet_predict\.autopilot\db\lenet_main.pp.0.cpp:17407:17: warning: Added loop label VITIS_LOOP_2859_21:   [xilinx-label-all-loops]
                for(int j=I+30; j>=0; j--) {
                ^~~
                VITIS_LOOP_2859_21: 
C:\Users\Baron\Desktop\EE_278_Repo\EE_278\vivado_projects\HLS\EE278_term_proj\lenet_proj\lenet_predict\.autopilot\db\lenet_main.pp.0.cpp:17407:17: note: FIX-IT applied suggested code changes
C:\Users\Baron\Desktop\EE_278_Repo\EE_278\vivado_projects\HLS\EE278_term_proj\lenet_proj\lenet_predict\.autopilot\db\lenet_main.pp.0.cpp:17495:4: warning: Added loop label VITIS_LOOP_2947_1:   [xilinx-label-all-loops]
   for(int j = 5; j>=I_+2; j--) {
   ^~~
   VITIS_LOOP_2947_1: 
C:\Users\Baron\Desktop\EE_278_Repo\EE_278\vivado_projects\HLS\EE278_term_proj\lenet_proj\lenet_predict\.autopilot\db\lenet_main.pp.0.cpp:17495:4: note: FIX-IT applied suggested code changes
C:\Users\Baron\Desktop\EE_278_Repo\EE_278\vivado_projects\HLS\EE278_term_proj\lenet_proj\lenet_predict\.autopilot\db\lenet_main.pp.0.cpp:17502:5: warning: Added loop label VITIS_LOOP_2954_2:   [xilinx-label-all-loops]
    for(int j = 5; j>=I_+2; j--) {
    ^~~
    VITIS_LOOP_2954_2: 
C:\Users\Baron\Desktop\EE_278_Repo\EE_278\vivado_projects\HLS\EE278_term_proj\lenet_proj\lenet_predict\.autopilot\db\lenet_main.pp.0.cpp:17502:5: note: FIX-IT applied suggested code changes
C:\Users\Baron\Desktop\EE_278_Repo\EE_278\vivado_projects\HLS\EE278_term_proj\lenet_proj\lenet_predict\.autopilot\db\lenet_main.pp.0.cpp:17506:5: warning: Added loop label VITIS_LOOP_2958_3:   [xilinx-label-all-loops]
    for(int j = I_+1; j>=0; j--) {
    ^~~
    VITIS_LOOP_2958_3: 
C:\Users\Baron\Desktop\EE_278_Repo\EE_278\vivado_projects\HLS\EE278_term_proj\lenet_proj\lenet_predict\.autopilot\db\lenet_main.pp.0.cpp:17506:5: note: FIX-IT applied suggested code changes
C:\Users\Baron\Desktop\EE_278_Repo\EE_278\vivado_projects\HLS\EE278_term_proj\lenet_proj\lenet_predict\.autopilot\db\lenet_main.pp.0.cpp:17521:3: warning: Added loop label VITIS_LOOP_2973_4:   [xilinx-label-all-loops]
  for(int j = 11; j >=7; j--) {
  ^~~
  VITIS_LOOP_2973_4: 
C:\Users\Baron\Desktop\EE_278_Repo\EE_278\vivado_projects\HLS\EE278_term_proj\lenet_proj\lenet_predict\.autopilot\db\lenet_main.pp.0.cpp:17521:3: note: FIX-IT applied suggested code changes
C:\Users\Baron\Desktop\EE_278_Repo\EE_278\vivado_projects\HLS\EE278_term_proj\lenet_proj\lenet_predict\.autopilot\db\lenet_main.pp.0.cpp:17553:4: warning: Added loop label VITIS_LOOP_3005_5:   [xilinx-label-all-loops]
   for(int j = 11; j >= I_+5; j--) {
   ^~~
   VITIS_LOOP_3005_5: 
C:\Users\Baron\Desktop\EE_278_Repo\EE_278\vivado_projects\HLS\EE278_term_proj\lenet_proj\lenet_predict\.autopilot\db\lenet_main.pp.0.cpp:17553:4: note: FIX-IT applied suggested code changes
C:\Users\Baron\Desktop\EE_278_Repo\EE_278\vivado_projects\HLS\EE278_term_proj\lenet_proj\lenet_predict\.autopilot\db\lenet_main.pp.0.cpp:17560:5: warning: Added loop label VITIS_LOOP_3012_6:   [xilinx-label-all-loops]
    for(int j = 11; j>= I_+5; j--) {
    ^~~
    VITIS_LOOP_3012_6: 
C:\Users\Baron\Desktop\EE_278_Repo\EE_278\vivado_projects\HLS\EE278_term_proj\lenet_proj\lenet_predict\.autopilot\db\lenet_main.pp.0.cpp:17560:5: note: FIX-IT applied suggested code changes
C:\Users\Baron\Desktop\EE_278_Repo\EE_278\vivado_projects\HLS\EE278_term_proj\lenet_proj\lenet_predict\.autopilot\db\lenet_main.pp.0.cpp:17564:5: warning: Added loop label VITIS_LOOP_3016_7:   [xilinx-label-all-loops]
    for(int j = I_+4; j>=0; j--) {
    ^~~
    VITIS_LOOP_3016_7: 
C:\Users\Baron\Desktop\EE_278_Repo\EE_278\vivado_projects\HLS\EE278_term_proj\lenet_proj\lenet_predict\.autopilot\db\lenet_main.pp.0.cpp:17564:5: note: FIX-IT applied suggested code changes
C:\Users\Baron\Desktop\EE_278_Repo\EE_278\vivado_projects\HLS\EE278_term_proj\lenet_proj\lenet_predict\.autopilot\db\lenet_main.pp.0.cpp:17579:3: warning: Added loop label VITIS_LOOP_3031_8:   [xilinx-label-all-loops]
  for(int j = 25; j>=15; j--) {
  ^~~
  VITIS_LOOP_3031_8: 
C:\Users\Baron\Desktop\EE_278_Repo\EE_278\vivado_projects\HLS\EE278_term_proj\lenet_proj\lenet_predict\.autopilot\db\lenet_main.pp.0.cpp:17579:3: note: FIX-IT applied suggested code changes
C:\Users\Baron\Desktop\EE_278_Repo\EE_278\vivado_projects\HLS\EE278_term_proj\lenet_proj\lenet_predict\.autopilot\db\lenet_main.pp.0.cpp:17629:4: warning: Added loop label VITIS_LOOP_3081_9:   [xilinx-label-all-loops]
   for(int j = 25; j>= I_+12; j--) {
   ^~~
   VITIS_LOOP_3081_9: 
C:\Users\Baron\Desktop\EE_278_Repo\EE_278\vivado_projects\HLS\EE278_term_proj\lenet_proj\lenet_predict\.autopilot\db\lenet_main.pp.0.cpp:17629:4: note: FIX-IT applied suggested code changes
C:\Users\Baron\Desktop\EE_278_Repo\EE_278\vivado_projects\HLS\EE278_term_proj\lenet_proj\lenet_predict\.autopilot\db\lenet_main.pp.0.cpp:17636:5: warning: Added loop label VITIS_LOOP_3088_10:   [xilinx-label-all-loops]
    for(int j = 25; j>=I_+12; j--) {
    ^~~
    VITIS_LOOP_3088_10: 
C:\Users\Baron\Desktop\EE_278_Repo\EE_278\vivado_projects\HLS\EE278_term_proj\lenet_proj\lenet_predict\.autopilot\db\lenet_main.pp.0.cpp:17636:5: note: FIX-IT applied suggested code changes
C:\Users\Baron\Desktop\EE_278_Repo\EE_278\vivado_projects\HLS\EE278_term_proj\lenet_proj\lenet_predict\.autopilot\db\lenet_main.pp.0.cpp:17640:5: warning: Added loop label VITIS_LOOP_3092_11:   [xilinx-label-all-loops]
    for(int j = I_+11; j>=0; j--) {
    ^~~
    VITIS_LOOP_3092_11: 
C:\Users\Baron\Desktop\EE_278_Repo\EE_278\vivado_projects\HLS\EE278_term_proj\lenet_proj\lenet_predict\.autopilot\db\lenet_main.pp.0.cpp:17640:5: note: FIX-IT applied suggested code changes
C:\Users\Baron\Desktop\EE_278_Repo\EE_278\vivado_projects\HLS\EE278_term_proj\lenet_proj\lenet_predict\.autopilot\db\lenet_main.pp.0.cpp:17655:3: warning: Added loop label VITIS_LOOP_3107_12:   [xilinx-label-all-loops]
  for(int j = 51; j >= 29; j--) {
  ^~~
  VITIS_LOOP_3107_12: 
C:\Users\Baron\Desktop\EE_278_Repo\EE_278\vivado_projects\HLS\EE278_term_proj\lenet_proj\lenet_predict\.autopilot\db\lenet_main.pp.0.cpp:17655:3: note: FIX-IT applied suggested code changes
C:\Users\Baron\Desktop\EE_278_Repo\EE_278\vivado_projects\HLS\EE278_term_proj\lenet_proj\lenet_predict\.autopilot\db\lenet_main.pp.0.cpp:17792:4: warning: Added loop label VITIS_LOOP_3244_13:   [xilinx-label-all-loops]
   for(int j = 51; j >= 25 + I_; j--) {
   ^~~
   VITIS_LOOP_3244_13: 
C:\Users\Baron\Desktop\EE_278_Repo\EE_278\vivado_projects\HLS\EE278_term_proj\lenet_proj\lenet_predict\.autopilot\db\lenet_main.pp.0.cpp:17792:4: note: FIX-IT applied suggested code changes
C:\Users\Baron\Desktop\EE_278_Repo\EE_278\vivado_projects\HLS\EE278_term_proj\lenet_proj\lenet_predict\.autopilot\db\lenet_main.pp.0.cpp:17799:5: warning: Added loop label VITIS_LOOP_3251_14:   [xilinx-label-all-loops]
    for(int j = 51; j>=25 + I_; j--) {
    ^~~
    VITIS_LOOP_3251_14: 
C:\Users\Baron\Desktop\EE_278_Repo\EE_278\vivado_projects\HLS\EE278_term_proj\lenet_proj\lenet_predict\.autopilot\db\lenet_main.pp.0.cpp:17799:5: note: FIX-IT applied suggested code changes
C:\Users\Baron\Desktop\EE_278_Repo\EE_278\vivado_projects\HLS\EE278_term_proj\lenet_proj\lenet_predict\.autopilot\db\lenet_main.pp.0.cpp:17803:5: warning: Added loop label VITIS_LOOP_3255_15:   [xilinx-label-all-loops]
    for(int j = 24 + I_; j >= 0; j--) {
    ^~~
    VITIS_LOOP_3255_15: 
C:\Users\Baron\Desktop\EE_278_Repo\EE_278\vivado_projects\HLS\EE278_term_proj\lenet_proj\lenet_predict\.autopilot\db\lenet_main.pp.0.cpp:17803:5: note: FIX-IT applied suggested code changes
C:\Users\Baron\Desktop\EE_278_Repo\EE_278\vivado_projects\HLS\EE278_term_proj\lenet_proj\lenet_predict\.autopilot\db\lenet_main.pp.0.cpp:17818:3: warning: Added loop label VITIS_LOOP_3270_16:   [xilinx-label-all-loops]
  for(int j = 63; j >= 36; j--) {
  ^~~
  VITIS_LOOP_3270_16: 
C:\Users\Baron\Desktop\EE_278_Repo\EE_278\vivado_projects\HLS\EE278_term_proj\lenet_proj\lenet_predict\.autopilot\db\lenet_main.pp.0.cpp:17818:3: note: FIX-IT applied suggested code changes
C:\Users\Baron\Desktop\EE_278_Repo\EE_278\vivado_projects\HLS\EE278_term_proj\lenet_proj\lenet_predict\.autopilot\db\lenet_main.pp.0.cpp:17978:4: warning: Added loop label VITIS_LOOP_3430_17:   [xilinx-label-all-loops]
   for(int j = 63; j >= 31 + I_; j--) {
   ^~~
   VITIS_LOOP_3430_17: 
C:\Users\Baron\Desktop\EE_278_Repo\EE_278\vivado_projects\HLS\EE278_term_proj\lenet_proj\lenet_predict\.autopilot\db\lenet_main.pp.0.cpp:17978:4: note: FIX-IT applied suggested code changes
C:\Users\Baron\Desktop\EE_278_Repo\EE_278\vivado_projects\HLS\EE278_term_proj\lenet_proj\lenet_predict\.autopilot\db\lenet_main.pp.0.cpp:17985:5: warning: Added loop label VITIS_LOOP_3437_18:   [xilinx-label-all-loops]
    for(int j = 63; j >= 31 + I_; j--) {
    ^~~
    VITIS_LOOP_3437_18: 
C:\Users\Baron\Desktop\EE_278_Repo\EE_278\vivado_projects\HLS\EE278_term_proj\lenet_proj\lenet_predict\.autopilot\db\lenet_main.pp.0.cpp:17985:5: note: FIX-IT applied suggested code changes
C:\Users\Baron\Desktop\EE_278_Repo\EE_278\vivado_projects\HLS\EE278_term_proj\lenet_proj\lenet_predict\.autopilot\db\lenet_main.pp.0.cpp:17989:5: warning: Added loop label VITIS_LOOP_3441_19:   [xilinx-label-all-loops]
    for(int j = 30 + I_; j >= 0; j--) {
    ^~~
    VITIS_LOOP_3441_19: 
C:\Users\Baron\Desktop\EE_278_Repo\EE_278\vivado_projects\HLS\EE278_term_proj\lenet_proj\lenet_predict\.autopilot\db\lenet_main.pp.0.cpp:17989:5: note: FIX-IT applied suggested code changes
C:\Users\Baron\Desktop\EE_278_Repo\EE_278\vivado_projects\HLS\EE278_term_proj\lenet_proj\lenet_predict\.autopilot\db\lenet_main.pp.0.cpp:18704:13: warning: Added loop label VITIS_LOOP_729_1:   [xilinx-label-all-loops]
            for (b_exp = I_-1; b_exp >= -F_; b_exp--) {
            ^~~
            VITIS_LOOP_729_1: 
C:\Users\Baron\Desktop\EE_278_Repo\EE_278\vivado_projects\HLS\EE278_term_proj\lenet_proj\lenet_predict\.autopilot\db\lenet_main.pp.0.cpp:18704:13: note: FIX-IT applied suggested code changes
C:\Users\Baron\Desktop\EE_278_Repo\EE_278\vivado_projects\HLS\EE278_term_proj\lenet_proj\lenet_predict\.autopilot\db\lenet_main.pp.0.cpp:18922:13: warning: Added loop label VITIS_LOOP_947_1:   [xilinx-label-all-loops]
            for (b_exp = I_-1; b_exp >= -F_; b_exp--) {
            ^~~
            VITIS_LOOP_947_1: 
C:\Users\Baron\Desktop\EE_278_Repo\EE_278\vivado_projects\HLS\EE278_term_proj\lenet_proj\lenet_predict\.autopilot\db\lenet_main.pp.0.cpp:18922:13: note: FIX-IT applied suggested code changes
C:\Users\Baron\Desktop\EE_278_Repo\EE_278\vivado_projects\HLS\EE278_term_proj\lenet_proj\lenet_predict\.autopilot\db\lenet_main.pp.0.cpp:19339:13: warning: Added loop label VITIS_LOOP_1371_1:   [xilinx-label-all-loops]
            for (b_exp = I_-1; b_exp >= -F_; b_exp--) {
            ^~~
            VITIS_LOOP_1371_1: 
C:\Users\Baron\Desktop\EE_278_Repo\EE_278\vivado_projects\HLS\EE278_term_proj\lenet_proj\lenet_predict\.autopilot\db\lenet_main.pp.0.cpp:19339:13: note: FIX-IT applied suggested code changes
C:\Users\Baron\Desktop\EE_278_Repo\EE_278\vivado_projects\HLS\EE278_term_proj\lenet_proj\lenet_predict\.autopilot\db\lenet_main.pp.0.cpp:19653:9: warning: Added loop label VITIS_LOOP_266_1:   [xilinx-label-all-loops]
        for ( int pos = msbr-1; pos >= 0; pos-- ) {
        ^~~
        VITIS_LOOP_266_1: 
C:\Users\Baron\Desktop\EE_278_Repo\EE_278\vivado_projects\HLS\EE278_term_proj\lenet_proj\lenet_predict\.autopilot\db\lenet_main.pp.0.cpp:19653:9: note: FIX-IT applied suggested code changes
C:\Users\Baron\Desktop\EE_278_Repo\EE_278\vivado_projects\HLS\EE278_term_proj\lenet_proj\lenet_predict\.autopilot\db\lenet_main.pp.0.cpp:19681:9: warning: Added loop label VITIS_LOOP_294_2:   [xilinx-label-all-loops]
        for ( int pos = -1; pos >= -F_-1; pos-- ) {
        ^~~
        VITIS_LOOP_294_2: 
C:\Users\Baron\Desktop\EE_278_Repo\EE_278\vivado_projects\HLS\EE278_term_proj\lenet_proj\lenet_predict\.autopilot\db\lenet_main.pp.0.cpp:19681:9: note: FIX-IT applied suggested code changes
C:\Users\Baron\Desktop\EE_278_Repo\EE_278\vivado_projects\HLS\EE278_term_proj\lenet_proj\lenet_predict\.autopilot\db\lenet_main.pp.0.cpp:20376:13: warning: Added loop label VITIS_LOOP_74_1:   [xilinx-label-all-loops]
            for (int j = 0; j < W_-1; j++){
            ^~~
            VITIS_LOOP_74_1: 
C:\Users\Baron\Desktop\EE_278_Repo\EE_278\vivado_projects\HLS\EE278_term_proj\lenet_proj\lenet_predict\.autopilot\db\lenet_main.pp.0.cpp:20376:13: note: FIX-IT applied suggested code changes
C:\Users\Baron\Desktop\EE_278_Repo\EE_278\vivado_projects\HLS\EE278_term_proj\lenet_proj\lenet_predict\.autopilot\db\lenet_main.pp.0.cpp:20429:5: warning: Added loop label VITIS_LOOP_135_2:   [xilinx-label-all-loops]
    for (int j = F_l+F_+I_m-1; j < F_l+W_+5; j++){
    ^~~
    VITIS_LOOP_135_2: 
C:\Users\Baron\Desktop\EE_278_Repo\EE_278\vivado_projects\HLS\EE278_term_proj\lenet_proj\lenet_predict\.autopilot\db\lenet_main.pp.0.cpp:20429:5: note: FIX-IT applied suggested code changes
C:\Users\Baron\Desktop\EE_278_Repo\EE_278\vivado_projects\HLS\EE278_term_proj\lenet_proj\lenet_predict\.autopilot\db\lenet_main.pp.0.cpp:20443:13: warning: Added loop label VITIS_LOOP_149_3:   [xilinx-label-all-loops]
            for (int j = WO_m-1; j >= W_-1; j--) {
            ^~~
            VITIS_LOOP_149_3: 
C:\Users\Baron\Desktop\EE_278_Repo\EE_278\vivado_projects\HLS\EE278_term_proj\lenet_proj\lenet_predict\.autopilot\db\lenet_main.pp.0.cpp:20443:13: note: FIX-IT applied suggested code changes
C:\Users\Baron\Desktop\EE_278_Repo\EE_278\vivado_projects\HLS\EE278_term_proj\lenet_proj\lenet_predict\.autopilot\db\lenet_main.pp.0.cpp:20473:13: warning: Added loop label VITIS_LOOP_179_4:   [xilinx-label-all-loops]
            for (int j = W_-2; j >= 0; j--){
            ^~~
            VITIS_LOOP_179_4: 
C:\Users\Baron\Desktop\EE_278_Repo\EE_278\vivado_projects\HLS\EE278_term_proj\lenet_proj\lenet_predict\.autopilot\db\lenet_main.pp.0.cpp:20473:13: note: FIX-IT applied suggested code changes
C:\Users\Baron\Desktop\EE_278_Repo\EE_278\vivado_projects\HLS\EE278_term_proj\lenet_proj\lenet_predict\.autopilot\db\lenet_main.pp.0.cpp:20558:12: warning: Added loop label VITIS_LOOP_307_1:   [xilinx-label-all-loops]
           for(int i = wf_log+we_log-2; i > WI_e - 2; --i) {
           ^~~
           VITIS_LOOP_307_1: 
C:\Users\Baron\Desktop\EE_278_Repo\EE_278\vivado_projects\HLS\EE278_term_proj\lenet_proj\lenet_predict\.autopilot\db\lenet_main.pp.0.cpp:20558:12: note: FIX-IT applied suggested code changes
C:\Users\Baron\Desktop\EE_278_Repo\EE_278\vivado_projects\HLS\EE278_term_proj\lenet_proj\lenet_predict\.autopilot\db\lenet_main.pp.0.cpp:20578:16: warning: Added loop label VITIS_LOOP_327_2:   [xilinx-label-all-loops]
               for (int j = WO_e-1; j >= W_-1; j--) {
               ^~~
               VITIS_LOOP_327_2: 
C:\Users\Baron\Desktop\EE_278_Repo\EE_278\vivado_projects\HLS\EE278_term_proj\lenet_proj\lenet_predict\.autopilot\db\lenet_main.pp.0.cpp:20578:16: note: FIX-IT applied suggested code changes
C:\Users\Baron\Desktop\EE_278_Repo\EE_278\vivado_projects\HLS\EE278_term_proj\lenet_proj\lenet_predict\.autopilot\db\lenet_main.pp.0.cpp:20592:20: warning: Added loop label VITIS_LOOP_341_3:   [xilinx-label-all-loops]
                   for(int i = 0; i < W_-1; ++i) {
                   ^~~
                   VITIS_LOOP_341_3: 
C:\Users\Baron\Desktop\EE_278_Repo\EE_278\vivado_projects\HLS\EE278_term_proj\lenet_proj\lenet_predict\.autopilot\db\lenet_main.pp.0.cpp:20592:20: note: FIX-IT applied suggested code changes
C:\Users\Baron\Desktop\EE_278_Repo\EE_278\vivado_projects\HLS\EE278_term_proj\lenet_proj\lenet_predict\.autopilot\db\lenet_main.pp.0.cpp:20685:12: warning: Added loop label VITIS_LOOP_459_1:   [xilinx-label-all-loops]
           for (int j =WO_d-1; j >= W_-1; j--) {
           ^~~
           VITIS_LOOP_459_1: 
C:\Users\Baron\Desktop\EE_278_Repo\EE_278\vivado_projects\HLS\EE278_term_proj\lenet_proj\lenet_predict\.autopilot\db\lenet_main.pp.0.cpp:20685:12: note: FIX-IT applied suggested code changes
C:\Users\Baron\Desktop\EE_278_Repo\EE_278\vivado_projects\HLS\EE278_term_proj\lenet_proj\lenet_predict\.autopilot\db\lenet_main.pp.0.cpp:20699:15: warning: Added loop label VITIS_LOOP_473_2:   [xilinx-label-all-loops]
              for(int i = 0; i < W_-1; ++i) {
              ^~~
              VITIS_LOOP_473_2: 
C:\Users\Baron\Desktop\EE_278_Repo\EE_278\vivado_projects\HLS\EE278_term_proj\lenet_proj\lenet_predict\.autopilot\db\lenet_main.pp.0.cpp:20699:15: note: FIX-IT applied suggested code changes
C:\Users\Baron\Desktop\EE_278_Repo\EE_278\vivado_projects\HLS\EE278_term_proj\lenet_proj\lenet_predict\.autopilot\db\lenet_main.pp.0.cpp:20812:13: warning: Added loop label VITIS_LOOP_59_1:   [xilinx-label-all-loops]
            for (int i = 0; i < W_-1; i++){
            ^~~
            VITIS_LOOP_59_1: 
C:\Users\Baron\Desktop\EE_278_Repo\EE_278\vivado_projects\HLS\EE278_term_proj\lenet_proj\lenet_predict\.autopilot\db\lenet_main.pp.0.cpp:20812:13: note: FIX-IT applied suggested code changes
C:\Users\Baron\Desktop\EE_278_Repo\EE_278\vivado_projects\HLS\EE278_term_proj\lenet_proj\lenet_predict\.autopilot\db\lenet_main.pp.0.cpp:20936:13: warning: Added loop label VITIS_LOOP_209_1:   [xilinx-label-all-loops]
            for (int i = 0; i < W_-1; i++){
            ^~~
            VITIS_LOOP_209_1: 
C:\Users\Baron\Desktop\EE_278_Repo\EE_278\vivado_projects\HLS\EE278_term_proj\lenet_proj\lenet_predict\.autopilot\db\lenet_main.pp.0.cpp:20936:13: note: FIX-IT applied suggested code changes
C:\Users\Baron\Desktop\EE_278_Repo\EE_278\vivado_projects\HLS\EE278_term_proj\lenet_proj\lenet_predict\.autopilot\db\lenet_main.pp.0.cpp:20991:13: warning: Added loop label VITIS_LOOP_274_1:   [xilinx-label-all-loops]
            for (int i = 0; i < W_-1; i++){
            ^~~
            VITIS_LOOP_274_1: 
C:\Users\Baron\Desktop\EE_278_Repo\EE_278\vivado_projects\HLS\EE278_term_proj\lenet_proj\lenet_predict\.autopilot\db\lenet_main.pp.0.cpp:20991:13: note: FIX-IT applied suggested code changes
C:\Users\Baron\Desktop\EE_278_Repo\EE_278\vivado_projects\HLS\EE278_term_proj\lenet_proj\lenet_predict\.autopilot\db\lenet_main.pp.0.cpp:21496:2: warning: Added loop label VITIS_LOOP_42_1:   [xilinx-label-all-loops]
 for (int i=0; i<W_;i++)
 ^~~
 VITIS_LOOP_42_1: 
C:\Users\Baron\Desktop\EE_278_Repo\EE_278\vivado_projects\HLS\EE278_term_proj\lenet_proj\lenet_predict\.autopilot\db\lenet_main.pp.0.cpp:21496:2: note: FIX-IT applied suggested code changes
C:\Users\Baron\Desktop\EE_278_Repo\EE_278\vivado_projects\HLS\EE278_term_proj\lenet_proj\lenet_predict\.autopilot\db\lenet_main.pp.0.cpp:21507:2: warning: Added loop label VITIS_LOOP_53_1:   [xilinx-label-all-loops]
 for (int i=0; i<W_;i++)
 ^~~
 VITIS_LOOP_53_1: 
C:\Users\Baron\Desktop\EE_278_Repo\EE_278\vivado_projects\HLS\EE278_term_proj\lenet_proj\lenet_predict\.autopilot\db\lenet_main.pp.0.cpp:21507:2: note: FIX-IT applied suggested code changes
C:\Users\Baron\Desktop\EE_278_Repo\EE_278\vivado_projects\HLS\EE278_term_proj\lenet_proj\lenet_predict\.autopilot\db\lenet_main.pp.0.cpp:21518:2: warning: Added loop label VITIS_LOOP_64_1:   [xilinx-label-all-loops]
 for (int i=0; i<I_;i++)
 ^~~
 VITIS_LOOP_64_1: 
C:\Users\Baron\Desktop\EE_278_Repo\EE_278\vivado_projects\HLS\EE278_term_proj\lenet_proj\lenet_predict\.autopilot\db\lenet_main.pp.0.cpp:21518:2: note: FIX-IT applied suggested code changes
C:\Users\Baron\Desktop\EE_278_Repo\EE_278\vivado_projects\HLS\EE278_term_proj\lenet_proj\lenet_predict\.autopilot\db\lenet_main.pp.0.cpp:21529:2: warning: Added loop label VITIS_LOOP_75_1:   [xilinx-label-all-loops]
 for (int i=0; i<I_;i++)
 ^~~
 VITIS_LOOP_75_1: 
C:\Users\Baron\Desktop\EE_278_Repo\EE_278\vivado_projects\HLS\EE278_term_proj\lenet_proj\lenet_predict\.autopilot\db\lenet_main.pp.0.cpp:21529:2: note: FIX-IT applied suggested code changes
C:\Users\Baron\Desktop\EE_278_Repo\EE_278\vivado_projects\HLS\EE278_term_proj\lenet_proj\lenet_predict\.autopilot\db\lenet_main.pp.0.cpp:21540:2: warning: Added loop label VITIS_LOOP_86_1:   [xilinx-label-all-loops]
 for (int i=0; i<W_;i++)
 ^~~
 VITIS_LOOP_86_1: 
C:\Users\Baron\Desktop\EE_278_Repo\EE_278\vivado_projects\HLS\EE278_term_proj\lenet_proj\lenet_predict\.autopilot\db\lenet_main.pp.0.cpp:21540:2: note: FIX-IT applied suggested code changes
C:\Users\Baron\Desktop\EE_278_Repo\EE_278\vivado_projects\HLS\EE278_term_proj\lenet_proj\lenet_predict\.autopilot\db\lenet_main.pp.0.cpp:21551:2: warning: Added loop label VITIS_LOOP_97_1:   [xilinx-label-all-loops]
 for (int i=0; i<W_;i++)
 ^~~
 VITIS_LOOP_97_1: 
C:\Users\Baron\Desktop\EE_278_Repo\EE_278\vivado_projects\HLS\EE278_term_proj\lenet_proj\lenet_predict\.autopilot\db\lenet_main.pp.0.cpp:21551:2: note: FIX-IT applied suggested code changes
C:\Users\Baron\Desktop\EE_278_Repo\EE_278\vivado_projects\HLS\EE278_term_proj\lenet_proj\lenet_predict\.autopilot\db\lenet_main.pp.0.cpp:21562:2: warning: Added loop label VITIS_LOOP_108_1:   [xilinx-label-all-loops]
 for (int i=0; i<I_;i++)
 ^~~
 VITIS_LOOP_108_1: 
C:\Users\Baron\Desktop\EE_278_Repo\EE_278\vivado_projects\HLS\EE278_term_proj\lenet_proj\lenet_predict\.autopilot\db\lenet_main.pp.0.cpp:21562:2: note: FIX-IT applied suggested code changes
C:\Users\Baron\Desktop\EE_278_Repo\EE_278\vivado_projects\HLS\EE278_term_proj\lenet_proj\lenet_predict\.autopilot\db\lenet_main.pp.0.cpp:21573:2: warning: Added loop label VITIS_LOOP_119_1:   [xilinx-label-all-loops]
 for (int i=0; i<I_;i++)
 ^~~
 VITIS_LOOP_119_1: 
C:\Users\Baron\Desktop\EE_278_Repo\EE_278\vivado_projects\HLS\EE278_term_proj\lenet_proj\lenet_predict\.autopilot\db\lenet_main.pp.0.cpp:21573:2: note: FIX-IT applied suggested code changes
C:\Users\Baron\Desktop\EE_278_Repo\EE_278\vivado_projects\HLS\EE278_term_proj\lenet_proj\lenet_predict\.autopilot\db\lenet_main.pp.0.cpp:23874:12: warning: Added loop label VITIS_LOOP_23_1:   [xilinx-label-all-loops]
           for(int i = 0; i < W_-1; ++i) {
           ^~~
           VITIS_LOOP_23_1: 
C:\Users\Baron\Desktop\EE_278_Repo\EE_278\vivado_projects\HLS\EE278_term_proj\lenet_proj\lenet_predict\.autopilot\db\lenet_main.pp.0.cpp:23874:12: note: FIX-IT applied suggested code changes
C:\Users\Baron\Desktop\EE_278_Repo\EE_278\vivado_projects\HLS\EE278_term_proj\lenet_proj\lenet_predict\.autopilot\db\lenet_main.pp.0.cpp:23938:7: warning: Added loop label VITIS_LOOP_66_1:   [xilinx-label-all-loops]
      for(int pos = msbr - 1 ; pos >= -F-1; pos--) {
      ^~~
      VITIS_LOOP_66_1: 
C:\Users\Baron\Desktop\EE_278_Repo\EE_278\vivado_projects\HLS\EE278_term_proj\lenet_proj\lenet_predict\.autopilot\db\lenet_main.pp.0.cpp:23938:7: note: FIX-IT applied suggested code changes
C:\Users\Baron\Desktop\EE_278_Repo\EE_278\vivado_projects\HLS\EE278_term_proj\lenet_proj\lenet_predict\.autopilot\db\lenet_main.pp.0.cpp:24055:9: warning: Added loop label VITIS_LOOP_75_1:   [xilinx-label-all-loops]
        for(int pos = msbr - 1; pos >= 0; pos--) {
        ^~~
        VITIS_LOOP_75_1: 
C:\Users\Baron\Desktop\EE_278_Repo\EE_278\vivado_projects\HLS\EE278_term_proj\lenet_proj\lenet_predict\.autopilot\db\lenet_main.pp.0.cpp:24055:9: note: FIX-IT applied suggested code changes
C:\Users\Baron\Desktop\EE_278_Repo\EE_278\vivado_projects\HLS\EE278_term_proj\lenet_proj\lenet_predict\.autopilot\db\lenet_main.pp.0.cpp:24080:5: warning: Added loop label VITIS_LOOP_107_2:   [xilinx-label-all-loops]
    for(int pos = -1; pos >= -F-1; pos--) {
    ^~~
    VITIS_LOOP_107_2: 
C:\Users\Baron\Desktop\EE_278_Repo\EE_278\vivado_projects\HLS\EE278_term_proj\lenet_proj\lenet_predict\.autopilot\db\lenet_main.pp.0.cpp:24080:5: note: FIX-IT applied suggested code changes
C:\Users\Baron\Desktop\EE_278_Repo\EE_278\vivado_projects\HLS\EE278_term_proj\lenet_proj\lenet_predict\.autopilot\db\lenet_main.pp.0.cpp:24150:8: warning: Added loop label VITIS_LOOP_195_3:   [xilinx-label-all-loops]
       for(int i = 0; i < W - 1; ++i) {
       ^~~
       VITIS_LOOP_195_3: 
C:\Users\Baron\Desktop\EE_278_Repo\EE_278\vivado_projects\HLS\EE278_term_proj\lenet_proj\lenet_predict\.autopilot\db\lenet_main.pp.0.cpp:24150:8: note: FIX-IT applied suggested code changes
C:\Users\Baron\Desktop\EE_278_Repo\EE_278\vivado_projects\HLS\EE278_term_proj\lenet_proj\lenet_predict\.autopilot\db\lenet_main.pp.0.cpp:26471:5: warning: Added loop label VITIS_LOOP_56_1:   [xilinx-label-all-loops]
    for (int i = 1; i < 10; i++) {
    ^~~
    VITIS_LOOP_56_1: 
C:\Users\Baron\Desktop\EE_278_Repo\EE_278\vivado_projects\HLS\EE278_term_proj\lenet_proj\lenet_predict\.autopilot\db\lenet_main.pp.0.cpp:26471:5: note: FIX-IT applied suggested code changes
