

================================================================
== Vitis HLS Report for 'lenet_predict_Pipeline_VITIS_LOOP_12_1'
================================================================
* Date:           Thu Nov 21 22:03:08 2024

* Version:        2023.1 (Build 3854077 on May  4 2023)
* Project:        lenet_proj
* Solution:       lenet_predict (Vivado IP Flow Target)
* Product family: zynquplus
* Target device:  xczu7ev-ffvf1517-3-e


================================================================
== Performance Estimates
================================================================
+ Timing: 
    * Summary: 
    +--------+----------+----------+------------+
    |  Clock |  Target  | Estimated| Uncertainty|
    +--------+----------+----------+------------+
    |ap_clk  |  10.00 ns|  3.644 ns|     2.70 ns|
    +--------+----------+----------+------------+

+ Latency: 
    * Summary: 
    +---------+---------+----------+----------+-----+-----+---------+
    |  Latency (cycles) |  Latency (absolute) |  Interval | Pipeline|
    |   min   |   max   |    min   |    max   | min | max |   Type  |
    +---------+---------+----------+----------+-----+-----+---------+
    |       12|       12|  0.120 us|  0.120 us|   12|   12|       no|
    +---------+---------+----------+----------+-----+-----+---------+

    + Detail: 
        * Instance: 
        N/A

        * Loop: 
        +-------------------+---------+---------+----------+-----------+-----------+------+----------+
        |                   |  Latency (cycles) | Iteration|  Initiation Interval  | Trip |          |
        |     Loop Name     |   min   |   max   |  Latency |  achieved |   target  | Count| Pipelined|
        +-------------------+---------+---------+----------+-----------+-----------+------+----------+
        |- VITIS_LOOP_12_1  |       10|       10|         3|          1|          1|     9|       yes|
        +-------------------+---------+---------+----------+-----------+-----------+------+----------+

============================================================
+ Verbose Summary: Synthesis Manager
============================================================
InlineROM: 1
ExposeGlobal: 0
============================================================
+ Verbose Summary: CDFG Model
============================================================
IsTopModel: 0
ResetActiveHigh: 1
IsCombinational: 0
IsDatapathOnly: 0
HasWiredReturn: 1
HasMFsm: 2
HasVarLatency: 1
IsPipeline: 0
IsRtlPipelined: 0
IsInstanceOverlapped: 0
IsDontTouch: 0
HasImplIP: 0
IsGatedGlobalClock: 0

+ Individual pipeline summary: 
  * Pipeline-0: initiation interval (II) = 1, depth = 3


============================================================
+ Verbose Summary: Schedule
============================================================
* Number of FSM states : 3
* Pipeline : 1
  Pipeline-0 : II = 1, D = 3, States = { 1 2 3 }
* Dataflow Pipeline: 0

* FSM state transitions: 
1 --> 2 
2 --> 3 
3 --> 

* FSM state operations: 

State 1 <SV = 0> <Delay = 1.12>
ST_1 : Operation 6 [1/1] (0.00ns)   --->   "%max_1 = alloca i32 1"   --->   Operation 6 'alloca' 'max_1' <Predicate = true> <Delay = 0.00>
ST_1 : Operation 7 [1/1] (0.00ns)   --->   "%i_2 = alloca i32 1"   --->   Operation 7 'alloca' 'i_2' <Predicate = true> <Delay = 0.00>
ST_1 : Operation 8 [1/1] (0.00ns)   --->   "%max_read = read i32 @_ssdm_op_Read.ap_auto.float, i32 %max"   --->   Operation 8 'read' 'max_read' <Predicate = true> <Delay = 0.00>
ST_1 : Operation 9 [1/1] (0.40ns)   --->   "%store_ln0 = store i4 1, i4 %i_2"   --->   Operation 9 'store' 'store_ln0' <Predicate = true> <Delay = 0.40>
ST_1 : Operation 10 [1/1] (0.40ns)   --->   "%store_ln0 = store i32 %max_read, i32 %max_1"   --->   Operation 10 'store' 'store_ln0' <Predicate = true> <Delay = 0.40>
ST_1 : Operation 11 [1/1] (0.00ns)   --->   "%br_ln0 = br void %for.body.i"   --->   Operation 11 'br' 'br_ln0' <Predicate = true> <Delay = 0.00>
ST_1 : Operation 12 [1/1] (0.00ns)   --->   "%i = load i4 %i_2" [lenet_support.cpp:12->lenet_main.cpp:47]   --->   Operation 12 'load' 'i' <Predicate = true> <Delay = 0.00>
ST_1 : Operation 13 [1/1] (0.00ns)   --->   "%specpipeline_ln0 = specpipeline void @_ssdm_op_SpecPipeline, i32 4294967295, i32 0, i32 1, i32 0, void @p_str"   --->   Operation 13 'specpipeline' 'specpipeline_ln0' <Predicate = true> <Delay = 0.00>
ST_1 : Operation 14 [1/1] (0.72ns)   --->   "%icmp_ln12 = icmp_eq  i4 %i, i4 10" [lenet_support.cpp:12->lenet_main.cpp:47]   --->   Operation 14 'icmp' 'icmp_ln12' <Predicate = true> <Delay = 0.72> <CoreInst = "Cmp">   --->   Core 9 'Cmp' <Latency = 0> <II = 1> <Delay = 0.72> <FuncUnit> <Opcode : 'icmp'> <InPorts = 2> <OutPorts = 1>
ST_1 : Operation 15 [1/1] (0.00ns)   --->   "%br_ln12 = br i1 %icmp_ln12, void %for.body.i.split, void %for.inc16.i.preheader.exitStub" [lenet_support.cpp:12->lenet_main.cpp:47]   --->   Operation 15 'br' 'br_ln12' <Predicate = true> <Delay = 0.00>
ST_1 : Operation 16 [1/1] (0.00ns)   --->   "%i_2_cast = zext i4 %i" [lenet_support.cpp:12->lenet_main.cpp:47]   --->   Operation 16 'zext' 'i_2_cast' <Predicate = (!icmp_ln12)> <Delay = 0.00>
ST_1 : Operation 17 [1/1] (0.00ns)   --->   "%fc3_output_addr = getelementptr i32 %fc3_output, i64 0, i64 %i_2_cast" [lenet_support.cpp:13->lenet_main.cpp:47]   --->   Operation 17 'getelementptr' 'fc3_output_addr' <Predicate = (!icmp_ln12)> <Delay = 0.00>
ST_1 : Operation 18 [2/2] (0.61ns)   --->   "%max_2 = load i4 %fc3_output_addr" [lenet_support.cpp:13->lenet_main.cpp:47]   --->   Operation 18 'load' 'max_2' <Predicate = (!icmp_ln12)> <Delay = 0.61> <CoreInst = "RAM">   --->   Core 83 'RAM' <Latency = 1> <II = 1> <Delay = 0.61> <Storage> <Opcode : 'load' 'store'> <Ports = 2> <Width = 32> <Depth = 10> <RAM>
ST_1 : Operation 19 [1/1] (0.72ns)   --->   "%add_ln12 = add i4 %i, i4 1" [lenet_support.cpp:12->lenet_main.cpp:47]   --->   Operation 19 'add' 'add_ln12' <Predicate = (!icmp_ln12)> <Delay = 0.72> <CoreInst = "Adder">   --->   Core 1 'Adder' <Latency = 0> <II = 1> <Delay = 0.72> <FuncUnit> <Opcode : 'add' 'sub'> <InPorts = 2> <OutPorts = 1>
ST_1 : Operation 20 [1/1] (0.40ns)   --->   "%store_ln12 = store i4 %add_ln12, i4 %i_2" [lenet_support.cpp:12->lenet_main.cpp:47]   --->   Operation 20 'store' 'store_ln12' <Predicate = (!icmp_ln12)> <Delay = 0.40>

State 2 <SV = 1> <Delay = 3.18>
ST_2 : Operation 21 [1/1] (0.00ns)   --->   "%max_1_load_1 = load i32 %max_1" [lenet_support.cpp:13->lenet_main.cpp:47]   --->   Operation 21 'load' 'max_1_load_1' <Predicate = true> <Delay = 0.00>
ST_2 : Operation 22 [1/2] (0.61ns)   --->   "%max_2 = load i4 %fc3_output_addr" [lenet_support.cpp:13->lenet_main.cpp:47]   --->   Operation 22 'load' 'max_2' <Predicate = true> <Delay = 0.61> <CoreInst = "RAM">   --->   Core 83 'RAM' <Latency = 1> <II = 1> <Delay = 0.61> <Storage> <Opcode : 'load' 'store'> <Ports = 2> <Width = 32> <Depth = 10> <RAM>
ST_2 : [1/1] (0.71ns)   --->   Input mux for Operation 23 '%tmp_16 = fcmp_ogt  i32 %max_2, i32 %max_1_load_1'
ST_2 : Operation 23 [2/2] (1.85ns)   --->   "%tmp_16 = fcmp_ogt  i32 %max_2, i32 %max_1_load_1" [lenet_support.cpp:13->lenet_main.cpp:47]   --->   Operation 23 'fcmp' 'tmp_16' <Predicate = true> <Delay = 1.85> <CoreInst = "FCompare">   --->   Core 19 'FCompare' <Latency = 1> <II = 1> <Delay = 2.57> <FuncUnit> <Opcode : 'fcmp'> <InPorts = 2> <OutPorts = 1>
ST_2 : Operation 44 [1/1] (0.00ns)   --->   "%max_1_load = load i32 %max_1"   --->   Operation 44 'load' 'max_1_load' <Predicate = (icmp_ln12)> <Delay = 0.00>
ST_2 : Operation 45 [1/1] (0.00ns)   --->   "%write_ln0 = write void @_ssdm_op_Write.ap_auto.floatP0A, i32 %max_1_out, i32 %max_1_load"   --->   Operation 45 'write' 'write_ln0' <Predicate = (icmp_ln12)> <Delay = 0.00>
ST_2 : Operation 46 [1/1] (0.00ns)   --->   "%ret_ln0 = ret"   --->   Operation 46 'ret' 'ret_ln0' <Predicate = (icmp_ln12)> <Delay = 0.00>

State 3 <SV = 2> <Delay = 3.64>
ST_3 : Operation 24 [1/1] (0.00ns)   --->   "%speclooptripcount_ln12 = speclooptripcount void @_ssdm_op_SpecLoopTripCount, i64 9, i64 9, i64 9" [lenet_support.cpp:12->lenet_main.cpp:47]   --->   Operation 24 'speclooptripcount' 'speclooptripcount_ln12' <Predicate = true> <Delay = 0.00>
ST_3 : Operation 25 [1/1] (0.00ns)   --->   "%specloopname_ln12 = specloopname void @_ssdm_op_SpecLoopName, void @empty_13" [lenet_support.cpp:12->lenet_main.cpp:47]   --->   Operation 25 'specloopname' 'specloopname_ln12' <Predicate = true> <Delay = 0.00>
ST_3 : Operation 26 [1/1] (0.00ns)   --->   "%bitcast_ln13 = bitcast i32 %max_2" [lenet_support.cpp:13->lenet_main.cpp:47]   --->   Operation 26 'bitcast' 'bitcast_ln13' <Predicate = true> <Delay = 0.00>
ST_3 : Operation 27 [1/1] (0.00ns)   --->   "%tmp_s = partselect i8 @_ssdm_op_PartSelect.i8.i32.i32.i32, i32 %bitcast_ln13, i32 23, i32 30" [lenet_support.cpp:13->lenet_main.cpp:47]   --->   Operation 27 'partselect' 'tmp_s' <Predicate = true> <Delay = 0.00>
ST_3 : Operation 28 [1/1] (0.00ns)   --->   "%trunc_ln13 = trunc i32 %bitcast_ln13" [lenet_support.cpp:13->lenet_main.cpp:47]   --->   Operation 28 'trunc' 'trunc_ln13' <Predicate = true> <Delay = 0.00>
ST_3 : Operation 29 [1/1] (0.00ns)   --->   "%bitcast_ln13_1 = bitcast i32 %max_1_load_1" [lenet_support.cpp:13->lenet_main.cpp:47]   --->   Operation 29 'bitcast' 'bitcast_ln13_1' <Predicate = true> <Delay = 0.00>
ST_3 : Operation 30 [1/1] (0.00ns)   --->   "%tmp_15 = partselect i8 @_ssdm_op_PartSelect.i8.i32.i32.i32, i32 %bitcast_ln13_1, i32 23, i32 30" [lenet_support.cpp:13->lenet_main.cpp:47]   --->   Operation 30 'partselect' 'tmp_15' <Predicate = true> <Delay = 0.00>
ST_3 : Operation 31 [1/1] (0.00ns)   --->   "%trunc_ln13_1 = trunc i32 %bitcast_ln13_1" [lenet_support.cpp:13->lenet_main.cpp:47]   --->   Operation 31 'trunc' 'trunc_ln13_1' <Predicate = true> <Delay = 0.00>
ST_3 : Operation 32 [1/1] (0.70ns)   --->   "%icmp_ln13 = icmp_ne  i8 %tmp_s, i8 255" [lenet_support.cpp:13->lenet_main.cpp:47]   --->   Operation 32 'icmp' 'icmp_ln13' <Predicate = true> <Delay = 0.70> <CoreInst = "Cmp">   --->   Core 9 'Cmp' <Latency = 0> <II = 1> <Delay = 0.70> <FuncUnit> <Opcode : 'icmp'> <InPorts = 2> <OutPorts = 1>
ST_3 : Operation 33 [1/1] (0.88ns)   --->   "%icmp_ln13_1 = icmp_eq  i23 %trunc_ln13, i23 0" [lenet_support.cpp:13->lenet_main.cpp:47]   --->   Operation 33 'icmp' 'icmp_ln13_1' <Predicate = true> <Delay = 0.88> <CoreInst = "Cmp">   --->   Core 9 'Cmp' <Latency = 0> <II = 1> <Delay = 0.88> <FuncUnit> <Opcode : 'icmp'> <InPorts = 2> <OutPorts = 1>
ST_3 : Operation 34 [1/1] (0.00ns) (grouped into LUT with out node and_ln13_1)   --->   "%or_ln13 = or i1 %icmp_ln13_1, i1 %icmp_ln13" [lenet_support.cpp:13->lenet_main.cpp:47]   --->   Operation 34 'or' 'or_ln13' <Predicate = true> <Delay = 0.00> <CoreInst = "LogicGate">   --->   Core 74 'LogicGate' <Latency = 0> <II = 1> <Delay = 0.25> <FuncUnit> <Opcode : 'and' 'or' 'xor'> <InPorts = 2> <OutPorts = 1>
ST_3 : Operation 35 [1/1] (0.70ns)   --->   "%icmp_ln13_2 = icmp_ne  i8 %tmp_15, i8 255" [lenet_support.cpp:13->lenet_main.cpp:47]   --->   Operation 35 'icmp' 'icmp_ln13_2' <Predicate = true> <Delay = 0.70> <CoreInst = "Cmp">   --->   Core 9 'Cmp' <Latency = 0> <II = 1> <Delay = 0.70> <FuncUnit> <Opcode : 'icmp'> <InPorts = 2> <OutPorts = 1>
ST_3 : Operation 36 [1/1] (0.88ns)   --->   "%icmp_ln13_3 = icmp_eq  i23 %trunc_ln13_1, i23 0" [lenet_support.cpp:13->lenet_main.cpp:47]   --->   Operation 36 'icmp' 'icmp_ln13_3' <Predicate = true> <Delay = 0.88> <CoreInst = "Cmp">   --->   Core 9 'Cmp' <Latency = 0> <II = 1> <Delay = 0.88> <FuncUnit> <Opcode : 'icmp'> <InPorts = 2> <OutPorts = 1>
ST_3 : Operation 37 [1/1] (0.00ns) (grouped into LUT with out node and_ln13_1)   --->   "%or_ln13_1 = or i1 %icmp_ln13_3, i1 %icmp_ln13_2" [lenet_support.cpp:13->lenet_main.cpp:47]   --->   Operation 37 'or' 'or_ln13_1' <Predicate = true> <Delay = 0.00> <CoreInst = "LogicGate">   --->   Core 74 'LogicGate' <Latency = 0> <II = 1> <Delay = 0.25> <FuncUnit> <Opcode : 'and' 'or' 'xor'> <InPorts = 2> <OutPorts = 1>
ST_3 : Operation 38 [1/2] (2.57ns)   --->   "%tmp_16 = fcmp_ogt  i32 %max_2, i32 %max_1_load_1" [lenet_support.cpp:13->lenet_main.cpp:47]   --->   Operation 38 'fcmp' 'tmp_16' <Predicate = true> <Delay = 2.57> <CoreInst = "FCompare">   --->   Core 19 'FCompare' <Latency = 1> <II = 1> <Delay = 2.57> <FuncUnit> <Opcode : 'fcmp'> <InPorts = 2> <OutPorts = 1>
ST_3 : Operation 39 [1/1] (0.00ns) (grouped into LUT with out node and_ln13_1)   --->   "%and_ln13 = and i1 %tmp_16, i1 %or_ln13" [lenet_support.cpp:13->lenet_main.cpp:47]   --->   Operation 39 'and' 'and_ln13' <Predicate = true> <Delay = 0.00> <CoreInst = "LogicGate">   --->   Core 74 'LogicGate' <Latency = 0> <II = 1> <Delay = 0.25> <FuncUnit> <Opcode : 'and' 'or' 'xor'> <InPorts = 2> <OutPorts = 1>
ST_3 : Operation 40 [1/1] (0.25ns) (out node of the LUT)   --->   "%and_ln13_1 = and i1 %and_ln13, i1 %or_ln13_1" [lenet_support.cpp:13->lenet_main.cpp:47]   --->   Operation 40 'and' 'and_ln13_1' <Predicate = true> <Delay = 0.25> <CoreInst = "LogicGate">   --->   Core 74 'LogicGate' <Latency = 0> <II = 1> <Delay = 0.25> <FuncUnit> <Opcode : 'and' 'or' 'xor'> <InPorts = 2> <OutPorts = 1>
ST_3 : Operation 41 [1/1] (0.41ns) (out node of the LUT)   --->   "%max_3 = select i1 %and_ln13_1, i32 %max_2, i32 %max_1_load_1" [lenet_support.cpp:13->lenet_main.cpp:47]   --->   Operation 41 'select' 'max_3' <Predicate = true> <Delay = 0.41> <CoreInst = "Sel">   --->   Core 73 'Sel' <Latency = 0> <II = 1> <Delay = 0.41> <FuncUnit> <Opcode : 'select'> <InPorts = 3> <OutPorts = 1>
ST_3 : Operation 42 [1/1] (0.40ns)   --->   "%store_ln12 = store i32 %max_3, i32 %max_1" [lenet_support.cpp:12->lenet_main.cpp:47]   --->   Operation 42 'store' 'store_ln12' <Predicate = true> <Delay = 0.40>
ST_3 : Operation 43 [1/1] (0.00ns)   --->   "%br_ln12 = br void %for.body.i" [lenet_support.cpp:12->lenet_main.cpp:47]   --->   Operation 43 'br' 'br_ln12' <Predicate = true> <Delay = 0.00>


============================================================
+ Verbose Summary: Binding
============================================================
STG Binding: 
---------------- STG Properties BEGIN ----------------
- Is combinational: 0
- Is one-state seq: 0
- Is datapath-only: 0
- Is pipelined: 0
- Is top level: 0
Port [ Return ] is wired: 1; IO mode=ap_ctrl_hs:ce=0
Port [ max]:  wired=1; compound=0; hidden=0; nouse=0; global=0; static=0; extern=0; dir=0; type=0; pingpong=0; private_global=0; IO mode=ap_none:ce=0
Port [ fc3_output]:  wired=1; compound=1; hidden=0; nouse=0; global=0; static=0; extern=0; dir=0; type=1; pingpong=0; private_global=0; MemPort=[13]; IO mode=ap_memory:ce=0
Port [ max_1_out]:  wired=1; compound=0; hidden=0; nouse=0; global=0; static=0; extern=0; dir=1; type=0; pingpong=0; private_global=0; IO mode=ap_vld:ce=0
---------------- STG Properties END ------------------

---------------- Datapath Model BEGIN ----------------

<LifeTime>
<method=bitvector/>
max_1                  (alloca           ) [ 0111]
i_2                    (alloca           ) [ 0100]
max_read               (read             ) [ 0000]
store_ln0              (store            ) [ 0000]
store_ln0              (store            ) [ 0000]
br_ln0                 (br               ) [ 0000]
i                      (load             ) [ 0000]
specpipeline_ln0       (specpipeline     ) [ 0000]
icmp_ln12              (icmp             ) [ 0110]
br_ln12                (br               ) [ 0000]
i_2_cast               (zext             ) [ 0000]
fc3_output_addr        (getelementptr    ) [ 0110]
add_ln12               (add              ) [ 0000]
store_ln12             (store            ) [ 0000]
max_1_load_1           (load             ) [ 0101]
max_2                  (load             ) [ 0101]
speclooptripcount_ln12 (speclooptripcount) [ 0000]
specloopname_ln12      (specloopname     ) [ 0000]
bitcast_ln13           (bitcast          ) [ 0000]
tmp_s                  (partselect       ) [ 0000]
trunc_ln13             (trunc            ) [ 0000]
bitcast_ln13_1         (bitcast          ) [ 0000]
tmp_15                 (partselect       ) [ 0000]
trunc_ln13_1           (trunc            ) [ 0000]
icmp_ln13              (icmp             ) [ 0000]
icmp_ln13_1            (icmp             ) [ 0000]
or_ln13                (or               ) [ 0000]
icmp_ln13_2            (icmp             ) [ 0000]
icmp_ln13_3            (icmp             ) [ 0000]
or_ln13_1              (or               ) [ 0000]
tmp_16                 (fcmp             ) [ 0000]
and_ln13               (and              ) [ 0000]
and_ln13_1             (and              ) [ 0000]
max_3                  (select           ) [ 0000]
store_ln12             (store            ) [ 0000]
br_ln12                (br               ) [ 0000]
max_1_load             (load             ) [ 0000]
write_ln0              (write            ) [ 0000]
ret_ln0                (ret              ) [ 0000]
</LifeTime>

<model>

<comp_list>
<comp id="0" class="1000" name="max">
<pin_list>
<pin id="1" dir="1" index="0" bw="1" slack="0"/>
</pin_list>
<bind>
<StgValue><ssdm name="max"/></StgValue>
</bind>
</comp>

<comp id="2" class="1000" name="fc3_output">
<pin_list>
<pin id="3" dir="1" index="0" bw="1" slack="0"/>
</pin_list>
<bind>
<StgValue><ssdm name="fc3_output"/><MemPortTyVec>1 3 </MemPortTyVec>
</StgValue>
</bind>
</comp>

<comp id="4" class="1000" name="max_1_out">
<pin_list>
<pin id="5" dir="1" index="0" bw="1" slack="0"/>
</pin_list>
<bind>
<StgValue><ssdm name="max_1_out"/></StgValue>
</bind>
</comp>

<comp id="6" class="1001" name="const_6">
<pin_list>
<pin id="7" dir="1" index="0" bw="1" slack="0"/>
</pin_list>
<bind>
<StgValue><ssdm name=""/></StgValue>
</bind>
</comp>

<comp id="8" class="1001" name="const_8">
<pin_list>
<pin id="9" dir="1" index="0" bw="1" slack="0"/>
</pin_list>
<bind>
<StgValue><ssdm name="_ssdm_op_Read.ap_auto.float"/></StgValue>
</bind>
</comp>

<comp id="10" class="1001" name="const_10">
<pin_list>
<pin id="11" dir="1" index="0" bw="1" slack="0"/>
</pin_list>
<bind>
<StgValue><ssdm name=""/></StgValue>
</bind>
</comp>

<comp id="12" class="1001" name="const_12">
<pin_list>
<pin id="13" dir="1" index="0" bw="1" slack="2147483647"/>
</pin_list>
<bind>
<StgValue><ssdm name="_ssdm_op_SpecPipeline"/></StgValue>
</bind>
</comp>

<comp id="14" class="1001" name="const_14">
<pin_list>
<pin id="15" dir="1" index="0" bw="1" slack="2147483647"/>
</pin_list>
<bind>
<StgValue><ssdm name=""/></StgValue>
</bind>
</comp>

<comp id="16" class="1001" name="const_16">
<pin_list>
<pin id="17" dir="1" index="0" bw="1" slack="2147483647"/>
</pin_list>
<bind>
<StgValue><ssdm name=""/></StgValue>
</bind>
</comp>

<comp id="18" class="1001" name="const_18">
<pin_list>
<pin id="19" dir="1" index="0" bw="1" slack="2147483647"/>
</pin_list>
<bind>
<StgValue><ssdm name="p_str"/></StgValue>
</bind>
</comp>

<comp id="20" class="1001" name="const_20">
<pin_list>
<pin id="21" dir="1" index="0" bw="1" slack="0"/>
</pin_list>
<bind>
<StgValue><ssdm name=""/></StgValue>
</bind>
</comp>

<comp id="22" class="1001" name="const_22">
<pin_list>
<pin id="23" dir="1" index="0" bw="1" slack="0"/>
</pin_list>
<bind>
<StgValue><ssdm name=""/></StgValue>
</bind>
</comp>

<comp id="24" class="1001" name="const_24">
<pin_list>
<pin id="25" dir="1" index="0" bw="1" slack="2147483647"/>
</pin_list>
<bind>
<StgValue><ssdm name="_ssdm_op_SpecLoopTripCount"/></StgValue>
</bind>
</comp>

<comp id="26" class="1001" name="const_26">
<pin_list>
<pin id="27" dir="1" index="0" bw="1" slack="2147483647"/>
</pin_list>
<bind>
<StgValue><ssdm name=""/></StgValue>
</bind>
</comp>

<comp id="28" class="1001" name="const_28">
<pin_list>
<pin id="29" dir="1" index="0" bw="1" slack="2147483647"/>
</pin_list>
<bind>
<StgValue><ssdm name="_ssdm_op_SpecLoopName"/></StgValue>
</bind>
</comp>

<comp id="30" class="1001" name="const_30">
<pin_list>
<pin id="31" dir="1" index="0" bw="1" slack="2147483647"/>
</pin_list>
<bind>
<StgValue><ssdm name="empty_13"/></StgValue>
</bind>
</comp>

<comp id="32" class="1001" name="const_32">
<pin_list>
<pin id="33" dir="1" index="0" bw="1" slack="0"/>
</pin_list>
<bind>
<StgValue><ssdm name="_ssdm_op_PartSelect.i8.i32.i32.i32"/></StgValue>
</bind>
</comp>

<comp id="34" class="1001" name="const_34">
<pin_list>
<pin id="35" dir="1" index="0" bw="1" slack="0"/>
</pin_list>
<bind>
<StgValue><ssdm name=""/></StgValue>
</bind>
</comp>

<comp id="36" class="1001" name="const_36">
<pin_list>
<pin id="37" dir="1" index="0" bw="1" slack="0"/>
</pin_list>
<bind>
<StgValue><ssdm name=""/></StgValue>
</bind>
</comp>

<comp id="38" class="1001" name="const_38">
<pin_list>
<pin id="39" dir="1" index="0" bw="1" slack="0"/>
</pin_list>
<bind>
<StgValue><ssdm name=""/></StgValue>
</bind>
</comp>

<comp id="40" class="1001" name="const_40">
<pin_list>
<pin id="41" dir="1" index="0" bw="1" slack="0"/>
</pin_list>
<bind>
<StgValue><ssdm name=""/></StgValue>
</bind>
</comp>

<comp id="42" class="1001" name="const_42">
<pin_list>
<pin id="43" dir="1" index="0" bw="1" slack="0"/>
</pin_list>
<bind>
<StgValue><ssdm name="_ssdm_op_Write.ap_auto.floatP0A"/></StgValue>
</bind>
</comp>

<comp id="44" class="1004" name="max_1_fu_44">
<pin_list>
<pin id="45" dir="0" index="0" bw="1" slack="0"/>
<pin id="46" dir="1" index="1" bw="32" slack="0"/>
</pin_list>
<bind>
<opcode="alloca(26) " fcode="alloca"/>
<opset="max_1/1 "/>
</bind>
</comp>

<comp id="48" class="1004" name="i_2_fu_48">
<pin_list>
<pin id="49" dir="0" index="0" bw="1" slack="0"/>
<pin id="50" dir="1" index="1" bw="4" slack="0"/>
</pin_list>
<bind>
<opcode="alloca(26) " fcode="alloca"/>
<opset="i_2/1 "/>
</bind>
</comp>

<comp id="52" class="1004" name="max_read_read_fu_52">
<pin_list>
<pin id="53" dir="0" index="0" bw="32" slack="0"/>
<pin id="54" dir="0" index="1" bw="32" slack="0"/>
<pin id="55" dir="1" index="2" bw="32" slack="0"/>
</pin_list>
<bind>
<opcode="read(1150) " fcode="read"/>
<opset="max_read/1 "/>
</bind>
</comp>

<comp id="58" class="1004" name="write_ln0_write_fu_58">
<pin_list>
<pin id="59" dir="0" index="0" bw="0" slack="0"/>
<pin id="60" dir="0" index="1" bw="32" slack="0"/>
<pin id="61" dir="0" index="2" bw="32" slack="0"/>
<pin id="62" dir="1" index="3" bw="0" slack="2147483647"/>
</pin_list>
<bind>
<opcode="write(1151) " fcode="write"/>
<opset="write_ln0/2 "/>
</bind>
</comp>

<comp id="65" class="1004" name="fc3_output_addr_gep_fu_65">
<pin_list>
<pin id="66" dir="0" index="0" bw="32" slack="0"/>
<pin id="67" dir="0" index="1" bw="1" slack="0"/>
<pin id="68" dir="0" index="2" bw="4" slack="0"/>
<pin id="69" dir="1" index="3" bw="4" slack="0"/>
</pin_list>
<bind>
<opcode="getelementptr(29) " fcode="getelementptr"/>
<opset="fc3_output_addr/1 "/>
</bind>
</comp>

<comp id="72" class="1004" name="grp_access_fu_72">
<pin_list>
<pin id="73" dir="0" index="0" bw="4" slack="0"/>
<pin id="74" dir="0" index="1" bw="32" slack="2147483647"/>
<pin id="75" dir="0" index="2" bw="0" slack="2147483647"/>
<pin id="76" dir="1" index="3" bw="32" slack="0"/>
</pin_list>
<bind>
<opcode="load(27) " fcode="load"/>
<opset="max_2/1 "/>
</bind>
</comp>

<comp id="78" class="1004" name="grp_fu_78">
<pin_list>
<pin id="79" dir="0" index="0" bw="32" slack="0"/>
<pin id="80" dir="0" index="1" bw="32" slack="0"/>
<pin id="81" dir="1" index="2" bw="1" slack="0"/>
</pin_list>
<bind>
<opcode="fcmp(46) " fcode="fcmp"/>
<opset="tmp_16/2 "/>
</bind>
</comp>

<comp id="83" class="1004" name="store_ln0_store_fu_83">
<pin_list>
<pin id="84" dir="0" index="0" bw="1" slack="0"/>
<pin id="85" dir="0" index="1" bw="4" slack="0"/>
<pin id="86" dir="1" index="2" bw="0" slack="2147483647"/>
</pin_list>
<bind>
<opcode="store(28) " fcode="store"/>
<opset="store_ln0/1 "/>
</bind>
</comp>

<comp id="88" class="1004" name="store_ln0_store_fu_88">
<pin_list>
<pin id="89" dir="0" index="0" bw="32" slack="0"/>
<pin id="90" dir="0" index="1" bw="32" slack="0"/>
<pin id="91" dir="1" index="2" bw="0" slack="2147483647"/>
</pin_list>
<bind>
<opcode="store(28) " fcode="store"/>
<opset="store_ln0/1 "/>
</bind>
</comp>

<comp id="93" class="1004" name="i_load_fu_93">
<pin_list>
<pin id="94" dir="0" index="0" bw="4" slack="0"/>
<pin id="95" dir="1" index="1" bw="4" slack="0"/>
</pin_list>
<bind>
<opcode="load(27) " fcode="load"/>
<opset="i/1 "/>
</bind>
</comp>

<comp id="96" class="1004" name="icmp_ln12_fu_96">
<pin_list>
<pin id="97" dir="0" index="0" bw="4" slack="0"/>
<pin id="98" dir="0" index="1" bw="4" slack="0"/>
<pin id="99" dir="1" index="2" bw="1" slack="1"/>
</pin_list>
<bind>
<opcode="icmp(45) " fcode="icmp"/>
<opset="icmp_ln12/1 "/>
</bind>
</comp>

<comp id="102" class="1004" name="i_2_cast_fu_102">
<pin_list>
<pin id="103" dir="0" index="0" bw="4" slack="0"/>
<pin id="104" dir="1" index="1" bw="64" slack="0"/>
</pin_list>
<bind>
<opcode="zext(34) " fcode="zext"/>
<opset="i_2_cast/1 "/>
</bind>
</comp>

<comp id="107" class="1004" name="add_ln12_fu_107">
<pin_list>
<pin id="108" dir="0" index="0" bw="4" slack="0"/>
<pin id="109" dir="0" index="1" bw="1" slack="0"/>
<pin id="110" dir="1" index="2" bw="4" slack="0"/>
</pin_list>
<bind>
<opcode="add(8) " fcode="add"/>
<opset="add_ln12/1 "/>
</bind>
</comp>

<comp id="113" class="1004" name="store_ln12_store_fu_113">
<pin_list>
<pin id="114" dir="0" index="0" bw="4" slack="0"/>
<pin id="115" dir="0" index="1" bw="4" slack="0"/>
<pin id="116" dir="1" index="2" bw="0" slack="2147483647"/>
</pin_list>
<bind>
<opcode="store(28) " fcode="store"/>
<opset="store_ln12/1 "/>
</bind>
</comp>

<comp id="118" class="1004" name="max_1_load_1_load_fu_118">
<pin_list>
<pin id="119" dir="0" index="0" bw="32" slack="1"/>
<pin id="120" dir="1" index="1" bw="32" slack="0"/>
</pin_list>
<bind>
<opcode="load(27) " fcode="load"/>
<opset="max_1_load_1/2 "/>
</bind>
</comp>

<comp id="122" class="1004" name="bitcast_ln13_fu_122">
<pin_list>
<pin id="123" dir="0" index="0" bw="32" slack="1"/>
<pin id="124" dir="1" index="1" bw="32" slack="0"/>
</pin_list>
<bind>
<opcode="bitcast(44) " fcode="bitcast"/>
<opset="bitcast_ln13/3 "/>
</bind>
</comp>

<comp id="125" class="1004" name="tmp_s_fu_125">
<pin_list>
<pin id="126" dir="0" index="0" bw="8" slack="0"/>
<pin id="127" dir="0" index="1" bw="32" slack="0"/>
<pin id="128" dir="0" index="2" bw="6" slack="0"/>
<pin id="129" dir="0" index="3" bw="6" slack="0"/>
<pin id="130" dir="1" index="4" bw="8" slack="0"/>
</pin_list>
<bind>
<opcode="partselect(1002) " fcode="partselect"/>
<opset="tmp_s/3 "/>
</bind>
</comp>

<comp id="135" class="1004" name="trunc_ln13_fu_135">
<pin_list>
<pin id="136" dir="0" index="0" bw="32" slack="0"/>
<pin id="137" dir="1" index="1" bw="23" slack="0"/>
</pin_list>
<bind>
<opcode="trunc(33) " fcode="trunc"/>
<opset="trunc_ln13/3 "/>
</bind>
</comp>

<comp id="139" class="1004" name="bitcast_ln13_1_fu_139">
<pin_list>
<pin id="140" dir="0" index="0" bw="32" slack="1"/>
<pin id="141" dir="1" index="1" bw="32" slack="0"/>
</pin_list>
<bind>
<opcode="bitcast(44) " fcode="bitcast"/>
<opset="bitcast_ln13_1/3 "/>
</bind>
</comp>

<comp id="142" class="1004" name="tmp_15_fu_142">
<pin_list>
<pin id="143" dir="0" index="0" bw="8" slack="0"/>
<pin id="144" dir="0" index="1" bw="32" slack="0"/>
<pin id="145" dir="0" index="2" bw="6" slack="0"/>
<pin id="146" dir="0" index="3" bw="6" slack="0"/>
<pin id="147" dir="1" index="4" bw="8" slack="0"/>
</pin_list>
<bind>
<opcode="partselect(1002) " fcode="partselect"/>
<opset="tmp_15/3 "/>
</bind>
</comp>

<comp id="152" class="1004" name="trunc_ln13_1_fu_152">
<pin_list>
<pin id="153" dir="0" index="0" bw="32" slack="0"/>
<pin id="154" dir="1" index="1" bw="23" slack="0"/>
</pin_list>
<bind>
<opcode="trunc(33) " fcode="trunc"/>
<opset="trunc_ln13_1/3 "/>
</bind>
</comp>

<comp id="156" class="1004" name="icmp_ln13_fu_156">
<pin_list>
<pin id="157" dir="0" index="0" bw="8" slack="0"/>
<pin id="158" dir="0" index="1" bw="1" slack="0"/>
<pin id="159" dir="1" index="2" bw="1" slack="0"/>
</pin_list>
<bind>
<opcode="icmp(45) " fcode="icmp"/>
<opset="icmp_ln13/3 "/>
</bind>
</comp>

<comp id="162" class="1004" name="icmp_ln13_1_fu_162">
<pin_list>
<pin id="163" dir="0" index="0" bw="23" slack="0"/>
<pin id="164" dir="0" index="1" bw="1" slack="0"/>
<pin id="165" dir="1" index="2" bw="1" slack="0"/>
</pin_list>
<bind>
<opcode="icmp(45) " fcode="icmp"/>
<opset="icmp_ln13_1/3 "/>
</bind>
</comp>

<comp id="168" class="1004" name="or_ln13_fu_168">
<pin_list>
<pin id="169" dir="0" index="0" bw="1" slack="0"/>
<pin id="170" dir="0" index="1" bw="1" slack="0"/>
<pin id="171" dir="1" index="2" bw="1" slack="0"/>
</pin_list>
<bind>
<opcode="or(24) " fcode="or"/>
<opset="or_ln13/3 "/>
</bind>
</comp>

<comp id="174" class="1004" name="icmp_ln13_2_fu_174">
<pin_list>
<pin id="175" dir="0" index="0" bw="8" slack="0"/>
<pin id="176" dir="0" index="1" bw="1" slack="0"/>
<pin id="177" dir="1" index="2" bw="1" slack="0"/>
</pin_list>
<bind>
<opcode="icmp(45) " fcode="icmp"/>
<opset="icmp_ln13_2/3 "/>
</bind>
</comp>

<comp id="180" class="1004" name="icmp_ln13_3_fu_180">
<pin_list>
<pin id="181" dir="0" index="0" bw="23" slack="0"/>
<pin id="182" dir="0" index="1" bw="1" slack="0"/>
<pin id="183" dir="1" index="2" bw="1" slack="0"/>
</pin_list>
<bind>
<opcode="icmp(45) " fcode="icmp"/>
<opset="icmp_ln13_3/3 "/>
</bind>
</comp>

<comp id="186" class="1004" name="or_ln13_1_fu_186">
<pin_list>
<pin id="187" dir="0" index="0" bw="1" slack="0"/>
<pin id="188" dir="0" index="1" bw="1" slack="0"/>
<pin id="189" dir="1" index="2" bw="1" slack="0"/>
</pin_list>
<bind>
<opcode="or(24) " fcode="or"/>
<opset="or_ln13_1/3 "/>
</bind>
</comp>

<comp id="192" class="1004" name="and_ln13_fu_192">
<pin_list>
<pin id="193" dir="0" index="0" bw="1" slack="0"/>
<pin id="194" dir="0" index="1" bw="1" slack="0"/>
<pin id="195" dir="1" index="2" bw="1" slack="0"/>
</pin_list>
<bind>
<opcode="and(23) " fcode="and"/>
<opset="and_ln13/3 "/>
</bind>
</comp>

<comp id="198" class="1004" name="and_ln13_1_fu_198">
<pin_list>
<pin id="199" dir="0" index="0" bw="1" slack="0"/>
<pin id="200" dir="0" index="1" bw="1" slack="0"/>
<pin id="201" dir="1" index="2" bw="1" slack="0"/>
</pin_list>
<bind>
<opcode="and(23) " fcode="and"/>
<opset="and_ln13_1/3 "/>
</bind>
</comp>

<comp id="204" class="1004" name="max_3_fu_204">
<pin_list>
<pin id="205" dir="0" index="0" bw="1" slack="0"/>
<pin id="206" dir="0" index="1" bw="32" slack="1"/>
<pin id="207" dir="0" index="2" bw="32" slack="1"/>
<pin id="208" dir="1" index="3" bw="32" slack="0"/>
</pin_list>
<bind>
<opcode="select(49) " fcode="select"/>
<opset="max_3/3 "/>
</bind>
</comp>

<comp id="210" class="1004" name="store_ln12_store_fu_210">
<pin_list>
<pin id="211" dir="0" index="0" bw="32" slack="0"/>
<pin id="212" dir="0" index="1" bw="32" slack="2"/>
<pin id="213" dir="1" index="2" bw="0" slack="2147483647"/>
</pin_list>
<bind>
<opcode="store(28) " fcode="store"/>
<opset="store_ln12/3 "/>
</bind>
</comp>

<comp id="215" class="1004" name="max_1_load_load_fu_215">
<pin_list>
<pin id="216" dir="0" index="0" bw="32" slack="1"/>
<pin id="217" dir="1" index="1" bw="32" slack="0"/>
</pin_list>
<bind>
<opcode="load(27) " fcode="load"/>
<opset="max_1_load/2 "/>
</bind>
</comp>

<comp id="219" class="1005" name="max_1_reg_219">
<pin_list>
<pin id="220" dir="0" index="0" bw="32" slack="0"/>
<pin id="221" dir="1" index="1" bw="32" slack="0"/>
</pin_list>
<bind>
<opset="max_1 "/>
</bind>
</comp>

<comp id="227" class="1005" name="i_2_reg_227">
<pin_list>
<pin id="228" dir="0" index="0" bw="4" slack="0"/>
<pin id="229" dir="1" index="1" bw="4" slack="0"/>
</pin_list>
<bind>
<opset="i_2 "/>
</bind>
</comp>

<comp id="234" class="1005" name="icmp_ln12_reg_234">
<pin_list>
<pin id="235" dir="0" index="0" bw="1" slack="1"/>
<pin id="236" dir="1" index="1" bw="1" slack="2147483647"/>
</pin_list>
<bind>
<opset="icmp_ln12 "/>
</bind>
</comp>

<comp id="238" class="1005" name="fc3_output_addr_reg_238">
<pin_list>
<pin id="239" dir="0" index="0" bw="4" slack="1"/>
<pin id="240" dir="1" index="1" bw="4" slack="1"/>
</pin_list>
<bind>
<opset="fc3_output_addr "/>
</bind>
</comp>

<comp id="243" class="1005" name="max_1_load_1_reg_243">
<pin_list>
<pin id="244" dir="0" index="0" bw="32" slack="1"/>
<pin id="245" dir="1" index="1" bw="32" slack="1"/>
</pin_list>
<bind>
<opset="max_1_load_1 "/>
</bind>
</comp>

<comp id="250" class="1005" name="max_2_reg_250">
<pin_list>
<pin id="251" dir="0" index="0" bw="32" slack="1"/>
<pin id="252" dir="1" index="1" bw="32" slack="1"/>
</pin_list>
<bind>
<opset="max_2 "/>
</bind>
</comp>

</comp_list>

<net_list>
<net id="47"><net_src comp="6" pin="0"/><net_sink comp="44" pin=0"/></net>

<net id="51"><net_src comp="6" pin="0"/><net_sink comp="48" pin=0"/></net>

<net id="56"><net_src comp="8" pin="0"/><net_sink comp="52" pin=0"/></net>

<net id="57"><net_src comp="0" pin="0"/><net_sink comp="52" pin=1"/></net>

<net id="63"><net_src comp="42" pin="0"/><net_sink comp="58" pin=0"/></net>

<net id="64"><net_src comp="4" pin="0"/><net_sink comp="58" pin=1"/></net>

<net id="70"><net_src comp="2" pin="0"/><net_sink comp="65" pin=0"/></net>

<net id="71"><net_src comp="22" pin="0"/><net_sink comp="65" pin=1"/></net>

<net id="77"><net_src comp="65" pin="3"/><net_sink comp="72" pin=0"/></net>

<net id="82"><net_src comp="72" pin="3"/><net_sink comp="78" pin=0"/></net>

<net id="87"><net_src comp="10" pin="0"/><net_sink comp="83" pin=0"/></net>

<net id="92"><net_src comp="52" pin="2"/><net_sink comp="88" pin=0"/></net>

<net id="100"><net_src comp="93" pin="1"/><net_sink comp="96" pin=0"/></net>

<net id="101"><net_src comp="20" pin="0"/><net_sink comp="96" pin=1"/></net>

<net id="105"><net_src comp="93" pin="1"/><net_sink comp="102" pin=0"/></net>

<net id="106"><net_src comp="102" pin="1"/><net_sink comp="65" pin=2"/></net>

<net id="111"><net_src comp="93" pin="1"/><net_sink comp="107" pin=0"/></net>

<net id="112"><net_src comp="10" pin="0"/><net_sink comp="107" pin=1"/></net>

<net id="117"><net_src comp="107" pin="2"/><net_sink comp="113" pin=0"/></net>

<net id="121"><net_src comp="118" pin="1"/><net_sink comp="78" pin=1"/></net>

<net id="131"><net_src comp="32" pin="0"/><net_sink comp="125" pin=0"/></net>

<net id="132"><net_src comp="122" pin="1"/><net_sink comp="125" pin=1"/></net>

<net id="133"><net_src comp="34" pin="0"/><net_sink comp="125" pin=2"/></net>

<net id="134"><net_src comp="36" pin="0"/><net_sink comp="125" pin=3"/></net>

<net id="138"><net_src comp="122" pin="1"/><net_sink comp="135" pin=0"/></net>

<net id="148"><net_src comp="32" pin="0"/><net_sink comp="142" pin=0"/></net>

<net id="149"><net_src comp="139" pin="1"/><net_sink comp="142" pin=1"/></net>

<net id="150"><net_src comp="34" pin="0"/><net_sink comp="142" pin=2"/></net>

<net id="151"><net_src comp="36" pin="0"/><net_sink comp="142" pin=3"/></net>

<net id="155"><net_src comp="139" pin="1"/><net_sink comp="152" pin=0"/></net>

<net id="160"><net_src comp="125" pin="4"/><net_sink comp="156" pin=0"/></net>

<net id="161"><net_src comp="38" pin="0"/><net_sink comp="156" pin=1"/></net>

<net id="166"><net_src comp="135" pin="1"/><net_sink comp="162" pin=0"/></net>

<net id="167"><net_src comp="40" pin="0"/><net_sink comp="162" pin=1"/></net>

<net id="172"><net_src comp="162" pin="2"/><net_sink comp="168" pin=0"/></net>

<net id="173"><net_src comp="156" pin="2"/><net_sink comp="168" pin=1"/></net>

<net id="178"><net_src comp="142" pin="4"/><net_sink comp="174" pin=0"/></net>

<net id="179"><net_src comp="38" pin="0"/><net_sink comp="174" pin=1"/></net>

<net id="184"><net_src comp="152" pin="1"/><net_sink comp="180" pin=0"/></net>

<net id="185"><net_src comp="40" pin="0"/><net_sink comp="180" pin=1"/></net>

<net id="190"><net_src comp="180" pin="2"/><net_sink comp="186" pin=0"/></net>

<net id="191"><net_src comp="174" pin="2"/><net_sink comp="186" pin=1"/></net>

<net id="196"><net_src comp="78" pin="2"/><net_sink comp="192" pin=0"/></net>

<net id="197"><net_src comp="168" pin="2"/><net_sink comp="192" pin=1"/></net>

<net id="202"><net_src comp="192" pin="2"/><net_sink comp="198" pin=0"/></net>

<net id="203"><net_src comp="186" pin="2"/><net_sink comp="198" pin=1"/></net>

<net id="209"><net_src comp="198" pin="2"/><net_sink comp="204" pin=0"/></net>

<net id="214"><net_src comp="204" pin="3"/><net_sink comp="210" pin=0"/></net>

<net id="218"><net_src comp="215" pin="1"/><net_sink comp="58" pin=2"/></net>

<net id="222"><net_src comp="44" pin="1"/><net_sink comp="219" pin=0"/></net>

<net id="223"><net_src comp="219" pin="1"/><net_sink comp="88" pin=1"/></net>

<net id="224"><net_src comp="219" pin="1"/><net_sink comp="118" pin=0"/></net>

<net id="225"><net_src comp="219" pin="1"/><net_sink comp="210" pin=1"/></net>

<net id="226"><net_src comp="219" pin="1"/><net_sink comp="215" pin=0"/></net>

<net id="230"><net_src comp="48" pin="1"/><net_sink comp="227" pin=0"/></net>

<net id="231"><net_src comp="227" pin="1"/><net_sink comp="83" pin=1"/></net>

<net id="232"><net_src comp="227" pin="1"/><net_sink comp="93" pin=0"/></net>

<net id="233"><net_src comp="227" pin="1"/><net_sink comp="113" pin=1"/></net>

<net id="237"><net_src comp="96" pin="2"/><net_sink comp="234" pin=0"/></net>

<net id="241"><net_src comp="65" pin="3"/><net_sink comp="238" pin=0"/></net>

<net id="242"><net_src comp="238" pin="1"/><net_sink comp="72" pin=0"/></net>

<net id="246"><net_src comp="118" pin="1"/><net_sink comp="243" pin=0"/></net>

<net id="247"><net_src comp="243" pin="1"/><net_sink comp="139" pin=0"/></net>

<net id="248"><net_src comp="243" pin="1"/><net_sink comp="78" pin=1"/></net>

<net id="249"><net_src comp="243" pin="1"/><net_sink comp="204" pin=2"/></net>

<net id="253"><net_src comp="72" pin="3"/><net_sink comp="250" pin=0"/></net>

<net id="254"><net_src comp="250" pin="1"/><net_sink comp="122" pin=0"/></net>

<net id="255"><net_src comp="250" pin="1"/><net_sink comp="78" pin=0"/></net>

<net id="256"><net_src comp="250" pin="1"/><net_sink comp="204" pin=1"/></net>

</net_list>

</model> 
---------------- Datapath Model END ------------------

* FSMD analyzer results:
  - Output states:
	Port: max_1_out | {2 }
 - Input state : 
	Port: lenet_predict_Pipeline_VITIS_LOOP_12_1 : max | {1 }
	Port: lenet_predict_Pipeline_VITIS_LOOP_12_1 : fc3_output | {1 2 }
  - Chain level:
	State 1
		store_ln0 : 1
		i : 1
		icmp_ln12 : 2
		br_ln12 : 3
		i_2_cast : 2
		fc3_output_addr : 3
		max_2 : 4
		add_ln12 : 2
		store_ln12 : 3
	State 2
		tmp_16 : 1
		write_ln0 : 1
	State 3
		tmp_s : 1
		trunc_ln13 : 1
		tmp_15 : 1
		trunc_ln13_1 : 1
		icmp_ln13 : 2
		icmp_ln13_1 : 2
		or_ln13 : 3
		icmp_ln13_2 : 2
		icmp_ln13_3 : 2
		or_ln13_1 : 3
		and_ln13 : 3
		and_ln13_1 : 3
		max_3 : 3
		store_ln12 : 4


============================================================
+ Verbose Summary: Datapath Resource usage 
============================================================

* Functional unit list:
|----------|-----------------------|---------|---------|
| Operation|    Functional Unit    |    FF   |   LUT   |
|----------|-----------------------|---------|---------|
|          |    icmp_ln12_fu_96    |    0    |    12   |
|          |    icmp_ln13_fu_156   |    0    |    15   |
|   icmp   |   icmp_ln13_1_fu_162  |    0    |    30   |
|          |   icmp_ln13_2_fu_174  |    0    |    15   |
|          |   icmp_ln13_3_fu_180  |    0    |    30   |
|----------|-----------------------|---------|---------|
|  select  |      max_3_fu_204     |    0    |    32   |
|----------|-----------------------|---------|---------|
|    add   |    add_ln12_fu_107    |    0    |    12   |
|----------|-----------------------|---------|---------|
|    or    |     or_ln13_fu_168    |    0    |    2    |
|          |    or_ln13_1_fu_186   |    0    |    2    |
|----------|-----------------------|---------|---------|
|    and   |    and_ln13_fu_192    |    0    |    2    |
|          |   and_ln13_1_fu_198   |    0    |    2    |
|----------|-----------------------|---------|---------|
|   read   |  max_read_read_fu_52  |    0    |    0    |
|----------|-----------------------|---------|---------|
|   write  | write_ln0_write_fu_58 |    0    |    0    |
|----------|-----------------------|---------|---------|
|   fcmp   |       grp_fu_78       |    0    |    0    |
|----------|-----------------------|---------|---------|
|   zext   |    i_2_cast_fu_102    |    0    |    0    |
|----------|-----------------------|---------|---------|
|partselect|      tmp_s_fu_125     |    0    |    0    |
|          |     tmp_15_fu_142     |    0    |    0    |
|----------|-----------------------|---------|---------|
|   trunc  |   trunc_ln13_fu_135   |    0    |    0    |
|          |  trunc_ln13_1_fu_152  |    0    |    0    |
|----------|-----------------------|---------|---------|
|   Total  |                       |    0    |   154   |
|----------|-----------------------|---------|---------|

Memories:
N/A

* Register list:
+-----------------------+--------+
|                       |   FF   |
+-----------------------+--------+
|fc3_output_addr_reg_238|    4   |
|      i_2_reg_227      |    4   |
|   icmp_ln12_reg_234   |    1   |
|  max_1_load_1_reg_243 |   32   |
|     max_1_reg_219     |   32   |
|     max_2_reg_250     |   32   |
+-----------------------+--------+
|         Total         |   105  |
+-----------------------+--------+

* Multiplexer (MUX) list: 
|------------------|------|------|------|--------||---------||---------|
|       Comp       |  Pin | Size |  BW  | S x BW ||  Delay  ||   LUT   |
|------------------|------|------|------|--------||---------||---------|
| grp_access_fu_72 |  p0  |   2  |   4  |    8   ||    9    |
|     grp_fu_78    |  p0  |   2  |  32  |   64   ||    9    |
|     grp_fu_78    |  p1  |   2  |  32  |   64   ||    9    |
|------------------|------|------|------|--------||---------||---------|
|       Total      |      |      |      |   136  ||  1.206  ||    27   |
|------------------|------|------|------|--------||---------||---------|



* Summary:
+-----------+--------+--------+--------+
|           |  Delay |   FF   |   LUT  |
+-----------+--------+--------+--------+
|  Function |    -   |    0   |   154  |
|   Memory  |    -   |    -   |    -   |
|Multiplexer|    1   |    -   |   27   |
|  Register |    -   |   105  |    -   |
+-----------+--------+--------+--------+
|   Total   |    1   |   105  |   181  |
+-----------+--------+--------+--------+
