C:\Users\Baron\Desktop\EE_278_Repo\EE_278\vivado_projects\HLS\EE278_term_proj\lenet_proj\lenet_predict\.autopilot\db\lenet_support.pp.0.cpp:5941:7: warning: Added loop label VITIS_LOOP_1213_1:   [xilinx-label-all-loops]
      for (i = 0; i < __N - 1; ++i) {
      ^~~
      VITIS_LOOP_1213_1: 
C:\Users\Baron\Desktop\EE_278_Repo\EE_278\vivado_projects\HLS\EE278_term_proj\lenet_proj\lenet_predict\.autopilot\db\lenet_support.pp.0.cpp:5941:7: note: FIX-IT applied suggested code changes
C:\Users\Baron\Desktop\EE_278_Repo\EE_278\vivado_projects\HLS\EE278_term_proj\lenet_proj\lenet_predict\.autopilot\db\lenet_support.pp.0.cpp:6915:5: warning: Added loop label VITIS_LOOP_676_1:   [xilinx-label-all-loops]
    for (unsigned i = low; i != high; ++i) {
    ^~~
    VITIS_LOOP_676_1: 
C:\Users\Baron\Desktop\EE_278_Repo\EE_278\vivado_projects\HLS\EE278_term_proj\lenet_proj\lenet_predict\.autopilot\db\lenet_support.pp.0.cpp:6915:5: note: FIX-IT applied suggested code changes
C:\Users\Baron\Desktop\EE_278_Repo\EE_278\vivado_projects\HLS\EE278_term_proj\lenet_proj\lenet_predict\.autopilot\db\lenet_support.pp.0.cpp:6929:5: warning: Added loop label VITIS_LOOP_690_1:   [xilinx-label-all-loops]
    for (unsigned i = low; i != high; ++i) {
    ^~~
    VITIS_LOOP_690_1: 
C:\Users\Baron\Desktop\EE_278_Repo\EE_278\vivado_projects\HLS\EE278_term_proj\lenet_proj\lenet_predict\.autopilot\db\lenet_support.pp.0.cpp:6929:5: note: FIX-IT applied suggested code changes
C:\Users\Baron\Desktop\EE_278_Repo\EE_278\vivado_projects\HLS\EE278_term_proj\lenet_proj\lenet_predict\.autopilot\db\lenet_support.pp.0.cpp:6943:5: warning: Added loop label VITIS_LOOP_704_1:   [xilinx-label-all-loops]
    for (unsigned i = low; i != high; ++i) {
    ^~~
    VITIS_LOOP_704_1: 
C:\Users\Baron\Desktop\EE_278_Repo\EE_278\vivado_projects\HLS\EE278_term_proj\lenet_proj\lenet_predict\.autopilot\db\lenet_support.pp.0.cpp:6943:5: note: FIX-IT applied suggested code changes
C:\Users\Baron\Desktop\EE_278_Repo\EE_278\vivado_projects\HLS\EE278_term_proj\lenet_proj\lenet_predict\.autopilot\db\lenet_support.pp.0.cpp:8542:7: warning: Added loop label VITIS_LOOP_1247_1:   [xilinx-label-all-loops]
      for (i = 0; i < __N - 1; ++i) {
      ^~~
      VITIS_LOOP_1247_1: 
C:\Users\Baron\Desktop\EE_278_Repo\EE_278\vivado_projects\HLS\EE278_term_proj\lenet_proj\lenet_predict\.autopilot\db\lenet_support.pp.0.cpp:8542:7: note: FIX-IT applied suggested code changes
C:\Users\Baron\Desktop\EE_278_Repo\EE_278\vivado_projects\HLS\EE278_term_proj\lenet_proj\lenet_predict\.autopilot\db\lenet_support.pp.0.cpp:12678:72: error: Invalid Directive: for current device, ROM_1P + LUTRAM is invalid combination for BIND_STORAGE's option 'type + impl' [clang-diagnostic-error]
#pragma HLS BIND_STORAGE variable=fourth_order_double::sin_cos_K0 type=ROM_1P impl=LUTRAM
                                                                       ^
C:\Users\Baron\Desktop\EE_278_Repo\EE_278\vivado_projects\HLS\EE278_term_proj\lenet_proj\lenet_predict\.autopilot\db\lenet_support.pp.0.cpp:12679:72: error: Invalid Directive: for current device, ROM_1P + LUTRAM is invalid combination for BIND_STORAGE's option 'type + impl' [clang-diagnostic-error]
#pragma HLS BIND_STORAGE variable=fourth_order_double::sin_cos_K1 type=ROM_1P impl=LUTRAM
                                                                       ^
C:\Users\Baron\Desktop\EE_278_Repo\EE_278\vivado_projects\HLS\EE278_term_proj\lenet_proj\lenet_predict\.autopilot\db\lenet_support.pp.0.cpp:12680:72: error: Invalid Directive: for current device, ROM_1P + LUTRAM is invalid combination for BIND_STORAGE's option 'type + impl' [clang-diagnostic-error]
#pragma HLS BIND_STORAGE variable=fourth_order_double::sin_cos_K2 type=ROM_1P impl=LUTRAM
                                                                       ^
C:\Users\Baron\Desktop\EE_278_Repo\EE_278\vivado_projects\HLS\EE278_term_proj\lenet_proj\lenet_predict\.autopilot\db\lenet_support.pp.0.cpp:12681:72: error: Invalid Directive: for current device, ROM_1P + LUTRAM is invalid combination for BIND_STORAGE's option 'type + impl' [clang-diagnostic-error]
#pragma HLS BIND_STORAGE variable=fourth_order_double::sin_cos_K3 type=ROM_1P impl=LUTRAM
                                                                       ^
C:\Users\Baron\Desktop\EE_278_Repo\EE_278\vivado_projects\HLS\EE278_term_proj\lenet_proj\lenet_predict\.autopilot\db\lenet_support.pp.0.cpp:12682:72: error: Invalid Directive: for current device, ROM_1P + LUTRAM is invalid combination for BIND_STORAGE's option 'type + impl' [clang-diagnostic-error]
#pragma HLS BIND_STORAGE variable=fourth_order_double::sin_cos_K4 type=ROM_1P impl=LUTRAM
                                                                       ^
C:\Users\Baron\Desktop\EE_278_Repo\EE_278\vivado_projects\HLS\EE278_term_proj\lenet_proj\lenet_predict\.autopilot\db\lenet_support.pp.0.cpp:12712:68: error: Invalid Directive: for current device, ROM_1P + LUTRAM is invalid combination for BIND_STORAGE's option 'type + impl' [clang-diagnostic-error]
#pragma HLS BIND_STORAGE variable=fourth_order_double::cos_K0 type=ROM_1P impl=LUTRAM
                                                                   ^
C:\Users\Baron\Desktop\EE_278_Repo\EE_278\vivado_projects\HLS\EE278_term_proj\lenet_proj\lenet_predict\.autopilot\db\lenet_support.pp.0.cpp:12713:68: error: Invalid Directive: for current device, ROM_1P + LUTRAM is invalid combination for BIND_STORAGE's option 'type + impl' [clang-diagnostic-error]
#pragma HLS BIND_STORAGE variable=fourth_order_double::cos_K1 type=ROM_1P impl=LUTRAM
                                                                   ^
C:\Users\Baron\Desktop\EE_278_Repo\EE_278\vivado_projects\HLS\EE278_term_proj\lenet_proj\lenet_predict\.autopilot\db\lenet_support.pp.0.cpp:12714:68: error: Invalid Directive: for current device, ROM_1P + LUTRAM is invalid combination for BIND_STORAGE's option 'type + impl' [clang-diagnostic-error]
#pragma HLS BIND_STORAGE variable=fourth_order_double::cos_K2 type=ROM_1P impl=LUTRAM
                                                                   ^
C:\Users\Baron\Desktop\EE_278_Repo\EE_278\vivado_projects\HLS\EE278_term_proj\lenet_proj\lenet_predict\.autopilot\db\lenet_support.pp.0.cpp:12715:68: error: Invalid Directive: for current device, ROM_1P + LUTRAM is invalid combination for BIND_STORAGE's option 'type + impl' [clang-diagnostic-error]
#pragma HLS BIND_STORAGE variable=fourth_order_double::cos_K3 type=ROM_1P impl=LUTRAM
                                                                   ^
C:\Users\Baron\Desktop\EE_278_Repo\EE_278\vivado_projects\HLS\EE278_term_proj\lenet_proj\lenet_predict\.autopilot\db\lenet_support.pp.0.cpp:12716:68: error: Invalid Directive: for current device, ROM_1P + LUTRAM is invalid combination for BIND_STORAGE's option 'type + impl' [clang-diagnostic-error]
#pragma HLS BIND_STORAGE variable=fourth_order_double::cos_K4 type=ROM_1P impl=LUTRAM
                                                                   ^
C:\Users\Baron\Desktop\EE_278_Repo\EE_278\vivado_projects\HLS\EE278_term_proj\lenet_proj\lenet_predict\.autopilot\db\lenet_support.pp.0.cpp:12717:68: error: Invalid Directive: for current device, ROM_1P + LUTRAM is invalid combination for BIND_STORAGE's option 'type + impl' [clang-diagnostic-error]
#pragma HLS BIND_STORAGE variable=fourth_order_double::sin_K0 type=ROM_1P impl=LUTRAM
                                                                   ^
C:\Users\Baron\Desktop\EE_278_Repo\EE_278\vivado_projects\HLS\EE278_term_proj\lenet_proj\lenet_predict\.autopilot\db\lenet_support.pp.0.cpp:12718:68: error: Invalid Directive: for current device, ROM_1P + LUTRAM is invalid combination for BIND_STORAGE's option 'type + impl' [clang-diagnostic-error]
#pragma HLS BIND_STORAGE variable=fourth_order_double::sin_K1 type=ROM_1P impl=LUTRAM
                                                                   ^
C:\Users\Baron\Desktop\EE_278_Repo\EE_278\vivado_projects\HLS\EE278_term_proj\lenet_proj\lenet_predict\.autopilot\db\lenet_support.pp.0.cpp:12719:68: error: Invalid Directive: for current device, ROM_1P + LUTRAM is invalid combination for BIND_STORAGE's option 'type + impl' [clang-diagnostic-error]
#pragma HLS BIND_STORAGE variable=fourth_order_double::sin_K2 type=ROM_1P impl=LUTRAM
                                                                   ^
C:\Users\Baron\Desktop\EE_278_Repo\EE_278\vivado_projects\HLS\EE278_term_proj\lenet_proj\lenet_predict\.autopilot\db\lenet_support.pp.0.cpp:12720:68: error: Invalid Directive: for current device, ROM_1P + LUTRAM is invalid combination for BIND_STORAGE's option 'type + impl' [clang-diagnostic-error]
#pragma HLS BIND_STORAGE variable=fourth_order_double::sin_K3 type=ROM_1P impl=LUTRAM
                                                                   ^
C:\Users\Baron\Desktop\EE_278_Repo\EE_278\vivado_projects\HLS\EE278_term_proj\lenet_proj\lenet_predict\.autopilot\db\lenet_support.pp.0.cpp:12721:68: error: Invalid Directive: for current device, ROM_1P + LUTRAM is invalid combination for BIND_STORAGE's option 'type + impl' [clang-diagnostic-error]
#pragma HLS BIND_STORAGE variable=fourth_order_double::sin_K4 type=ROM_1P impl=LUTRAM
                                                                   ^
C:\Users\Baron\Desktop\EE_278_Repo\EE_278\vivado_projects\HLS\EE278_term_proj\lenet_proj\lenet_predict\.autopilot\db\lenet_support.pp.0.cpp:12771:71: error: Invalid Directive: for current device, ROM_1P + LUTRAM is invalid combination for BIND_STORAGE's option 'type + impl' [clang-diagnostic-error]
#pragma HLS BIND_STORAGE variable=second_order_float::sin_cos_K0 type=ROM_1P impl=LUTRAM
                                                                      ^
C:\Users\Baron\Desktop\EE_278_Repo\EE_278\vivado_projects\HLS\EE278_term_proj\lenet_proj\lenet_predict\.autopilot\db\lenet_support.pp.0.cpp:12772:71: error: Invalid Directive: for current device, ROM_1P + LUTRAM is invalid combination for BIND_STORAGE's option 'type + impl' [clang-diagnostic-error]
#pragma HLS BIND_STORAGE variable=second_order_float::sin_cos_K1 type=ROM_1P impl=LUTRAM
                                                                      ^
C:\Users\Baron\Desktop\EE_278_Repo\EE_278\vivado_projects\HLS\EE278_term_proj\lenet_proj\lenet_predict\.autopilot\db\lenet_support.pp.0.cpp:12773:71: error: Invalid Directive: for current device, ROM_1P + LUTRAM is invalid combination for BIND_STORAGE's option 'type + impl' [clang-diagnostic-error]
#pragma HLS BIND_STORAGE variable=second_order_float::sin_cos_K2 type=ROM_1P impl=LUTRAM
                                                                      ^
C:\Users\Baron\Desktop\EE_278_Repo\EE_278\vivado_projects\HLS\EE278_term_proj\lenet_proj\lenet_predict\.autopilot\db\lenet_support.pp.0.cpp:12800:67: error: Invalid Directive: for current device, ROM_1P + LUTRAM is invalid combination for BIND_STORAGE's option 'type + impl' [clang-diagnostic-error]
#pragma HLS BIND_STORAGE variable=second_order_float::cos_K0 type=ROM_1P impl=LUTRAM
                                                                  ^
C:\Users\Baron\Desktop\EE_278_Repo\EE_278\vivado_projects\HLS\EE278_term_proj\lenet_proj\lenet_predict\.autopilot\db\lenet_support.pp.0.cpp:12801:67: error: Invalid Directive: for current device, ROM_1P + LUTRAM is invalid combination for BIND_STORAGE's option 'type + impl' [clang-diagnostic-error]
#pragma HLS BIND_STORAGE variable=second_order_float::cos_K1 type=ROM_1P impl=LUTRAM
                                                                  ^
C:\Users\Baron\Desktop\EE_278_Repo\EE_278\vivado_projects\HLS\EE278_term_proj\lenet_proj\lenet_predict\.autopilot\db\lenet_support.pp.0.cpp:12802:67: error: Invalid Directive: for current device, ROM_1P + LUTRAM is invalid combination for BIND_STORAGE's option 'type + impl' [clang-diagnostic-error]
#pragma HLS BIND_STORAGE variable=second_order_float::cos_K2 type=ROM_1P impl=LUTRAM
                                                                  ^
C:\Users\Baron\Desktop\EE_278_Repo\EE_278\vivado_projects\HLS\EE278_term_proj\lenet_proj\lenet_predict\.autopilot\db\lenet_support.pp.0.cpp:12803:67: error: Invalid Directive: for current device, ROM_1P + LUTRAM is invalid combination for BIND_STORAGE's option 'type + impl' [clang-diagnostic-error]
#pragma HLS BIND_STORAGE variable=second_order_float::sin_K0 type=ROM_1P impl=LUTRAM
                                                                  ^
C:\Users\Baron\Desktop\EE_278_Repo\EE_278\vivado_projects\HLS\EE278_term_proj\lenet_proj\lenet_predict\.autopilot\db\lenet_support.pp.0.cpp:12804:67: error: Invalid Directive: for current device, ROM_1P + LUTRAM is invalid combination for BIND_STORAGE's option 'type + impl' [clang-diagnostic-error]
#pragma HLS BIND_STORAGE variable=second_order_float::sin_K1 type=ROM_1P impl=LUTRAM
                                                                  ^
C:\Users\Baron\Desktop\EE_278_Repo\EE_278\vivado_projects\HLS\EE278_term_proj\lenet_proj\lenet_predict\.autopilot\db\lenet_support.pp.0.cpp:12805:67: error: Invalid Directive: for current device, ROM_1P + LUTRAM is invalid combination for BIND_STORAGE's option 'type + impl' [clang-diagnostic-error]
#pragma HLS BIND_STORAGE variable=second_order_float::sin_K2 type=ROM_1P impl=LUTRAM
                                                                  ^
C:\Users\Baron\Desktop\EE_278_Repo\EE_278\vivado_projects\HLS\EE278_term_proj\lenet_proj\lenet_predict\.autopilot\db\lenet_support.pp.0.cpp:12841:73: error: Invalid Directive: for current device, ROM_1P + LUTRAM is invalid combination for BIND_STORAGE's option 'type + impl' [clang-diagnostic-error]
#pragma HLS BIND_STORAGE variable=first_order_fixed_16::sin_cos_K0 type=ROM_1P impl=LUTRAM
                                                                        ^
C:\Users\Baron\Desktop\EE_278_Repo\EE_278\vivado_projects\HLS\EE278_term_proj\lenet_proj\lenet_predict\.autopilot\db\lenet_support.pp.0.cpp:12842:73: error: Invalid Directive: for current device, ROM_1P + LUTRAM is invalid combination for BIND_STORAGE's option 'type + impl' [clang-diagnostic-error]
#pragma HLS BIND_STORAGE variable=first_order_fixed_16::sin_cos_K1 type=ROM_1P impl=LUTRAM
                                                                        ^
C:\Users\Baron\Desktop\EE_278_Repo\EE_278\vivado_projects\HLS\EE278_term_proj\lenet_proj\lenet_predict\.autopilot\db\lenet_support.pp.0.cpp:13116:5: warning: Added loop label VITIS_LOOP_87_1:   [xilinx-label-all-loops]
    for (int n=0; n<Nmax; n++){
    ^~~
    VITIS_LOOP_87_1: 
C:\Users\Baron\Desktop\EE_278_Repo\EE_278\vivado_projects\HLS\EE278_term_proj\lenet_proj\lenet_predict\.autopilot\db\lenet_support.pp.0.cpp:13116:5: note: FIX-IT applied suggested code changes
C:\Users\Baron\Desktop\EE_278_Repo\EE_278\vivado_projects\HLS\EE278_term_proj\lenet_proj\lenet_predict\.autopilot\db\lenet_support.pp.0.cpp:13162:5: warning: Added loop label VITIS_LOOP_143_1:   [xilinx-label-all-loops]
    for (int n=0; n<Nmax; n++){
    ^~~
    VITIS_LOOP_143_1: 
C:\Users\Baron\Desktop\EE_278_Repo\EE_278\vivado_projects\HLS\EE278_term_proj\lenet_proj\lenet_predict\.autopilot\db\lenet_support.pp.0.cpp:13162:5: note: FIX-IT applied suggested code changes
C:\Users\Baron\Desktop\EE_278_Repo\EE_278\vivado_projects\HLS\EE278_term_proj\lenet_proj\lenet_predict\.autopilot\db\lenet_support.pp.0.cpp:13325:9: warning: Added loop label VITIS_LOOP_315_1:   [xilinx-label-all-loops]
        for(int i=0;i<W-1;i++){
        ^~~
        VITIS_LOOP_315_1: 
C:\Users\Baron\Desktop\EE_278_Repo\EE_278\vivado_projects\HLS\EE278_term_proj\lenet_proj\lenet_predict\.autopilot\db\lenet_support.pp.0.cpp:13325:9: note: FIX-IT applied suggested code changes
C:\Users\Baron\Desktop\EE_278_Repo\EE_278\vivado_projects\HLS\EE278_term_proj\lenet_proj\lenet_predict\.autopilot\db\lenet_support.pp.0.cpp:13477:9: warning: Added loop label VITIS_LOOP_475_1:   [xilinx-label-all-loops]
        for(int i=0;i<W-1;i++){
        ^~~
        VITIS_LOOP_475_1: 
C:\Users\Baron\Desktop\EE_278_Repo\EE_278\vivado_projects\HLS\EE278_term_proj\lenet_proj\lenet_predict\.autopilot\db\lenet_support.pp.0.cpp:13477:9: note: FIX-IT applied suggested code changes
C:\Users\Baron\Desktop\EE_278_Repo\EE_278\vivado_projects\HLS\EE278_term_proj\lenet_proj\lenet_predict\.autopilot\db\lenet_support.pp.0.cpp:13657:5: warning: Added loop label VITIS_LOOP_655_1:   [xilinx-label-all-loops]
    for(int i=0;i<W+1;i++){
    ^~~
    VITIS_LOOP_655_1: 
C:\Users\Baron\Desktop\EE_278_Repo\EE_278\vivado_projects\HLS\EE278_term_proj\lenet_proj\lenet_predict\.autopilot\db\lenet_support.pp.0.cpp:13657:5: note: FIX-IT applied suggested code changes
C:\Users\Baron\Desktop\EE_278_Repo\EE_278\vivado_projects\HLS\EE278_term_proj\lenet_proj\lenet_predict\.autopilot\db\lenet_support.pp.0.cpp:13661:5: warning: Added loop label VITIS_LOOP_659_2:   [xilinx-label-all-loops]
    for(int i=0;i<W+1;i++){
    ^~~
    VITIS_LOOP_659_2: 
C:\Users\Baron\Desktop\EE_278_Repo\EE_278\vivado_projects\HLS\EE278_term_proj\lenet_proj\lenet_predict\.autopilot\db\lenet_support.pp.0.cpp:13661:5: note: FIX-IT applied suggested code changes
C:\Users\Baron\Desktop\EE_278_Repo\EE_278\vivado_projects\HLS\EE278_term_proj\lenet_proj\lenet_predict\.autopilot\db\lenet_support.pp.0.cpp:13771:5: warning: Added loop label VITIS_LOOP_769_1:   [xilinx-label-all-loops]
    for (int n=0; n<Nmax; n++){
    ^~~
    VITIS_LOOP_769_1: 
C:\Users\Baron\Desktop\EE_278_Repo\EE_278\vivado_projects\HLS\EE278_term_proj\lenet_proj\lenet_predict\.autopilot\db\lenet_support.pp.0.cpp:13771:5: note: FIX-IT applied suggested code changes
C:\Users\Baron\Desktop\EE_278_Repo\EE_278\vivado_projects\HLS\EE278_term_proj\lenet_proj\lenet_predict\.autopilot\db\lenet_support.pp.0.cpp:13861:7: warning: Added loop label VITIS_LOOP_866_1:   [xilinx-label-all-loops]
      for(int i=0;i<W-1;i++){
      ^~~
      VITIS_LOOP_866_1: 
C:\Users\Baron\Desktop\EE_278_Repo\EE_278\vivado_projects\HLS\EE278_term_proj\lenet_proj\lenet_predict\.autopilot\db\lenet_support.pp.0.cpp:13861:7: note: FIX-IT applied suggested code changes
C:\Users\Baron\Desktop\EE_278_Repo\EE_278\vivado_projects\HLS\EE278_term_proj\lenet_proj\lenet_predict\.autopilot\db\lenet_support.pp.0.cpp:13880:7: warning: Added loop label VITIS_LOOP_885_2:   [xilinx-label-all-loops]
      for(int i=0;i<W-1;i++){
      ^~~
      VITIS_LOOP_885_2: 
C:\Users\Baron\Desktop\EE_278_Repo\EE_278\vivado_projects\HLS\EE278_term_proj\lenet_proj\lenet_predict\.autopilot\db\lenet_support.pp.0.cpp:13880:7: note: FIX-IT applied suggested code changes
C:\Users\Baron\Desktop\EE_278_Repo\EE_278\vivado_projects\HLS\EE278_term_proj\lenet_proj\lenet_predict\.autopilot\db\lenet_support.pp.0.cpp:14170:5: warning: Added loop label VITIS_LOOP_1199_1:   [xilinx-label-all-loops]
    for(int i=0; i<Nmax; i++) {
    ^~~
    VITIS_LOOP_1199_1: 
C:\Users\Baron\Desktop\EE_278_Repo\EE_278\vivado_projects\HLS\EE278_term_proj\lenet_proj\lenet_predict\.autopilot\db\lenet_support.pp.0.cpp:14170:5: note: FIX-IT applied suggested code changes
C:\Users\Baron\Desktop\EE_278_Repo\EE_278\vivado_projects\HLS\EE278_term_proj\lenet_proj\lenet_predict\.autopilot\db\lenet_support.pp.0.cpp:14253:5: warning: Added loop label VITIS_LOOP_1282_1:   [xilinx-label-all-loops]
    for(int i=0; i<Nmax; i++) {
    ^~~
    VITIS_LOOP_1282_1: 
C:\Users\Baron\Desktop\EE_278_Repo\EE_278\vivado_projects\HLS\EE278_term_proj\lenet_proj\lenet_predict\.autopilot\db\lenet_support.pp.0.cpp:14253:5: note: FIX-IT applied suggested code changes
C:\Users\Baron\Desktop\EE_278_Repo\EE_278\vivado_projects\HLS\EE278_term_proj\lenet_proj\lenet_predict\.autopilot\db\lenet_support.pp.0.cpp:14659:13: warning: Added loop label VITIS_LOOP_94_1:   [xilinx-label-all-loops]
            for (int j = 3; j >= I_+1; j--) {
            ^~~
            VITIS_LOOP_94_1: 
C:\Users\Baron\Desktop\EE_278_Repo\EE_278\vivado_projects\HLS\EE278_term_proj\lenet_proj\lenet_predict\.autopilot\db\lenet_support.pp.0.cpp:14659:13: note: FIX-IT applied suggested code changes
C:\Users\Baron\Desktop\EE_278_Repo\EE_278\vivado_projects\HLS\EE278_term_proj\lenet_proj\lenet_predict\.autopilot\db\lenet_support.pp.0.cpp:14665:17: warning: Added loop label VITIS_LOOP_100_2:   [xilinx-label-all-loops]
                for (int j = 3; j >= I_+1; j--){
                ^~~
                VITIS_LOOP_100_2: 
C:\Users\Baron\Desktop\EE_278_Repo\EE_278\vivado_projects\HLS\EE278_term_proj\lenet_proj\lenet_predict\.autopilot\db\lenet_support.pp.0.cpp:14665:17: note: FIX-IT applied suggested code changes
C:\Users\Baron\Desktop\EE_278_Repo\EE_278\vivado_projects\HLS\EE278_term_proj\lenet_proj\lenet_predict\.autopilot\db\lenet_support.pp.0.cpp:14669:17: warning: Added loop label VITIS_LOOP_104_3:   [xilinx-label-all-loops]
                for (int j = I_; j >= 0; j--){
                ^~~
                VITIS_LOOP_104_3: 
C:\Users\Baron\Desktop\EE_278_Repo\EE_278\vivado_projects\HLS\EE278_term_proj\lenet_proj\lenet_predict\.autopilot\db\lenet_support.pp.0.cpp:14669:17: note: FIX-IT applied suggested code changes
C:\Users\Baron\Desktop\EE_278_Repo\EE_278\vivado_projects\HLS\EE278_term_proj\lenet_proj\lenet_predict\.autopilot\db\lenet_support.pp.0.cpp:14717:13: warning: Added loop label VITIS_LOOP_171_4:   [xilinx-label-all-loops]
            for (int j = 9; j >= I_+4; j--) {
            ^~~
            VITIS_LOOP_171_4: 
C:\Users\Baron\Desktop\EE_278_Repo\EE_278\vivado_projects\HLS\EE278_term_proj\lenet_proj\lenet_predict\.autopilot\db\lenet_support.pp.0.cpp:14717:13: note: FIX-IT applied suggested code changes
C:\Users\Baron\Desktop\EE_278_Repo\EE_278\vivado_projects\HLS\EE278_term_proj\lenet_proj\lenet_predict\.autopilot\db\lenet_support.pp.0.cpp:14723:17: warning: Added loop label VITIS_LOOP_177_5:   [xilinx-label-all-loops]
                for (int j = 9; j >= I_+4; j--){
                ^~~
                VITIS_LOOP_177_5: 
C:\Users\Baron\Desktop\EE_278_Repo\EE_278\vivado_projects\HLS\EE278_term_proj\lenet_proj\lenet_predict\.autopilot\db\lenet_support.pp.0.cpp:14723:17: note: FIX-IT applied suggested code changes
C:\Users\Baron\Desktop\EE_278_Repo\EE_278\vivado_projects\HLS\EE278_term_proj\lenet_proj\lenet_predict\.autopilot\db\lenet_support.pp.0.cpp:14727:17: warning: Added loop label VITIS_LOOP_181_6:   [xilinx-label-all-loops]
                for (int j = I_+3; j >= 0; j--){
                ^~~
                VITIS_LOOP_181_6: 
C:\Users\Baron\Desktop\EE_278_Repo\EE_278\vivado_projects\HLS\EE278_term_proj\lenet_proj\lenet_predict\.autopilot\db\lenet_support.pp.0.cpp:14727:17: note: FIX-IT applied suggested code changes
C:\Users\Baron\Desktop\EE_278_Repo\EE_278\vivado_projects\HLS\EE278_term_proj\lenet_proj\lenet_predict\.autopilot\db\lenet_support.pp.0.cpp:14742:9: warning: Added loop label VITIS_LOOP_196_7:   [xilinx-label-all-loops]
        for (int j = 14; j < 22; j++){
        ^~~
        VITIS_LOOP_196_7: 
C:\Users\Baron\Desktop\EE_278_Repo\EE_278\vivado_projects\HLS\EE278_term_proj\lenet_proj\lenet_predict\.autopilot\db\lenet_support.pp.0.cpp:14742:9: note: FIX-IT applied suggested code changes
C:\Users\Baron\Desktop\EE_278_Repo\EE_278\vivado_projects\HLS\EE278_term_proj\lenet_proj\lenet_predict\.autopilot\db\lenet_support.pp.0.cpp:14750:17: warning: Added loop label VITIS_LOOP_204_8:   [xilinx-label-all-loops]
                for (int j = 0; j < 22; j++){
                ^~~
                VITIS_LOOP_204_8: 
C:\Users\Baron\Desktop\EE_278_Repo\EE_278\vivado_projects\HLS\EE278_term_proj\lenet_proj\lenet_predict\.autopilot\db\lenet_support.pp.0.cpp:14750:17: note: FIX-IT applied suggested code changes
C:\Users\Baron\Desktop\EE_278_Repo\EE_278\vivado_projects\HLS\EE278_term_proj\lenet_proj\lenet_predict\.autopilot\db\lenet_support.pp.0.cpp:14815:13: warning: Added loop label VITIS_LOOP_269_9:   [xilinx-label-all-loops]
            for (int j = 21; j >= I_+10; j--) {
            ^~~
            VITIS_LOOP_269_9: 
C:\Users\Baron\Desktop\EE_278_Repo\EE_278\vivado_projects\HLS\EE278_term_proj\lenet_proj\lenet_predict\.autopilot\db\lenet_support.pp.0.cpp:14815:13: note: FIX-IT applied suggested code changes
C:\Users\Baron\Desktop\EE_278_Repo\EE_278\vivado_projects\HLS\EE278_term_proj\lenet_proj\lenet_predict\.autopilot\db\lenet_support.pp.0.cpp:14821:17: warning: Added loop label VITIS_LOOP_275_10:   [xilinx-label-all-loops]
                for (int j = 21; j >= I_+10; j--) {
                ^~~
                VITIS_LOOP_275_10: 
C:\Users\Baron\Desktop\EE_278_Repo\EE_278\vivado_projects\HLS\EE278_term_proj\lenet_proj\lenet_predict\.autopilot\db\lenet_support.pp.0.cpp:14821:17: note: FIX-IT applied suggested code changes
C:\Users\Baron\Desktop\EE_278_Repo\EE_278\vivado_projects\HLS\EE278_term_proj\lenet_proj\lenet_predict\.autopilot\db\lenet_support.pp.0.cpp:14825:17: warning: Added loop label VITIS_LOOP_279_11:   [xilinx-label-all-loops]
                for (int j = I_+9; j >= 0; j--) {
                ^~~
                VITIS_LOOP_279_11: 
C:\Users\Baron\Desktop\EE_278_Repo\EE_278\vivado_projects\HLS\EE278_term_proj\lenet_proj\lenet_predict\.autopilot\db\lenet_support.pp.0.cpp:14825:17: note: FIX-IT applied suggested code changes
C:\Users\Baron\Desktop\EE_278_Repo\EE_278\vivado_projects\HLS\EE278_term_proj\lenet_proj\lenet_predict\.autopilot\db\lenet_support.pp.0.cpp:14840:9: warning: Added loop label VITIS_LOOP_294_12:   [xilinx-label-all-loops]
        for (int j = 27; j < 46; j++){
        ^~~
        VITIS_LOOP_294_12: 
C:\Users\Baron\Desktop\EE_278_Repo\EE_278\vivado_projects\HLS\EE278_term_proj\lenet_proj\lenet_predict\.autopilot\db\lenet_support.pp.0.cpp:14840:9: note: FIX-IT applied suggested code changes
C:\Users\Baron\Desktop\EE_278_Repo\EE_278\vivado_projects\HLS\EE278_term_proj\lenet_proj\lenet_predict\.autopilot\db\lenet_support.pp.0.cpp:14848:17: warning: Added loop label VITIS_LOOP_302_13:   [xilinx-label-all-loops]
                for (int j = 0; j < 46; j++) {
                ^~~
                VITIS_LOOP_302_13: 
C:\Users\Baron\Desktop\EE_278_Repo\EE_278\vivado_projects\HLS\EE278_term_proj\lenet_proj\lenet_predict\.autopilot\db\lenet_support.pp.0.cpp:14848:17: note: FIX-IT applied suggested code changes
C:\Users\Baron\Desktop\EE_278_Repo\EE_278\vivado_projects\HLS\EE278_term_proj\lenet_proj\lenet_predict\.autopilot\db\lenet_support.pp.0.cpp:15077:13: warning: Added loop label VITIS_LOOP_531_14:   [xilinx-label-all-loops]
            for (int j = 45; j >= I_+22; j--) {
            ^~~
            VITIS_LOOP_531_14: 
C:\Users\Baron\Desktop\EE_278_Repo\EE_278\vivado_projects\HLS\EE278_term_proj\lenet_proj\lenet_predict\.autopilot\db\lenet_support.pp.0.cpp:15077:13: note: FIX-IT applied suggested code changes
C:\Users\Baron\Desktop\EE_278_Repo\EE_278\vivado_projects\HLS\EE278_term_proj\lenet_proj\lenet_predict\.autopilot\db\lenet_support.pp.0.cpp:15083:17: warning: Added loop label VITIS_LOOP_537_15:   [xilinx-label-all-loops]
                for (int j = 45; j >= I_+22; j--){
                ^~~
                VITIS_LOOP_537_15: 
C:\Users\Baron\Desktop\EE_278_Repo\EE_278\vivado_projects\HLS\EE278_term_proj\lenet_proj\lenet_predict\.autopilot\db\lenet_support.pp.0.cpp:15083:17: note: FIX-IT applied suggested code changes
C:\Users\Baron\Desktop\EE_278_Repo\EE_278\vivado_projects\HLS\EE278_term_proj\lenet_proj\lenet_predict\.autopilot\db\lenet_support.pp.0.cpp:15087:17: warning: Added loop label VITIS_LOOP_541_16:   [xilinx-label-all-loops]
                for (int j = I_+21; j >= 0; j--) {
                ^~~
                VITIS_LOOP_541_16: 
C:\Users\Baron\Desktop\EE_278_Repo\EE_278\vivado_projects\HLS\EE278_term_proj\lenet_proj\lenet_predict\.autopilot\db\lenet_support.pp.0.cpp:15087:17: note: FIX-IT applied suggested code changes
C:\Users\Baron\Desktop\EE_278_Repo\EE_278\vivado_projects\HLS\EE278_term_proj\lenet_proj\lenet_predict\.autopilot\db\lenet_support.pp.0.cpp:15097:9: warning: Added loop label VITIS_LOOP_551_17:   [xilinx-label-all-loops]
        for (int j = 32-F_; j < 32+I_; j++){
        ^~~
        VITIS_LOOP_551_17: 
C:\Users\Baron\Desktop\EE_278_Repo\EE_278\vivado_projects\HLS\EE278_term_proj\lenet_proj\lenet_predict\.autopilot\db\lenet_support.pp.0.cpp:15097:9: note: FIX-IT applied suggested code changes
C:\Users\Baron\Desktop\EE_278_Repo\EE_278\vivado_projects\HLS\EE278_term_proj\lenet_proj\lenet_predict\.autopilot\db\lenet_support.pp.0.cpp:15101:9: warning: Added loop label VITIS_LOOP_555_18:   [xilinx-label-all-loops]
        for (int j = 32+I_; j <= 64; j++){
        ^~~
        VITIS_LOOP_555_18: 
C:\Users\Baron\Desktop\EE_278_Repo\EE_278\vivado_projects\HLS\EE278_term_proj\lenet_proj\lenet_predict\.autopilot\db\lenet_support.pp.0.cpp:15101:9: note: FIX-IT applied suggested code changes
C:\Users\Baron\Desktop\EE_278_Repo\EE_278\vivado_projects\HLS\EE278_term_proj\lenet_proj\lenet_predict\.autopilot\db\lenet_support.pp.0.cpp:15111:9: warning: Added loop label VITIS_LOOP_565_19:   [xilinx-label-all-loops]
        for (int j = 37; j < 64; j++) {
        ^~~
        VITIS_LOOP_565_19: 
C:\Users\Baron\Desktop\EE_278_Repo\EE_278\vivado_projects\HLS\EE278_term_proj\lenet_proj\lenet_predict\.autopilot\db\lenet_support.pp.0.cpp:15111:9: note: FIX-IT applied suggested code changes
C:\Users\Baron\Desktop\EE_278_Repo\EE_278\vivado_projects\HLS\EE278_term_proj\lenet_proj\lenet_predict\.autopilot\db\lenet_support.pp.0.cpp:15119:17: warning: Added loop label VITIS_LOOP_573_20:   [xilinx-label-all-loops]
                for (int j = 0; j < 64; j++){
                ^~~
                VITIS_LOOP_573_20: 
C:\Users\Baron\Desktop\EE_278_Repo\EE_278\vivado_projects\HLS\EE278_term_proj\lenet_proj\lenet_predict\.autopilot\db\lenet_support.pp.0.cpp:15119:17: note: FIX-IT applied suggested code changes
C:\Users\Baron\Desktop\EE_278_Repo\EE_278\vivado_projects\HLS\EE278_term_proj\lenet_proj\lenet_predict\.autopilot\db\lenet_support.pp.0.cpp:15480:13: warning: Added loop label VITIS_LOOP_934_21:   [xilinx-label-all-loops]
            for (int j = 63; j >= I_+31; j--) {
            ^~~
            VITIS_LOOP_934_21: 
C:\Users\Baron\Desktop\EE_278_Repo\EE_278\vivado_projects\HLS\EE278_term_proj\lenet_proj\lenet_predict\.autopilot\db\lenet_support.pp.0.cpp:15480:13: note: FIX-IT applied suggested code changes
C:\Users\Baron\Desktop\EE_278_Repo\EE_278\vivado_projects\HLS\EE278_term_proj\lenet_proj\lenet_predict\.autopilot\db\lenet_support.pp.0.cpp:15486:17: warning: Added loop label VITIS_LOOP_940_22:   [xilinx-label-all-loops]
                for (int j = 63; j >= I_+31; j--) {
                ^~~
                VITIS_LOOP_940_22: 
C:\Users\Baron\Desktop\EE_278_Repo\EE_278\vivado_projects\HLS\EE278_term_proj\lenet_proj\lenet_predict\.autopilot\db\lenet_support.pp.0.cpp:15486:17: note: FIX-IT applied suggested code changes
C:\Users\Baron\Desktop\EE_278_Repo\EE_278\vivado_projects\HLS\EE278_term_proj\lenet_proj\lenet_predict\.autopilot\db\lenet_support.pp.0.cpp:15490:17: warning: Added loop label VITIS_LOOP_944_23:   [xilinx-label-all-loops]
                for (int j = I_+30; j >= 0; j--) {
                ^~~
                VITIS_LOOP_944_23: 
C:\Users\Baron\Desktop\EE_278_Repo\EE_278\vivado_projects\HLS\EE278_term_proj\lenet_proj\lenet_predict\.autopilot\db\lenet_support.pp.0.cpp:15490:17: note: FIX-IT applied suggested code changes
C:\Users\Baron\Desktop\EE_278_Repo\EE_278\vivado_projects\HLS\EE278_term_proj\lenet_proj\lenet_predict\.autopilot\db\lenet_support.pp.0.cpp:15606:13: warning: Added loop label VITIS_LOOP_1060_1:   [xilinx-label-all-loops]
            for (int j = 4; j >= I_+1; j--) {
            ^~~
            VITIS_LOOP_1060_1: 
C:\Users\Baron\Desktop\EE_278_Repo\EE_278\vivado_projects\HLS\EE278_term_proj\lenet_proj\lenet_predict\.autopilot\db\lenet_support.pp.0.cpp:15606:13: note: FIX-IT applied suggested code changes
C:\Users\Baron\Desktop\EE_278_Repo\EE_278\vivado_projects\HLS\EE278_term_proj\lenet_proj\lenet_predict\.autopilot\db\lenet_support.pp.0.cpp:15612:17: warning: Added loop label VITIS_LOOP_1066_2:   [xilinx-label-all-loops]
                for (int j = 4; j >= I_+1; j--) {
                ^~~
                VITIS_LOOP_1066_2: 
C:\Users\Baron\Desktop\EE_278_Repo\EE_278\vivado_projects\HLS\EE278_term_proj\lenet_proj\lenet_predict\.autopilot\db\lenet_support.pp.0.cpp:15612:17: note: FIX-IT applied suggested code changes
C:\Users\Baron\Desktop\EE_278_Repo\EE_278\vivado_projects\HLS\EE278_term_proj\lenet_proj\lenet_predict\.autopilot\db\lenet_support.pp.0.cpp:15616:17: warning: Added loop label VITIS_LOOP_1070_3:   [xilinx-label-all-loops]
                for (int j = I_; j >= 0; j--) {
                ^~~
                VITIS_LOOP_1070_3: 
C:\Users\Baron\Desktop\EE_278_Repo\EE_278\vivado_projects\HLS\EE278_term_proj\lenet_proj\lenet_predict\.autopilot\db\lenet_support.pp.0.cpp:15616:17: note: FIX-IT applied suggested code changes
C:\Users\Baron\Desktop\EE_278_Repo\EE_278\vivado_projects\HLS\EE278_term_proj\lenet_proj\lenet_predict\.autopilot\db\lenet_support.pp.0.cpp:15703:13: warning: Added loop label VITIS_LOOP_1157_4:   [xilinx-label-all-loops]
            for (int j = 10; j >= I_+4; j--) {
            ^~~
            VITIS_LOOP_1157_4: 
C:\Users\Baron\Desktop\EE_278_Repo\EE_278\vivado_projects\HLS\EE278_term_proj\lenet_proj\lenet_predict\.autopilot\db\lenet_support.pp.0.cpp:15703:13: note: FIX-IT applied suggested code changes
C:\Users\Baron\Desktop\EE_278_Repo\EE_278\vivado_projects\HLS\EE278_term_proj\lenet_proj\lenet_predict\.autopilot\db\lenet_support.pp.0.cpp:15709:17: warning: Added loop label VITIS_LOOP_1163_5:   [xilinx-label-all-loops]
                for (int j = 10; j >= I_+4; j--) {
                ^~~
                VITIS_LOOP_1163_5: 
C:\Users\Baron\Desktop\EE_278_Repo\EE_278\vivado_projects\HLS\EE278_term_proj\lenet_proj\lenet_predict\.autopilot\db\lenet_support.pp.0.cpp:15709:17: note: FIX-IT applied suggested code changes
C:\Users\Baron\Desktop\EE_278_Repo\EE_278\vivado_projects\HLS\EE278_term_proj\lenet_proj\lenet_predict\.autopilot\db\lenet_support.pp.0.cpp:15713:17: warning: Added loop label VITIS_LOOP_1167_6:   [xilinx-label-all-loops]
                for (int j = I_+3; j >= 0; j--) {
                ^~~
                VITIS_LOOP_1167_6: 
C:\Users\Baron\Desktop\EE_278_Repo\EE_278\vivado_projects\HLS\EE278_term_proj\lenet_proj\lenet_predict\.autopilot\db\lenet_support.pp.0.cpp:15713:17: note: FIX-IT applied suggested code changes
C:\Users\Baron\Desktop\EE_278_Repo\EE_278\vivado_projects\HLS\EE278_term_proj\lenet_proj\lenet_predict\.autopilot\db\lenet_support.pp.0.cpp:15732:9: warning: Added loop label VITIS_LOOP_1186_7:   [xilinx-label-all-loops]
        for (int j = wf+3; j < w-1; j++) {
        ^~~
        VITIS_LOOP_1186_7: 
C:\Users\Baron\Desktop\EE_278_Repo\EE_278\vivado_projects\HLS\EE278_term_proj\lenet_proj\lenet_predict\.autopilot\db\lenet_support.pp.0.cpp:15732:9: note: FIX-IT applied suggested code changes
C:\Users\Baron\Desktop\EE_278_Repo\EE_278\vivado_projects\HLS\EE278_term_proj\lenet_proj\lenet_predict\.autopilot\db\lenet_support.pp.0.cpp:15739:17: warning: Added loop label VITIS_LOOP_1193_8:   [xilinx-label-all-loops]
                for (int j = 0; j < 22; j++) {
                ^~~
                VITIS_LOOP_1193_8: 
C:\Users\Baron\Desktop\EE_278_Repo\EE_278\vivado_projects\HLS\EE278_term_proj\lenet_proj\lenet_predict\.autopilot\db\lenet_support.pp.0.cpp:15739:17: note: FIX-IT applied suggested code changes
C:\Users\Baron\Desktop\EE_278_Repo\EE_278\vivado_projects\HLS\EE278_term_proj\lenet_proj\lenet_predict\.autopilot\db\lenet_support.pp.0.cpp:15855:13: warning: Added loop label VITIS_LOOP_1309_9:   [xilinx-label-all-loops]
            for (int j = 22; j >= I_+10; j--) {
            ^~~
            VITIS_LOOP_1309_9: 
C:\Users\Baron\Desktop\EE_278_Repo\EE_278\vivado_projects\HLS\EE278_term_proj\lenet_proj\lenet_predict\.autopilot\db\lenet_support.pp.0.cpp:15855:13: note: FIX-IT applied suggested code changes
C:\Users\Baron\Desktop\EE_278_Repo\EE_278\vivado_projects\HLS\EE278_term_proj\lenet_proj\lenet_predict\.autopilot\db\lenet_support.pp.0.cpp:15861:17: warning: Added loop label VITIS_LOOP_1315_10:   [xilinx-label-all-loops]
                for (int j = 22; j >= I_+10; j--){
                ^~~
                VITIS_LOOP_1315_10: 
C:\Users\Baron\Desktop\EE_278_Repo\EE_278\vivado_projects\HLS\EE278_term_proj\lenet_proj\lenet_predict\.autopilot\db\lenet_support.pp.0.cpp:15861:17: note: FIX-IT applied suggested code changes
C:\Users\Baron\Desktop\EE_278_Repo\EE_278\vivado_projects\HLS\EE278_term_proj\lenet_proj\lenet_predict\.autopilot\db\lenet_support.pp.0.cpp:15865:17: warning: Added loop label VITIS_LOOP_1319_11:   [xilinx-label-all-loops]
                for (int j = I_+9; j >= 0; j--) {
                ^~~
                VITIS_LOOP_1319_11: 
C:\Users\Baron\Desktop\EE_278_Repo\EE_278\vivado_projects\HLS\EE278_term_proj\lenet_proj\lenet_predict\.autopilot\db\lenet_support.pp.0.cpp:15865:17: note: FIX-IT applied suggested code changes
C:\Users\Baron\Desktop\EE_278_Repo\EE_278\vivado_projects\HLS\EE278_term_proj\lenet_proj\lenet_predict\.autopilot\db\lenet_support.pp.0.cpp:15885:9: warning: Added loop label VITIS_LOOP_1339_12:   [xilinx-label-all-loops]
        for (int j = wf+4; j < w-1; j++){
        ^~~
        VITIS_LOOP_1339_12: 
C:\Users\Baron\Desktop\EE_278_Repo\EE_278\vivado_projects\HLS\EE278_term_proj\lenet_proj\lenet_predict\.autopilot\db\lenet_support.pp.0.cpp:15885:9: note: FIX-IT applied suggested code changes
C:\Users\Baron\Desktop\EE_278_Repo\EE_278\vivado_projects\HLS\EE278_term_proj\lenet_proj\lenet_predict\.autopilot\db\lenet_support.pp.0.cpp:15892:17: warning: Added loop label VITIS_LOOP_1346_13:   [xilinx-label-all-loops]
                for (int j = 0; j < 46; j++) {
                ^~~
                VITIS_LOOP_1346_13: 
C:\Users\Baron\Desktop\EE_278_Repo\EE_278\vivado_projects\HLS\EE278_term_proj\lenet_proj\lenet_predict\.autopilot\db\lenet_support.pp.0.cpp:15892:17: note: FIX-IT applied suggested code changes
C:\Users\Baron\Desktop\EE_278_Repo\EE_278\vivado_projects\HLS\EE278_term_proj\lenet_proj\lenet_predict\.autopilot\db\lenet_support.pp.0.cpp:16154:13: warning: Added loop label VITIS_LOOP_1608_14:   [xilinx-label-all-loops]
            for (int j = 46; j >= I_+22; j--) {
            ^~~
            VITIS_LOOP_1608_14: 
C:\Users\Baron\Desktop\EE_278_Repo\EE_278\vivado_projects\HLS\EE278_term_proj\lenet_proj\lenet_predict\.autopilot\db\lenet_support.pp.0.cpp:16154:13: note: FIX-IT applied suggested code changes
C:\Users\Baron\Desktop\EE_278_Repo\EE_278\vivado_projects\HLS\EE278_term_proj\lenet_proj\lenet_predict\.autopilot\db\lenet_support.pp.0.cpp:16160:17: warning: Added loop label VITIS_LOOP_1614_15:   [xilinx-label-all-loops]
                for (int j = 46; j >= I_+22; j--) {
                ^~~
                VITIS_LOOP_1614_15: 
C:\Users\Baron\Desktop\EE_278_Repo\EE_278\vivado_projects\HLS\EE278_term_proj\lenet_proj\lenet_predict\.autopilot\db\lenet_support.pp.0.cpp:16160:17: note: FIX-IT applied suggested code changes
C:\Users\Baron\Desktop\EE_278_Repo\EE_278\vivado_projects\HLS\EE278_term_proj\lenet_proj\lenet_predict\.autopilot\db\lenet_support.pp.0.cpp:16164:17: warning: Added loop label VITIS_LOOP_1618_16:   [xilinx-label-all-loops]
                for (int j = I_+21; j >= 0; j--) {
                ^~~
                VITIS_LOOP_1618_16: 
C:\Users\Baron\Desktop\EE_278_Repo\EE_278\vivado_projects\HLS\EE278_term_proj\lenet_proj\lenet_predict\.autopilot\db\lenet_support.pp.0.cpp:16164:17: note: FIX-IT applied suggested code changes
C:\Users\Baron\Desktop\EE_278_Repo\EE_278\vivado_projects\HLS\EE278_term_proj\lenet_proj\lenet_predict\.autopilot\db\lenet_support.pp.0.cpp:16188:9: warning: Added loop label VITIS_LOOP_1642_17:   [xilinx-label-all-loops]
        for (int j = wf+5; j < w-1; j++){
        ^~~
        VITIS_LOOP_1642_17: 
C:\Users\Baron\Desktop\EE_278_Repo\EE_278\vivado_projects\HLS\EE278_term_proj\lenet_proj\lenet_predict\.autopilot\db\lenet_support.pp.0.cpp:16188:9: note: FIX-IT applied suggested code changes
C:\Users\Baron\Desktop\EE_278_Repo\EE_278\vivado_projects\HLS\EE278_term_proj\lenet_proj\lenet_predict\.autopilot\db\lenet_support.pp.0.cpp:16195:17: warning: Added loop label VITIS_LOOP_1649_18:   [xilinx-label-all-loops]
                for (int j = 0; j < 64; j++) {
                ^~~
                VITIS_LOOP_1649_18: 
C:\Users\Baron\Desktop\EE_278_Repo\EE_278\vivado_projects\HLS\EE278_term_proj\lenet_proj\lenet_predict\.autopilot\db\lenet_support.pp.0.cpp:16195:17: note: FIX-IT applied suggested code changes
C:\Users\Baron\Desktop\EE_278_Repo\EE_278\vivado_projects\HLS\EE278_term_proj\lenet_proj\lenet_predict\.autopilot\db\lenet_support.pp.0.cpp:16625:13: warning: Added loop label VITIS_LOOP_2079_19:   [xilinx-label-all-loops]
            for (int j = 64; j >= I_+31; j--) {
            ^~~
            VITIS_LOOP_2079_19: 
C:\Users\Baron\Desktop\EE_278_Repo\EE_278\vivado_projects\HLS\EE278_term_proj\lenet_proj\lenet_predict\.autopilot\db\lenet_support.pp.0.cpp:16625:13: note: FIX-IT applied suggested code changes
C:\Users\Baron\Desktop\EE_278_Repo\EE_278\vivado_projects\HLS\EE278_term_proj\lenet_proj\lenet_predict\.autopilot\db\lenet_support.pp.0.cpp:16631:17: warning: Added loop label VITIS_LOOP_2085_20:   [xilinx-label-all-loops]
                for (int j = 64; j >= I_+31; j--) {
                ^~~
                VITIS_LOOP_2085_20: 
C:\Users\Baron\Desktop\EE_278_Repo\EE_278\vivado_projects\HLS\EE278_term_proj\lenet_proj\lenet_predict\.autopilot\db\lenet_support.pp.0.cpp:16631:17: note: FIX-IT applied suggested code changes
C:\Users\Baron\Desktop\EE_278_Repo\EE_278\vivado_projects\HLS\EE278_term_proj\lenet_proj\lenet_predict\.autopilot\db\lenet_support.pp.0.cpp:16635:17: warning: Added loop label VITIS_LOOP_2089_21:   [xilinx-label-all-loops]
                for (int j = I_+30; j >= 0; j--) {
                ^~~
                VITIS_LOOP_2089_21: 
C:\Users\Baron\Desktop\EE_278_Repo\EE_278\vivado_projects\HLS\EE278_term_proj\lenet_proj\lenet_predict\.autopilot\db\lenet_support.pp.0.cpp:16635:17: note: FIX-IT applied suggested code changes
C:\Users\Baron\Desktop\EE_278_Repo\EE_278\vivado_projects\HLS\EE278_term_proj\lenet_proj\lenet_predict\.autopilot\db\lenet_support.pp.0.cpp:16765:13: warning: Added loop label VITIS_LOOP_2219_1:   [xilinx-label-all-loops]
            for(int j=3; j>=I+1; j--) {
            ^~~
            VITIS_LOOP_2219_1: 
C:\Users\Baron\Desktop\EE_278_Repo\EE_278\vivado_projects\HLS\EE278_term_proj\lenet_proj\lenet_predict\.autopilot\db\lenet_support.pp.0.cpp:16765:13: note: FIX-IT applied suggested code changes
C:\Users\Baron\Desktop\EE_278_Repo\EE_278\vivado_projects\HLS\EE278_term_proj\lenet_proj\lenet_predict\.autopilot\db\lenet_support.pp.0.cpp:16772:17: warning: Added loop label VITIS_LOOP_2226_2:   [xilinx-label-all-loops]
                for(int j=3; j>=I+1; j--) {
                ^~~
                VITIS_LOOP_2226_2: 
C:\Users\Baron\Desktop\EE_278_Repo\EE_278\vivado_projects\HLS\EE278_term_proj\lenet_proj\lenet_predict\.autopilot\db\lenet_support.pp.0.cpp:16772:17: note: FIX-IT applied suggested code changes
C:\Users\Baron\Desktop\EE_278_Repo\EE_278\vivado_projects\HLS\EE278_term_proj\lenet_proj\lenet_predict\.autopilot\db\lenet_support.pp.0.cpp:16776:17: warning: Added loop label VITIS_LOOP_2230_3:   [xilinx-label-all-loops]
                for(int j=I; j>=0; j--) {
                ^~~
                VITIS_LOOP_2230_3: 
C:\Users\Baron\Desktop\EE_278_Repo\EE_278\vivado_projects\HLS\EE278_term_proj\lenet_proj\lenet_predict\.autopilot\db\lenet_support.pp.0.cpp:16776:17: note: FIX-IT applied suggested code changes
C:\Users\Baron\Desktop\EE_278_Repo\EE_278\vivado_projects\HLS\EE278_term_proj\lenet_proj\lenet_predict\.autopilot\db\lenet_support.pp.0.cpp:16823:13: warning: Added loop label VITIS_LOOP_2277_4:   [xilinx-label-all-loops]
            for(int j=7; j>=3+I; j--) {
            ^~~
            VITIS_LOOP_2277_4: 
C:\Users\Baron\Desktop\EE_278_Repo\EE_278\vivado_projects\HLS\EE278_term_proj\lenet_proj\lenet_predict\.autopilot\db\lenet_support.pp.0.cpp:16823:13: note: FIX-IT applied suggested code changes
C:\Users\Baron\Desktop\EE_278_Repo\EE_278\vivado_projects\HLS\EE278_term_proj\lenet_proj\lenet_predict\.autopilot\db\lenet_support.pp.0.cpp:16830:17: warning: Added loop label VITIS_LOOP_2284_5:   [xilinx-label-all-loops]
                for(int j=7; j>=3+I; j--) {
                ^~~
                VITIS_LOOP_2284_5: 
C:\Users\Baron\Desktop\EE_278_Repo\EE_278\vivado_projects\HLS\EE278_term_proj\lenet_proj\lenet_predict\.autopilot\db\lenet_support.pp.0.cpp:16830:17: note: FIX-IT applied suggested code changes
C:\Users\Baron\Desktop\EE_278_Repo\EE_278\vivado_projects\HLS\EE278_term_proj\lenet_proj\lenet_predict\.autopilot\db\lenet_support.pp.0.cpp:16834:17: warning: Added loop label VITIS_LOOP_2288_6:   [xilinx-label-all-loops]
                for(int j=I+2; j>=0; j--) {
                ^~~
                VITIS_LOOP_2288_6: 
C:\Users\Baron\Desktop\EE_278_Repo\EE_278\vivado_projects\HLS\EE278_term_proj\lenet_proj\lenet_predict\.autopilot\db\lenet_support.pp.0.cpp:16834:17: note: FIX-IT applied suggested code changes
C:\Users\Baron\Desktop\EE_278_Repo\EE_278\vivado_projects\HLS\EE278_term_proj\lenet_proj\lenet_predict\.autopilot\db\lenet_support.pp.0.cpp:16852:9: warning: Added loop label VITIS_LOOP_2306_7:   [xilinx-label-all-loops]
        for(int j=11; j<16; j++) {
        ^~~
        VITIS_LOOP_2306_7: 
C:\Users\Baron\Desktop\EE_278_Repo\EE_278\vivado_projects\HLS\EE278_term_proj\lenet_proj\lenet_predict\.autopilot\db\lenet_support.pp.0.cpp:16852:9: note: FIX-IT applied suggested code changes
C:\Users\Baron\Desktop\EE_278_Repo\EE_278\vivado_projects\HLS\EE278_term_proj\lenet_proj\lenet_predict\.autopilot\db\lenet_support.pp.0.cpp:16907:13: warning: Added loop label VITIS_LOOP_2361_8:   [xilinx-label-all-loops]
            for(int j=15; j>=7+I; j--) {
            ^~~
            VITIS_LOOP_2361_8: 
C:\Users\Baron\Desktop\EE_278_Repo\EE_278\vivado_projects\HLS\EE278_term_proj\lenet_proj\lenet_predict\.autopilot\db\lenet_support.pp.0.cpp:16907:13: note: FIX-IT applied suggested code changes
C:\Users\Baron\Desktop\EE_278_Repo\EE_278\vivado_projects\HLS\EE278_term_proj\lenet_proj\lenet_predict\.autopilot\db\lenet_support.pp.0.cpp:16914:17: warning: Added loop label VITIS_LOOP_2368_9:   [xilinx-label-all-loops]
                for(int j=15; j>=7+I; j--) {
                ^~~
                VITIS_LOOP_2368_9: 
C:\Users\Baron\Desktop\EE_278_Repo\EE_278\vivado_projects\HLS\EE278_term_proj\lenet_proj\lenet_predict\.autopilot\db\lenet_support.pp.0.cpp:16914:17: note: FIX-IT applied suggested code changes
C:\Users\Baron\Desktop\EE_278_Repo\EE_278\vivado_projects\HLS\EE278_term_proj\lenet_proj\lenet_predict\.autopilot\db\lenet_support.pp.0.cpp:16918:17: warning: Added loop label VITIS_LOOP_2372_10:   [xilinx-label-all-loops]
                for(int j=6+I; j>=0; j--) {
                ^~~
                VITIS_LOOP_2372_10: 
C:\Users\Baron\Desktop\EE_278_Repo\EE_278\vivado_projects\HLS\EE278_term_proj\lenet_proj\lenet_predict\.autopilot\db\lenet_support.pp.0.cpp:16918:17: note: FIX-IT applied suggested code changes
C:\Users\Baron\Desktop\EE_278_Repo\EE_278\vivado_projects\HLS\EE278_term_proj\lenet_proj\lenet_predict\.autopilot\db\lenet_support.pp.0.cpp:16936:9: warning: Added loop label VITIS_LOOP_2390_11:   [xilinx-label-all-loops]
        for(int j=20; j<32; j++) {
        ^~~
        VITIS_LOOP_2390_11: 
C:\Users\Baron\Desktop\EE_278_Repo\EE_278\vivado_projects\HLS\EE278_term_proj\lenet_proj\lenet_predict\.autopilot\db\lenet_support.pp.0.cpp:16936:9: note: FIX-IT applied suggested code changes
C:\Users\Baron\Desktop\EE_278_Repo\EE_278\vivado_projects\HLS\EE278_term_proj\lenet_proj\lenet_predict\.autopilot\db\lenet_support.pp.0.cpp:17025:13: warning: Added loop label VITIS_LOOP_2479_12:   [xilinx-label-all-loops]
            for(int j=31; j>=I+15; j--) {
            ^~~
            VITIS_LOOP_2479_12: 
C:\Users\Baron\Desktop\EE_278_Repo\EE_278\vivado_projects\HLS\EE278_term_proj\lenet_proj\lenet_predict\.autopilot\db\lenet_support.pp.0.cpp:17025:13: note: FIX-IT applied suggested code changes
C:\Users\Baron\Desktop\EE_278_Repo\EE_278\vivado_projects\HLS\EE278_term_proj\lenet_proj\lenet_predict\.autopilot\db\lenet_support.pp.0.cpp:17032:17: warning: Added loop label VITIS_LOOP_2486_13:   [xilinx-label-all-loops]
                for(int j=31; j>=I+15; j--) {
                ^~~
                VITIS_LOOP_2486_13: 
C:\Users\Baron\Desktop\EE_278_Repo\EE_278\vivado_projects\HLS\EE278_term_proj\lenet_proj\lenet_predict\.autopilot\db\lenet_support.pp.0.cpp:17032:17: note: FIX-IT applied suggested code changes
C:\Users\Baron\Desktop\EE_278_Repo\EE_278\vivado_projects\HLS\EE278_term_proj\lenet_proj\lenet_predict\.autopilot\db\lenet_support.pp.0.cpp:17036:17: warning: Added loop label VITIS_LOOP_2490_14:   [xilinx-label-all-loops]
                for(int j=I+14; j>=0; j--) {
                ^~~
                VITIS_LOOP_2490_14: 
C:\Users\Baron\Desktop\EE_278_Repo\EE_278\vivado_projects\HLS\EE278_term_proj\lenet_proj\lenet_predict\.autopilot\db\lenet_support.pp.0.cpp:17036:17: note: FIX-IT applied suggested code changes
C:\Users\Baron\Desktop\EE_278_Repo\EE_278\vivado_projects\HLS\EE278_term_proj\lenet_proj\lenet_predict\.autopilot\db\lenet_support.pp.0.cpp:17046:9: warning: Added loop label VITIS_LOOP_2500_15:   [xilinx-label-all-loops]
        for(int j=32-F; j<32+I; j++) {
        ^~~
        VITIS_LOOP_2500_15: 
C:\Users\Baron\Desktop\EE_278_Repo\EE_278\vivado_projects\HLS\EE278_term_proj\lenet_proj\lenet_predict\.autopilot\db\lenet_support.pp.0.cpp:17046:9: note: FIX-IT applied suggested code changes
C:\Users\Baron\Desktop\EE_278_Repo\EE_278\vivado_projects\HLS\EE278_term_proj\lenet_proj\lenet_predict\.autopilot\db\lenet_support.pp.0.cpp:17050:9: warning: Added loop label VITIS_LOOP_2504_16:   [xilinx-label-all-loops]
        for(int j=32+I; j<=64; j++) {
        ^~~
        VITIS_LOOP_2504_16: 
C:\Users\Baron\Desktop\EE_278_Repo\EE_278\vivado_projects\HLS\EE278_term_proj\lenet_proj\lenet_predict\.autopilot\db\lenet_support.pp.0.cpp:17050:9: note: FIX-IT applied suggested code changes
C:\Users\Baron\Desktop\EE_278_Repo\EE_278\vivado_projects\HLS\EE278_term_proj\lenet_proj\lenet_predict\.autopilot\db\lenet_support.pp.0.cpp:17061:9: warning: Added loop label VITIS_LOOP_2515_17:   [xilinx-label-all-loops]
        for(int j=37; j<64; j++) {
        ^~~
        VITIS_LOOP_2515_17: 
C:\Users\Baron\Desktop\EE_278_Repo\EE_278\vivado_projects\HLS\EE278_term_proj\lenet_proj\lenet_predict\.autopilot\db\lenet_support.pp.0.cpp:17061:9: note: FIX-IT applied suggested code changes
C:\Users\Baron\Desktop\EE_278_Repo\EE_278\vivado_projects\HLS\EE278_term_proj\lenet_proj\lenet_predict\.autopilot\db\lenet_support.pp.0.cpp:17069:17: warning: Added loop label VITIS_LOOP_2523_18:   [xilinx-label-all-loops]
                for(int j=0; j<64; j++) {
                ^~~
                VITIS_LOOP_2523_18: 
C:\Users\Baron\Desktop\EE_278_Repo\EE_278\vivado_projects\HLS\EE278_term_proj\lenet_proj\lenet_predict\.autopilot\db\lenet_support.pp.0.cpp:17069:17: note: FIX-IT applied suggested code changes
C:\Users\Baron\Desktop\EE_278_Repo\EE_278\vivado_projects\HLS\EE278_term_proj\lenet_proj\lenet_predict\.autopilot\db\lenet_support.pp.0.cpp:17394:13: warning: Added loop label VITIS_LOOP_2848_19:   [xilinx-label-all-loops]
            for(int j=63; j>=I+31; j--) {
            ^~~
            VITIS_LOOP_2848_19: 
C:\Users\Baron\Desktop\EE_278_Repo\EE_278\vivado_projects\HLS\EE278_term_proj\lenet_proj\lenet_predict\.autopilot\db\lenet_support.pp.0.cpp:17394:13: note: FIX-IT applied suggested code changes
C:\Users\Baron\Desktop\EE_278_Repo\EE_278\vivado_projects\HLS\EE278_term_proj\lenet_proj\lenet_predict\.autopilot\db\lenet_support.pp.0.cpp:17401:17: warning: Added loop label VITIS_LOOP_2855_20:   [xilinx-label-all-loops]
                for(int j=63; j>=I+31; j--) {
                ^~~
                VITIS_LOOP_2855_20: 
C:\Users\Baron\Desktop\EE_278_Repo\EE_278\vivado_projects\HLS\EE278_term_proj\lenet_proj\lenet_predict\.autopilot\db\lenet_support.pp.0.cpp:17401:17: note: FIX-IT applied suggested code changes
C:\Users\Baron\Desktop\EE_278_Repo\EE_278\vivado_projects\HLS\EE278_term_proj\lenet_proj\lenet_predict\.autopilot\db\lenet_support.pp.0.cpp:17405:17: warning: Added loop label VITIS_LOOP_2859_21:   [xilinx-label-all-loops]
                for(int j=I+30; j>=0; j--) {
                ^~~
                VITIS_LOOP_2859_21: 
C:\Users\Baron\Desktop\EE_278_Repo\EE_278\vivado_projects\HLS\EE278_term_proj\lenet_proj\lenet_predict\.autopilot\db\lenet_support.pp.0.cpp:17405:17: note: FIX-IT applied suggested code changes
C:\Users\Baron\Desktop\EE_278_Repo\EE_278\vivado_projects\HLS\EE278_term_proj\lenet_proj\lenet_predict\.autopilot\db\lenet_support.pp.0.cpp:17493:4: warning: Added loop label VITIS_LOOP_2947_1:   [xilinx-label-all-loops]
   for(int j = 5; j>=I_+2; j--) {
   ^~~
   VITIS_LOOP_2947_1: 
C:\Users\Baron\Desktop\EE_278_Repo\EE_278\vivado_projects\HLS\EE278_term_proj\lenet_proj\lenet_predict\.autopilot\db\lenet_support.pp.0.cpp:17493:4: note: FIX-IT applied suggested code changes
C:\Users\Baron\Desktop\EE_278_Repo\EE_278\vivado_projects\HLS\EE278_term_proj\lenet_proj\lenet_predict\.autopilot\db\lenet_support.pp.0.cpp:17500:5: warning: Added loop label VITIS_LOOP_2954_2:   [xilinx-label-all-loops]
    for(int j = 5; j>=I_+2; j--) {
    ^~~
    VITIS_LOOP_2954_2: 
C:\Users\Baron\Desktop\EE_278_Repo\EE_278\vivado_projects\HLS\EE278_term_proj\lenet_proj\lenet_predict\.autopilot\db\lenet_support.pp.0.cpp:17500:5: note: FIX-IT applied suggested code changes
C:\Users\Baron\Desktop\EE_278_Repo\EE_278\vivado_projects\HLS\EE278_term_proj\lenet_proj\lenet_predict\.autopilot\db\lenet_support.pp.0.cpp:17504:5: warning: Added loop label VITIS_LOOP_2958_3:   [xilinx-label-all-loops]
    for(int j = I_+1; j>=0; j--) {
    ^~~
    VITIS_LOOP_2958_3: 
C:\Users\Baron\Desktop\EE_278_Repo\EE_278\vivado_projects\HLS\EE278_term_proj\lenet_proj\lenet_predict\.autopilot\db\lenet_support.pp.0.cpp:17504:5: note: FIX-IT applied suggested code changes
C:\Users\Baron\Desktop\EE_278_Repo\EE_278\vivado_projects\HLS\EE278_term_proj\lenet_proj\lenet_predict\.autopilot\db\lenet_support.pp.0.cpp:17519:3: warning: Added loop label VITIS_LOOP_2973_4:   [xilinx-label-all-loops]
  for(int j = 11; j >=7; j--) {
  ^~~
  VITIS_LOOP_2973_4: 
C:\Users\Baron\Desktop\EE_278_Repo\EE_278\vivado_projects\HLS\EE278_term_proj\lenet_proj\lenet_predict\.autopilot\db\lenet_support.pp.0.cpp:17519:3: note: FIX-IT applied suggested code changes
C:\Users\Baron\Desktop\EE_278_Repo\EE_278\vivado_projects\HLS\EE278_term_proj\lenet_proj\lenet_predict\.autopilot\db\lenet_support.pp.0.cpp:17551:4: warning: Added loop label VITIS_LOOP_3005_5:   [xilinx-label-all-loops]
   for(int j = 11; j >= I_+5; j--) {
   ^~~
   VITIS_LOOP_3005_5: 
C:\Users\Baron\Desktop\EE_278_Repo\EE_278\vivado_projects\HLS\EE278_term_proj\lenet_proj\lenet_predict\.autopilot\db\lenet_support.pp.0.cpp:17551:4: note: FIX-IT applied suggested code changes
C:\Users\Baron\Desktop\EE_278_Repo\EE_278\vivado_projects\HLS\EE278_term_proj\lenet_proj\lenet_predict\.autopilot\db\lenet_support.pp.0.cpp:17558:5: warning: Added loop label VITIS_LOOP_3012_6:   [xilinx-label-all-loops]
    for(int j = 11; j>= I_+5; j--) {
    ^~~
    VITIS_LOOP_3012_6: 
C:\Users\Baron\Desktop\EE_278_Repo\EE_278\vivado_projects\HLS\EE278_term_proj\lenet_proj\lenet_predict\.autopilot\db\lenet_support.pp.0.cpp:17558:5: note: FIX-IT applied suggested code changes
C:\Users\Baron\Desktop\EE_278_Repo\EE_278\vivado_projects\HLS\EE278_term_proj\lenet_proj\lenet_predict\.autopilot\db\lenet_support.pp.0.cpp:17562:5: warning: Added loop label VITIS_LOOP_3016_7:   [xilinx-label-all-loops]
    for(int j = I_+4; j>=0; j--) {
    ^~~
    VITIS_LOOP_3016_7: 
C:\Users\Baron\Desktop\EE_278_Repo\EE_278\vivado_projects\HLS\EE278_term_proj\lenet_proj\lenet_predict\.autopilot\db\lenet_support.pp.0.cpp:17562:5: note: FIX-IT applied suggested code changes
C:\Users\Baron\Desktop\EE_278_Repo\EE_278\vivado_projects\HLS\EE278_term_proj\lenet_proj\lenet_predict\.autopilot\db\lenet_support.pp.0.cpp:17577:3: warning: Added loop label VITIS_LOOP_3031_8:   [xilinx-label-all-loops]
  for(int j = 25; j>=15; j--) {
  ^~~
  VITIS_LOOP_3031_8: 
C:\Users\Baron\Desktop\EE_278_Repo\EE_278\vivado_projects\HLS\EE278_term_proj\lenet_proj\lenet_predict\.autopilot\db\lenet_support.pp.0.cpp:17577:3: note: FIX-IT applied suggested code changes
C:\Users\Baron\Desktop\EE_278_Repo\EE_278\vivado_projects\HLS\EE278_term_proj\lenet_proj\lenet_predict\.autopilot\db\lenet_support.pp.0.cpp:17627:4: warning: Added loop label VITIS_LOOP_3081_9:   [xilinx-label-all-loops]
   for(int j = 25; j>= I_+12; j--) {
   ^~~
   VITIS_LOOP_3081_9: 
C:\Users\Baron\Desktop\EE_278_Repo\EE_278\vivado_projects\HLS\EE278_term_proj\lenet_proj\lenet_predict\.autopilot\db\lenet_support.pp.0.cpp:17627:4: note: FIX-IT applied suggested code changes
C:\Users\Baron\Desktop\EE_278_Repo\EE_278\vivado_projects\HLS\EE278_term_proj\lenet_proj\lenet_predict\.autopilot\db\lenet_support.pp.0.cpp:17634:5: warning: Added loop label VITIS_LOOP_3088_10:   [xilinx-label-all-loops]
    for(int j = 25; j>=I_+12; j--) {
    ^~~
    VITIS_LOOP_3088_10: 
C:\Users\Baron\Desktop\EE_278_Repo\EE_278\vivado_projects\HLS\EE278_term_proj\lenet_proj\lenet_predict\.autopilot\db\lenet_support.pp.0.cpp:17634:5: note: FIX-IT applied suggested code changes
C:\Users\Baron\Desktop\EE_278_Repo\EE_278\vivado_projects\HLS\EE278_term_proj\lenet_proj\lenet_predict\.autopilot\db\lenet_support.pp.0.cpp:17638:5: warning: Added loop label VITIS_LOOP_3092_11:   [xilinx-label-all-loops]
    for(int j = I_+11; j>=0; j--) {
    ^~~
    VITIS_LOOP_3092_11: 
C:\Users\Baron\Desktop\EE_278_Repo\EE_278\vivado_projects\HLS\EE278_term_proj\lenet_proj\lenet_predict\.autopilot\db\lenet_support.pp.0.cpp:17638:5: note: FIX-IT applied suggested code changes
C:\Users\Baron\Desktop\EE_278_Repo\EE_278\vivado_projects\HLS\EE278_term_proj\lenet_proj\lenet_predict\.autopilot\db\lenet_support.pp.0.cpp:17653:3: warning: Added loop label VITIS_LOOP_3107_12:   [xilinx-label-all-loops]
  for(int j = 51; j >= 29; j--) {
  ^~~
  VITIS_LOOP_3107_12: 
C:\Users\Baron\Desktop\EE_278_Repo\EE_278\vivado_projects\HLS\EE278_term_proj\lenet_proj\lenet_predict\.autopilot\db\lenet_support.pp.0.cpp:17653:3: note: FIX-IT applied suggested code changes
C:\Users\Baron\Desktop\EE_278_Repo\EE_278\vivado_projects\HLS\EE278_term_proj\lenet_proj\lenet_predict\.autopilot\db\lenet_support.pp.0.cpp:17790:4: warning: Added loop label VITIS_LOOP_3244_13:   [xilinx-label-all-loops]
   for(int j = 51; j >= 25 + I_; j--) {
   ^~~
   VITIS_LOOP_3244_13: 
C:\Users\Baron\Desktop\EE_278_Repo\EE_278\vivado_projects\HLS\EE278_term_proj\lenet_proj\lenet_predict\.autopilot\db\lenet_support.pp.0.cpp:17790:4: note: FIX-IT applied suggested code changes
C:\Users\Baron\Desktop\EE_278_Repo\EE_278\vivado_projects\HLS\EE278_term_proj\lenet_proj\lenet_predict\.autopilot\db\lenet_support.pp.0.cpp:17797:5: warning: Added loop label VITIS_LOOP_3251_14:   [xilinx-label-all-loops]
    for(int j = 51; j>=25 + I_; j--) {
    ^~~
    VITIS_LOOP_3251_14: 
C:\Users\Baron\Desktop\EE_278_Repo\EE_278\vivado_projects\HLS\EE278_term_proj\lenet_proj\lenet_predict\.autopilot\db\lenet_support.pp.0.cpp:17797:5: note: FIX-IT applied suggested code changes
C:\Users\Baron\Desktop\EE_278_Repo\EE_278\vivado_projects\HLS\EE278_term_proj\lenet_proj\lenet_predict\.autopilot\db\lenet_support.pp.0.cpp:17801:5: warning: Added loop label VITIS_LOOP_3255_15:   [xilinx-label-all-loops]
    for(int j = 24 + I_; j >= 0; j--) {
    ^~~
    VITIS_LOOP_3255_15: 
C:\Users\Baron\Desktop\EE_278_Repo\EE_278\vivado_projects\HLS\EE278_term_proj\lenet_proj\lenet_predict\.autopilot\db\lenet_support.pp.0.cpp:17801:5: note: FIX-IT applied suggested code changes
C:\Users\Baron\Desktop\EE_278_Repo\EE_278\vivado_projects\HLS\EE278_term_proj\lenet_proj\lenet_predict\.autopilot\db\lenet_support.pp.0.cpp:17816:3: warning: Added loop label VITIS_LOOP_3270_16:   [xilinx-label-all-loops]
  for(int j = 63; j >= 36; j--) {
  ^~~
  VITIS_LOOP_3270_16: 
C:\Users\Baron\Desktop\EE_278_Repo\EE_278\vivado_projects\HLS\EE278_term_proj\lenet_proj\lenet_predict\.autopilot\db\lenet_support.pp.0.cpp:17816:3: note: FIX-IT applied suggested code changes
C:\Users\Baron\Desktop\EE_278_Repo\EE_278\vivado_projects\HLS\EE278_term_proj\lenet_proj\lenet_predict\.autopilot\db\lenet_support.pp.0.cpp:17976:4: warning: Added loop label VITIS_LOOP_3430_17:   [xilinx-label-all-loops]
   for(int j = 63; j >= 31 + I_; j--) {
   ^~~
   VITIS_LOOP_3430_17: 
C:\Users\Baron\Desktop\EE_278_Repo\EE_278\vivado_projects\HLS\EE278_term_proj\lenet_proj\lenet_predict\.autopilot\db\lenet_support.pp.0.cpp:17976:4: note: FIX-IT applied suggested code changes
C:\Users\Baron\Desktop\EE_278_Repo\EE_278\vivado_projects\HLS\EE278_term_proj\lenet_proj\lenet_predict\.autopilot\db\lenet_support.pp.0.cpp:17983:5: warning: Added loop label VITIS_LOOP_3437_18:   [xilinx-label-all-loops]
    for(int j = 63; j >= 31 + I_; j--) {
    ^~~
    VITIS_LOOP_3437_18: 
C:\Users\Baron\Desktop\EE_278_Repo\EE_278\vivado_projects\HLS\EE278_term_proj\lenet_proj\lenet_predict\.autopilot\db\lenet_support.pp.0.cpp:17983:5: note: FIX-IT applied suggested code changes
C:\Users\Baron\Desktop\EE_278_Repo\EE_278\vivado_projects\HLS\EE278_term_proj\lenet_proj\lenet_predict\.autopilot\db\lenet_support.pp.0.cpp:17987:5: warning: Added loop label VITIS_LOOP_3441_19:   [xilinx-label-all-loops]
    for(int j = 30 + I_; j >= 0; j--) {
    ^~~
    VITIS_LOOP_3441_19: 
C:\Users\Baron\Desktop\EE_278_Repo\EE_278\vivado_projects\HLS\EE278_term_proj\lenet_proj\lenet_predict\.autopilot\db\lenet_support.pp.0.cpp:17987:5: note: FIX-IT applied suggested code changes
C:\Users\Baron\Desktop\EE_278_Repo\EE_278\vivado_projects\HLS\EE278_term_proj\lenet_proj\lenet_predict\.autopilot\db\lenet_support.pp.0.cpp:18702:13: warning: Added loop label VITIS_LOOP_729_1:   [xilinx-label-all-loops]
            for (b_exp = I_-1; b_exp >= -F_; b_exp--) {
            ^~~
            VITIS_LOOP_729_1: 
C:\Users\Baron\Desktop\EE_278_Repo\EE_278\vivado_projects\HLS\EE278_term_proj\lenet_proj\lenet_predict\.autopilot\db\lenet_support.pp.0.cpp:18702:13: note: FIX-IT applied suggested code changes
C:\Users\Baron\Desktop\EE_278_Repo\EE_278\vivado_projects\HLS\EE278_term_proj\lenet_proj\lenet_predict\.autopilot\db\lenet_support.pp.0.cpp:18920:13: warning: Added loop label VITIS_LOOP_947_1:   [xilinx-label-all-loops]
            for (b_exp = I_-1; b_exp >= -F_; b_exp--) {
            ^~~
            VITIS_LOOP_947_1: 
C:\Users\Baron\Desktop\EE_278_Repo\EE_278\vivado_projects\HLS\EE278_term_proj\lenet_proj\lenet_predict\.autopilot\db\lenet_support.pp.0.cpp:18920:13: note: FIX-IT applied suggested code changes
C:\Users\Baron\Desktop\EE_278_Repo\EE_278\vivado_projects\HLS\EE278_term_proj\lenet_proj\lenet_predict\.autopilot\db\lenet_support.pp.0.cpp:19337:13: warning: Added loop label VITIS_LOOP_1371_1:   [xilinx-label-all-loops]
            for (b_exp = I_-1; b_exp >= -F_; b_exp--) {
            ^~~
            VITIS_LOOP_1371_1: 
C:\Users\Baron\Desktop\EE_278_Repo\EE_278\vivado_projects\HLS\EE278_term_proj\lenet_proj\lenet_predict\.autopilot\db\lenet_support.pp.0.cpp:19337:13: note: FIX-IT applied suggested code changes
C:\Users\Baron\Desktop\EE_278_Repo\EE_278\vivado_projects\HLS\EE278_term_proj\lenet_proj\lenet_predict\.autopilot\db\lenet_support.pp.0.cpp:19651:9: warning: Added loop label VITIS_LOOP_266_1:   [xilinx-label-all-loops]
        for ( int pos = msbr-1; pos >= 0; pos-- ) {
        ^~~
        VITIS_LOOP_266_1: 
C:\Users\Baron\Desktop\EE_278_Repo\EE_278\vivado_projects\HLS\EE278_term_proj\lenet_proj\lenet_predict\.autopilot\db\lenet_support.pp.0.cpp:19651:9: note: FIX-IT applied suggested code changes
C:\Users\Baron\Desktop\EE_278_Repo\EE_278\vivado_projects\HLS\EE278_term_proj\lenet_proj\lenet_predict\.autopilot\db\lenet_support.pp.0.cpp:19679:9: warning: Added loop label VITIS_LOOP_294_2:   [xilinx-label-all-loops]
        for ( int pos = -1; pos >= -F_-1; pos-- ) {
        ^~~
        VITIS_LOOP_294_2: 
C:\Users\Baron\Desktop\EE_278_Repo\EE_278\vivado_projects\HLS\EE278_term_proj\lenet_proj\lenet_predict\.autopilot\db\lenet_support.pp.0.cpp:19679:9: note: FIX-IT applied suggested code changes
C:\Users\Baron\Desktop\EE_278_Repo\EE_278\vivado_projects\HLS\EE278_term_proj\lenet_proj\lenet_predict\.autopilot\db\lenet_support.pp.0.cpp:20374:13: warning: Added loop label VITIS_LOOP_74_1:   [xilinx-label-all-loops]
            for (int j = 0; j < W_-1; j++){
            ^~~
            VITIS_LOOP_74_1: 
C:\Users\Baron\Desktop\EE_278_Repo\EE_278\vivado_projects\HLS\EE278_term_proj\lenet_proj\lenet_predict\.autopilot\db\lenet_support.pp.0.cpp:20374:13: note: FIX-IT applied suggested code changes
C:\Users\Baron\Desktop\EE_278_Repo\EE_278\vivado_projects\HLS\EE278_term_proj\lenet_proj\lenet_predict\.autopilot\db\lenet_support.pp.0.cpp:20427:5: warning: Added loop label VITIS_LOOP_135_2:   [xilinx-label-all-loops]
    for (int j = F_l+F_+I_m-1; j < F_l+W_+5; j++){
    ^~~
    VITIS_LOOP_135_2: 
C:\Users\Baron\Desktop\EE_278_Repo\EE_278\vivado_projects\HLS\EE278_term_proj\lenet_proj\lenet_predict\.autopilot\db\lenet_support.pp.0.cpp:20427:5: note: FIX-IT applied suggested code changes
C:\Users\Baron\Desktop\EE_278_Repo\EE_278\vivado_projects\HLS\EE278_term_proj\lenet_proj\lenet_predict\.autopilot\db\lenet_support.pp.0.cpp:20441:13: warning: Added loop label VITIS_LOOP_149_3:   [xilinx-label-all-loops]
            for (int j = WO_m-1; j >= W_-1; j--) {
            ^~~
            VITIS_LOOP_149_3: 
C:\Users\Baron\Desktop\EE_278_Repo\EE_278\vivado_projects\HLS\EE278_term_proj\lenet_proj\lenet_predict\.autopilot\db\lenet_support.pp.0.cpp:20441:13: note: FIX-IT applied suggested code changes
C:\Users\Baron\Desktop\EE_278_Repo\EE_278\vivado_projects\HLS\EE278_term_proj\lenet_proj\lenet_predict\.autopilot\db\lenet_support.pp.0.cpp:20471:13: warning: Added loop label VITIS_LOOP_179_4:   [xilinx-label-all-loops]
            for (int j = W_-2; j >= 0; j--){
            ^~~
            VITIS_LOOP_179_4: 
C:\Users\Baron\Desktop\EE_278_Repo\EE_278\vivado_projects\HLS\EE278_term_proj\lenet_proj\lenet_predict\.autopilot\db\lenet_support.pp.0.cpp:20471:13: note: FIX-IT applied suggested code changes
C:\Users\Baron\Desktop\EE_278_Repo\EE_278\vivado_projects\HLS\EE278_term_proj\lenet_proj\lenet_predict\.autopilot\db\lenet_support.pp.0.cpp:20556:12: warning: Added loop label VITIS_LOOP_307_1:   [xilinx-label-all-loops]
           for(int i = wf_log+we_log-2; i > WI_e - 2; --i) {
           ^~~
           VITIS_LOOP_307_1: 
C:\Users\Baron\Desktop\EE_278_Repo\EE_278\vivado_projects\HLS\EE278_term_proj\lenet_proj\lenet_predict\.autopilot\db\lenet_support.pp.0.cpp:20556:12: note: FIX-IT applied suggested code changes
C:\Users\Baron\Desktop\EE_278_Repo\EE_278\vivado_projects\HLS\EE278_term_proj\lenet_proj\lenet_predict\.autopilot\db\lenet_support.pp.0.cpp:20576:16: warning: Added loop label VITIS_LOOP_327_2:   [xilinx-label-all-loops]
               for (int j = WO_e-1; j >= W_-1; j--) {
               ^~~
               VITIS_LOOP_327_2: 
C:\Users\Baron\Desktop\EE_278_Repo\EE_278\vivado_projects\HLS\EE278_term_proj\lenet_proj\lenet_predict\.autopilot\db\lenet_support.pp.0.cpp:20576:16: note: FIX-IT applied suggested code changes
C:\Users\Baron\Desktop\EE_278_Repo\EE_278\vivado_projects\HLS\EE278_term_proj\lenet_proj\lenet_predict\.autopilot\db\lenet_support.pp.0.cpp:20590:20: warning: Added loop label VITIS_LOOP_341_3:   [xilinx-label-all-loops]
                   for(int i = 0; i < W_-1; ++i) {
                   ^~~
                   VITIS_LOOP_341_3: 
C:\Users\Baron\Desktop\EE_278_Repo\EE_278\vivado_projects\HLS\EE278_term_proj\lenet_proj\lenet_predict\.autopilot\db\lenet_support.pp.0.cpp:20590:20: note: FIX-IT applied suggested code changes
C:\Users\Baron\Desktop\EE_278_Repo\EE_278\vivado_projects\HLS\EE278_term_proj\lenet_proj\lenet_predict\.autopilot\db\lenet_support.pp.0.cpp:20683:12: warning: Added loop label VITIS_LOOP_459_1:   [xilinx-label-all-loops]
           for (int j =WO_d-1; j >= W_-1; j--) {
           ^~~
           VITIS_LOOP_459_1: 
C:\Users\Baron\Desktop\EE_278_Repo\EE_278\vivado_projects\HLS\EE278_term_proj\lenet_proj\lenet_predict\.autopilot\db\lenet_support.pp.0.cpp:20683:12: note: FIX-IT applied suggested code changes
C:\Users\Baron\Desktop\EE_278_Repo\EE_278\vivado_projects\HLS\EE278_term_proj\lenet_proj\lenet_predict\.autopilot\db\lenet_support.pp.0.cpp:20697:15: warning: Added loop label VITIS_LOOP_473_2:   [xilinx-label-all-loops]
              for(int i = 0; i < W_-1; ++i) {
              ^~~
              VITIS_LOOP_473_2: 
C:\Users\Baron\Desktop\EE_278_Repo\EE_278\vivado_projects\HLS\EE278_term_proj\lenet_proj\lenet_predict\.autopilot\db\lenet_support.pp.0.cpp:20697:15: note: FIX-IT applied suggested code changes
C:\Users\Baron\Desktop\EE_278_Repo\EE_278\vivado_projects\HLS\EE278_term_proj\lenet_proj\lenet_predict\.autopilot\db\lenet_support.pp.0.cpp:20810:13: warning: Added loop label VITIS_LOOP_59_1:   [xilinx-label-all-loops]
            for (int i = 0; i < W_-1; i++){
            ^~~
            VITIS_LOOP_59_1: 
C:\Users\Baron\Desktop\EE_278_Repo\EE_278\vivado_projects\HLS\EE278_term_proj\lenet_proj\lenet_predict\.autopilot\db\lenet_support.pp.0.cpp:20810:13: note: FIX-IT applied suggested code changes
C:\Users\Baron\Desktop\EE_278_Repo\EE_278\vivado_projects\HLS\EE278_term_proj\lenet_proj\lenet_predict\.autopilot\db\lenet_support.pp.0.cpp:20934:13: warning: Added loop label VITIS_LOOP_209_1:   [xilinx-label-all-loops]
            for (int i = 0; i < W_-1; i++){
            ^~~
            VITIS_LOOP_209_1: 
C:\Users\Baron\Desktop\EE_278_Repo\EE_278\vivado_projects\HLS\EE278_term_proj\lenet_proj\lenet_predict\.autopilot\db\lenet_support.pp.0.cpp:20934:13: note: FIX-IT applied suggested code changes
C:\Users\Baron\Desktop\EE_278_Repo\EE_278\vivado_projects\HLS\EE278_term_proj\lenet_proj\lenet_predict\.autopilot\db\lenet_support.pp.0.cpp:20989:13: warning: Added loop label VITIS_LOOP_274_1:   [xilinx-label-all-loops]
            for (int i = 0; i < W_-1; i++){
            ^~~
            VITIS_LOOP_274_1: 
C:\Users\Baron\Desktop\EE_278_Repo\EE_278\vivado_projects\HLS\EE278_term_proj\lenet_proj\lenet_predict\.autopilot\db\lenet_support.pp.0.cpp:20989:13: note: FIX-IT applied suggested code changes
C:\Users\Baron\Desktop\EE_278_Repo\EE_278\vivado_projects\HLS\EE278_term_proj\lenet_proj\lenet_predict\.autopilot\db\lenet_support.pp.0.cpp:21494:2: warning: Added loop label VITIS_LOOP_42_1:   [xilinx-label-all-loops]
 for (int i=0; i<W_;i++)
 ^~~
 VITIS_LOOP_42_1: 
C:\Users\Baron\Desktop\EE_278_Repo\EE_278\vivado_projects\HLS\EE278_term_proj\lenet_proj\lenet_predict\.autopilot\db\lenet_support.pp.0.cpp:21494:2: note: FIX-IT applied suggested code changes
C:\Users\Baron\Desktop\EE_278_Repo\EE_278\vivado_projects\HLS\EE278_term_proj\lenet_proj\lenet_predict\.autopilot\db\lenet_support.pp.0.cpp:21505:2: warning: Added loop label VITIS_LOOP_53_1:   [xilinx-label-all-loops]
 for (int i=0; i<W_;i++)
 ^~~
 VITIS_LOOP_53_1: 
C:\Users\Baron\Desktop\EE_278_Repo\EE_278\vivado_projects\HLS\EE278_term_proj\lenet_proj\lenet_predict\.autopilot\db\lenet_support.pp.0.cpp:21505:2: note: FIX-IT applied suggested code changes
C:\Users\Baron\Desktop\EE_278_Repo\EE_278\vivado_projects\HLS\EE278_term_proj\lenet_proj\lenet_predict\.autopilot\db\lenet_support.pp.0.cpp:21516:2: warning: Added loop label VITIS_LOOP_64_1:   [xilinx-label-all-loops]
 for (int i=0; i<I_;i++)
 ^~~
 VITIS_LOOP_64_1: 
C:\Users\Baron\Desktop\EE_278_Repo\EE_278\vivado_projects\HLS\EE278_term_proj\lenet_proj\lenet_predict\.autopilot\db\lenet_support.pp.0.cpp:21516:2: note: FIX-IT applied suggested code changes
C:\Users\Baron\Desktop\EE_278_Repo\EE_278\vivado_projects\HLS\EE278_term_proj\lenet_proj\lenet_predict\.autopilot\db\lenet_support.pp.0.cpp:21527:2: warning: Added loop label VITIS_LOOP_75_1:   [xilinx-label-all-loops]
 for (int i=0; i<I_;i++)
 ^~~
 VITIS_LOOP_75_1: 
C:\Users\Baron\Desktop\EE_278_Repo\EE_278\vivado_projects\HLS\EE278_term_proj\lenet_proj\lenet_predict\.autopilot\db\lenet_support.pp.0.cpp:21527:2: note: FIX-IT applied suggested code changes
C:\Users\Baron\Desktop\EE_278_Repo\EE_278\vivado_projects\HLS\EE278_term_proj\lenet_proj\lenet_predict\.autopilot\db\lenet_support.pp.0.cpp:21538:2: warning: Added loop label VITIS_LOOP_86_1:   [xilinx-label-all-loops]
 for (int i=0; i<W_;i++)
 ^~~
 VITIS_LOOP_86_1: 
C:\Users\Baron\Desktop\EE_278_Repo\EE_278\vivado_projects\HLS\EE278_term_proj\lenet_proj\lenet_predict\.autopilot\db\lenet_support.pp.0.cpp:21538:2: note: FIX-IT applied suggested code changes
C:\Users\Baron\Desktop\EE_278_Repo\EE_278\vivado_projects\HLS\EE278_term_proj\lenet_proj\lenet_predict\.autopilot\db\lenet_support.pp.0.cpp:21549:2: warning: Added loop label VITIS_LOOP_97_1:   [xilinx-label-all-loops]
 for (int i=0; i<W_;i++)
 ^~~
 VITIS_LOOP_97_1: 
C:\Users\Baron\Desktop\EE_278_Repo\EE_278\vivado_projects\HLS\EE278_term_proj\lenet_proj\lenet_predict\.autopilot\db\lenet_support.pp.0.cpp:21549:2: note: FIX-IT applied suggested code changes
C:\Users\Baron\Desktop\EE_278_Repo\EE_278\vivado_projects\HLS\EE278_term_proj\lenet_proj\lenet_predict\.autopilot\db\lenet_support.pp.0.cpp:21560:2: warning: Added loop label VITIS_LOOP_108_1:   [xilinx-label-all-loops]
 for (int i=0; i<I_;i++)
 ^~~
 VITIS_LOOP_108_1: 
C:\Users\Baron\Desktop\EE_278_Repo\EE_278\vivado_projects\HLS\EE278_term_proj\lenet_proj\lenet_predict\.autopilot\db\lenet_support.pp.0.cpp:21560:2: note: FIX-IT applied suggested code changes
C:\Users\Baron\Desktop\EE_278_Repo\EE_278\vivado_projects\HLS\EE278_term_proj\lenet_proj\lenet_predict\.autopilot\db\lenet_support.pp.0.cpp:21571:2: warning: Added loop label VITIS_LOOP_119_1:   [xilinx-label-all-loops]
 for (int i=0; i<I_;i++)
 ^~~
 VITIS_LOOP_119_1: 
C:\Users\Baron\Desktop\EE_278_Repo\EE_278\vivado_projects\HLS\EE278_term_proj\lenet_proj\lenet_predict\.autopilot\db\lenet_support.pp.0.cpp:21571:2: note: FIX-IT applied suggested code changes
C:\Users\Baron\Desktop\EE_278_Repo\EE_278\vivado_projects\HLS\EE278_term_proj\lenet_proj\lenet_predict\.autopilot\db\lenet_support.pp.0.cpp:23872:12: warning: Added loop label VITIS_LOOP_23_1:   [xilinx-label-all-loops]
           for(int i = 0; i < W_-1; ++i) {
           ^~~
           VITIS_LOOP_23_1: 
C:\Users\Baron\Desktop\EE_278_Repo\EE_278\vivado_projects\HLS\EE278_term_proj\lenet_proj\lenet_predict\.autopilot\db\lenet_support.pp.0.cpp:23872:12: note: FIX-IT applied suggested code changes
C:\Users\Baron\Desktop\EE_278_Repo\EE_278\vivado_projects\HLS\EE278_term_proj\lenet_proj\lenet_predict\.autopilot\db\lenet_support.pp.0.cpp:23936:7: warning: Added loop label VITIS_LOOP_66_1:   [xilinx-label-all-loops]
      for(int pos = msbr - 1 ; pos >= -F-1; pos--) {
      ^~~
      VITIS_LOOP_66_1: 
C:\Users\Baron\Desktop\EE_278_Repo\EE_278\vivado_projects\HLS\EE278_term_proj\lenet_proj\lenet_predict\.autopilot\db\lenet_support.pp.0.cpp:23936:7: note: FIX-IT applied suggested code changes
C:\Users\Baron\Desktop\EE_278_Repo\EE_278\vivado_projects\HLS\EE278_term_proj\lenet_proj\lenet_predict\.autopilot\db\lenet_support.pp.0.cpp:24053:9: warning: Added loop label VITIS_LOOP_75_1:   [xilinx-label-all-loops]
        for(int pos = msbr - 1; pos >= 0; pos--) {
        ^~~
        VITIS_LOOP_75_1: 
C:\Users\Baron\Desktop\EE_278_Repo\EE_278\vivado_projects\HLS\EE278_term_proj\lenet_proj\lenet_predict\.autopilot\db\lenet_support.pp.0.cpp:24053:9: note: FIX-IT applied suggested code changes
C:\Users\Baron\Desktop\EE_278_Repo\EE_278\vivado_projects\HLS\EE278_term_proj\lenet_proj\lenet_predict\.autopilot\db\lenet_support.pp.0.cpp:24078:5: warning: Added loop label VITIS_LOOP_107_2:   [xilinx-label-all-loops]
    for(int pos = -1; pos >= -F-1; pos--) {
    ^~~
    VITIS_LOOP_107_2: 
C:\Users\Baron\Desktop\EE_278_Repo\EE_278\vivado_projects\HLS\EE278_term_proj\lenet_proj\lenet_predict\.autopilot\db\lenet_support.pp.0.cpp:24078:5: note: FIX-IT applied suggested code changes
C:\Users\Baron\Desktop\EE_278_Repo\EE_278\vivado_projects\HLS\EE278_term_proj\lenet_proj\lenet_predict\.autopilot\db\lenet_support.pp.0.cpp:24148:8: warning: Added loop label VITIS_LOOP_195_3:   [xilinx-label-all-loops]
       for(int i = 0; i < W - 1; ++i) {
       ^~~
       VITIS_LOOP_195_3: 
C:\Users\Baron\Desktop\EE_278_Repo\EE_278\vivado_projects\HLS\EE278_term_proj\lenet_proj\lenet_predict\.autopilot\db\lenet_support.pp.0.cpp:24148:8: note: FIX-IT applied suggested code changes
C:\Users\Baron\Desktop\EE_278_Repo\EE_278\vivado_projects\HLS\EE278_term_proj\lenet_proj\lenet_predict\.autopilot\db\lenet_support.pp.0.cpp:26402:5: warning: Added loop label VITIS_LOOP_12_1:   [xilinx-label-all-loops]
    for (int i = 1; i < n; i++) {
    ^~~
    VITIS_LOOP_12_1: 
C:\Users\Baron\Desktop\EE_278_Repo\EE_278\vivado_projects\HLS\EE278_term_proj\lenet_proj\lenet_predict\.autopilot\db\lenet_support.pp.0.cpp:26402:5: note: FIX-IT applied suggested code changes
C:\Users\Baron\Desktop\EE_278_Repo\EE_278\vivado_projects\HLS\EE278_term_proj\lenet_proj\lenet_predict\.autopilot\db\lenet_support.pp.0.cpp:26406:5: warning: Added loop label VITIS_LOOP_16_2:   [xilinx-label-all-loops]
    for (int i = 0; i < n; i++) {
    ^~~
    VITIS_LOOP_16_2: 
C:\Users\Baron\Desktop\EE_278_Repo\EE_278\vivado_projects\HLS\EE278_term_proj\lenet_proj\lenet_predict\.autopilot\db\lenet_support.pp.0.cpp:26406:5: note: FIX-IT applied suggested code changes
C:\Users\Baron\Desktop\EE_278_Repo\EE_278\vivado_projects\HLS\EE278_term_proj\lenet_proj\lenet_predict\.autopilot\db\lenet_support.pp.0.cpp:26410:5: warning: Added loop label VITIS_LOOP_20_3:   [xilinx-label-all-loops]
    for (int i = 0; i < n; i++) {
    ^~~
    VITIS_LOOP_20_3: 
C:\Users\Baron\Desktop\EE_278_Repo\EE_278\vivado_projects\HLS\EE278_term_proj\lenet_proj\lenet_predict\.autopilot\db\lenet_support.pp.0.cpp:26410:5: note: FIX-IT applied suggested code changes
C:\Users\Baron\Desktop\EE_278_Repo\EE_278\vivado_projects\HLS\EE278_term_proj\lenet_proj\lenet_predict\.autopilot\db\lenet_support.pp.0.cpp:26420:5: warning: Added loop label VITIS_LOOP_30_1:   [xilinx-label-all-loops]
    for (int f = 0; f < num_filters; f++) {
    ^~~
    VITIS_LOOP_30_1: 
C:\Users\Baron\Desktop\EE_278_Repo\EE_278\vivado_projects\HLS\EE278_term_proj\lenet_proj\lenet_predict\.autopilot\db\lenet_support.pp.0.cpp:26420:5: note: FIX-IT applied suggested code changes
C:\Users\Baron\Desktop\EE_278_Repo\EE_278\vivado_projects\HLS\EE278_term_proj\lenet_proj\lenet_predict\.autopilot\db\lenet_support.pp.0.cpp:26421:9: warning: Added loop label VITIS_LOOP_31_2:   [xilinx-label-all-loops]
        for (int i = 0; i < output_size; i++) {
        ^~~
        VITIS_LOOP_31_2: 
C:\Users\Baron\Desktop\EE_278_Repo\EE_278\vivado_projects\HLS\EE278_term_proj\lenet_proj\lenet_predict\.autopilot\db\lenet_support.pp.0.cpp:26421:9: note: FIX-IT applied suggested code changes
C:\Users\Baron\Desktop\EE_278_Repo\EE_278\vivado_projects\HLS\EE278_term_proj\lenet_proj\lenet_predict\.autopilot\db\lenet_support.pp.0.cpp:26422:13: warning: Added loop label VITIS_LOOP_32_3:   [xilinx-label-all-loops]
            for (int j = 0; j < output_size; j++) {
            ^~~
            VITIS_LOOP_32_3: 
C:\Users\Baron\Desktop\EE_278_Repo\EE_278\vivado_projects\HLS\EE278_term_proj\lenet_proj\lenet_predict\.autopilot\db\lenet_support.pp.0.cpp:26422:13: note: FIX-IT applied suggested code changes
C:\Users\Baron\Desktop\EE_278_Repo\EE_278\vivado_projects\HLS\EE278_term_proj\lenet_proj\lenet_predict\.autopilot\db\lenet_support.pp.0.cpp:26425:17: warning: Added loop label VITIS_LOOP_35_4:   [xilinx-label-all-loops]
                for (int fi = 0; fi < filter_size; fi++) {
                ^~~
                VITIS_LOOP_35_4: 
C:\Users\Baron\Desktop\EE_278_Repo\EE_278\vivado_projects\HLS\EE278_term_proj\lenet_proj\lenet_predict\.autopilot\db\lenet_support.pp.0.cpp:26425:17: note: FIX-IT applied suggested code changes
C:\Users\Baron\Desktop\EE_278_Repo\EE_278\vivado_projects\HLS\EE278_term_proj\lenet_proj\lenet_predict\.autopilot\db\lenet_support.pp.0.cpp:26427:2: warning: Added loop label VITIS_LOOP_37_5:   [xilinx-label-all-loops]
 for (int fj = 0; fj < filter_size; fj++) {
 ^~~
 VITIS_LOOP_37_5: 
C:\Users\Baron\Desktop\EE_278_Repo\EE_278\vivado_projects\HLS\EE278_term_proj\lenet_proj\lenet_predict\.autopilot\db\lenet_support.pp.0.cpp:26427:2: note: FIX-IT applied suggested code changes
C:\Users\Baron\Desktop\EE_278_Repo\EE_278\vivado_projects\HLS\EE278_term_proj\lenet_proj\lenet_predict\.autopilot\db\lenet_support.pp.0.cpp:26442:5: warning: Added loop label VITIS_LOOP_52_1:   [xilinx-label-all-loops]
    for (int i = 0; i < output_size; i++) {
    ^~~
    VITIS_LOOP_52_1: 
C:\Users\Baron\Desktop\EE_278_Repo\EE_278\vivado_projects\HLS\EE278_term_proj\lenet_proj\lenet_predict\.autopilot\db\lenet_support.pp.0.cpp:26442:5: note: FIX-IT applied suggested code changes
C:\Users\Baron\Desktop\EE_278_Repo\EE_278\vivado_projects\HLS\EE278_term_proj\lenet_proj\lenet_predict\.autopilot\db\lenet_support.pp.0.cpp:26443:9: warning: Added loop label VITIS_LOOP_53_2:   [xilinx-label-all-loops]
        for (int j = 0; j < output_size; j++) {
        ^~~
        VITIS_LOOP_53_2: 
C:\Users\Baron\Desktop\EE_278_Repo\EE_278\vivado_projects\HLS\EE278_term_proj\lenet_proj\lenet_predict\.autopilot\db\lenet_support.pp.0.cpp:26443:9: note: FIX-IT applied suggested code changes
C:\Users\Baron\Desktop\EE_278_Repo\EE_278\vivado_projects\HLS\EE278_term_proj\lenet_proj\lenet_predict\.autopilot\db\lenet_support.pp.0.cpp:26445:13: warning: Added loop label VITIS_LOOP_55_3:   [xilinx-label-all-loops]
            for (int pi = 0; pi < pool_size; pi++) {
            ^~~
            VITIS_LOOP_55_3: 
C:\Users\Baron\Desktop\EE_278_Repo\EE_278\vivado_projects\HLS\EE278_term_proj\lenet_proj\lenet_predict\.autopilot\db\lenet_support.pp.0.cpp:26445:13: note: FIX-IT applied suggested code changes
C:\Users\Baron\Desktop\EE_278_Repo\EE_278\vivado_projects\HLS\EE278_term_proj\lenet_proj\lenet_predict\.autopilot\db\lenet_support.pp.0.cpp:26447:2: warning: Added loop label VITIS_LOOP_57_4:   [xilinx-label-all-loops]
 for (int pj = 0; pj < pool_size; pj++) {
 ^~~
 VITIS_LOOP_57_4: 
C:\Users\Baron\Desktop\EE_278_Repo\EE_278\vivado_projects\HLS\EE278_term_proj\lenet_proj\lenet_predict\.autopilot\db\lenet_support.pp.0.cpp:26447:2: note: FIX-IT applied suggested code changes
C:\Users\Baron\Desktop\EE_278_Repo\EE_278\vivado_projects\HLS\EE278_term_proj\lenet_proj\lenet_predict\.autopilot\db\lenet_support.pp.0.cpp:26460:5: warning: Added loop label VITIS_LOOP_70_1:   [xilinx-label-all-loops]
    for (int i = 0; i < output_len; i++) {
    ^~~
    VITIS_LOOP_70_1: 
C:\Users\Baron\Desktop\EE_278_Repo\EE_278\vivado_projects\HLS\EE278_term_proj\lenet_proj\lenet_predict\.autopilot\db\lenet_support.pp.0.cpp:26460:5: note: FIX-IT applied suggested code changes
C:\Users\Baron\Desktop\EE_278_Repo\EE_278\vivado_projects\HLS\EE278_term_proj\lenet_proj\lenet_predict\.autopilot\db\lenet_support.pp.0.cpp:26462:9: warning: Added loop label VITIS_LOOP_72_2:   [xilinx-label-all-loops]
        for (int j = 0; j < input_len; j++) {
        ^~~
        VITIS_LOOP_72_2: 
C:\Users\Baron\Desktop\EE_278_Repo\EE_278\vivado_projects\HLS\EE278_term_proj\lenet_proj\lenet_predict\.autopilot\db\lenet_support.pp.0.cpp:26462:9: note: FIX-IT applied suggested code changes
