
*** Running vivado
    with args -log unsigned_pipelined_fixed_point_adder.vdi -applog -m64 -product Vivado -messageDb vivado.pb -mode batch -source unsigned_pipelined_fixed_point_adder.tcl -notrace


ECHO is off.
ECHO is off.

****** Vivado v2023.1 (64-bit)
  **** SW Build 3865809 on Sun May  7 15:05:29 MDT 2023
  **** IP Build 3864474 on Sun May  7 20:36:21 MDT 2023
  **** SharedData Build 3865790 on Sun May 07 13:33:03 MDT 2023
    ** Copyright 1986-2022 Xilinx, Inc. All Rights Reserved.
    ** Copyright 2022-2023 Advanced Micro Devices, Inc. All Rights Reserved.

source unsigned_pipelined_fixed_point_adder.tcl -notrace
create_project: Time (s): cpu = 00:00:07 ; elapsed = 00:00:08 . Memory (MB): peak = 455.027 ; gain = 163.125
Command: link_design -top unsigned_pipelined_fixed_point_adder -part xc7k70tfbv676-1
Design is defaulting to srcset: sources_1
Design is defaulting to constrset: constrs_1
INFO: [Device 21-403] Loading part xc7k70tfbv676-1
Netlist sorting complete. Time (s): cpu = 00:00:00 ; elapsed = 00:00:00.001 . Memory (MB): peak = 861.473 ; gain = 0.000
INFO: [Project 1-479] Netlist was created with Vivado 2023.1
INFO: [Project 1-570] Preparing netlist for logic optimization
Netlist sorting complete. Time (s): cpu = 00:00:00 ; elapsed = 00:00:00 . Memory (MB): peak = 950.320 ; gain = 0.000
INFO: [Project 1-111] Unisim Transformation Summary:
No Unisim elements were transformed.

4 Infos, 0 Warnings, 0 Critical Warnings and 0 Errors encountered.
link_design completed successfully
link_design: Time (s): cpu = 00:00:06 ; elapsed = 00:00:07 . Memory (MB): peak = 979.234 ; gain = 519.258
Command: opt_design
Attempting to get a license for feature 'Implementation' and/or device 'xc7k70t'
INFO: [Common 17-349] Got license for feature 'Implementation' and/or device 'xc7k70t'
Running DRC as a precondition to command opt_design

Starting DRC Task
INFO: [DRC 23-27] Running DRC with 2 threads
INFO: [Project 1-461] DRC finished with 0 Errors
INFO: [Project 1-462] Please refer to the DRC report (report_drc) for more information.

Time (s): cpu = 00:00:02 ; elapsed = 00:00:01 . Memory (MB): peak = 1006.695 ; gain = 27.461

Starting Cache Timing Information Task
INFO: [Timing 38-35] Done setting XDC timing constraints.
Ending Cache Timing Information Task | Checksum: f592a7aa

Time (s): cpu = 00:00:08 ; elapsed = 00:00:09 . Memory (MB): peak = 1564.609 ; gain = 557.914

Starting Logic Optimization Task

Phase 1 Retarget
INFO: [Opt 31-138] Pushed 0 inverter(s) to 0 load pin(s).
INFO: [Opt 31-49] Retargeted 0 cell(s).
Phase 1 Retarget | Checksum: f592a7aa

Time (s): cpu = 00:00:00 ; elapsed = 00:00:00.057 . Memory (MB): peak = 1901.930 ; gain = 0.000
INFO: [Opt 31-389] Phase Retarget created 0 cells and removed 0 cells

Phase 2 Constant propagation
INFO: [Opt 31-138] Pushed 0 inverter(s) to 0 load pin(s).
Phase 2 Constant propagation | Checksum: f592a7aa

Time (s): cpu = 00:00:00 ; elapsed = 00:00:00.059 . Memory (MB): peak = 1901.930 ; gain = 0.000
INFO: [Opt 31-389] Phase Constant propagation created 0 cells and removed 0 cells

Phase 3 Sweep
Phase 3 Sweep | Checksum: f592a7aa

Time (s): cpu = 00:00:00 ; elapsed = 00:00:00.063 . Memory (MB): peak = 1901.930 ; gain = 0.000
INFO: [Opt 31-389] Phase Sweep created 0 cells and removed 0 cells

Phase 4 BUFG optimization
Phase 4 BUFG optimization | Checksum: f592a7aa

Time (s): cpu = 00:00:00 ; elapsed = 00:00:00.113 . Memory (MB): peak = 1901.930 ; gain = 0.000
INFO: [Opt 31-662] Phase BUFG optimization created 0 cells of which 0 are BUFGs and removed 0 cells.

Phase 5 Shift Register Optimization
INFO: [Opt 31-1064] SRL Remap converted 0 SRLs to 0 registers and converted 0 registers of register chains to 0 SRLs
Phase 5 Shift Register Optimization | Checksum: f592a7aa

Time (s): cpu = 00:00:00 ; elapsed = 00:00:00.120 . Memory (MB): peak = 1901.930 ; gain = 0.000
INFO: [Opt 31-389] Phase Shift Register Optimization created 0 cells and removed 0 cells

Phase 6 Post Processing Netlist
Phase 6 Post Processing Netlist | Checksum: f592a7aa

Time (s): cpu = 00:00:00 ; elapsed = 00:00:00.121 . Memory (MB): peak = 1901.930 ; gain = 0.000
INFO: [Opt 31-389] Phase Post Processing Netlist created 0 cells and removed 0 cells
Opt_design Change Summary
=========================


-------------------------------------------------------------------------------------------------------------------------
|  Phase                        |  #Cells created  |  #Cells Removed  |  #Constrained objects preventing optimizations  |
-------------------------------------------------------------------------------------------------------------------------
|  Retarget                     |               0  |               0  |                                              0  |
|  Constant propagation         |               0  |               0  |                                              0  |
|  Sweep                        |               0  |               0  |                                              0  |
|  BUFG optimization            |               0  |               0  |                                              0  |
|  Shift Register Optimization  |               0  |               0  |                                              0  |
|  Post Processing Netlist      |               0  |               0  |                                              0  |
-------------------------------------------------------------------------------------------------------------------------



Starting Connectivity Check Task

Time (s): cpu = 00:00:00 ; elapsed = 00:00:00 . Memory (MB): peak = 1901.930 ; gain = 0.000
Ending Logic Optimization Task | Checksum: f592a7aa

Time (s): cpu = 00:00:00 ; elapsed = 00:00:00.124 . Memory (MB): peak = 1901.930 ; gain = 0.000

Starting Power Optimization Task
INFO: [Pwropt 34-132] Skipping clock gating for clocks with a period < 2.00 ns.
Ending Power Optimization Task | Checksum: f592a7aa

Time (s): cpu = 00:00:00 ; elapsed = 00:00:00.019 . Memory (MB): peak = 1901.930 ; gain = 0.000

Starting Final Cleanup Task
Ending Final Cleanup Task | Checksum: f592a7aa

Time (s): cpu = 00:00:00 ; elapsed = 00:00:00.001 . Memory (MB): peak = 1901.930 ; gain = 0.000

Starting Netlist Obfuscation Task
Netlist sorting complete. Time (s): cpu = 00:00:00 ; elapsed = 00:00:00 . Memory (MB): peak = 1901.930 ; gain = 0.000
Ending Netlist Obfuscation Task | Checksum: f592a7aa

Time (s): cpu = 00:00:00 ; elapsed = 00:00:00 . Memory (MB): peak = 1901.930 ; gain = 0.000
INFO: [Common 17-83] Releasing license: Implementation
21 Infos, 0 Warnings, 0 Critical Warnings and 0 Errors encountered.
opt_design completed successfully
opt_design: Time (s): cpu = 00:00:14 ; elapsed = 00:00:13 . Memory (MB): peak = 1901.930 ; gain = 922.695
INFO: [runtcl-4] Executing : report_drc -file unsigned_pipelined_fixed_point_adder_drc_opted.rpt -pb unsigned_pipelined_fixed_point_adder_drc_opted.pb -rpx unsigned_pipelined_fixed_point_adder_drc_opted.rpx
Command: report_drc -file unsigned_pipelined_fixed_point_adder_drc_opted.rpt -pb unsigned_pipelined_fixed_point_adder_drc_opted.pb -rpx unsigned_pipelined_fixed_point_adder_drc_opted.rpx
INFO: [IP_Flow 19-234] Refreshing IP repositories
INFO: [IP_Flow 19-1704] No user IP repositories specified
INFO: [IP_Flow 19-2313] Loaded Vivado IP repository 'Z:/Xilinx/Vivado/2023.1/data/ip'.
INFO: [DRC 23-27] Running DRC with 2 threads
INFO: [Vivado_Tcl 2-168] The results of DRC are in file C:/Users/Baron/Desktop/EE_278_Repo/EE_278/vivado_projects/EE278_Homework_1/EE278_Homework_1.runs/impl_1/unsigned_pipelined_fixed_point_adder_drc_opted.rpt.
report_drc completed successfully
INFO: [Common 17-1381] The checkpoint 'C:/Users/Baron/Desktop/EE_278_Repo/EE_278/vivado_projects/EE278_Homework_1/EE278_Homework_1.runs/impl_1/unsigned_pipelined_fixed_point_adder_opt.dcp' has been generated.
Command: place_design
Attempting to get a license for feature 'Implementation' and/or device 'xc7k70t'
INFO: [Common 17-349] Got license for feature 'Implementation' and/or device 'xc7k70t'
INFO: [DRC 23-27] Running DRC with 2 threads
INFO: [Vivado_Tcl 4-198] DRC finished with 0 Errors
INFO: [Vivado_Tcl 4-199] Please refer to the DRC report (report_drc) for more information.
Running DRC as a precondition to command place_design
INFO: [DRC 23-27] Running DRC with 2 threads
INFO: [Vivado_Tcl 4-198] DRC finished with 0 Errors
INFO: [Vivado_Tcl 4-199] Please refer to the DRC report (report_drc) for more information.

Starting Placer Task
INFO: [Place 30-611] Multithreading enabled for place_design using a maximum of 2 CPUs

Phase 1 Placer Initialization

Phase 1.1 Placer Initialization Netlist Sorting
Netlist sorting complete. Time (s): cpu = 00:00:00 ; elapsed = 00:00:00 . Memory (MB): peak = 1901.930 ; gain = 0.000
Phase 1.1 Placer Initialization Netlist Sorting | Checksum: 6f93f193

Time (s): cpu = 00:00:00 ; elapsed = 00:00:00.019 . Memory (MB): peak = 1901.930 ; gain = 0.000
Netlist sorting complete. Time (s): cpu = 00:00:00 ; elapsed = 00:00:00 . Memory (MB): peak = 1901.930 ; gain = 0.000

Phase 1.2 IO Placement/ Clock Placement/ Build Placer Device
INFO: [Timing 38-35] Done setting XDC timing constraints.
Phase 1.2 IO Placement/ Clock Placement/ Build Placer Device | Checksum: 1112f7169

Time (s): cpu = 00:00:00 ; elapsed = 00:00:00.309 . Memory (MB): peak = 1901.930 ; gain = 0.000

Phase 1.3 Build Placer Netlist Model
Phase 1.3 Build Placer Netlist Model | Checksum: 1a3f31d6c

Time (s): cpu = 00:00:00 ; elapsed = 00:00:00.377 . Memory (MB): peak = 1901.930 ; gain = 0.000

Phase 1.4 Constrain Clocks/Macros
Phase 1.4 Constrain Clocks/Macros | Checksum: 1a3f31d6c

Time (s): cpu = 00:00:00 ; elapsed = 00:00:00.381 . Memory (MB): peak = 1901.930 ; gain = 0.000
Phase 1 Placer Initialization | Checksum: 1a3f31d6c

Time (s): cpu = 00:00:00 ; elapsed = 00:00:00.387 . Memory (MB): peak = 1901.930 ; gain = 0.000

Phase 2 Global Placement

Phase 2.1 Floorplanning
Phase 2.1 Floorplanning | Checksum: 1a3f31d6c

Time (s): cpu = 00:00:00 ; elapsed = 00:00:00.396 . Memory (MB): peak = 1901.930 ; gain = 0.000

Phase 2.2 Update Timing before SLR Path Opt
Phase 2.2 Update Timing before SLR Path Opt | Checksum: 1a3f31d6c

Time (s): cpu = 00:00:00 ; elapsed = 00:00:00.397 . Memory (MB): peak = 1901.930 ; gain = 0.000

Phase 2.3 Post-Processing in Floorplanning
Phase 2.3 Post-Processing in Floorplanning | Checksum: 1a3f31d6c

Time (s): cpu = 00:00:00 ; elapsed = 00:00:00.397 . Memory (MB): peak = 1901.930 ; gain = 0.000

Phase 2.4 Global Placement Core
WARNING: [Place 46-29] Timing had been disabled during Placer and, therefore, physical synthesis in Placer will be skipped.
Phase 2.4 Global Placement Core | Checksum: 1fadaf57b

Time (s): cpu = 00:00:01 ; elapsed = 00:00:01 . Memory (MB): peak = 1901.930 ; gain = 0.000
Phase 2 Global Placement | Checksum: 1fadaf57b

Time (s): cpu = 00:00:01 ; elapsed = 00:00:01 . Memory (MB): peak = 1901.930 ; gain = 0.000

Phase 3 Detail Placement

Phase 3.1 Commit Multi Column Macros
Phase 3.1 Commit Multi Column Macros | Checksum: 1fadaf57b

Time (s): cpu = 00:00:01 ; elapsed = 00:00:01 . Memory (MB): peak = 1901.930 ; gain = 0.000

Phase 3.2 Commit Most Macros & LUTRAMs
Phase 3.2 Commit Most Macros & LUTRAMs | Checksum: 1803530dd

Time (s): cpu = 00:00:01 ; elapsed = 00:00:01 . Memory (MB): peak = 1901.930 ; gain = 0.000

Phase 3.3 Area Swap Optimization
Phase 3.3 Area Swap Optimization | Checksum: 137ff85e1

Time (s): cpu = 00:00:01 ; elapsed = 00:00:01 . Memory (MB): peak = 1901.930 ; gain = 0.000

Phase 3.4 Pipeline Register Optimization
Phase 3.4 Pipeline Register Optimization | Checksum: 1eb326b90

Time (s): cpu = 00:00:01 ; elapsed = 00:00:01 . Memory (MB): peak = 1901.930 ; gain = 0.000

Phase 3.5 Small Shape Detail Placement
Phase 3.5 Small Shape Detail Placement | Checksum: 157ba6aef

Time (s): cpu = 00:00:02 ; elapsed = 00:00:01 . Memory (MB): peak = 1901.930 ; gain = 0.000

Phase 3.6 Re-assign LUT pins
Phase 3.6 Re-assign LUT pins | Checksum: 157ba6aef

Time (s): cpu = 00:00:02 ; elapsed = 00:00:01 . Memory (MB): peak = 1901.930 ; gain = 0.000

Phase 3.7 Pipeline Register Optimization
Phase 3.7 Pipeline Register Optimization | Checksum: 157ba6aef

Time (s): cpu = 00:00:02 ; elapsed = 00:00:01 . Memory (MB): peak = 1901.930 ; gain = 0.000
Phase 3 Detail Placement | Checksum: 157ba6aef

Time (s): cpu = 00:00:02 ; elapsed = 00:00:01 . Memory (MB): peak = 1901.930 ; gain = 0.000

Phase 4 Post Placement Optimization and Clean-Up

Phase 4.1 Post Commit Optimization
Phase 4.1 Post Commit Optimization | Checksum: 157ba6aef

Time (s): cpu = 00:00:02 ; elapsed = 00:00:01 . Memory (MB): peak = 1901.930 ; gain = 0.000

Phase 4.2 Post Placement Cleanup
Phase 4.2 Post Placement Cleanup | Checksum: 157ba6aef

Time (s): cpu = 00:00:02 ; elapsed = 00:00:01 . Memory (MB): peak = 1901.930 ; gain = 0.000

Phase 4.3 Placer Reporting

Phase 4.3.1 Print Estimated Congestion
INFO: [Place 30-612] Post-Placement Estimated Congestion 
 ____________________________________________________
|           | Global Congestion | Short Congestion  |
| Direction | Region Size       | Region Size       |
|___________|___________________|___________________|
|      North|                1x1|                1x1|
|___________|___________________|___________________|
|      South|                1x1|                1x1|
|___________|___________________|___________________|
|       East|                1x1|                1x1|
|___________|___________________|___________________|
|       West|                1x1|                1x1|
|___________|___________________|___________________|

Phase 4.3.1 Print Estimated Congestion | Checksum: 157ba6aef

Time (s): cpu = 00:00:02 ; elapsed = 00:00:01 . Memory (MB): peak = 1901.930 ; gain = 0.000
Phase 4.3 Placer Reporting | Checksum: 157ba6aef

Time (s): cpu = 00:00:02 ; elapsed = 00:00:01 . Memory (MB): peak = 1901.930 ; gain = 0.000

Phase 4.4 Final Placement Cleanup
Netlist sorting complete. Time (s): cpu = 00:00:00 ; elapsed = 00:00:00 . Memory (MB): peak = 1901.930 ; gain = 0.000

Time (s): cpu = 00:00:02 ; elapsed = 00:00:01 . Memory (MB): peak = 1901.930 ; gain = 0.000
Phase 4 Post Placement Optimization and Clean-Up | Checksum: 1db503bfe

Time (s): cpu = 00:00:02 ; elapsed = 00:00:01 . Memory (MB): peak = 1901.930 ; gain = 0.000
Ending Placer Task | Checksum: 15349b61b

Time (s): cpu = 00:00:02 ; elapsed = 00:00:01 . Memory (MB): peak = 1901.930 ; gain = 0.000
INFO: [Common 17-83] Releasing license: Implementation
39 Infos, 1 Warnings, 0 Critical Warnings and 0 Errors encountered.
place_design completed successfully
INFO: [runtcl-4] Executing : report_io -file unsigned_pipelined_fixed_point_adder_io_placed.rpt
report_io: Time (s): cpu = 00:00:00 ; elapsed = 00:00:00.120 . Memory (MB): peak = 1901.930 ; gain = 0.000
INFO: [runtcl-4] Executing : report_utilization -file unsigned_pipelined_fixed_point_adder_utilization_placed.rpt -pb unsigned_pipelined_fixed_point_adder_utilization_placed.pb
INFO: [runtcl-4] Executing : report_control_sets -verbose -file unsigned_pipelined_fixed_point_adder_control_sets_placed.rpt
report_control_sets: Time (s): cpu = 00:00:00 ; elapsed = 00:00:00.002 . Memory (MB): peak = 1901.930 ; gain = 0.000
Writing XDEF routing.
Writing XDEF routing logical nets.
Writing XDEF routing special nets.
Write XDEF Complete: Time (s): cpu = 00:00:00 ; elapsed = 00:00:00.116 . Memory (MB): peak = 1903.578 ; gain = 1.648
INFO: [Common 17-1381] The checkpoint 'C:/Users/Baron/Desktop/EE_278_Repo/EE_278/vivado_projects/EE278_Homework_1/EE278_Homework_1.runs/impl_1/unsigned_pipelined_fixed_point_adder_placed.dcp' has been generated.
Command: phys_opt_design
Attempting to get a license for feature 'Implementation' and/or device 'xc7k70t'
INFO: [Common 17-349] Got license for feature 'Implementation' and/or device 'xc7k70t'

Starting Initial Update Timing Task

Time (s): cpu = 00:00:00 ; elapsed = 00:00:00.021 . Memory (MB): peak = 1909.125 ; gain = 5.547
INFO: [Vivado_Tcl 4-235] No timing constraint found. The netlist was not modified.
INFO: [Common 17-83] Releasing license: Implementation
46 Infos, 1 Warnings, 0 Critical Warnings and 0 Errors encountered.
phys_opt_design completed successfully
Writing XDEF routing.
Writing XDEF routing logical nets.
Writing XDEF routing special nets.
Write XDEF Complete: Time (s): cpu = 00:00:00 ; elapsed = 00:00:00.036 . Memory (MB): peak = 1926.992 ; gain = 17.867
INFO: [Common 17-1381] The checkpoint 'C:/Users/Baron/Desktop/EE_278_Repo/EE_278/vivado_projects/EE278_Homework_1/EE278_Homework_1.runs/impl_1/unsigned_pipelined_fixed_point_adder_physopt.dcp' has been generated.
Command: route_design
Attempting to get a license for feature 'Implementation' and/or device 'xc7k70t'
INFO: [Common 17-349] Got license for feature 'Implementation' and/or device 'xc7k70t'
Running DRC as a precondition to command route_design
INFO: [DRC 23-27] Running DRC with 2 threads
INFO: [Vivado_Tcl 4-198] DRC finished with 0 Errors
INFO: [Vivado_Tcl 4-199] Please refer to the DRC report (report_drc) for more information.


Starting Routing Task
INFO: [Route 35-254] Multithreading enabled for route_design using a maximum of 2 CPUs

Phase 1 Build RT Design
Checksum: PlaceDB: 541fd886 ConstDB: 0 ShapeSum: ff29dd95 RouteDB: 0
Post Restoration Checksum: NetGraph: 3ef51242 | NumContArr: 8d6a03dc | Constraints: 190a55ad | Timing: 0
Phase 1 Build RT Design | Checksum: e5696bcb

Time (s): cpu = 00:00:13 ; elapsed = 00:00:11 . Memory (MB): peak = 2025.703 ; gain = 89.586

Phase 2 Router Initialization
INFO: [Route 35-64] No timing constraints were detected. The router will operate in resource-optimization mode.

Phase 2.1 Fix Topology Constraints
Phase 2.1 Fix Topology Constraints | Checksum: e5696bcb

Time (s): cpu = 00:00:13 ; elapsed = 00:00:11 . Memory (MB): peak = 2031.746 ; gain = 95.629

Phase 2.2 Pre Route Cleanup
Phase 2.2 Pre Route Cleanup | Checksum: e5696bcb

Time (s): cpu = 00:00:13 ; elapsed = 00:00:11 . Memory (MB): peak = 2031.746 ; gain = 95.629
 Number of Nodes with overlaps = 0

Router Utilization Summary
  Global Vertical Routing Utilization    = 0 %
  Global Horizontal Routing Utilization  = 0 %
  Routable Net Status*
  *Does not include unroutable nets such as driverless and loadless.
  Run report_route_status for detailed report.
  Number of Failed Nets               = 60
    (Failed Nets is the sum of unrouted and partially routed nets)
  Number of Unrouted Nets             = 60
  Number of Partially Routed Nets     = 0
  Number of Node Overlaps             = 0

Phase 2 Router Initialization | Checksum: 184f00623

Time (s): cpu = 00:00:14 ; elapsed = 00:00:12 . Memory (MB): peak = 2045.844 ; gain = 109.727

Phase 3 Initial Routing

Phase 3.1 Global Routing
Phase 3.1 Global Routing | Checksum: 184f00623

Time (s): cpu = 00:00:14 ; elapsed = 00:00:12 . Memory (MB): peak = 2045.844 ; gain = 109.727
Phase 3 Initial Routing | Checksum: a183aa5f

Time (s): cpu = 00:00:14 ; elapsed = 00:00:12 . Memory (MB): peak = 2045.844 ; gain = 109.727

Phase 4 Rip-up And Reroute

Phase 4.1 Global Iteration 0
 Number of Nodes with overlaps = 1
 Number of Nodes with overlaps = 0
Phase 4.1 Global Iteration 0 | Checksum: 1cced219b

Time (s): cpu = 00:00:14 ; elapsed = 00:00:12 . Memory (MB): peak = 2045.844 ; gain = 109.727
Phase 4 Rip-up And Reroute | Checksum: 1cced219b

Time (s): cpu = 00:00:14 ; elapsed = 00:00:12 . Memory (MB): peak = 2045.844 ; gain = 109.727

Phase 5 Delay and Skew Optimization
Phase 5 Delay and Skew Optimization | Checksum: 1cced219b

Time (s): cpu = 00:00:14 ; elapsed = 00:00:12 . Memory (MB): peak = 2045.844 ; gain = 109.727

Phase 6 Post Hold Fix

Phase 6.1 Hold Fix Iter
Phase 6.1 Hold Fix Iter | Checksum: 1cced219b

Time (s): cpu = 00:00:14 ; elapsed = 00:00:12 . Memory (MB): peak = 2045.844 ; gain = 109.727
Phase 6 Post Hold Fix | Checksum: 1cced219b

Time (s): cpu = 00:00:14 ; elapsed = 00:00:12 . Memory (MB): peak = 2045.844 ; gain = 109.727

Phase 7 Route finalize

Router Utilization Summary
  Global Vertical Routing Utilization    = 0.0116938 %
  Global Horizontal Routing Utilization  = 0.00944682 %
  Routable Net Status*
  *Does not include unroutable nets such as driverless and loadless.
  Run report_route_status for detailed report.
  Number of Failed Nets               = 0
    (Failed Nets is the sum of unrouted and partially routed nets)
  Number of Unrouted Nets             = 0
  Number of Partially Routed Nets     = 0
  Number of Node Overlaps             = 0


--GLOBAL Congestion:
Utilization threshold used for congestion level computation: 0.85
Congestion Report
North Dir 1x1 Area, Max Cong = 5.40541%, No Congested Regions.
South Dir 1x1 Area, Max Cong = 15.3153%, No Congested Regions.
East Dir 1x1 Area, Max Cong = 5.88235%, No Congested Regions.
West Dir 1x1 Area, Max Cong = 17.6471%, No Congested Regions.

------------------------------
Reporting congestion hotspots
------------------------------
Direction: North
----------------
Congested clusters found at Level 0
Effective congestion level: 0 Aspect Ratio: 1 Sparse Ratio: 0
Direction: South
----------------
Congested clusters found at Level 0
Effective congestion level: 0 Aspect Ratio: 1 Sparse Ratio: 0
Direction: East
----------------
Congested clusters found at Level 0
Effective congestion level: 0 Aspect Ratio: 1 Sparse Ratio: 0
Direction: West
----------------
Congested clusters found at Level 0
Effective congestion level: 0 Aspect Ratio: 1 Sparse Ratio: 0

Phase 7 Route finalize | Checksum: 1cced219b

Time (s): cpu = 00:00:14 ; elapsed = 00:00:12 . Memory (MB): peak = 2045.844 ; gain = 109.727

Phase 8 Verifying routed nets

 Verification completed successfully
Phase 8 Verifying routed nets | Checksum: 1cced219b

Time (s): cpu = 00:00:14 ; elapsed = 00:00:12 . Memory (MB): peak = 2046.027 ; gain = 109.910

Phase 9 Depositing Routes
Phase 9 Depositing Routes | Checksum: 1d653fb5c

Time (s): cpu = 00:00:14 ; elapsed = 00:00:12 . Memory (MB): peak = 2046.027 ; gain = 109.910
INFO: [Route 35-16] Router Completed Successfully

Phase 10 Post-Route Event Processing
Phase 10 Post-Route Event Processing | Checksum: 1ef75aaea

Time (s): cpu = 00:00:14 ; elapsed = 00:00:12 . Memory (MB): peak = 2046.027 ; gain = 109.910

Time (s): cpu = 00:00:14 ; elapsed = 00:00:12 . Memory (MB): peak = 2046.027 ; gain = 109.910

Routing Is Done.
INFO: [Common 17-83] Releasing license: Implementation
55 Infos, 1 Warnings, 0 Critical Warnings and 0 Errors encountered.
route_design completed successfully
route_design: Time (s): cpu = 00:00:16 ; elapsed = 00:00:13 . Memory (MB): peak = 2046.027 ; gain = 119.035
INFO: [runtcl-4] Executing : report_drc -file unsigned_pipelined_fixed_point_adder_drc_routed.rpt -pb unsigned_pipelined_fixed_point_adder_drc_routed.pb -rpx unsigned_pipelined_fixed_point_adder_drc_routed.rpx
Command: report_drc -file unsigned_pipelined_fixed_point_adder_drc_routed.rpt -pb unsigned_pipelined_fixed_point_adder_drc_routed.pb -rpx unsigned_pipelined_fixed_point_adder_drc_routed.rpx
INFO: [IP_Flow 19-1839] IP Catalog is up to date.
INFO: [DRC 23-27] Running DRC with 2 threads
INFO: [Vivado_Tcl 2-168] The results of DRC are in file C:/Users/Baron/Desktop/EE_278_Repo/EE_278/vivado_projects/EE278_Homework_1/EE278_Homework_1.runs/impl_1/unsigned_pipelined_fixed_point_adder_drc_routed.rpt.
report_drc completed successfully
INFO: [runtcl-4] Executing : report_methodology -file unsigned_pipelined_fixed_point_adder_methodology_drc_routed.rpt -pb unsigned_pipelined_fixed_point_adder_methodology_drc_routed.pb -rpx unsigned_pipelined_fixed_point_adder_methodology_drc_routed.rpx
Command: report_methodology -file unsigned_pipelined_fixed_point_adder_methodology_drc_routed.rpt -pb unsigned_pipelined_fixed_point_adder_methodology_drc_routed.pb -rpx unsigned_pipelined_fixed_point_adder_methodology_drc_routed.rpx
INFO: [Timing 38-35] Done setting XDC timing constraints.
INFO: [DRC 23-133] Running Methodology with 2 threads
INFO: [Vivado_Tcl 2-1520] The results of Report Methodology are in file C:/Users/Baron/Desktop/EE_278_Repo/EE_278/vivado_projects/EE278_Homework_1/EE278_Homework_1.runs/impl_1/unsigned_pipelined_fixed_point_adder_methodology_drc_routed.rpt.
report_methodology completed successfully
INFO: [runtcl-4] Executing : report_power -file unsigned_pipelined_fixed_point_adder_power_routed.rpt -pb unsigned_pipelined_fixed_point_adder_power_summary_routed.pb -rpx unsigned_pipelined_fixed_point_adder_power_routed.rpx
Command: report_power -file unsigned_pipelined_fixed_point_adder_power_routed.rpt -pb unsigned_pipelined_fixed_point_adder_power_summary_routed.pb -rpx unsigned_pipelined_fixed_point_adder_power_routed.rpx
INFO: [Timing 38-35] Done setting XDC timing constraints.
WARNING: [Power 33-232] No user defined clocks were found in the design! Power estimation will be inaccurate until this is corrected.
Resolution: Please specify clocks using create_clock/create_generated_clock for sequential elements. For pure combinatorial circuits, please specify a virtual clock, otherwise the vectorless estimation might be inaccurate
Running Vector-less Activity Propagation...

Finished Running Vector-less Activity Propagation
65 Infos, 2 Warnings, 0 Critical Warnings and 0 Errors encountered.
report_power completed successfully
INFO: [runtcl-4] Executing : report_route_status -file unsigned_pipelined_fixed_point_adder_route_status.rpt -pb unsigned_pipelined_fixed_point_adder_route_status.pb
INFO: [runtcl-4] Executing : report_timing_summary -max_paths 10 -report_unconstrained -file unsigned_pipelined_fixed_point_adder_timing_summary_routed.rpt -pb unsigned_pipelined_fixed_point_adder_timing_summary_routed.pb -rpx unsigned_pipelined_fixed_point_adder_timing_summary_routed.rpx -warn_on_violation 
INFO: [Timing 38-91] UpdateTimingParams: Speed grade: -1, Delay Type: min_max.
INFO: [Timing 38-191] Multithreading enabled for timing update using a maximum of 2 CPUs
WARNING: [Timing 38-313] There are no user specified timing constraints. Timing constraints are needed for proper timing analysis.
INFO: [runtcl-4] Executing : report_incremental_reuse -file unsigned_pipelined_fixed_point_adder_incremental_reuse_routed.rpt
INFO: [Vivado_Tcl 4-1062] Incremental flow is disabled. No incremental reuse Info to report.
INFO: [runtcl-4] Executing : report_clock_utilization -file unsigned_pipelined_fixed_point_adder_clock_utilization_routed.rpt
INFO: [runtcl-4] Executing : report_bus_skew -warn_on_violation -file unsigned_pipelined_fixed_point_adder_bus_skew_routed.rpt -pb unsigned_pipelined_fixed_point_adder_bus_skew_routed.pb -rpx unsigned_pipelined_fixed_point_adder_bus_skew_routed.rpx
INFO: [Timing 38-91] UpdateTimingParams: Speed grade: -1, Delay Type: min_max.
INFO: [Timing 38-191] Multithreading enabled for timing update using a maximum of 2 CPUs
Writing XDEF routing.
Writing XDEF routing logical nets.
Writing XDEF routing special nets.
Write XDEF Complete: Time (s): cpu = 00:00:00 ; elapsed = 00:00:00.036 . Memory (MB): peak = 2081.938 ; gain = 0.000
INFO: [Common 17-1381] The checkpoint 'C:/Users/Baron/Desktop/EE_278_Repo/EE_278/vivado_projects/EE278_Homework_1/EE278_Homework_1.runs/impl_1/unsigned_pipelined_fixed_point_adder_routed.dcp' has been generated.
INFO: [Common 17-206] Exiting Vivado at Thu Sep  5 21:41:47 2024...
